<?xml version="1.0"?>
<parameters>
  <!-- Radiative transfer atomic state solver -->
  <formatVersion>2</formatVersion>
  <lastModified revision="3f3d9a2af2b05c0a279e4aa3602f89fd682665cc"/>

  <elementsToTrack value="O C Si Fe"/>

</parameters>
