<?xml version="1.0"?>
<parameters>
  <!-- Radiative transfer atomic state solver -->
  <formatVersion>2</formatVersion>
  <lastModified revision="49430476890d1e0d92c686020f046e972952f81e" time="2025-07-17T15:12:42"/>

  <elementsToTrack value="O C Si Fe"/>

</parameters>
