<?xml version="1.0" encoding="UTF-8"?>
<!-- Defines a set of Galacticus models from which plots can be made. -->
<!-- Andrew Benson                                                    -->
<!-- 10-Oct-2012                                                      -->
<parameterGrid>
  <emailReport>no</emailReport>
  <doAnalysis>no</doAnalysis>
  <modelRootDirectory>testSuite/outputs/test-plotting-scripts</modelRootDirectory>
  <baseParameters>testSuite/parameters/test-plotting-scripts-base.xml</baseParameters>
  <launchMethod>pbs</launchMethod>
  <pbs>
    <ompThreads>16</ompThreads>
    <maxJobsInQueue>40</maxJobsInQueue>
  </pbs>
  <parameters>
    <formatVersion>2</formatVersion>
    <version>0.9.4</version>
    <outputRedshifts value="0.0 0.07 0.1"/>
    <mergerTreeBuildMassesMethod value="sampledDistributionUniform">
    <treesPerDecade value="400"/>
  </mergerTreeBuildMassesMethod><!-- Luminosities -->
    <luminosityFilter value="UKIRT_K bJ RGO_I SDSS_g SDSS_r SDSS_i SDSS_z 2MASS_Ks"/>
    <luminosityRedshift value="0.0 0.0 0.0 0.1 0.1 0.1 0.1 0.0"/>
    <luminosityType value="rest rest rest observed observed observed observed observed"/>
  </parameters>
</parameterGrid>
