<?xml version="1.0"?>
<parameters>
  <!-- Radiative transfer atomic state solver -->
  <formatVersion>2</formatVersion>
  <lastModified revision="2af8b4de4a0d9c4e83a0254a2f161dc94e305c15" time="2025-06-06T15:05:08"/>

  <elementsToTrack value="O C Si Fe"/>

</parameters>
