<parameters>
  <parameter>
    <name>mergerTreeBuildTreesPerDecade</name>
    <value>25</value>
  </parameter>
  <parameter>
    <name>mergerTreeBuildHaloMassMaximum</name>
    <value>1e+14</value>
  </parameter>
  <parameter>
    <name>mergerTreeBuildHaloMassMinimum</name>
    <value>10000000000</value>
  </parameter>
  <parameter>
    <name>outputVirialData</name>
    <value>true</value>
  </parameter>
  <parameter>
    <name>outputMainBranchStatus</name>
    <value>true</value>
  </parameter>
</parameters>
