<?xml version="1.0" encoding="UTF-8"?>
<!-- Defines a set of Galacticus models which explore exporting of merger trees. -->
<!-- Andrew Benson                                                               -->
<!-- 12-October-2012                                                             -->
<parameterGrid>
  <emailReport>no</emailReport>
  <doAnalysis>no</doAnalysis>
  <modelRootDirectory>testSuite/outputs/test-merger-tree-write</modelRootDirectory>
  <baseParameters>testSuite/parameters/test-merger-tree-write-base.xml</baseParameters>
  <launchMethod>pbs</launchMethod>
  <pbs>
    <ompThreads>16</ompThreads>
    <maxJobsInQueue>1</maxJobsInQueue>
    <postSubmitSleepDuration>1</postSubmitSleepDuration>
    <jobWaitSleepDuration>10</jobWaitSleepDuration>
  </pbs>
  <parameters>
    <formatVersion>2</formatVersion>
    <lastModified revision="c8ece7c25a69867343f09ac4c4c325380dbf8f21" time="2025-07-31T21:51:05"/>
    <mergerTreeConstructor value="build">
      <mergerTreeOperator value="export" parameterLevel="top">
        <outputFileName value="testSuite/outputs/test-merger-tree-write/exportedTreesGLC.hdf5"/>
        <exportFormat value="galacticus"/>
      </mergerTreeOperator>
    </mergerTreeConstructor>
    <mergerTreeConstructor value="read">
      <fileNames value="testSuite/data/mergerTrees/millenniumTestTreesGLC.hdf5"/>
      <cosmologyParameters value="simple" parameterLevel="top">
        <OmegaMatter value="0.25"/>
        <OmegaDarkEnergy value="0.75"/>
        <OmegaBaryon value="0.045"/>
        <HubbleConstant value="73.0"/>
      </cosmologyParameters>
      <cosmologicalMassVariance value="filteredPower" parameterLevel="top">
        <sigma_8 value="0.9"/>
      </cosmologicalMassVariance>
      <componentPosition value="cartesian" parameterLevel="top"/>
      <mergerTreeOperator value="export" parameterLevel="top">
        <outputFileName value="testSuite/outputs/test-merger-tree-write/exportedTreesIRATE.hdf5"/>
        <exportFormat value="irate"/>
      </mergerTreeOperator>
      <presetOrbits value="false"/>
      <presetMergerTimes value="false"/>
      <presetSubhaloIndices value="false"/>
      <presetMergerNodes value="false"/>
      <presetSubhaloMasses value="false"/>
      <presetPositions value="true"/>
      <presetScaleRadii value="false"/>
      <presetAngularMomenta value="false"/>
    </mergerTreeConstructor>
  </parameters>
</parameterGrid>
