<?xml version="1.0"?>
<parameters>
  <!-- Radiative transfer atomic state solver -->
  <formatVersion>2</formatVersion>
  <lastModified revision="8e1ca452b775faffbba73ded8deb7fb348523429" time="2025-08-29T17:09:39"/>

  <elementsToTrack value="O C Si Fe"/>

</parameters>
