<?xml version="1.0"?>
<parameters>
  <formatVersion>2</formatVersion>
  <version>0.9.4</version>
  <mergerTreeBuildMassesMethod value="sampledDistributionUniform">
    <treesPerDecade value="5"/>
    <massTreeMaximum value="1e+12"/>
    <massTreeMinimum value="10000000000"/>
  </mergerTreeBuildMassesMethod>
</parameters>
