<?xml version="1.0"?>
<parameters>
  <!-- Radiative transfer atomic state solver -->
  <formatVersion>2</formatVersion>
  <lastModified revision="975fffd5aadf697707003f16bf9b4caee8ebe97d" time="2025-10-22T21:34:03"/>


  <elementsToTrack value="O C Si Fe"/>

</parameters>
