<?xml version="1.0"?>
<parameters>
  <!-- Radiative transfer atomic state solver -->
  <formatVersion>2</formatVersion>
  <lastModified revision="62e8c7bed4251e4aa284c0e228b8aba474a7cc0c" time="2025-05-27T17:56:34"/>

  <elementsToTrack value="O C Si Fe"/>

</parameters>
