<?xml version="1.0" encoding="UTF-8"?>
<!-- Subhalos in WDM -->
<parameters>
  <formatVersion>2</formatVersion>
  <lastModified revision="165490f4968c699f7e5bb73ef60bcb7e626f51e6"/>

  <!-- Verbosity -->
  <verbosityLevel value="working"/>

  <!-- Component selection -->
  <componentBasic value="standard"/>
  <componentHotHalo value="null"/>
  <componentBlackHole value="null"/>
  <componentDarkMatterProfile value="scale"/>
  <componentDisk value="null"/>
  <componentSatellite value="orbiting"/>
  <componentSpheroid value="null"/>
  <componentSpin value="vector"/>

  <!-- Cosmological parameters and options -->
  <cosmologyFunctions value="matterLambda"/>
  <cosmologyParameters value="simple">
    <HubbleConstant value="69.7"/>
    <OmegaMatter value="0.2812"/>
    <OmegaDarkEnergy value="0.7188"/>
    <OmegaBaryon value="0.04611"/>
    <temperatureCMB value="2.72548"/>
  </cosmologyParameters>

  <!-- Dark matter particle -->
  <darkMatterParticle value="WDMThermal">
    <mass value="2.0"/>
    <degreesOfFreedomEffective value="1.5"/>
  </darkMatterParticle>

  <!--  Power spectrum options  -->
  <powerSpectrumPrimordial value="powerLaw">
    <index value="0.961"/>
    <wavenumberReference value="1.0"/>
    <running value="0.0"/>
  </powerSpectrumPrimordial>
  <cosmologicalMassVariance value="filteredPower">
    <sigma_8 value="0.817"/>
    <monotonicInterpolation value="false"/>
    <powerSpectrumWindowFunction value="sharpKSpace">
      <normalization value="2.5"/>
    </powerSpectrumWindowFunction>
  </cosmologicalMassVariance>
  <transferFunction value="bode2001">
    <scaleCutOff value="0.08725"/>
    <!-- WARNING: This is expected to trigger a warning -->
    <epsilon value="0.359"/>
    <nu value="1.1"/>
    <eta value="3.81"/>
    <transferFunction value="eisensteinHu1999">
      <neutrinoNumberEffective value="3.04"/>
      <neutrinoMassSummed value="0.000"/>
      <darkMatterParticle value="CDM"/>
    </transferFunction>
  </transferFunction>

  <!--  Structure growth -->
  <linearGrowth value="collisionlessMatter"/>

  <!-- Critical overdensity for halo collapse -->
  <criticalOverdensity value="barkana2001WDM">
    <criticalOverdensity value="sphericalCollapseClsnlssMttrCsmlgclCnstnt">
      <darkMatterParticle value="CDM"/>
    </criticalOverdensity>
  </criticalOverdensity>

  <!-- Dark matter profile concentrations -->
  <darkMatterProfileConcentration value="schneider2015">
    <reference>
      <cosmologicalMassVariance value="filteredPower">
        <sigma_8 value="0.817"/>
        <powerSpectrumWindowFunction value="sharpKSpace">
          <normalization value="2.5"/>
        </powerSpectrumWindowFunction>
        <powerSpectrumPrimordialTransferred value="simple"/>
        <transferFunction value="eisensteinHu1999">
          <neutrinoNumberEffective value="3.04"/>
          <neutrinoMassSummed value="0.000"/>
          <darkMatterParticle value="CDM"/>
        </transferFunction>
        <powerSpectrumPrimordial value="powerLaw">
          <index value="0.961"/>
          <wavenumberReference value="1.000"/>
          <running value="0.000"/>
        </powerSpectrumPrimordial>
      </cosmologicalMassVariance>
      <criticalOverdensity value="sphericalCollapseClsnlssMttrCsmlgclCnstnt">
        <darkMatterParticle value="CDM"/>
      </criticalOverdensity>
      <cosmologyFunctions value="matterLambda"/>
      <cosmologyParameters value="simple">
        <OmegaMatter value="0.2812"/>
        <OmegaDarkEnergy value="0.7188"/>
        <OmegaBaryon value="0.04611"/>
        <HubbleConstant value="69.7"/>
      </cosmologyParameters>
      <darkMatterProfileConcentration value="diemerKravtsov2014"/>
    </reference>
  </darkMatterProfileConcentration>

  <!-- Merger tree building options -->
  <mergerTreeConstructor value="build"/>
  <mergerTreeBuilder value="cole2000">
    <accretionLimit value="0.1"/>
    <mergeProbability value="0.1"/>
    <redshiftMaximum value="30"/>
    <toleranceResolutionParent value="2.0e-2"/>
  </mergerTreeBuilder>
  <mergerTreeBranchingProbability value="parkinsonColeHelly">
    <G0 value="+0.57"/>
    <gamma1 value="+0.38"/>
    <gamma2 value="-0.01"/>
    <accuracyFirstOrder value="+0.10"/>
  </mergerTreeBranchingProbability>
  <mergerTreeBuildMasses value="sampledDistributionUniform">
    <massTreeMinimum value="1.0e12"/>
    <massTreeMaximum value="2.0e12"/>
    <treesPerDecade value="20"/>
  </mergerTreeBuildMasses>

  <mergerTreeMassResolution value="fixed">
    <massResolution value="1.0e10"/>
  </mergerTreeMassResolution>

  <!-- Structure formation options -->
  <virialDensityContrast value="sphericalCollapseClsnlssMttrCsmlgclCnstnt"/>

  <!-- Dark matter halo profile -->
  <darkMatterProfileDMO value="NFW"/>

  <!-- Halo accretion options -->
  <accretionHalo value="coldMode">
    <widthTransitionStabilityShock value="0.01"/>
    <redshiftReionization value="10.5"/>
    <velocitySuppressionReionization value="35.0"/>
  </accretionHalo>

  <!-- Hot halo gas model options -->
  <hotHaloMassDistribution value="null"/>

  <!-- Orbit model options -->
  <satelliteDynamicalFriction value="chandrasekhar1943"/>
  <satelliteTidalStripping value="zentner2005">
    <efficiency value="1.0"/>
  </satelliteTidalStripping>
  <satelliteTidalHeatingRate value="gnedin1999"/>
  <!-- Satellite orbit options -->
  <virialOrbit value="spinCorrelated">
    <alpha             value="0.47263"  /> <!-- Best fit value from Benson, Behrens, & Lu (2020) -->
    <virialOrbit value="jiang2014" >
      <!-- Best fit value from Benson, Behrens, & Lu (2020) -->
      <bRatioHigh             value="+2.88333 +4.06371 +3.86726"/>
      <bRatioIntermediate     value="+1.05361 +1.56868 +2.89027"/>
      <bRatioLow              value="+0.07432 +0.54554 +1.04721"/>
      <gammaRatioHigh         value="+0.07124 +0.04737 -0.01913"/>
      <gammaRatioIntermediate value="+0.10069 +0.07821 +0.04231"/>
      <gammaRatioLow          value="+0.10866 +0.11260 +0.11698"/>
      <muRatioHigh            value="+1.10168 +1.09639 +1.09819"/>
      <muRatioIntermediate    value="+1.18205 +1.19573 +1.24581"/>
      <muRatioLow             value="+1.22053 +1.22992 +1.25528"/>
      <sigmaRatioHigh         value="+0.09244 +0.14335 +0.21079"/>
      <sigmaRatioIntermediate value="+0.07397 +0.09590 +0.10941"/>
      <sigmaRatioLow          value="+0.07458 +0.09040 +0.06981"/>
    </virialOrbit>
  </virialOrbit>

  <!-- Satellite merger options -->
  <mergerRemnantSize value="null"/>

  <!-- Numerical tolerances -->
  <mergerTreeNodeEvolver value="standard">
    <odeToleranceAbsolute value="0.01"/>
    <odeToleranceRelative value="0.01"/>
  </mergerTreeNodeEvolver>

  <mergerTreeEvolver value="standard">
    <timestepHostAbsolute value="1.00"/>
    <timestepHostRelative value="0.10"/>
  </mergerTreeEvolver>

  <mergerTreeEvolveTimestep value="multi">
    <mergerTreeEvolveTimestep value="simple">
      <timeStepAbsolute value="10.00"/>
      <timeStepRelative value="10.00"/>
    </mergerTreeEvolveTimestep>
    <mergerTreeEvolveTimestep value="satellite"/>
  </mergerTreeEvolveTimestep>

  <!-- Luminosities -->
  <luminosityFilter value="SDSS_r"/>
  <luminosityRedshift value="0.0"/>
  <luminosityType value="rest"/>

  <!-- Node evolution and physics -->
  <nodeOperator value="multi">
    <!-- Cosmological epoch -->
    <nodeOperator value="cosmicTime"/>
    <!-- DMO evolution -->
    <nodeOperator value="DMOInterpolate"/>
    <!-- Halo concentrations -->
    <nodeOperator value="darkMatterProfileScaleSet"        />
    <nodeOperator value="darkMatterProfileScaleInterpolate"/>
     <!-- Halo spins -->
    <nodeOperator value="haloAngularMomentumRandom">
      <factorReset value="2.0"/>
    </nodeOperator>
    <nodeOperator value="haloAngularMomentumInterpolate"/>
  </nodeOperator>

  <!-- Output options -->
  <nodePropertyExtractor value="virialProperties"/>
  <outputTimes value="list">
    <redshifts value="0.0"/>
  </outputTimes>

  <!-- Output file -->
  <outputFileName value="testSuite/outputs/test-allowed-parameters.hdf5"/>
  <mergerTreeOutputter value="standard">
    <outputReferences value="false"/>
    <cosmologyParameters value="simple"> <!-- VALID: This should be allowed as galacticFilterMethod below will composite cosmologyFunctions which in turn composites cosmologyParameters -->
      <HubbleConstant value="69.7"/>
      <OmegaMatter value="0.2812"/>
      <OmegaDarkEnergy value="0.7188"/>
      <OmegaBaryon value="0.04611"/>
      <temperatureCMB value="2.72548"/>
    </cosmologyParameters>
    <galacticFilter value="haloIsolated"/>
  </mergerTreeOutputter>

</parameters>
