<?xml version="1.0" encoding="UTF-8"?>
<!-- Dark matter subhalo evolution model -->
<parameters>
  <formatVersion>2</formatVersion>
  <verbosityLevel value="standard"/>

  <!-- Random number generation -->
  <randomNumberGenerator value="GSL">
    <seed value="8122"/>
  </randomNumberGenerator>

  <!-- Task -->
  <task value="evolveForests"    />
  <evolveForestsWorkShare value="cyclic"/>

  <!-- Component selection -->
  <componentBasic value="standard"/>
  <componentBlackHole value="null"/>
  <componentDarkMatterProfile value="scale"/>
  <componentDisk value="null">
    <toleranceAbsoluteMass value="1.0e-6"/>
  </componentDisk>
  <componentHotHalo value="null"/>
  <componentSatellite value="standard"/>
  <componentSpheroid value="null">
    <toleranceAbsoluteMass value="1.0e-6"/>
  </componentSpheroid>
  <componentSpin value="vector"/>
  <componentPosition value="cartesian"/>

  <!-- Dark matter properties -->
  <darkMatterParticle value="CDM"/>

  <!-- Cosmological parameters and options -->
  <cosmologyFunctions  value="matterLambda"/>
  <cosmologyParameters value="simple"       >
    <HubbleConstant  value="67.36000"/>	<!-- Planck 2018; https://ui.adsabs.harvard.edu/abs/2018arXiv180706211P -->
    <OmegaMatter     value=" 0.31530"/>	<!-- Planck 2018; https://ui.adsabs.harvard.edu/abs/2018arXiv180706211P -->
    <OmegaDarkEnergy value=" 0.68470"/>	<!-- Planck 2018; https://ui.adsabs.harvard.edu/abs/2018arXiv180706211P -->
    <OmegaBaryon     value=" 0.04930"/>	<!-- Planck 2018; https://ui.adsabs.harvard.edu/abs/2018arXiv180706211P -->
    <temperatureCMB  value=" 2.72548"/>
  </cosmologyParameters>

  <!-- Power spectrum options -->
  <cosmologicalMassVariance value="filteredPower">
    <sigma_8                           value="0.8111"/> <!-- Planck 2018; https://ui.adsabs.harvard.edu/abs/2018arXiv180706211P -->
    <tolerance                         value="3.0e-4"/>
    <toleranceTopHat                   value="3.0e-4"/>
    <nonMonotonicIsFatal               value="false" />
    <monotonicInterpolation            value="true"  />
    <powerSpectrumWindowFunction value="topHat"/>
  </cosmologicalMassVariance>
  <transferFunction                   value="CAMB"     >
    <redshift value="100.0"/>
  </transferFunction>
  <powerSpectrumPrimordial            value="powerLaw" >
    <index               value="0.9649"/> <!-- Planck 2018; https://ui.adsabs.harvard.edu/abs/2018arXiv180706211P -->
    <wavenumberReference value="1.0000"/>
    <running             value="0.0000"/> <!-- Planck 2018; https://ui.adsabs.harvard.edu/abs/2018arXiv180706211P -->
  </powerSpectrumPrimordial>
  <powerSpectrumPrimordialTransferred value="simple"  />

  <!-- Structure formation options -->
  <linearGrowth          value="collisionlessMatter"/>
  <criticalOverdensity   value="sphericalCollapseClsnlssMttrCsmlgclCnstnt"/>
  <virialDensityContrast value="sphericalCollapseClsnlssMttrCsmlgclCnstnt"/>
  <haloMassFunction      value="shethTormen"                           >
    <a             value="0.791"/> <!-- Best fit values from Benson, Ludlow, & Cole (2019). -->
    <normalization value="0.302"/>
    <p             value="0.218"/>
  </haloMassFunction>
  
  <!-- Merger tree building options --> 
  <mergerTreeConstructor value="fullySpecified">
    <fileName value="testSuite/data/lightconeCrossingTree.xml"/>
  </mergerTreeConstructor>
   
  <!-- Substructure hierarchy options -->
  <mergerTreeNodeMerger value="singleLevelHierarchy"/>

  <!-- Dark matter halo structure options -->
  <darkMatterProfileDMO         value="heated"              >
    <darkMatterProfileDMO value="NFW"      />
    <nonAnalyticSolver          value="numerical"/>
  </darkMatterProfileDMO>
  <darkMatterProfileHeating     value="tidal"              />
  <darkMatterProfileScaleRadius value="concentrationLimiter">
    <concentrationMinimum value="  4.0"/>
    <concentrationMaximum value="100.0"/>
    <darkMatterProfileScaleRadius value="concentration" >
      <correctForConcentrationDefinition    value="true"              />
      <darkMatterProfileConcentration value="diemerKravtsov2014" >
	<alpha   value="1.12"/>
	<beta    value="1.69"/>
	<eta0    value="6.82"/>
	<eta1    value="1.42"/>
	<kappa   value="0.69"/>
	<phi0    value="6.58"/>
	<phi1    value="1.37"/>
	<scatter value="0.00"/>
      </darkMatterProfileConcentration>
    </darkMatterProfileScaleRadius>
  </darkMatterProfileScaleRadius>

  <!-- Dark matter halo spin -->
  <haloSpinDistribution value="bett2007"> <!-- Values from Benson (2017) -->
    <alpha   value="1.7091800"/>
    <lambda0 value="0.0420190"/>
  </haloSpinDistribution>

  <!-- Halo accretion options -->
  <accretionHalo value="zero"/>

  <!-- Hot halo gas model options -->
  <hotHaloMassDistribution value="null"          />

  <!-- Galactic structure solver options -->
  <galacticStructureSolver value="null"          />
  <darkMatterProfile       value="darkMatterOnly"/>

  <!-- Galaxy mergers -->
  <mergerRemnantSize value="null"/>
  
  <!-- Satellite orbit options -->
  <virialOrbit value="spinCorrelated">
    <alpha             value="0.47263"  /> <!-- Best fit value from Benson, Behrens, & Lu (2020) -->
    <virialOrbit value="jiang2014" >
      <!-- Best fit value from Benson, Behrens, & Lu (2020) -->
      <bRatioHigh             value="+2.88333 +4.06371 +3.86726"/>
      <bRatioIntermediate     value="+1.05361 +1.56868 +2.89027"/>
      <bRatioLow              value="+0.07432 +0.54554 +1.04721"/>
      <gammaRatioHigh         value="+0.07124 +0.04737 -0.01913"/>
      <gammaRatioIntermediate value="+0.10069 +0.07821 +0.04231"/>
      <gammaRatioLow          value="+0.10866 +0.11260 +0.11698"/>
      <muRatioHigh            value="+1.10168 +1.09639 +1.09819"/>
      <muRatioIntermediate    value="+1.18205 +1.19573 +1.24581"/>
      <muRatioLow             value="+1.22053 +1.22992 +1.25528"/>
      <sigmaRatioHigh         value="+0.09244 +0.14335 +0.21079"/>
      <sigmaRatioIntermediate value="+0.07397 +0.09590 +0.10941"/>
      <sigmaRatioLow          value="+0.07458 +0.09040 +0.06981"/>
    </virialOrbit>
  </virialOrbit>
  <satelliteOrbitStoreOrbitalParameters value="true"/>

  <!-- Orbiting model of satellites -->
  <!-- Values taken from Yang et al. (2020) for their gamma=0 case using the Caterpillar simulations as calibration target -->
  <satelliteDynamicalFriction value="chandrasekhar1943">
    <logarithmCoulomb value="1.53"/>
  </satelliteDynamicalFriction>
  <satelliteTidalHeatingRate  value="gnedin1999"       >
    <epsilon          value="0.33"/>
    <gamma            value="0.00"/>
  </satelliteTidalHeatingRate>
  <satelliteTidalStripping    value="zentner2005"      >
    <efficiency       value="2.86"/>
  </satelliteTidalStripping>

  <!-- Node evolution and physics -->
  <nodeOperator value="multi">
    <!-- Cosmological epoch -->
    <nodeOperator value="cosmicTime"/>
    <!-- DMO evolution -->
    <nodeOperator value="DMOInterpolate"/>
    <!-- Halo concentrations -->
    <nodeOperator value="darkMatterProfileScaleSet"        />
    <nodeOperator value="darkMatterProfileScaleInterpolate"/>
    <!-- Halo angular momentum -->
    <nodeOperator value="haloAngularMomentumRandom"/>
    <nodeOperator value="haloAngularMomentumInterpolate"/>
    <!-- Position interpolation -->
    <nodeOperator value="positionInterpolated">
      <lengthBox value="100000.0"/>
    </nodeOperator>
  </nodeOperator>
  
  <!-- Numerical tolerances -->
  <!-- Tree evolution -->
  <mergerTreeEvolver       value="standard" >
    <timestepHostAbsolute             value="1.00"/>
    <timestepHostRelative             value="0.10"/>
    <fractionTimestepSatelliteMinimum value="0.75"/>
    <backtrackToSatellites            value="true"/>
  </mergerTreeEvolver>
  <mergerTreeNodeEvolver value="standard">
    <odeToleranceAbsolute value="0.01"  />
    <odeToleranceRelative value="0.01"  />
    <reuseODEStepSize     value="false" />
  </mergerTreeNodeEvolver>
  <mergerTreeEvolveTimestep value="multi">
    <mergerTreeEvolveTimestep value="simple"               >
      <timeStepAbsolute          value="1.000"/>
      <timeStepRelative          value="0.100"/>
    </mergerTreeEvolveTimestep>
    <mergerTreeEvolveTimestep value="satellite"            >
      <timeOffsetMaximumAbsolute value="0.010"/>
      <timeOffsetMaximumRelative value="0.001"/>
    </mergerTreeEvolveTimestep>
    <!-- Set up the new lightcone output using an outputter passed to the lightcone-crossing merger tree evolution timestepper -->
    <mergerTreeEvolveTimestep value="lightconeCrossing">
      <mergerTreeOutputter value="standard">
	<outputsGroupName value="Lightcone"/>
      </mergerTreeOutputter>
    </mergerTreeEvolveTimestep>
  </mergerTreeEvolveTimestep>
  
  <!-- Output options -->
  <outputFileName value="testSuite/outputs/test-lightconeCrossing.hdf5"/>
  <mergerTreeOutputter value="standard">
    <outputReferences value="false"/>
    <!-- Specify output properties -->
    <nodePropertyExtractor value="nodeIndices"/>
  </mergerTreeOutputter>
  <outputTimes value="list">
    <redshifts value="0.0 7.0"/>
  </outputTimes>
  <nodePropertyExtractor value="multi">
    <nodePropertyExtractor value="nodeIndices"/>
    <nodePropertyExtractor value="time"       />
    <nodePropertyExtractor value="lightcone"   >
      <atCrossing              value="true" />
      <includeObservedRedshift value="false"/>
    </nodePropertyExtractor>
  </nodePropertyExtractor>
  
  <!-- Define lightcone geometry -->
  <geometryLightcone           value="square">
    <lengthReplication         value="100000.0"      />
    <lengthHubbleExponent      value="0"             />
    <lengthUnitsInSI           value="3.08567758e+22"/>
    <timeEvolvesAlongLightcone value="true"          />
    <angularSize               value="1.0"           />
    <origin                    value="0.0 0.0 0.0"   />
    <unitVector1               value="1.0 0.0 0.0"   />
    <unitVector2               value="0.0 1.0 0.0"   />
    <unitVector3               value="0.0 0.0 1.0"   />
  </geometryLightcone>

</parameters>
