<?xml version="1.0" encoding="UTF-8"?>
<!-- Defines a Galacticus model to test mass conservation. -->
<!-- Andrew Benson                                         -->
<!-- 28-April-2016                                         -->
<parameterGrid>
  <emailReport>no</emailReport>
  <doAnalysis>no</doAnalysis>
  <modelRootDirectory>testSuite/outputs/test-mass-conservation-simple</modelRootDirectory>
  <baseParameters>parameters.xml</baseParameters>
  <launchMethod>pbs</launchMethod>
  <pbs>
    <ompThreads>16</ompThreads>
    <maxJobsInQueue>40</maxJobsInQueue>
  </pbs>

  <parameters>
    <formatVersion>2</formatVersion>
    <version>0.9.4</version>
    <accretionHaloMethod value="bertschinger">
      <redshiftReionization value="10.5"/>
      <velocitySuppressionReionization value="47.370163695687651"/>
    </accretionHaloMethod>
    <accretionHaloTotalMethod value="bertschinger"/>
    <coolingRateMethod value="velocityMaximumScaling">
      <exponentCutOff value="1.7906261504610221"/>
      <velocityCutOff value="173.12989399446917"/>
      <velocityCutOffExponentRedshift value="0.56942822190412190"/>
      <widthCutOff value="5.8048418622440277E-002"/>
      <timescale value="2.8297712365864922"/>
      <exponentRedshift value="-0.35077774364437497"/>
      <timescaleMinimum value="6.3593537422067092E-003"/>
      <exponentVelocity value="1.6845255332717721"/>
    </coolingRateMethod>
    <cosmologicalMassVarianceMethod value="filteredPower">
      <sigma_8 value="0.819344297851851"/>
      <tolerance value="1.0e-7"/>
    </cosmologicalMassVarianceMethod>
    <cosmologyFunctionsMethod value="matterLambda"/>
    <cosmologyParametersMethod value="simple">
      <HubbleConstant value="66.4162846956275"/>
      <OmegaBaryon value="0.0505055295468183"/>
      <OmegaDarkEnergy value="0.670474664065489"/>
      <OmegaMatter value="0.329525335934511"/>
      <temperatureCMB value="2.72548"/>
    </cosmologyParametersMethod>
    <criticalOverdensityMethod value="kitayamaSuto1996"/>
    <darkMatterProfileConcentrationMethod value="diemerKravtsov2014">
      <alpha value="1.12"/>
      <beta value="1.69"/>
      <eta0 value="6.82"/>
      <eta1 value="1.42"/>
      <kappa value="0.69"/>
      <phi0 value="7.0647575634271202"/>
      <phi1 value="1.37"/>
    </darkMatterProfileConcentrationMethod>
    <darkMatterProfileMethod value="NFW"/>
    <darkMatterProfileScaleCorrectForConcentrationDefinition value="true"/>
    <diskMassToleranceAbsolute value="1.0e-6"/>
    <diskOutflowTimescaleMinimum value="2.1949631313087498E-002"/>
    <diskStarFormationTimescaleMinimum value="2.6271201525734244E-005"/>
    <diskVerySimpleAnalyticSolverPruneMassGas value="1.0e6"/>
    <diskVerySimpleAnalyticSolverPruneMassStars value="1.0e6"/>
    <diskVerySimpleMassScaleAbsolute value="1.0e6"/>
    <diskVerySimpleSurfaceDensityThreshold value="130295433397.88165"/>
    <diskVerySimpleSurfaceDensityVelocityExponent value="-0.98483665317102953"/>
    <diskVerySimpleUseAnalyticSolver value="true"/>
    <galacticStructureRadiiFixedFactor value="0.29610738271059550"/>
    <galacticStructureRadiiFixedRadius value="turnaround"/>
    <galacticStructureRadiusSolverMethod value="fixed"/>
    <gravitationalLensingMethod value="takahashi2011"/>
    <haloMassFunctionMethod value="simpleSystematic">
      <alpha value="-0.131667664610245"/>
      <beta value="0.081036980088189"/>
      <haloMassFunctionMethod value="tinker2008"/>
    </haloMassFunctionMethod>
    <haloModelPowerSpectrumModifierMethod value="triaxiality"/>
    <haloSpinDistributionMethod value="bett2007">
      <alpha value="2.5053122941860098"/>
      <lambda0 value="4.3245512787675661E-002"/>
    </haloSpinDistributionMethod>
    <hdf5CompressionLevel value="-1"/>
    <hotHaloOutflowReincorporationMethod value="velocityMaximumScaling">
      <redshiftExponent value="-0.17671288265659479e+0"/>
      <timeScale value="+0.73801252050383448e+0"/>
      <timescaleMinimum value="+1.09539447829157790e-2"/>
      <velocityExponent value="+0.29779289184659419e+0"/>
    </hotHaloOutflowReincorporationMethod>
    <hotHaloVerySimpleDelayedMassScaleRelative value="1.0"/>
    <imfChabrierRecycledInstantaneous value="0.46"/>
    <imfChabrierYieldInstantaneous value="0.0"/>
    <imfSelectionFixed value="Chabrier"/>
    <imfSelectionMethod value="fixed"/>
    <intergalacticMediumStateMethod value="recFast"/>
    <linearGrowthMethod value="simple"/>
    <mergerTreeBuilderMethod value="cole2000">
      <accretionLimit value="0.1"/>
      <branchIntervalStep value="true"/>
      <mergeProbability value="0.1"/>
      <redshiftMaximum value="10.0"/>
    </mergerTreeBuilderMethod>
    <mergerTreeConstructorMethod value="build"/>
    <mergerTreeBuildMassesMethod value="sampledDistributionUniform">
      <massTreeMinimum value="1.0e10"/>
      <massTreeMaximum value="1.0e12"/>
      <treesPerDecade value="10"/>
    </mergerTreeBuildMassesMethod>
    <mergerTreeBuildMassDistributionMethod value="haloMassFunction">
      <abundanceMaximum value="1.0e-1"/>
      <abundanceMinimum value="1.0e-8"/>    
      <modifier1 value="0.5"/>
      <modifier2 value="0.0"/>
    </mergerTreeBuildMassDistributionMethod>
    <mergerTreeMassResolutionMethod value="scaled">
      <massResolutionFractional value="0.00005"/>
      <massResolutionMinimum value="1.0e7"/>
    </mergerTreeMassResolutionMethod>
    <mergerTreeOutput>
      <outputMergerTrees value="true"/>
      <outputReferences value="false"/>
    </mergerTreeOutput>
    <mergerTreePruneBaryons value="true"/>
    <mergingTimescaleMultiplier value="1.2035038666749114"/>
    <mergerTreeBranchingProbabilityMethod value="parkinsonColeHelly">
      <G0 value="+0.570"/>
      <gamma1 value="+0.380"/>
      <gamma2 value="-0.010"/>
      <accuracyFirstOrder value="+0.025"/>
      <hypergeometricTabulate value="true"/>
      <precisionHypergeometric value="1.0e-6"/>
      <cdmAssumptions value="true"/>
    </mergerTreeBranchingProbabilityMethod>
    <nodeComponentBasicExtendedSphericalCollapseType value="bryanNorman"/>
    <nodeMergersMethod value="singleLevelHierarchy"/>
    <odeAlgorithm value="Runge-Kutta-Second-Order"/>
    <odeToleranceAbsolute value="1.0e-3"/>
    <odeToleranceRelative value="0.1"/>
    <outputRedshifts value="0"/>
    <powerSpectrumNonlinearMethod value="peacockDodds1996"/>
    <powerSpectrumPrimordialMethod value="powerLaw">
      <index value="0.958781924494571"/>
      <running value="0.0"/>
      <wavenumberReference value="1.0"/>
    </powerSpectrumPrimordialMethod>
    <powerSpectrumPrimordialTransferredMethod value="simple"/>
    <randomSpinResetMassFactor value="2.0"/>
    <mergerMassMovementsMethod value="verySimple"/>
    <mergerRemnantSizeMethod value="null"/>
    <satelliteMergingTimescalesMethod value="jiang2008"/>
    <starFormationFeedbackDisksMethod value="vlctyMxSclng">
      <fraction value="5.4973312818696149E-002"/>
      <exponentRedshift value="1.9464430036515628"/>
      <exponentVelocity value="-5.2559103933618596"/>
    </starFormationFeedbackDisksMethod>
    <starFormationTimescaleDisksMethod value="velocityMaxScaling">
      <exponentRedshift value="-2.2302610673721670"/>
      <timescale value="5.6305510122690903"/>
      <exponentVelocity value="0.99961968363471687"/>
    </starFormationTimescaleDisksMethod>
    <stellarPopulationPropertiesMethod value="instantaneous"/>
    <timestepHostAbsolute value="1.0"/>
    <timestepHostRelative value="0.01"/>
    <timestepSimpleAbsolute value="1.0"/>
    <timestepSimpleRelative value="0.01"/>
    <transferFunctionMethod value="eisensteinHu1999">
      <neutrinoMassSummed value="0.0"/>
      <neutrinoNumberEffective value="3.04"/>
    </transferFunctionMethod>
    <treeNodeMethodBasic value="standardExtended"/>
    <treeNodeMethodBlackHole value="null"/>
    <treeNodeMethodDarkMatterProfile value="scale"/>
    <treeNodeMethodDisk value="verySimpleSize"/>
    <treeNodeMethodHotHalo value="verySimpleDelayed"/>
    <treeNodeMethodSatellite value="verySimple"/>
    <treeNodeMethodSpheroid value="null"/>
    <treeNodeMethodSpin value="random"/>
    <virialDensityContrastMethod value="percolation">
      <linkingLength value="0.2"/>
    </virialDensityContrastMethod>
    <virialOrbitMethod value="fixed">
      <velocityRadial value="-0.856"/>
      <velocityTangential value="+0.842"/>
      <virialDensityContrastMethod value="fixed">
	<densityContrastValue value="200.0"/>
	<densityType value="critical"/>
      </virialDensityContrastMethod>
    </virialOrbitMethod>
  </parameters>

</parameterGrid>
