<?xml version="1.0"?>
<parameters>
  <!-- Radiative transfer atomic state solver -->
  <formatVersion>2</formatVersion>
  <lastModified revision="65c7326e2d0e0e85feea12ef933222871f069fb2" time="2025-06-10T15:59:50"/>

  <elementsToTrack value="O C Si Fe"/>

</parameters>
