<?xml version="1.0" encoding="UTF-8"?>
<!-- Default parameters for Galacticus v0.9.4 -->
<!-- 30-October-2011                          -->
<parameters>
  <formatVersion>2</formatVersion>
  <version>0.9.4</version>

  <!-- Forest split options -->
  <taskMethod value="evolveForests">
    <suspendToRAM value="false"/>
  </taskMethod>
  <!-- Output control -->
  <verbosityLevel value="1"/>
  <galacticusOutputFileName value="testSuite/outputs/test-splitForests/split.hdf5"/>
    
  <!-- Component selection -->
  <treeNodeMethodBasic value="standard"/>
  <treeNodeMethodBlackHole value="null"/>
  <treeNodeMethodDarkMatterProfile value="null"/>
  <treeNodeMethodDisk value="null"/>
  <treeNodeMethodHotHalo value="null"/>
  <treeNodeMethodSatellite value="preset"/>
  <treeNodeMethodSpheroid value="null"/>
  <treeNodeMethodSpin value="preset"/>
  <treeNodeMethodPosition value="preset"/>
  
  <!-- Cosmological parameters and options -->
  <cosmologyFunctionsMethod value="matterLambda"/>
  <cosmologyParametersMethod value="simple">
    <HubbleConstant value="73.0"/>
    <OmegaMatter value="0.25"/>
    <OmegaDarkEnergy value="0.75"/>
    <OmegaBaryon value="0.0455"/>
    <temperatureCMB value="2.72548"/>
  </cosmologyParametersMethod>

  <!-- Power spectrum options -->
  <cosmologicalMassVarianceMethod value="filteredPower">
    <sigma_8 value="0.9"/>
    <tolerance value="1.0e-7"/>
  </cosmologicalMassVarianceMethod>
  <transferFunctionMethod value="eisensteinHu1999">
    <neutrinoNumberEffective value="3.046"/>
    <neutrinoMassSummed value="0.000"/>
  </transferFunctionMethod>
  <powerSpectrumPrimordialMethod value="powerLaw">
    <index value="0.961"/>
    <wavenumberReference value="1.000"/>
    <running value="0.000"/>
  </powerSpectrumPrimordialMethod>
  <powerSpectrumPrimordialTransferredMethod value="simple"/>

  <!-- Structure formation options -->
  <linearGrowthMethod value="simple"/>
  <haloMassFunctionMethod value="Tinker2008"/>
  <criticalOverdensityMethod value="sphericalCollapseMatterLambda"/>
  <virialDensityContrastMethod value="sphericalCollapseMatterLambda"/>

  <!-- Merger tree building options -->
  <mergerTreeConstructorMethod value="read">
    <satelliteMergingTimescalesSubresolutionMethod value="infinite"/>
    <forestSizeMaximum value="1000"/>
    <presetScaleRadii value="false"/>
  </mergerTreeConstructorMethod>
  <allTreesExistAtFinalTime value="false"/>
  
  <!-- Substructure hierarchy options -->
  <nodeMergersMethod value="singleLevelHierarchy"/>

  <!-- Dark matter halo structure options -->
  <darkMatterProfileMethod value="isothermal"/>
  <darkMatterProfileConcentrationMethod value="gao2008"/>
  <darkMatterProfileMinimumConcentration value="4"/>
  <haloSpinDistributionMethod value="bett2007">
    <alpha value="2.509"/>
    <lambda0 value="0.04326"/>
  </haloSpinDistributionMethod>
  <randomSpinResetMassFactor value="2.0"/>

  <!-- Halo accretion options -->
  <accretionHaloMethod value="zero"/>

  <!-- Hot halo gas cooling model options -->
  <hotHaloMassDistributionMethod value="null"/>
  <hotHaloTemperatureProfileMethod value="virial"/>
  <hotHaloMassDistributionCoreRadiusMethod value="virialFraction">
    <coreRadiusOverVirialRadius value="0.1"/>
  </hotHaloMassDistributionCoreRadiusMethod>
  <hotHaloAngularMomentumLossFraction value="0.3"/>
  <coolingSpecificAngularMomentumMethod value="constantRotation">
    <sourceAngularMomentumSpecificMean value="hotGas"/>
    <sourceNormalizationRotation value="hotGas"/>
  </coolingSpecificAngularMomentumMethod>
  <hotHaloOutflowReincorporationMethod value="haloDynamicalTime">
    <multiplier value="5.0"/>
  </hotHaloOutflowReincorporationMethod>

  <coolingFunctionMethod value="atomicCIECloudy"/>
  <coolingRadiusMethod value="simple"/>
  <coolingRateMethod value="whiteFrenk1991">
    <velocityCutOff value="10000"/>
  </coolingRateMethod>
  <coolingTimeMethod value="simple">
    <degreesOfFreedom value="3.0"/>
  </coolingTimeMethod>
  <coolingTimeAvailableMethod value="whiteFrenk1991">
    <ageFactor value="0"/>
  </coolingTimeAvailableMethod>
  <starveSatellites value="false"/>

  <!-- Hot halo ram pressure stripping options -->
  <hotHaloRamPressureStrippingMethod value="font2008"/>
  <hotHaloRamPressureForceMethod value="font2008"/>
  <hotHaloRamPressureTimescaleMethod value="ramPressureAcceleration"/>
  <hotHaloOutflowStrippingEfficiency value="0.1"/>
  <hotHaloTrackStrippedGas value="true"/>

  <!-- Galaxy ram pressure stripping options -->
  <ramPressureStrippingDisksMethod value="null"/>
  <ramPressureStrippingSpheroidsMethod value="null"/>

  <!-- Galaxy tidal stripping options -->
  <tidalStrippingDisksMethod value="null"/>
  <tidalStrippingSpheroidsMethod value="null"/>
  <satelliteTidalFieldMethod value="null"/>

  <!-- Galactic structure solver options -->
  <galacticStructureRadiusSolverMethod value="adiabatic"/>
  <adiabaticContractionGnedinA value="0.73"/>
  <adiabaticContractionGnedinOmega value="0.7"/>
  <spheroidAngularMomentumAtScaleRadius value="0.5"/>

  <!-- Galactic disk dynamics options -->
  <galacticDynamicsBarInstabilityMethod value="efstathiou1982">
  <stabilityThresholdGaseous value="0.7"/>
    <stabilityThresholdStellar value="1.1"/>
  </galacticDynamicsBarInstabilityMethod>
  <!-- Star formation rate options -->
  <starFormationTimescaleDisksMethod value="intgrtdSurfaceDensity"/>
  <starFormationRateSurfaceDensityDisksMethod value="krumholz2009">
    <frequencyStarFormation value="0.385"/>
    <clumpingFactorMolecularComplex value="5.000"/>
    <molecularFractionFast value="true"/>
  </starFormationRateSurfaceDensityDisksMethod>
  <starFormationTimescaleSpheroidsMethod value="dynamicalTime">
    <efficiency value="0.04"/>
    <exponentVelocity value="2.0"/>
    <timescaleMinimum value="0.001"/>
  </starFormationTimescaleSpheroidsMethod>

  <!-- Stellar populations options -->
  <stellarPopulationPropertiesMethod value="instantaneous"/>
  <stellarPopulationSpectraMethod value="FSPS"/>
  <imfSelectionMethod value="fixed"/>
  <imfSelectionFixed value="Chabrier"/>
  <imfChabrierRecycledInstantaneous value="0.46"/>
  <imfChabrierYieldInstantaneous value="0.035"/>

  <!-- AGN feedback options -->
  <hotHaloExcessHeatDrivesOutflow value="true"/>
  <blackHoleHeatsHotHalo value="true"/>

  <!-- Supernovae feedback options -->
  <starFormationFeedbackDisksMethod value="powerLaw">
    <velocityCharacteristic value="250.0"/>
    <exponent value="3.5"/>
  </starFormationFeedbackDisksMethod>
  <starFormationFeedbackSpheroidsMethod value="powerLaw">
    <exponent value="3.5"/>
    <velocityCharacteristic value="100.0"/>
  </starFormationFeedbackSpheroidsMethod>

  <!-- Accretion disk properties -->
  <accretionDisksMethod value="switched">
    <accretionRateThinDiskMaximum value="0.30"/>
    <accretionRateThinDiskMinimum value="0.01"/>
    <scaleADAFRadiativeEfficiency value="true"/>
    <accretionDisksShakuraSunyaevMethod value="shakuraSunyaev"/>
    <accretionDisksADAFMethod value="ADAF">
      <efficiencyRadiationType value="thinDisk"/>
      <adiabaticIndex value="1.444"/>
      <energyOption value="pureADAF"/>
      <efficiencyRadiation value="0.01"/>
      <viscosityOption value="fit"/>
      <efficiencyJetMaximum value="2.0"/>
    </accretionDisksADAFMethod>
  </accretionDisksMethod>

  <!-- Black hole options -->
  <blackHoleBinaryMergersMethod value="Rezzolla2008"/>
  <blackHoleSeedMass value="100"/>
  <blackHoleWindEfficiency value="0.0024"/>
  <blackHoleWindEfficiencyScalesWithRadiativeEfficiency value="true"/>
  <bondiHoyleAccretionEnhancementHotHalo value="6.0"/>
  <bondiHoyleAccretionEnhancementSpheroid value="5.0"/>
  <bondiHoyleAccretionTemperatureSpheroid value="100"/>
  <bondiHoyleAccretionHotModeOnly value="true"/>

  <!-- Satellite orbit options -->
  <satelliteOrbitStoreOrbitalParameters value="true"/>

  <!-- Galaxy merger options -->
  <virialOrbitMethod value="benson2005"/>
  <satelliteMergingTimescalesMethod value="jiang2008"/>
  <mergingTimescaleMultiplier value="0.75"/>
  <satelliteMergingMassMovementsMethod value="simple"/>
  <minorMergerGasMovesTo value="spheroid"/>
  <satelliteMergingRemnantSizeMethod value="null"/>
  <majorMergerMassRatio value="0.25"/>
  <mergerRemnantSizeOrbitalEnergy value="1"/>

  <!-- Spheroid options -->
  <spheroidEnergeticOutflowMassRate value="1.0e-2"/>

  <!-- Numerical tolerances -->
  <odeToleranceAbsolute value="0.01"/>
  <odeToleranceRelative value="0.01"/>
  <diskMassToleranceAbsolute value="1.0e-6"/>
  <spheroidMassToleranceAbsolute value="1.0e-6"/>
  <timestepHostAbsolute value="1.0"/>
  <timestepHostRelative value="0.1"/>
  <timestepSimpleAbsolute value="1.0"/>
  <timestepSimpleRelative value="0.1"/>

  <!-- Output options -->
  <mergerTreeOutput>
    <outputReferences value="false"/>
  </mergerTreeOutput>
  <outputSatelliteStatus value="true"/>

</parameters>
