<?xml version="1.0"?>
<parameters>
  <!-- Radiative transfer atomic state solver -->
  <formatVersion>2</formatVersion>
  <lastModified revision="e9236b11f17f9c96b0cdac005d7945ac0febe7d5"/>

  <elementsToTrack value="O C Si Fe"/>

</parameters>
