<?xml version="1.0" encoding="UTF-8"?>
<!-- Defines a Galacticus model to test mass conservation. -->
<!-- Andrew Benson                                         -->
<!-- 28-April-2016                                         -->
<parameterGrid>
  <emailReport>no</emailReport>
  <doAnalysis>no</doAnalysis>
  <modelRootDirectory>testSuite/outputs/test-mass-conservation-coldMode</modelRootDirectory>
  <baseParameters>parameters.xml</baseParameters>
  <launchMethod>pbs</launchMethod>
  <pbs>
    <ompThreads>16</ompThreads>
    <maxJobsInQueue>40</maxJobsInQueue>
  </pbs>

  <parameters>
    <formatVersion>2</formatVersion>
    <version>0.9.4</version>

    <!-- Component selection -->
    <componentBasic value="standard"/>
    <componentBlackHole value="standard">
      <massSeed value="0.0"/>
      <heatsHotHalo value="false"/>
      <efficiencyWind value="0.0024"/>
      <efficiencyWindScalesWithEfficiencyRadiative value="true"/>
      <bondiHoyleAccretionEnhancementHotHalo value="6.0"/>
      <bondiHoyleAccretionEnhancementSpheroid value="5.0"/>
      <bondiHoyleAccretionTemperatureSpheroid value="100"/>
      <bondiHoyleAccretionHotModeOnly value="true"/>
    </componentBlackHole>
    <componentDarkMatterProfile value="scale"/>
    <componentDisk value="standard">
      <toleranceAbsoluteMass value="1.0e-6"/>
      <massDistributionDisk value="exponentialDisk">
	<dimensionless value="true"/>
      </massDistributionDisk>
    </componentDisk>
    <componentHotHalo value="coldMode">
      <fractionBaryonLimitInNodeMerger value="true"/>
      <angularMomentumAlwaysGrows value="true"/>
      <fractionLossAngularMomentum value="0.3"/>
      <starveSatellites value="false"/>
      <efficiencyStrippingOutflow value="0.1"/>
      <trackStrippedGas value="true"/>
    </componentHotHalo>
    <componentSatellite value="standard"/>
    <componentSpheroid value="standard">
      <ratioAngularMomentumScaleRadius value="0.5"/>
      <efficiencyEnergeticOutflow value="1.0e-2"/>
      <toleranceAbsoluteMass value="1.0e-6"/>
      <massDistributionSpheroid value="hernquist">
	<dimensionless value="true"/>
      </massDistributionSpheroid>
    </componentSpheroid>
    <componentSpin value="scalar"/>
    <componentPosition value="null"/>
    
    <!-- Cosmological parameters and options -->
    <cosmologyFunctions value="matterLambda"/>
    <cosmologyParameters value="simple">
      <HubbleConstant value="67.8100148730579"/>
      <OmegaMatter value="0.30766318"/>
      <OmegaDarkEnergy value="0.69233682"/>
      <OmegaBaryon value="0.048404634"/>
      <temperatureCMB value="2.72548"/>
    </cosmologyParameters>

    <!-- Power spectrum options -->
    <transferFunction value="eisensteinHu1999">
      <neutrinoNumberEffective value="3.04"/>
      <neutrinoMassSummed value="0.0"/>
    </transferFunction>
    <powerSpectrumPrimordial value="powerLaw">
      <index value="0.96763953040293"/>
      <wavenumberReference value="1.0"/>
      <running value="0.0"/>
    </powerSpectrumPrimordial>
    <powerSpectrumPrimordialTransferred value="simple"/>
    <cosmologicalMassVariance value="filteredPower">
      <sigma_8 value="0.814932725148418"/>
    </cosmologicalMassVariance>
    <powerSpectrumNonlinear value="peacockDodds1996"/>

    <!-- Structure formation options -->
    <linearGrowth value="collisionlessMatter"/>
    <haloMassFunction value="simpleSystematic">
      <alpha value="-0.0197873321812387"/>
      <beta value="0.00986021548527724"/>
      <haloMassFunction value="tinker2008"/>
    </haloMassFunction>
    <criticalOverdensity value="sphericalCollapseClsnlssMttrCsmlgclCnstnt"/>
    <virialDensityContrast value="percolation">
      <linkingLength value="0.2"/>
    </virialDensityContrast>

    <!-- Merger tree building options -->
    <mergerTreeConstructor value="build"/>
    <mergerTreeBuildMasses value="sampledDistributionUniform">
      <massTreeMinimum value="1.0e10"/>
      <massTreeMaximum value="1.0e12"/>
      <treesPerDecade value="10"/>
    </mergerTreeBuildMasses>
    <mergerTreeMassResolution value="fixed">
      <massResolution value="1.0e9"/>
    </mergerTreeMassResolution>

    <mergerTreeBuildMassDistribution value="haloMassFunction">
      <abundanceMaximum value="1.0e-1"/>
      <abundanceMinimum value="1.0e-8"/>

    </mergerTreeBuildMassDistribution>
    <mergerTreeBuilder value="cole2000">
      <branchIntervalStep value="true"/>
      <mergeProbability value="0.1"/>
      <redshiftMaximum value="10.0"/>
      <toleranceTimeEarliest value="4.0e-6"/>
      <accretionLimit value="0.1"/>
    </mergerTreeBuilder>
    <mergerTreeBranchingProbability value="parkinsonColeHelly">
      <G0 value="+0.570"/>
      <gamma1 value="+0.380"/>
      <gamma2 value="-0.010"/>
      <accuracyFirstOrder value="+0.025"/>
      <hypergeometricTabulate value="true"/>
      <precisionHypergeometric value="1.0e-6"/>
      <cdmAssumptions value="true"/>
    </mergerTreeBranchingProbability>

    <!-- Substructure hierarchy options -->
    <mergerTreeNodeMerger value="singleLevelHierarchy"/>

    <!-- Prevent negative accretion -->
    <!-- Outputs and analyses -->
    <outputTimes value="list">
      <redshifts value="0.0000"/>
    </outputTimes>

    <!-- Dark matter halo structure options -->
    <darkMatterProfileDMO value="NFW"/>
    <darkMatterProfileConcentration value="diemerKravtsov2014">
      <alpha value="1.12"/>
      <beta value="1.69"/>
      <eta0 value="6.82"/>
      <eta1 value="1.42"/>
      <kappa value="0.69"/>
      <phi0 value="6.7095654472093482"/>
      <phi1 value="1.37"/>
    </darkMatterProfileConcentration>
    <darkMatterProfileScaleRadius value="concentrationLimiter">
      <concentrationMinimum value="  4.0"/>
      <concentrationMaximum value="100.0"/>
      <darkMatterProfileScaleRadius value="concentration"/>
    </darkMatterProfileScaleRadius>
    <haloSpinDistribution value="bett2007">
      <alpha value="2.5094130785911624"/>
      <lambda0 value="4.3325030697269937E-002"/>
    </haloSpinDistribution>

    <!-- Halo accretion options -->
    <accretionHalo value="coldMode">
      <redshiftReionization value="10.5"/>
      <velocitySuppressionReionization value="35.0"/>
      <accretionNegativeAllowed value="false"/>
    </accretionHalo>
    <intergalacticMediumState value="file">
      <fileName value="%DATASTATICPATH%/intergalacticMedium/recFast_OmegaMatter0.308_OmegaDarkEnergy0.692_OmegaBaryon0.0484_HubbleConstant67.8_temperatureCMB2.725_YHe0.22.hdf5"/>
    </intergalacticMediumState>

    <!-- Hot halo gas cooling model options -->
    <coolingRate value="whiteFrenk1991">
      <velocityCutOff value="10000"/>
    </coolingRate>
    <hotHaloMassDistribution value="betaProfile"/>
    <hotHaloTemperatureProfile value="virial"/>
    <hotHaloMassDistributionCoreRadius value="virialFraction">
      <coreRadiusOverVirialRadius value="0.3"/>
    </hotHaloMassDistributionCoreRadius>
    <coolingSpecificAngularMomentum value="constantRotation">
      <sourceAngularMomentumSpecificMean value="hotGas"/>
      <sourceNormalizationRotation value="hotGas"/>
    </coolingSpecificAngularMomentum>
    <hotHaloOutflowReincorporation value="haloDynamicalTime">
      <multiplier value="5.0"/>
    </hotHaloOutflowReincorporation>

    <coolingFunction value="atomicCIECloudy"/>
    <coolingRadius value="simple"/>
    <coolingTime value="simple">
      <degreesOfFreedom value="3.0"/>
    </coolingTime>
    <coolingTimeAvailable value="whiteFrenk1991">
      <ageFactor value="0"/>
    </coolingTimeAvailable>
    <!-- Hot halo ram pressure stripping options -->
    <hotHaloRamPressureStripping value="font2008"/>
    <hotHaloRamPressureForce value="font2008"/>
    <hotHaloRamPressureTimescale value="ramPressureAcceleration"/>
    <ramPressureStrippingFormFactor value="2"/>

    <!-- Galactic structure solver options -->
    <galacticStructureSolver value="equilibrium"/>
    <darkMatterProfile value="adiabaticGnedin2004">
      <A value="0.73"/>
      <omega value="0.7"/>
    </darkMatterProfile>
    <!-- Star formation rate options -->
    <starFormationRateDisks value="intgrtdSurfaceDensity">
      <tolerance value="1.0e-2"/>
    </starFormationRateDisks>
    <starFormationRateSurfaceDensityDisks value="krumholz2009">
      <frequencyStarFormation value="0.385"/>
      <clumpingFactorMolecularComplex value="5.000"/>
      <molecularFractionFast value="true"/>
    </starFormationRateSurfaceDensityDisks>
    <starFormationRateSpheroids value="timescale">
      <starFormationTimescale value="dynamicalTime">
        <efficiency value="0.04"/>
        <exponentVelocity value="2.0"/>
        <timescaleMinimum value="0.001"/>
      </starFormationTimescale>
    </starFormationRateSpheroids>

    <!-- Stellar populations options -->
    <stellarPopulationProperties value="instantaneous"/>
    <stellarPopulationSpectra value="FSPS"/>
    <stellarPopulationSelector value="fixed"/>

    <initialMassFunction value="chabrier2001"/>
    <stellarPopulation value="standard">
      <recycledFraction value="0.46"/>
      <metalYield value="0.035"/>
    </stellarPopulation>

    <!-- AGN feedback options -->
    <hotHaloExcessHeatDrivesOutflow value="true"/>
    <!-- Accretion disk properties -->
    <accretionDisks value="switched">
      <accretionRateThinDiskMaximum value="0.30"/>
      <accretionRateThinDiskMinimum value="0.01"/>
      <scaleADAFRadiativeEfficiency value="true"/>
      <accretionDisksShakuraSunyaev value="shakuraSunyaev"/>
      <accretionDisksADAF value="ADAF">
        <efficiencyRadiationType value="thinDisk"/>
        <adiabaticIndex value="1.444"/>
        <energyOption value="pureADAF"/>
        <efficiencyRadiation value="0.01"/>
        <viscosityOption value="fit"/>
      </accretionDisksADAF>
    </accretionDisks>

    <!-- Black hole options -->
    <blackHoleBinaryMergers value="rezzolla2008"/>
    <!-- Galaxy merger options -->
    <virialOrbit value="benson2005"/>
    <satelliteMergingTimescales value="jiang2008">
      <timescaleMultiplier value="0.75"/>
    </satelliteMergingTimescales>
    <mergerMassMovements value="simple">
      <destinationGasMinorMerger value="spheroid"/>
      <massRatioMajorMerger value="0.25"/>
    </mergerMassMovements>
    <mergerRemnantSize value="cole2000">
      <energyOrbital value="1"/>
    </mergerRemnantSize>
    <!-- Node evolution and physics -->
    <nodeOperator value="multi">
      <!-- Cosmological epoch -->
      <nodeOperator value="cosmicTime" iterable="no"/>
      <!-- DMO evolution -->
      <nodeOperator value="DMOInterpolate" iterable="no"/>
      <!-- Halo concentrations -->
      <nodeOperator value="darkMatterProfileScaleSet" iterable="no"/>
      <nodeOperator value="darkMatterProfileScaleInterpolate" iterable="no"/>
      <!-- Halo spins -->
      <nodeOperator value="haloAngularMomentumRandom" iterable="no">
	<factorReset value="2.0"/>
      </nodeOperator>
      <nodeOperator value="haloAngularMomentumInterpolate" iterable="no"/>
      <!-- Satellite evolution -->
      <nodeOperator value="satelliteMergingTime" iterable="no"/>
      <nodeOperator value="satelliteMassLoss" iterable="no"/>
      <!-- Star formation -->
      <nodeOperator value="starFormationDisks" iterable="no"/>
      <nodeOperator value="starFormationSpheroids" iterable="no"/>
      <!--Stellar feedback outflows-->
      <nodeOperator value="stellarFeedbackDisks" iterable="no">
        <stellarFeedbackOutflows value="rateLimit">
          <timescaleOutflowFractionalMinimum value="0.001"/>
          <stellarFeedbackOutflows value="powerLaw">
            <velocityCharacteristic value="250.0"/>
            <exponent value="3.5"/>
          </stellarFeedbackOutflows>
        </stellarFeedbackOutflows>
      </nodeOperator>
      <nodeOperator value="stellarFeedbackSpheroids" iterable="no">
        <stellarFeedbackOutflows value="rateLimit">
          <timescaleOutflowFractionalMinimum value="0.001"/>
          <stellarFeedbackOutflows value="powerLaw">
            <exponent value="3.5"/>
            <velocityCharacteristic value="100.0"/>
          </stellarFeedbackOutflows>
        </stellarFeedbackOutflows>
      </nodeOperator>
      <!-- Bar instability in galactic disks -->
      <nodeOperator value="barInstability" iterable="no">
	<galacticDynamicsBarInstability value="efstathiou1982">
	  <stabilityThresholdGaseous value="0.7"/>
	  <stabilityThresholdStellar value="1.1"/>
	</galacticDynamicsBarInstability>
      </nodeOperator>
    </nodeOperator>

    <!-- Numerical tolerances -->
    <mergerTreeNodeEvolver value="standard">
      <odeToleranceAbsolute value="1.0e-6"/>
      <odeToleranceRelative value="1.0e-6"/>
    </mergerTreeNodeEvolver>

    <mergerTreeEvolver value="standard">
      <timestepHostAbsolute value="1.0"/>
      <timestepHostRelative value="0.1"/>
    </mergerTreeEvolver>

    <!-- Output options -->
    <mergerTreeOutputter value="standard">
      <outputReferences value="false"/>
    </mergerTreeOutputter>

  </parameters>

</parameterGrid>
