<?xml version="1.0" encoding="UTF-8"?>
<!-- Defines a set of Galacticus models which explore exporting of merger trees. -->
<!-- Andrew Benson                                                               -->
<!-- 12-October-2012                                                             -->
<parameterGrid>
  <emailReport>no</emailReport>
  <doAnalysis>no</doAnalysis>
  <modelRootDirectory>testSuite/outputs/test-merger-tree-write-secondary</modelRootDirectory>
  <baseParameters>testSuite/parameters/test-merger-tree-write-base.xml</baseParameters>
  <launchMethod>pbs</launchMethod>
  <pbs>
    <ompThreads>16</ompThreads>
    <maxJobsInQueue>1</maxJobsInQueue>
    <postSubmitSleepDuration>1</postSubmitSleepDuration>
    <jobWaitSleepDuration>10</jobWaitSleepDuration>
  </pbs>
  <parameters>
    <formatVersion>2</formatVersion>
    <lastModified revision="2af8b4de4a0d9c4e83a0254a2f161dc94e305c15" time="2025-06-06T15:05:03"/>
    <mergerTreeConstructor value="read">
      <fileNames value="testSuite/outputs/test-merger-tree-write/exportedTreesGLC.hdf5"/>
      <presetSubhaloIndices value="false"/>
      <presetOrbits value="false"/>
      <presetMergerTimes value="false"/>
      <presetMergerNodes value="false"/>
      <presetSubhaloMasses value="false"/>
      <presetPositions value="false"/>
      <presetScaleRadii value="false"/>
      <presetAngularMomenta value="false"/>
    </mergerTreeConstructor>
  </parameters>
</parameterGrid>
