<?xml version="1.0"?>
<parameters>
  <formatVersion>2</formatVersion>
  <version>0.9.4</version>
  <mergerTreeBuildTreesPerDecade value="25"/>
  <mergerTreeBuildHaloMassMaximum value="1e+14"/>
  <mergerTreeBuildHaloMassMinimum value="10000000000"/>
  <outputVirialData value="true"/>
  <outputMainBranchStatus value="true"/>
</parameters>
