<?xml version="1.0" encoding="UTF-8"?>
<!-- Defines a Galacticus model to test mass conservation. -->
<!-- Andrew Benson                                         -->
<!-- 28-April-2016                                         -->
<parameterGrid>
  <emailReport>no</emailReport>
  <doAnalysis>no</doAnalysis>
  <modelRootDirectory>testSuite/outputs/test-mass-conservation-simple</modelRootDirectory>
  <baseParameters>parameters.xml</baseParameters>
  <launchMethod>pbs</launchMethod>
  <pbs>
    <ompThreads>16</ompThreads>
    <maxJobsInQueue>40</maxJobsInQueue>
  </pbs>

  <parameters formatVersion="2" version="0.9.4">
    <accretionHaloMethod value="bertschinger" />
    <alfalfaHiMassFunctionZ0.00ErrorA value="0.14228294793869989" />
    <alfalfaHiMassFunctionZ0.00ErrorB value="6.0164042275777998" />
    <alfalfaHiMassFunctionZ0.00ErrorC value="0.43717304599536849" />
    <alfalfaHiMassFunctionZ0.00MassSystematic0 value="-9.6326438385905128E-002" />
    <alfalfaHiMassFunctionZ0.00MassSystematic1 value="5.5783214663487346E-002" />
    <alfalfaHiMassFunctionZ0.00MolecularFractionA1 value="3.44" />
    <alfalfaHiMassFunctionZ0.00MolecularFractionA2 value="4.82" />
    <alfalfaHiMassFunctionZ0.00MolecularFractionAlpha1 value="-0.506" />
    <alfalfaHiMassFunctionZ0.00MolecularFractionAlpha2 value="-1.054" />
    <alfalfaHiMassFunctionZ0.00MolecularFractionBeta value="0.8" />
    <alfalfaHiMassFunctionZ0.00MolecularFractionK value="11.3" />
    <alfalfaHiMassFunctionZ0.00MolecularFractionScatter value="0.4" />
    <alfalfaHiMassFunctionZ0.00MolecularFractionfSigma value="0.4" />
    <analysisMassFunctionCovarianceModel value="binomial" />
    <analysisMassFunctionsApplyGravitationalLensing value="true" />
    <analysisMassFunctionsCorrelationTruncateLevel value="0.0" />
    <analysisMassFunctionsGravitationalLensingSize value="1.0e-3" />
    <analysisMassFunctionsPRIMUSInternalErrors value="false" />
    <coolingRateMethod value="velocityMaximumScaling" />
    <coolingRateVelocityMaximumScalingCutOffExponent value="1.7906261504610221" />
    <coolingRateVelocityMaximumScalingCutOffVelocity value="173.12989399446917" />
    <coolingRateVelocityMaximumScalingCutOffVelocityRedshiftExponent value="0.56942822190412190" />
    <coolingRateVelocityMaximumScalingCutOffWidth value="5.8048418622440277E-002" />
    <coolingRateVelocityMaximumScalingTimescale value="2.8297712365864922" />
    <coolingRateVelocityMaximumScalingTimescaleExponent value="-0.35077774364437497" />
    <coolingRateVelocityMaximumScalingTimescaleMinimum value="6.3593537422067092E-003" />
    <coolingRateVelocityMaximumScalingVelocityExponent value="1.6845255332717721" />
    <cosmologicalMassVarianceMethod value="filteredPower">
      <sigma_8 value="0.819344297851851" />
      <tolerance value="1.0e-7" />
    </cosmologicalMassVarianceMethod>
    <cosmologyFunctionsMethod value="matterLambda" />
    <cosmologyParametersMethod value="simple">
      <HubbleConstant value="66.4162846956275" />
      <OmegaBaryon value="0.0505055295468183" />
      <OmegaDarkEnergy value="0.670474664065489" />
      <OmegaMatter value="0.329525335934511" />
      <temperatureCMB value="2.72548" />
    </cosmologyParametersMethod>
    <criticalOverdensityMethod value="kitayamaSuto1996" />
    <darkMatterProfileConcentrationMethod value="diemerKravtsov2014">
      <alpha value="1.12" />
      <beta value="1.69" />
      <eta0 value="6.82" />
      <eta1 value="1.42" />
      <kappa value="0.69" />
      <phi0 value="7.0647575634271202" />
      <phi1 value="1.37" />
    </darkMatterProfileConcentrationMethod>
    <darkMatterProfileMethod value="NFW" />
    <darkMatterProfileScaleCorrectForConcentrationDefinition value="true" />
    <diskMassToleranceAbsolute value="1.0e-6" />
    <diskOutflowFraction value="5.4973312818696149E-002" />
    <diskOutflowRedshiftExponent value="1.9464430036515628" />
    <diskOutflowTimescaleMinimum value="2.1949631313087498E-002" />
    <diskOutflowVelocityExponent value="-5.2559103933618596" />
    <diskStarFormationTimescaleMinimum value="2.6271201525734244E-005" />
    <diskVerySimpleAnalyticSolverPruneMassGas value="1.0e6" />
    <diskVerySimpleAnalyticSolverPruneMassStars value="1.0e6" />
    <diskVerySimpleMassScaleAbsolute value="1.0e6" />
    <diskVerySimpleSurfaceDensityThreshold value="130295433397.88165" />
    <diskVerySimpleSurfaceDensityVelocityExponent value="-0.98483665317102953" />
    <diskVerySimpleUseAnalyticSolver value="true" />
    <galacticStructureRadiiFixedFactor value="0.29610738271059550" />
    <galacticStructureRadiiFixedRadius value="turnaround" />
    <galacticStructureRadiusSolverMethod value="fixed" />
    <gamaStellarMassFunctionZ0.03MassRandom0 value="0.14920318429771" />
    <gamaStellarMassFunctionZ0.03MassRandom1 value="0.00704278006675808" />
    <gamaStellarMassFunctionZ0.03MassRandomMinimum value="0.0557299934817018" />
    <gamaStellarMassFunctionZ0.03MassSystematic0 value="-0.147276298423837" />
    <gamaStellarMassFunctionZ0.03MassSystematic1 value="-0.0550727947925104" />
    <gamaStellarMassFunctionZ0.03SurfaceBrightnessModelOffset value="33.562175584939574" />
    <gamaStellarMassFunctionZ0.03SurfaceBrightnessModelScatter value="0.77095214740225171" />
    <gamaStellarMassFunctionZ0.03SurfaceBrightnessModelSlope value="-1.7100845494628654" />
    <gravitationalLensingMethod value="takahashi2011" />
    <haloMassFunctionMethod value="simpleSystematic">
      <alpha value="-0.131667664610245" />
      <beta value="0.081036980088189" />
      <haloMassFunctionMethod value="tinker2008" />
    </haloMassFunctionMethod>
    <haloMassFunctionSamplingAbundanceMaximum value="1.0e-1" />
    <haloMassFunctionSamplingAbundanceMinimum value="1.0e-8" />
    <haloMassFunctionSamplingMethod value="haloMassFunction" />
    <haloMassFunctionSamplingModifier1 value="0.5" />
    <haloMassFunctionSamplingModifier2 value="0.0" />
    <haloModelPowerSpectrumModifierMethod value="triaxiality" />
    <haloSpinDistributionMethod value="bett2007">
      <alpha value="2.5053122941860098" />
      <lambda0 value="4.3245512787675661E-002" />
    </haloSpinDistributionMethod>
    <hdf5CompressionLevel value="-1" />
    <hotHaloOutflowReincorporationMethod value="velocityMaximumScaling" />
    <hotHaloOutflowReincorporationVlctyMxSclngRedshiftExponent value="-0.17671288265659479" />
    <hotHaloOutflowReincorporationVlctyMxSclngTimeScale value="0.73801252050383448" />
    <hotHaloOutflowReincorporationVlctyMxSclngTimescaleMinimum value="1.0953944782915779E-002" />
    <hotHaloOutflowReincorporationVlctyMxSclngVelocityExponent value="0.29779289184659419" />
    <hotHaloVerySimpleDelayedMassScaleRelative value="1.0" />
    <imfChabrierRecycledInstantaneous value="0.46" />
    <imfChabrierYieldInstantaneous value="0.0" />
    <imfSelectionFixed value="Chabrier" />
    <imfSelectionMethod value="fixed" />
    <intergalacticMediumStateMethod value="file" />
    <intergalaticMediumStateFileName value="constraints/data/igmState.xml" />
    <linearGrowthMethod value="simple" />
    <mergerTreeBuildHaloMassMaximum value="1.0e12" />
    <mergerTreeBuildHaloMassMinimum value="1.0e10" />
    <mergerTreeBuildTreesHaloMassDistribution value="uniform" />
    <mergerTreeBuildTreesPerDecade value="10" />
    <mergerTreeBuilderMethod value="cole2000">
      <accretionLimit value="0.1" />
      <branchIntervalStep value="true" />
      <mergeProbability value="0.1" />
      <randomSeedsFixed value="true" />
      <redshiftMaximum value="10.0" />
    </mergerTreeBuilderMethod>
    <mergerTreeConstructMethod value="build" />
    <mergerTreeImportGalacticusMismatchIsFatal value="false" />
    <mergerTreeImportGalacticusReweightTrees value="true" />
    <mergerTreeMassResolutionMethod value="scaled">
      <massResolutionFractional value="0.00005" />
      <massResolutionMinimum value="1.0e7" />
    </mergerTreeMassResolutionMethod>
    <mergerTreeOutput>
      <outputMergerTrees value="true"/>
      <outputReferences value="false"/>
    </mergerTreeOutput>
    <mergerTreePruneBaryons value="true" />
    <mergerTreeReadFixedThreadAssignment value="true" />
    <mergerTreeReadPresetMergerNodes value="false" />
    <mergerTreeReadPresetMergerTimes value="false" />
    <mergerTreeReadPresetOrbits value="false" />
    <mergerTreeReadPresetPositions value="false" />
    <mergerTreeReadPresetScaleRadii value="false" />
    <mergerTreeReadPresetSpins value="false" />
    <mergerTreeReadPresetSubhaloIndices value="false" />
    <mergerTreeReadPresetSubhaloMasses value="false" />
    <mergerTreeReadSubresolutionMergingMethod value="jiang2008" />
    <mergerTreesBuildFixedThreadAssignment value="true" />
    <mergingTimescaleMultiplier value="1.2035038666749114" />
    <modifiedPressSchechterFirstOrderAccuracy value="0.025" />
    <modifiedPressSchechterG0 value="0.57" />
    <modifiedPressSchechterGamma1 value="0.38" />
    <modifiedPressSchechterGamma2 value="-0.01" />
    <modifiedPressSchechterHypergeometricPrecision value="1.0e-6" />
    <modifiedPressSchechterTabulateHypergeometricFactors value="true" />
    <modifiedPressSchechterUseCDMAssumptions value="true" />
    <nodeComponentBasicExtendedSphericalCollapseType value="bryanNorman" />
    <nodeMergersMethod value="singleLevelHierarchy" />
    <odeAlgorithm value="Runge-Kutta-Second-Order" />
    <odeToleranceAbsolute value="1.0e-3" />
    <odeToleranceRelative value="0.1" />
    <outputRedshifts value="0" />
    <powerSpectrumMethod value="standard" />
    <powerSpectrumNonlinearMethod value="peacockDodds1996" />
    <powerSpectrumPrimordialMethod value="powerLaw">
      <index value="0.958781924494571" />
      <running value="0.0" />
      <wavenumberReference value="1.0" />
    </powerSpectrumPrimordialMethod>
    <powerSpectrumPrimordialTransferredMethod value="simple" />
    <primusStellarMassFunctionZ0.250MassRandom0 value="0.125680408086662" />
    <primusStellarMassFunctionZ0.250MassRandom1 value="-0.0206200841142055" />
    <primusStellarMassFunctionZ0.250MassRandomMinimum value="0.0343430534672259" />
    <primusStellarMassFunctionZ0.250MassSystematic0 value="-0.0901396535026298" />
    <primusStellarMassFunctionZ0.250MassSystematic1 value="-0.0854918114218715" />
    <primusStellarMassFunctionZ0.350MassRandom0 value="0.0331063334399506" />
    <primusStellarMassFunctionZ0.350MassRandom1 value="-0.100678241921532" />
    <primusStellarMassFunctionZ0.350MassRandomMinimum value="0.0439149678603241" />
    <primusStellarMassFunctionZ0.350MassSystematic0 value="0.0649454071414053" />
    <primusStellarMassFunctionZ0.350MassSystematic1 value="0.0456378770027709" />
    <primusStellarMassFunctionZ0.450MassRandom0 value="0.0925095448014179" />
    <primusStellarMassFunctionZ0.450MassRandom1 value="-0.0547311081530552" />
    <primusStellarMassFunctionZ0.450MassRandomMinimum value="0.0433032472781941" />
    <primusStellarMassFunctionZ0.450MassSystematic0 value="-0.0502355892940862" />
    <primusStellarMassFunctionZ0.450MassSystematic1 value="-0.0208832687525652" />
    <primusStellarMassFunctionZ0.575MassRandom0 value="0.0512541579680714" />
    <primusStellarMassFunctionZ0.575MassRandom1 value="-0.0850318727993602" />
    <primusStellarMassFunctionZ0.575MassRandomMinimum value="0.0528284560439899" />
    <primusStellarMassFunctionZ0.575MassSystematic0 value="0.0266710239265685" />
    <primusStellarMassFunctionZ0.575MassSystematic1 value="-0.053471534058793" />
    <primusStellarMassFunctionZ0.725MassRandom0 value="-0.0171798052086307" />
    <primusStellarMassFunctionZ0.725MassRandom1 value="-0.16867442950577" />
    <primusStellarMassFunctionZ0.725MassRandomMinimum value="0.0556864123897456" />
    <primusStellarMassFunctionZ0.725MassSystematic0 value="0.0372816999069244" />
    <primusStellarMassFunctionZ0.725MassSystematic1 value="-0.0640065198548257" />
    <primusStellarMassFunctionZ0.900MassRandom0 value="0.0997252136559335" />
    <primusStellarMassFunctionZ0.900MassRandom1 value="-0.0486528272152147" />
    <primusStellarMassFunctionZ0.900MassRandomMinimum value="0.0484208257019256" />
    <primusStellarMassFunctionZ0.900MassSystematic0 value="0.0862543047609966" />
    <primusStellarMassFunctionZ0.900MassSystematic1 value="-0.0857485247163498" />
    <randomSpinResetMassFactor value="2.0" />
    <reionizationSuppressionOpticalDepth value="0.0524245066049212" />
    <reionizationSuppressionVelocity value="47.370163695687651" />
    <satelliteMergingMassMovementsMethod value="verySimple" />
    <satelliteMergingRemnantSizeMethod value="null" />
    <satelliteMergingTimescalesMethod value="jiang2008" />
    <sdssClusteringZ0.07MassRandom0 value="0.139898497287381" />
    <sdssClusteringZ0.07MassRandom1 value="-0.015802424134324" />
    <sdssClusteringZ0.07MassRandomMinimum value="0.0722787402556483" />
    <sdssClusteringZ0.07MassSystematic0 value="-0.142170573943907" />
    <sdssClusteringZ0.07MassSystematic1 value="-0.0421152309089942" />
    <sdssSizeFunctionZ0.07MassRandom0 value="0.139898497287381" />
    <sdssSizeFunctionZ0.07MassRandom1 value="-0.015802424134324" />
    <sdssSizeFunctionZ0.07MassRandomMinimum value="0.0722787402556483" />
    <sdssSizeFunctionZ0.07MassSystematic0 value="-0.142170573943907" />
    <sdssSizeFunctionZ0.07MassSystematic1 value="-0.0421152309089942" />
    <sdssSizeFunctionZ0.07RadiusSystematic0 value="-0.11191062942859133" />
    <sdssSizeFunctionZ0.07RadiusSystematic1 value="-0.32209192000832870" />
    <sdssStellarMassFunctionHighMassSystematic0 value="-0.18963820194667214" />
    <sdssStellarMassFunctionHighMassSystematic1 value="-0.34714517089588282" />
    <sdssStellarMassFunctionHighMassTransitionLogMass value="11.219845129611580" />
    <sdssStellarMassFunctionHighMassTransitionWidth value="1.3470597651475003" />
    <sdssStellarMassFunctionZ0.07MassRandom0 value="0.139898497287381" />
    <sdssStellarMassFunctionZ0.07MassRandom1 value="-0.015802424134324" />
    <sdssStellarMassFunctionZ0.07MassRandomMinimum value="0.0722787402556483" />
    <sdssStellarMassFunctionZ0.07MassSystematic0 value="-0.142170573943907" />
    <sdssStellarMassFunctionZ0.07MassSystematic1 value="-0.0421152309089942" />
    <starFormationFeedbackDisksMethod value="velocityMaximumScaling" />
    <starFormationTimescaleDisksMethod value="velocityMaximumScaling" />
    <starFormationTimescaleDisksVelocityMaximumScalingRedshiftExponent value="-2.2302610673721670" />
    <starFormationTimescaleDisksVelocityMaximumScalingTimescale value="5.6305510122690903" />
    <starFormationTimescaleDisksVelocityMaximumScalingVelocityExponent value="0.99961968363471687" />
    <stellarPopulationPropertiesMethod value="instantaneous" />
    <timestepHostAbsolute value="1.0" />
    <timestepHostRelative value="0.01" />
    <timestepSimpleAbsolute value="1.0" />
    <timestepSimpleRelative value="0.01" />
    <transferFunctionMethod value="eisensteinHu1999">
      <neutrinoMassSummed value="0.0" />
      <neutrinoNumberEffective value="3.04" />
    </transferFunctionMethod>
    <treeBranchingMethod value="modifiedPress-Schechter" />
    <treeEvolveThreadLock value="false" />
    <treeEvolveThreadsMaximum value="processorCount" />
    <treeNodeMethodBasic value="standardExtended" />
    <treeNodeMethodBlackHole value="null" />
    <treeNodeMethodDarkMatterProfile value="scale" />
    <treeNodeMethodDisk value="verySimpleSize" />
    <treeNodeMethodHotHalo value="verySimpleDelayed" />
    <treeNodeMethodSatellite value="verySimple" />
    <treeNodeMethodSpheroid value="null" />
    <treeNodeMethodSpin value="random" />
    <ukidssUdsStellarMassFunctionZ3.250MassRandom0 value="0.144719013640919" />
    <ukidssUdsStellarMassFunctionZ3.250MassRandom1 value="-0.0564732619230118" />
    <ukidssUdsStellarMassFunctionZ3.250MassRandomMinimum value="0.39173987668118" />
    <ukidssUdsStellarMassFunctionZ3.250MassSystematic0 value="0.414165385345895" />
    <ukidssUdsStellarMassFunctionZ3.250MassSystematic1 value="-0.026672815442885" />
    <ukidssUdsStellarMassFunctionZ3.875MassRandom0 value="0.439597531805581" />
    <ukidssUdsStellarMassFunctionZ3.875MassRandom1 value="-0.0438170330365058" />
    <ukidssUdsStellarMassFunctionZ3.875MassRandomMinimum value="0.315317625569334" />
    <ukidssUdsStellarMassFunctionZ3.875MassSystematic0 value="1.17316260704738" />
    <ukidssUdsStellarMassFunctionZ3.875MassSystematic1 value="0.864423167857378" />
    <ukidssUdsStellarMassFunctionZ4.625MassRandom0 value="0.272728374071811" />
    <ukidssUdsStellarMassFunctionZ4.625MassRandom1 value="-0.121813168274804" />
    <ukidssUdsStellarMassFunctionZ4.625MassRandomMinimum value="0.282405986809395" />
    <ukidssUdsStellarMassFunctionZ4.625MassSystematic0 value="0.246062751024733" />
    <ukidssUdsStellarMassFunctionZ4.625MassSystematic1 value="0.198792069434511" />
    <ultravistaStellarMassFunctionZ0.35MassRandom0 value="0.29562741256186" />
    <ultravistaStellarMassFunctionZ0.35MassRandom1 value="0.0568313221160733" />
    <ultravistaStellarMassFunctionZ0.35MassRandomMinimum value="0.0469847063354742" />
    <ultravistaStellarMassFunctionZ0.35MassSystematic0 value="-0.049772800525406" />
    <ultravistaStellarMassFunctionZ0.35MassSystematic1 value="-0.0449754849130595" />
    <ultravistaStellarMassFunctionZ0.75MassRandom0 value="0.236847311305447" />
    <ultravistaStellarMassFunctionZ0.75MassRandom1 value="-0.00395092490026402" />
    <ultravistaStellarMassFunctionZ0.75MassRandomMinimum value="0.0462506365579598" />
    <ultravistaStellarMassFunctionZ0.75MassSystematic0 value="-0.0076553860766706" />
    <ultravistaStellarMassFunctionZ0.75MassSystematic1 value="-0.0392871945453413" />
    <ultravistaStellarMassFunctionZ1.25MassRandom0 value="0.104212859348762" />
    <ultravistaStellarMassFunctionZ1.25MassRandom1 value="-0.064162292755635" />
    <ultravistaStellarMassFunctionZ1.25MassRandomMinimum value="0.0696368678020555" />
    <ultravistaStellarMassFunctionZ1.25MassSystematic0 value="0.0597926202266349" />
    <ultravistaStellarMassFunctionZ1.25MassSystematic1 value="-0.0743661496862963" />
    <ultravistaStellarMassFunctionZ1.75MassRandom0 value="0.027399134376762" />
    <ultravistaStellarMassFunctionZ1.75MassRandom1 value="-0.0666689582940325" />
    <ultravistaStellarMassFunctionZ1.75MassRandomMinimum value="0.0756639281344233" />
    <ultravistaStellarMassFunctionZ1.75MassSystematic0 value="0.27042339497733" />
    <ultravistaStellarMassFunctionZ1.75MassSystematic1 value="0.0170925266424088" />
    <ultravistaStellarMassFunctionZ2.25MassRandom0 value="-0.124059052415191" />
    <ultravistaStellarMassFunctionZ2.25MassRandom1 value="-0.247178785204552" />
    <ultravistaStellarMassFunctionZ2.25MassRandomMinimum value="0.0418038356210323" />
    <ultravistaStellarMassFunctionZ2.25MassSystematic0 value="0.424048653884446" />
    <ultravistaStellarMassFunctionZ2.25MassSystematic1 value="0.235473498041316" />
    <ultravistaStellarMassFunctionZ2.75MassRandom0 value="-0.158270427969698" />
    <ultravistaStellarMassFunctionZ2.75MassRandom1 value="-0.256284237967806" />
    <ultravistaStellarMassFunctionZ2.75MassRandomMinimum value="0.0559035923171401" />
    <ultravistaStellarMassFunctionZ2.75MassSystematic0 value="0.33674747427055" />
    <ultravistaStellarMassFunctionZ2.75MassSystematic1 value="0.231101858422721" />
    <ultravistaStellarMassFunctionZ3.50MassRandom0 value="-0.167577710831472" />
    <ultravistaStellarMassFunctionZ3.50MassRandom1 value="-0.345022807589303" />
    <ultravistaStellarMassFunctionZ3.50MassRandomMinimum value="0.0606712612264259" />
    <ultravistaStellarMassFunctionZ3.50MassSystematic0 value="0.170716327414352" />
    <ultravistaStellarMassFunctionZ3.50MassSystematic1 value="0.294975784444035" />
    <vipersStellarMassFunctionZ0.55MassRandom0 value="0.127160075120113" />
    <vipersStellarMassFunctionZ0.55MassRandom1 value="0.0281288703977199" />
    <vipersStellarMassFunctionZ0.55MassRandomMinimum value="0.0454204683009065" />
    <vipersStellarMassFunctionZ0.55MassSystematic0 value="-0.117612737498267" />
    <vipersStellarMassFunctionZ0.55MassSystematic1 value="-0.0897907026837497" />
    <vipersStellarMassFunctionZ0.70MassRandom0 value="0.0422193591771113" />
    <vipersStellarMassFunctionZ0.70MassRandom1 value="-0.0837193688241408" />
    <vipersStellarMassFunctionZ0.70MassRandomMinimum value="0.0392411283792038" />
    <vipersStellarMassFunctionZ0.70MassSystematic0 value="-0.0288024952386656" />
    <vipersStellarMassFunctionZ0.70MassSystematic1 value="-0.0423481475656085" />
    <vipersStellarMassFunctionZ0.90MassRandom0 value="0.093225348554328" />
    <vipersStellarMassFunctionZ0.90MassRandom1 value="-0.163091675727579" />
    <vipersStellarMassFunctionZ0.90MassRandomMinimum value="0.0658484891151068" />
    <vipersStellarMassFunctionZ0.90MassSystematic0 value="-0.0527574548240362" />
    <vipersStellarMassFunctionZ0.90MassSystematic1 value="0.0481514048108267" />
    <virialDensityContrastMethod value="percolation" />
    <virialDensityContrastPercolationLinkingLength value="0.2" />
    <virialOrbitMethod value="fixed" />
    <virialOrbitsFixedRadialVelocity value="-0.856" />
    <virialOrbitsFixedTangentialVelocity value="+0.842" />
    <virialOrbitsVirialDensityContrast value="fixedCritical200" />
    <zfourgeStellarMassFunctionZ0.350MassRandom0 value="0.222933598333518" />
    <zfourgeStellarMassFunctionZ0.350MassRandom1 value="-0.0501119194234809" />
    <zfourgeStellarMassFunctionZ0.350MassRandomMinimum value="0.0696196791279507" />
    <zfourgeStellarMassFunctionZ0.350MassSystematic0 value="-0.0477045149531601" />
    <zfourgeStellarMassFunctionZ0.350MassSystematic1 value="-0.0825882864569779" />
    <zfourgeStellarMassFunctionZ0.625MassRandom0 value="0.272323713394268" />
    <zfourgeStellarMassFunctionZ0.625MassRandom1 value="-0.0297797344480358" />
    <zfourgeStellarMassFunctionZ0.625MassRandomMinimum value="0.0836508540261781" />
    <zfourgeStellarMassFunctionZ0.625MassSystematic0 value="-0.226353369727339" />
    <zfourgeStellarMassFunctionZ0.625MassSystematic1 value="-0.145780735654996" />
    <zfourgeStellarMassFunctionZ0.875MassRandom0 value="0.402188277907938" />
    <zfourgeStellarMassFunctionZ0.875MassRandom1 value="0.00859897914494243" />
    <zfourgeStellarMassFunctionZ0.875MassRandomMinimum value="0.107302984367914" />
    <zfourgeStellarMassFunctionZ0.875MassSystematic0 value="-0.173762835296743" />
    <zfourgeStellarMassFunctionZ0.875MassSystematic1 value="-0.0726838548103371" />
    <zfourgeStellarMassFunctionZ1.125MassRandom0 value="0.287989937745634" />
    <zfourgeStellarMassFunctionZ1.125MassRandom1 value="-0.0368966399435324" />
    <zfourgeStellarMassFunctionZ1.125MassRandomMinimum value="0.146178535486732" />
    <zfourgeStellarMassFunctionZ1.125MassSystematic0 value="-0.149408905770148" />
    <zfourgeStellarMassFunctionZ1.125MassSystematic1 value="-0.0673392347074009" />
    <zfourgeStellarMassFunctionZ1.375MassRandom0 value="0.222049740872061" />
    <zfourgeStellarMassFunctionZ1.375MassRandom1 value="-0.0532258890629812" />
    <zfourgeStellarMassFunctionZ1.375MassRandomMinimum value="0.166897336872096" />
    <zfourgeStellarMassFunctionZ1.375MassSystematic0 value="-0.0787443624958959" />
    <zfourgeStellarMassFunctionZ1.375MassSystematic1 value="-0.0658893471715344" />
    <zfourgeStellarMassFunctionZ1.750MassRandom0 value="0.26938036198781" />
    <zfourgeStellarMassFunctionZ1.750MassRandom1 value="0.00521178383476588" />
    <zfourgeStellarMassFunctionZ1.750MassRandomMinimum value="0.148913627213502" />
    <zfourgeStellarMassFunctionZ1.750MassSystematic0 value="-0.0190309280768208" />
    <zfourgeStellarMassFunctionZ1.750MassSystematic1 value="-0.062360100295909" />
    <zfourgeStellarMassFunctionZ2.250MassRandom0 value="0.187829395326172" />
    <zfourgeStellarMassFunctionZ2.250MassRandom1 value="-0.0190031368076906" />
    <zfourgeStellarMassFunctionZ2.250MassRandomMinimum value="0.129060992225949" />
    <zfourgeStellarMassFunctionZ2.250MassSystematic0 value="0.0863196311601223" />
    <zfourgeStellarMassFunctionZ2.250MassSystematic1 value="0.0464396006404749" />
    <zfourgeStellarMassFunctionZ2.750MassRandom0 value="0.160727597788605" />
    <zfourgeStellarMassFunctionZ2.750MassRandom1 value="-0.0282832823984316" />
    <zfourgeStellarMassFunctionZ2.750MassRandomMinimum value="0.104336760891735" />
    <zfourgeStellarMassFunctionZ2.750MassSystematic0 value="-0.162644645793077" />
    <zfourgeStellarMassFunctionZ2.750MassSystematic1 value="-0.112018227914237" />
  </parameters>

</parameterGrid>
