<?xml version="1.0" encoding="UTF-8"?>
<!-- Parameters for default Roman model. -->
<parameters>
  <formatVersion>2</formatVersion>
  <lastModified revision="577e939fa7317dfbd3bff04028b2ace201c27310" time="2024-10-03T20:43:09"/>

  <!-- Include required parameters -->
  <xi:include href="../../parameters/reference/simulationUNIT.xml"                xpointer="xpointer(parameters/*)" xmlns:xi="http://www.w3.org/2001/XInclude"/>
  <xi:include href="../../parameters/reference/darkMatterParticleCDM.xml"         xpointer="xpointer(parameters/*)" xmlns:xi="http://www.w3.org/2001/XInclude"/>
  <xi:include href="../../parameters/reference/cosmologyUNIT.xml"                 xpointer="xpointer(parameters/*)" xmlns:xi="http://www.w3.org/2001/XInclude"/>
  <xi:include href="../../parameters/reference/powerSpectrumUNIT.xml"             xpointer="xpointer(parameters/*)" xmlns:xi="http://www.w3.org/2001/XInclude"/>
  <xi:include href="../../parameters/reference/structureFormation.xml"            xpointer="xpointer(parameters/*)" xmlns:xi="http://www.w3.org/2001/XInclude"/>
  <xi:include href="../../parameters/reference/darkMatterHalosProfile.xml"        xpointer="xpointer(parameters/*)" xmlns:xi="http://www.w3.org/2001/XInclude"/>
  <xi:include href="../../parameters/reference/darkMatterHalosStructureNBody.xml" xpointer="xpointer(parameters/*)" xmlns:xi="http://www.w3.org/2001/XInclude"/>
  <xi:include href="../../parameters/reference/evolutionGalaxyFormationNBody.xml" xpointer="xpointer(parameters/*)" xmlns:xi="http://www.w3.org/2001/XInclude"/>

  <!-- Set verbosity to standard level. -->
  <verbosityLevel value="standard"/>

  <!-- Set up the tasks to perform. -->
  <task value="evolveForests">
    <!-- Evolve merger tree forests. -->
  </task>

  <!-- Merger tree options -->
  <mergerTreeConstructor value="read">
    <!-- Specify the merger tree files to read. -->
    <fileNames                            value="testSuite/data/treeUNIT.hdf5"/>
    <!-- Consistency checks and validation. -->
    <outputTimeSnapTolerance              value="0.001"    />
    <missingHostsAreFatal                 value="true     "/>
    <!-- Specify tree structure options. -->
    <allowSubhaloPromotions               value="true"     />
    <allowBranchJumps                     value="true"     />
    <!-- Ensure that the most massive progenitor is always the one to be promoted, even if it is a subhalo. -->
    <alwaysPromoteMostMassive             value="true"     />
    <!-- Preset the indices of subhalos to match those in the merger tree file. -->
    <presetSubhaloIndices                 value="true"     />
    <!-- Use merger tree node positions to compute orbits at the virial radius. -->
    <presetMergerTimes                    value="true"     />
    <presetMergerNodes                    value="true"     />
    <presetOrbits                         value="true"     />
    <presetOrbitsSetAll                   value="true"     />
    <presetOrbitsAssertAllSet             value="true"     />
    <presetOrbitsBoundOnly                value="true"     />
    <!-- Preset structural properties of the halos. -->
    <presetSubhaloMasses                  value="true"     />
    <presetScaleRadii                     value="true"     />
    <presetScaleRadiiConcentrationMinimum value=" 3"       />
    <presetScaleRadiiConcentrationMaximum value="60"       />
    <presetAngularMomenta                 value="false"    />
    <scaleRadiiFailureIsFatal             value="false"    />
    <!-- Preset the halo positions/velocities. -->
    <presetPositions                      value="true"     />
  </mergerTreeConstructor>

  <!-- Lightcone -->
  <!-- Define lightcone geometry -->
  <geometryLightcone           value="square">
    <lengthReplication         value="1000"          />
    <lengthHubbleExponent      value="-1"            />
    <lengthUnitsInSI           value="3.08567758e+22"/>
    <timeEvolvesAlongLightcone value="true"          />
    <angularSize               value="20.0"          />
    <origin                    value=" 0.0 0.0 0.0"  />
    <unitVector1               value=" 1   0   0  "  />
    <unitVector2               value=" 0   1   0  "  />
    <unitVector3               value=" 0   0   1  "  />
  </geometryLightcone>

  <!-- Prune trees which lie outside the lightcone -->
  <mergerTreeOperator value="pruneLightcone">
    <splitTrees          value="true"/>
    <bufferIsolatedHalos value="true"/>
  </mergerTreeOperator>

  <!-- Specify output properties -->
  <nodePropertyExtractor value="multi">
    <nodePropertyExtractor value="nodeIndices"/>
    <nodePropertyExtractor value="time"   />
    <nodePropertyExtractor value="lightcone"   >
      <atCrossing              value="true"/>
      <includeObservedRedshift value="true"/>
    </nodePropertyExtractor>
    <nodePropertyExtractor value="labels"/>
    <nodePropertyExtractor value="starFormationHistory">
      <component value="disk"/>
    </nodePropertyExtractor>
    <nodePropertyExtractor value="starFormationHistory">
      <component value="spheroid"/>
    </nodePropertyExtractor>
  </nodePropertyExtractor>

  <starFormationHistory value="fixedAges">
    <ageMinimum         value=" 0.001"/>
    <countAges          value="10"    />
    <countMetallicities value=" 5"    />
  </starFormationHistory>

  <!-- Output epochs -->
  <outputTimes value="list">
    <redshifts value="0.901141 0.000000"/>
  </outputTimes>
 
  <!-- Output -->
  <mergerTreeOutputter value="null"/>
  
  <!-- Output file -->
  <outputFileName value="testSuite/outputs/test-star-formation-histories-fixedAge/galacticus.hdf5"/>

</parameters>
