<?xml version="1.0" encoding="UTF-8"?>
<!-- Defines a set of Galacticus models for Grasil calculations. -->
<!-- Andrew Benson                                               -->
<!-- 12-January-2013                                             -->
<parameterGrid>
  <emailReport>no</emailReport>
  <doAnalysis>no</doAnalysis>
  <modelRootDirectory>testSuite/outputs/test-Grasil</modelRootDirectory>
  <baseParameters>testSuite/parameters/test-Grasil-base.xml</baseParameters>
  <launchMethod>pbs</launchMethod>
  <pbs>
    <ompThreads>16</ompThreads>
    <maxJobsInQueue>40</maxJobsInQueue>
  </pbs>
  <parameters>
    <formatVersion>2</formatVersion>
    <version>0.9.4</version>
    
    <!-- Specify output redshifts -->
    <outputRedshifts value="0.0 1.0"/>

    <!-- Switch on star formation history tracking for Grasil processing. -->
    <starFormationHistoriesMethod value="metallicitySplit"/>

    <!-- Switch on output of star formation rates. -->
    <spheroidOutputStarFormationRate value="true"/>
    <diskOutputStarFormationRate value="true"/>
    
  </parameters>
</parameterGrid>
