<?xml version="1.0"?>
<parameters>
  <!-- Radiative transfer model for a Stromgren sphere -->
  <formatVersion>2</formatVersion>
  <lastModified revision="165490f4968c699f7e5bb73ef60bcb7e626f51e6"/>

  <verbosityLevel value="working"/>

  <outputFileName value="testSuite/outputs/radiativeTransfer-StromgrenSphere.hdf5"/>

  <randomNumberGenerator value="GSL">
    <seed value="830"/>
    <mpiRankOffset value="true"/>
  </randomNumberGenerator>

  <task value="radiativeTransfer">
    <wavelengthMinimum value="100.0"/>
    <wavelengthMaximum value="912.0"/>
    <wavelengthCountPerDecade value=" 3000"/>
    <countPhotonsPerWavelength value="10000"/>
    <countIterationsMinimum value="   30"/>
    <countIterationsMaximum value="  200"/>
  </task>

  <computationalDomain value="cartesian3D">
    <xBoundaries value="-6.0e-6 +6.0e-6"/>
    <yBoundaries value="-6.0e-6 +6.0e-6"/>
    <zBoundaries value="-6.0e-6 +6.0e-6"/>
    <countCells value="20 20 20"/>
    <convergencePercentile value="0.95"/>
    <convergenceThreshold value="2.00"/>
    <convergenceRatioThreshold value="1.10"/>
  </computationalDomain>

  <radiativeTransferConvergence value="hydrogenRecombinationRate">
    <toleranceRelative value="0.01"/>
  </radiativeTransferConvergence>

  <!-- Use a pure hydrogen nebula - average photoionization/heating rates over two iterations to improve convergence properties -->
  <radiativeTransferMatter value="atomic">
    <iterationAverageCount value="5"/>
  </radiativeTransferMatter>

  <!-- Simple constant density cloud model intended to be slightly larger than a typical HII region -->
  <massDistribution value="constantDensityCloud">
    <mass value="3.2e+3"/>

    <radius value="6.0e-6"/>
  </massDistribution>

  <!-- Point source blackbody with a luminosity chosen to give close to 10^49 photons/s in the Lyman continuum -->
  <radiativeTransferSource value="point">
    <position value="0.0 0.0 0.0"/>
    <radiativeTransferSpectrum value="blackBody">
      <temperature value="6.00e4"/>
      <luminosityBolometric value="1.33e5"/>
    </radiativeTransferSpectrum>
  </radiativeTransferSource>

  <!-- Output Lyman continuum emission rate -->
  <radiativeTransferOutputter value="lymanContinuumRate"/>

  <!-- Used simplified atomic physics for this test -->
  <atomicRecombinationRateRadiative value="fixed">
    <rateCoefficient value="2.0e-13"/>
  </atomicRecombinationRateRadiative>
  <atomicIonizationRateCollisional value="zero"/>
  <atomicRecombinationRateDielectronic value="zero"/>

</parameters>
