<?xml version="1.0" encoding="UTF-8"?>
<!-- Defines a set of Galacticus models which explore exporting of merger trees. -->
<!-- Andrew Benson                                                               -->
<!-- 12-October-2012                                                             -->
<parameterGrid>
  <emailReport>no</emailReport>
  <doAnalysis>no</doAnalysis>
  <modelRootDirectory>testSuite/outputs/test-merger-tree-write</modelRootDirectory>
  <baseParameters>testSuite/parameters/test-merger-tree-write-base.xml</baseParameters>
  <parameters>
    <parameter>
      <name>mergerTreeConstructMethod</name>
      <value>build
      <parameter>
	<name>mergerTreesWrite</name>
	<value>true</value>
      </parameter>
      <parameter>
	<name>mergerTreeExportFileName</name>
	<value>testSuite/outputs/test-merger-tree-write/exportedTreesGLC.hdf5</value>
      </parameter>
      <parameter>
	<name>mergerTreeExportOutputFormat</name>
	<value>galacticus</value>
      </parameter>
      </value>
      <value>read
	<parameter>
	  <name>mergerTreeReadFileName</name>
	  <value>testSuite/outputs/test-merger-tree-write/exportedTreesGLC.hdf5</value>
	</parameter>
	<parameter>
	  <name>mergerTreeReadPresetSubhaloIndices</name>
	  <value>false</value>
	</parameter>
	<parameter>
	  <name>mergerTreeReadPresetOrbits</name>
	  <value>false</value>
	</parameter>
	<parameter>
	  <name>mergerTreeReadPresetMergerTimes</name>
	  <value>false</value>
	</parameter>
	<parameter>
	  <name>mergerTreeReadPresetMergerNodes</name>
	  <value>false</value>
	</parameter>
	<parameter>
	  <name>mergerTreeReadPresetSubhaloMasses</name>
	  <value>false</value>
	</parameter>
	<parameter>
	  <name>mergerTreeReadPresetSubhaloIndices</name>
	  <value>false</value>
	</parameter>
	<parameter>
	  <name>mergerTreeReadPresetPositions</name>
	  <value>false</value>
	</parameter>
	<parameter>
	  <name>mergerTreeReadPresetScaleRadii</name>
	  <value>false</value>
	</parameter>
	<parameter>
	  <name>mergerTreeReadPresetSpins</name>
	  <value>false</value>
	</parameter>
      </value>
      <value>read
	<parameter>
	  <name>mergerTreeReadFileName</name>
	  <value>testSuite/data/mergerTrees/millenniumTestTreesGLC.hdf5</value>
	</parameter>
        <parameter>
          <name>allTreesExistAtFinalTime</name>
          <value>false</value>
        </parameter>
	<parameter>
	  <name>Omega_Matter</name>
	  <value>0.25</value>
	</parameter>
	<parameter>
	  <name>Omega_DE</name>
	  <value>0.75</value>
	</parameter>
	<parameter>
	  <name>Omega_b</name>
	  <value>0.045</value>
	</parameter>
	<parameter>
	  <name>H_0</name>
	  <value>73.0</value>
	</parameter>
	<parameter>
	  <name>sigma_8</name>
	  <value>0.9</value>
	</parameter>
	<parameter>
	  <name>treeNodeMethodPosition</name>
	  <value>preset</value>
	</parameter>
	<parameter>
	  <name>mergerTreesWrite</name>
	  <value>true</value>
	</parameter>
	<parameter>
	  <name>mergerTreeExportFileName</name>
	  <value>testSuite/outputs/test-merger-tree-write/exportedTreesIRATE.hdf5</value>
	</parameter>
	<parameter>
	  <name>mergerTreeExportOutputFormat</name>
	  <value>irate</value>
	</parameter>
	<parameter>
	  <name>mergerTreeReadPresetOrbits</name>
	  <value>false</value>
	</parameter>
	<parameter>
	  <name>mergerTreeReadPresetMergerTimes</name>
	  <value>false</value>
	</parameter>
	<parameter>
	  <name>mergerTreeReadPresetSubhaloIndices</name>
	  <value>false</value>
	</parameter>
	<parameter>
	  <name>mergerTreeReadPresetMergerNodes</name>
	  <value>false</value>
	</parameter>
	<parameter>
	  <name>mergerTreeReadPresetSubhaloMasses</name>
	  <value>false</value>
	</parameter>
	<parameter>
	  <name>mergerTreeReadPresetPositions</name>
	  <value>true</value>
	</parameter>
	<parameter>
	  <name>mergerTreeReadPresetScaleRadii</name>
	  <value>false</value>
	</parameter>
	<parameter>
	  <name>mergerTreeReadPresetSpins</name>
	  <value>false</value>
	</parameter>
      </value>
    </parameter>
  </parameters>
</parameterGrid>
