<?xml version="1.0" encoding="UTF-8"?>
<!-- Defines a Galacticus model to test mass conservation. -->
<!-- Andrew Benson                                         -->
<!-- 28-April-2016                                         -->
<parameterGrid>
  <emailReport>no</emailReport>
  <doAnalysis>no</doAnalysis>
  <modelRootDirectory>testSuite/outputs/test-mass-conservation-coldMode</modelRootDirectory>
  <baseParameters>parameters.xml</baseParameters>
  <launchMethod>pbs</launchMethod>
  <pbs>
    <ompThreads>16</ompThreads>
    <maxJobsInQueue>40</maxJobsInQueue>
  </pbs>

  <parameters formatVersion="2" version="0.9.4">

    <!-- Component selection -->
    <treeNodeMethodBasic value="standard"/>
    <treeNodeMethodBlackHole value="standard"/>
    <treeNodeMethodDarkMatterProfile value="scale"/>
    <treeNodeMethodDisk value="standard"/>
    <treeNodeMethodHotHalo value="coldMode"/>
    <treeNodeMethodSatellite value="standard"/>
    <treeNodeMethodSpheroid value="standard"/>
    <spheroidMassDistribution value="hernquist"/>
    <diskMassDistribution value="exponentialDisk"/>
    <treeNodeMethodSpin value="random"/>
    <treeNodeMethodPosition value="null"/>
    <treeNodeMethodAgeStatistics value="null"/>
    <treeNodeMethodIndices value="null"/>

    <!-- Cosmological parameters and options -->
    <cosmologyFunctionsMethod value="matterLambda"/>
    <cosmologyParametersMethod value="simple">
      <HubbleConstant value="67.8100148730579"/>
      <OmegaMatter value="0.30766318"/>
      <OmegaDarkEnergy value="0.69233682"/>
      <OmegaBaryon value="0.048404634"/>
      <temperatureCMB value="2.72548"/>
    </cosmologyParametersMethod>

    <!-- Power spectrum options -->
    <transferFunctionMethod value="eisensteinHu1999" >
      <neutrinoNumberEffective value="3.04"/>
      <neutrinoMassSummed value="0.0"/>
    </transferFunctionMethod>
    <powerSpectrumPrimordialMethod value="powerLaw" >
      <index value="0.96763953040293"/>
      <wavenumberReference value="1.0"/>
      <running value="0.0"/>
    </powerSpectrumPrimordialMethod>
    <powerSpectrumPrimordialTransferredMethod value="simple" />
    <cosmologicalMassVarianceMethod value="filteredPower">
      <sigma_8 value="0.814932725148418"/>
    </cosmologicalMassVarianceMethod>
    <powerSpectrumNonlinearMethod value="peacockDodds1996"/>

    <!-- Structure formation options -->
    <linearGrowthMethod value="simple"/>
    <haloMassFunctionMethod value="simpleSystematic">
      <alpha value="-0.0197873321812387"/>
      <beta value="0.00986021548527724"/>
      <haloMassFunctionMethod value="tinker2008"/>
    </haloMassFunctionMethod>
    <criticalOverdensityMethod value="sphericalCollapseMatterLambda"/>
    <virialDensityContrastMethod value="percolation">
      <linkingLength value="0.2"/>
    </virialDensityContrastMethod>

    <!-- Merger tree building options -->
    <mergerTreeConstructMethod value="build"/>
    <mergerTreeBuildTreesHaloMassDistribution value="uniform"/>
    <mergerTreeBuildHaloMassMinimum value="1.0e10"/>
    <mergerTreeBuildHaloMassMaximum value="1.0e12"/>
    <mergerTreeBuildTreesPerDecade value="10"/>
    <mergerTreeMassResolutionMethod value="fixed">
      <massResolution value="1.0e9"/>
    </mergerTreeMassResolutionMethod> 
    <haloMassFunctionSamplingMethod value="haloMassFunction"/>
    <haloMassFunctionSamplingAbundanceMaximum value="1.0e-1"/>
    <haloMassFunctionSamplingAbundanceMinimum value="1.0e-8"/>
    <mergerTreesBuildFixedThreadAssignment value="true" />
    <mergerTreeBuilderMethod value="cole2000">
      <branchIntervalStep value="true"/>
      <mergeProbability value="0.1"/>
      <redshiftMaximum value="10.0"/>
      <accretionLimit value="0.1"/>
      <randomSeedsFixed value="true"/>
    </mergerTreeBuilderMethod>
    <treeBranchingMethod value="modifiedPress-Schechter"/>
    <modifiedPressSchechterFirstOrderAccuracy value="0.025"/>
    <modifiedPressSchechterTabulateHypergeometricFactors value="true"/>
    <modifiedPressSchechterHypergeometricPrecision value="1.0e-6"/>
    <modifiedPressSchechterG0 value="0.57"/>
    <modifiedPressSchechterGamma1 value="0.38"/>
    <modifiedPressSchechterGamma2 value="-0.01"/>
    <modifiedPressSchechterUseCDMAssumptions value="true"/>

    <!-- Substructure hierarchy options -->
    <nodeMergersMethod value="singleLevelHierarchy"/>

    <!-- Prevent negative accretion -->
    <accretionHalosSimpleNegativeAccretionAllowed value="false"/>
    <hotHaloNodeMergerLimitBaryonFraction value="true"/>
    <hotHaloAngularMomentumAlwaysGrows value="true"/>
    
    <!-- Outputs and analyses -->
    <outputRedshifts value="0.0000"/>

    <!-- Dark matter halo structure options -->
    <darkMatterProfileMethod value="NFW"/>
    <darkMatterProfileConcentrationMethod value="diemerKravtsov2014">
      <alpha value="1.12" />
      <beta value="1.69" />
      <eta0 value="6.82" />
      <eta1 value="1.42" />
      <kappa value="0.69" />
      <phi0 value="6.7095654472093482" />
      <phi1 value="1.37" />
    </darkMatterProfileConcentrationMethod>
    <darkMatterProfileMinimumConcentration value="4"/>
    <haloSpinDistributionMethod value="bett2007">
      <alpha value="2.5094130785911624"/>
      <lambda0 value="4.3325030697269937E-002"/>
    </haloSpinDistributionMethod>
    <randomSpinResetMassFactor value="2.0"/>

    <!-- Halo accretion options -->
    <accretionHaloMethod value="coldMode"/>
    <reionizationSuppressionRedshift value="10.5"/>
    <reionizationSuppressionVelocity value="35.0"/>
    <intergalacticMediumStateMethod value="file"/>
    <intergalaticMediumStateFileName value="constraints/data/igmState.xml"/>

    <!-- Hot halo gas cooling model options -->
    <coolingRateMethod value="whiteFrenk1991">
      <velocityCutOff value="10000"/>
    </coolingRateMethod>
    <hotHaloMassDistributionMethod value="betaProfile"/>
    <hotHaloTemperatureProfileMethod value="virial"/>
    <hotHaloCoreRadiusOverVirialRadius value="0.3"/>
    <hotHaloAngularMomentumLossFraction value="0.3"/>
    <coolingSpecificAngularMomentumMethod value="constantRotation"/>
    <hotHaloOutflowReturnRate value="5.0"/>
    <coolingFunctionMethod value="atomicCIECloudy"/>
    <coolingMeanAngularMomentumFrom value="hotGas"/>
    <coolingRotationVelocityFrom value="hotGas"/>
    <coolingRadiusMethod value="simple"/>
    <coolingTimeMethod value="simple"/>
    <coolingTimeAvailableMethod value="whiteFrenk1991">
      <ageFactor value="0"/>
    </coolingTimeAvailableMethod>
    <coolingTimeSimpleDegreesOfFreedom value="3"/>
    <starveSatellites value="false"/>

    <!-- Hot halo ram pressure stripping options -->
    <hotHaloRamPressureStrippingMethod value="Font2008"/>
    <hotHaloRamPressureForceMethod value="Font2008"/>
    <hotHaloRamPressureStrippingTimescaleMethod value="ramPressureAcceleration"/>
    <hotHaloOutflowStrippingEfficiency value="0.1"/>
    <hotHaloTrackStrippedGas value="true"/>
    <ramPressureStrippingFormFactor value="2"/>

    <!-- Galaxy ram pressure stripping options -->
    <ramPressureStrippingMassLossRateDisksMethod value="null"/>
    <ramPressureStrippingMassLossRateSpheroidsMethod value="null"/>

    <!-- Galaxy tidal stripping options -->
    <tidalStrippingMassLossRateDisksMethod value="null"/>
    <tidalStrippingMassLossRateSpheroidsMethod value="null"/>
    <satellitesTidalFieldMethod value="null"/>

    <!-- Galactic structure solver options -->
    <galacticStructureRadiusSolverMethod value="adiabatic"/>
    <adiabaticContractionGnedinA value="0.73"/>
    <adiabaticContractionGnedinOmega value="0.7"/>
    <spheroidAngularMomentumAtScaleRadius value="0.5"/>

    <!-- Galactic disk dynamics options -->
    <barInstabilityMethod value="ELN"/>
    <stabilityThresholdGaseous value="0.7"/>
    <stabilityThresholdStellar value="1.1"/>

    <!-- Star formation rate options -->
    <starFormationTimescaleDisksMethod value="integratedSurfaceDensity"/>
    <starFormationRateSurfaceDensityDisksMethod value="KMT09"/>
    <starFormationTimescaleIntegratedSurfaceDensityTolerance value="1.0e-2"/>
    <molecularComplexClumpingFactorKMT09 value="5.0"/>
    <starFormationFrequencyKMT09 value="0.385"/>
    <molecularFractionFastKMT09 value="true"/>
    <starFormationDiskMinimumTimescale value="0.001"/>
    <starFormationTimescaleSpheroidsMethod value="dynamicalTime"/>
    <starFormationSpheroidEfficiency value="0.04"/>
    <starFormationSpheroidVelocityExponent value="2.0"/>
    <starFormationSpheroidMinimumTimescale value="0.001"/>

    <!-- Stellar populations options -->
    <stellarPopulationPropertiesMethod value="instantaneous"/>
    <stellarPopulationSpectraMethod value="FSPS"/>
    <imfSelectionMethod value="fixed"/>
    <imfSelectionFixed value="Chabrier"/>
    <imfChabrierRecycledInstantaneous value="0.46"/>
    <imfChabrierYieldInstantaneous value="0.035"/>

    <!-- AGN feedback options -->
    <hotHaloExcessHeatDrivesOutflow value="true"/>
    <blackHoleHeatsHotHalo value="false"/>

    <!-- Supernovae feedback options -->
    <starFormationFeedbackDisksMethod value="powerLaw">
      <velocityCharacteristic value="250.0"/>
      <exponent value="3.5"/>
    </starFormationFeedbackDisksMethod>
    <starFormationFeedbackSpheroidsMethod value="powerLaw">
      <exponent value="3.5"/>
      <velocityCharacteristic value="100.0"/>
    </starFormationFeedbackSpheroidsMethod>

    <!-- Accretion disk properties -->
    <accretionDisksMethod value="switched">
      <accretionRateThinDiskMaximum       value="0.30"/>
      <accretionRateThinDiskMinimum       value="0.01"/>
      <scaleADAFRadiativeEfficiency       value="true"/>
      <accretionDisksShakuraSunyaevMethod value="shakuraSunyaev"/>
      <accretionDisksADAFMethod           value="ADAF">
	<efficiencyRadiationType value="thinDisk"/>
	<adiabaticIndex          value="1.444"   />
	<energyOption            value="pureADAF"/>
	<efficiencyRadiation     value="0.01"    />
	<viscosityOption         value="fit"     />
      </accretionDisksADAFMethod>
    </accretionDisksMethod>

    <!-- Black hole options -->
    <blackHoleBinaryMergersMethod value="Rezzolla2008"/>
    <blackHoleSeedMass value="0"/>
    <blackHoleWindEfficiency value="0.0024"/>
    <blackHoleWindEfficiencyScalesWithRadiativeEfficiency value="true"/>
    <bondiHoyleAccretionEnhancementHotHalo value="6.0"/>
    <bondiHoyleAccretionEnhancementSpheroid value="5.0"/>
    <bondiHoyleAccretionTemperatureSpheroid value="100"/>
    <bondiHoyleAccretionHotModeOnly value="true"/>

    <!-- Satellite orbit options -->
    <satelliteOrbitStoreOrbitalParameters value="true"/>

    <!-- Galaxy merger options -->
    <virialOrbitMethod value="benson2005"/>
    <virialOrbitsVirialDensityContrast value="sphericalCollapseMatterLambda"/>
    <satelliteMergingTimescalesMethod value="jiang2008"/>
    <mergingTimescaleMultiplier value="0.75"/>
    <satelliteMergingMassMovementsMethod value="simple"/>
    <minorMergerGasMovesTo value="spheroid"/>
    <satelliteMergingRemnantSizeMethod value="Cole2000"/>
    <majorMergerMassRatio value="0.25"/>
    <mergerRemnantSizeOrbitalEnergy value="1"/>

    <!-- Spheroid options -->
    <spheroidEnergeticOutflowMassRate value="1.0e-2"/>

    <!-- Numerical tolerances -->
    <odeToleranceAbsolute value="1.0e-5"/>
    <odeToleranceRelative value="1.0e-5"/>
    <diskMassToleranceAbsolute value="1.0e-6"/>
    <spheroidMassToleranceAbsolute value="1.0e-6"/>
    <timestepHostAbsolute value="1.0"/>
    <timestepHostRelative value="0.1"/>
    <timestepSimpleAbsolute value="1.0"/>
    <timestepSimpleRelative value="0.1"/>

    <!-- Output options -->
    <mergerTreeOutput>
      <outputReferences value="false"/>
    </mergerTreeOutput>

  </parameters>

</parameterGrid>
