<?xml version="1.0" encoding="UTF-8"?>
<!-- Defines a Galacticus model to test mass conservation. -->
<!-- Andrew Benson                                         -->
<!-- 28-April-2016                                         -->
<parameterGrid>
  <emailReport>no</emailReport>
  <doAnalysis>no</doAnalysis>
  <modelRootDirectory>testSuite/outputs/test-mass-conservation-simple</modelRootDirectory>
  <baseParameters>parameters.xml</baseParameters>
  <launchMethod>pbs</launchMethod>
  <pbs>
    <ompThreads>16</ompThreads>
    <maxJobsInQueue>40</maxJobsInQueue>
  </pbs>

  <parameters>
    <formatVersion>2</formatVersion>
    <lastModified revision="165490f4968c699f7e5bb73ef60bcb7e626f51e6"/>
    <accretionHalo value="bertschinger">
      <redshiftReionization value="10.5"/>
      <velocitySuppressionReionization value="47.370163695687651"/>
    </accretionHalo>
    <accretionHaloTotal value="bertschinger"/>
    <coolingRate value="velocityMaximumScaling">
      <exponentCutOff value="1.7906261504610221"/>
      <velocityCutOff value="173.12989399446917"/>
      <velocityCutOffExponentRedshift value="0.56942822190412190"/>
      <widthCutOff value="5.8048418622440277E-002"/>
      <timescale value="2.8297712365864922"/>
      <exponentRedshift value="-0.35077774364437497"/>
      <timescaleMinimum value="6.3593537422067092E-003"/>
      <exponentVelocity value="1.6845255332717721"/>
    </coolingRate>
    <cosmologicalMassVariance value="filteredPower">
      <sigma_8 value="0.819344297851851"/>
      <tolerance value="1.0e-7"/>
    </cosmologicalMassVariance>
    <cosmologyFunctions value="matterLambda"/>
    <cosmologyParameters value="simple">
      <HubbleConstant value="66.4162846956275"/>
      <OmegaBaryon value="0.0505055295468183"/>
      <OmegaDarkEnergy value="0.670474664065489"/>
      <OmegaMatter value="0.329525335934511"/>
      <temperatureCMB value="2.72548"/>
    </cosmologyParameters>
    <criticalOverdensity value="kitayamaSuto1996"/>
    <darkMatterProfileConcentration value="diemerKravtsov2014">
      <alpha value="1.12"/>
      <beta value="1.69"/>
      <eta0 value="6.82"/>
      <eta1 value="1.42"/>
      <kappa value="0.69"/>
      <phi0 value="7.0647575634271202"/>
      <phi1 value="1.37"/>
    </darkMatterProfileConcentration>
    <darkMatterProfileDMO value="NFW"/>

    <!-- Halo scale radii and concentrations -->
    <darkMatterProfileScaleRadius value="concentrationLimiter">
      <concentrationMinimum value="  4.0"/>
      <concentrationMaximum value="100.0"/>
      <darkMatterProfileScaleRadius value="concentration">
	<correctForConcentrationDefinition value="true"/>
      </darkMatterProfileScaleRadius>
    </darkMatterProfileScaleRadius>

    <galacticStructureSolver value="fixed">
      <factor value="0.29610738271059550"/>
      <radiusFixed value="turnaround"/>
      <virialDensityContrast value="bryanNorman1998"/>
    </galacticStructureSolver>
    <gravitationalLensing value="takahashi2011"/>
    <haloMassFunction value="simpleSystematic">
      <alpha value="-0.131667664610245"/>
      <beta value="0.081036980088189"/>
      <haloMassFunction value="tinker2008"/>
    </haloMassFunction>
    <haloModelPowerSpectrumModifier value="triaxiality"/>
    <haloSpinDistribution value="bett2007">
      <alpha value="2.5053122941860098"/>
      <lambda0 value="4.3245512787675661E-002"/>
    </haloSpinDistribution>
    <hdf5CompressionLevel value="-1"/>
    <hotHaloOutflowReincorporation value="velocityMaximumScaling">
      <redshiftExponent value="-0.17671288265659479e+0"/>
      <timeScale value="+0.73801252050383448e+0"/>
      <timescaleMinimum value="+1.09539447829157790e-2"/>
      <velocityExponent value="+0.29779289184659419e+0"/>
    </hotHaloOutflowReincorporation>
    <stellarPopulation value="standard">
      <recycledFraction value="0.46"/>
      <metalYield value="0.0"/>
    </stellarPopulation>
    <initialMassFunction value="chabrier2001"/>
    <stellarPopulationSelector value="fixed"/>
    <intergalacticMediumState value="recFast"/>
    <linearGrowth value="collisionlessMatter"/>
    <mergerTreeBuilder value="cole2000">
      <accretionLimit value="0.1"/>
      <branchIntervalStep value="true"/>
      <mergeProbability value="0.1"/>
      <redshiftMaximum value="10.0"/>
    <toleranceTimeEarliest value="4.0e-6"/>
    </mergerTreeBuilder>
    <mergerTreeConstructor value="build"/>
    <mergerTreeBuildMasses value="sampledDistributionUniform">
      <massTreeMinimum value="1.0e10"/>
      <massTreeMaximum value="1.0e12"/>
      <treesPerDecade value="10"/>
    </mergerTreeBuildMasses>
    <mergerTreeBuildMassDistribution value="haloMassFunction">
      <abundanceMaximum value="1.0e-1"/>
      <abundanceMinimum value="1.0e-8"/>

      <modifier1 value="0.5"/>
      <modifier2 value="0.0"/>
    </mergerTreeBuildMassDistribution>
    <mergerTreeMassResolution value="scaled">
      <massResolutionFractional value="0.00005"/>
      <massResolutionMinimum value="1.0e7"/>
    </mergerTreeMassResolution>
    <mergerTreeOutputter value="standard">
      <outputReferences value="false"/>
    </mergerTreeOutputter>
    <mergerTreeOperator value="pruneBaryons"/>
    <mergerTreeBranchingProbability value="parkinsonColeHelly">
      <G0 value="+0.570"/>
      <gamma1 value="+0.380"/>
      <gamma2 value="-0.010"/>
      <accuracyFirstOrder value="+0.025"/>
      <hypergeometricTabulate value="true"/>
      <precisionHypergeometric value="1.0e-6"/>
      <cdmAssumptions value="true"/>
    </mergerTreeBranchingProbability>
    <mergerTreeNodeMerger value="singleLevelHierarchy"/>
    <mergerTreeNodeEvolver value="standard">
      <odeAlgorithm value="rungeKuttaSecondOrder"/>
      <odeToleranceAbsolute value="1.0e-3"/>
      <odeToleranceRelative value="0.1"/>
    </mergerTreeNodeEvolver>

    <outputTimes value="list">
      <redshifts value="0"/>
    </outputTimes>

    <powerSpectrumNonlinear value="peacockDodds1996"/>
    <powerSpectrumPrimordial value="powerLaw">
      <index value="0.958781924494571"/>
      <running value="0.0"/>
      <wavenumberReference value="1.0"/>
    </powerSpectrumPrimordial>
    <powerSpectrumPrimordialTransferred value="simple"/>
    <mergerMassMovements value="verySimple"/>
    <mergerRemnantSize value="null"/>
    <satelliteMergingTimescales value="jiang2008">
      <timescaleMultiplier value="1.2035038666749114"/>
    </satelliteMergingTimescales>

    <starFormationRateDisks value="timescale">
      <starFormationActiveMass value="surfaceDensityThreshold">
        <surfaceDensityThreshold value="130295433397.88165"/>
        <exponentVelocity value="-0.98483665317102953"/>
      </starFormationActiveMass>
      <starFormationTimescale value="lowerLimited">
        <timescaleMinimum value="2.6271201525734244E-005"/>
        <starFormationTimescale value="velocityMaxScaling">
          <exponentRedshift value="-2.2302610673721670"/>
          <timescale value="5.6305510122690903"/>
          <exponentVelocity value="0.99961968363471687"/>
        </starFormationTimescale>
      </starFormationTimescale>
    </starFormationRateDisks>
    <stellarPopulationProperties value="instantaneous"/>
    <mergerTreeEvolver value="standard">
      <timestepHostAbsolute value="1.0"/>
      <timestepHostRelative value="0.01"/>
    </mergerTreeEvolver>
    <mergerTreeEvolveTimestep value="multi">
      <mergerTreeEvolveTimestep value="simple" iterable="no">
        <timeStepAbsolute value="1.00"/>
        <timeStepRelative value="0.01"/>
      </mergerTreeEvolveTimestep>
      <mergerTreeEvolveTimestep value="satellite" iterable="no"/>
    </mergerTreeEvolveTimestep>

    <transferFunction value="eisensteinHu1999">
      <neutrinoMassSummed value="0.0"/>
      <neutrinoNumberEffective value="3.04"/>
    </transferFunction>
    <componentBasic value="standard"/>
    <componentBlackHole value="null"/>
    <componentDarkMatterProfile value="scale"/>
    <componentDisk value="verySimpleSize">
      <toleranceAbsoluteMass value="1.0e-6"/>
      <pruneMassGas value="1.0e6"/>
      <pruneMassStars value="1.0e6"/>
      <scaleAbsoluteMass value="1.0e6"/>
      <useAnalyticSolver value="true"/>
    </componentDisk>
    <componentHotHalo value="verySimpleDelayed">
      <scaleRelativeMass value="1.0"/>
    </componentHotHalo>
    <componentSatellite value="mergeTime"/>
    <componentSpheroid value="null"/>
    <componentSpin value="scalar"/>
    <virialDensityContrast value="percolation">
      <linkingLength value="0.2"/>
    </virialDensityContrast>
    <virialOrbit value="fixed">
      <velocityRadial value="-0.856"/>
      <velocityTangential value="+0.842"/>
      <virialDensityContrastDefinition value="fixed">
        <densityContrastValue value="200.0"/>
        <densityType value="critical"/>
      </virialDensityContrastDefinition>
    </virialOrbit>

    <!-- Node evolution and physics -->
    <nodeOperator value="multi">
      <!-- Cosmological epoch -->
      <nodeOperator value="cosmicTime" iterable="no"/>
      <!-- DMO evolution -->
      <nodeOperator value="DMOInterpolate" iterable="no"/>
      <nodeOperator value="bertschingerMass" iterable="no">
	<virialDensityContrast value="bryanNorman1998"/>
      </nodeOperator>
      <!-- Halo concentrations -->
      <nodeOperator value="darkMatterProfileScaleSet" iterable="no"/>
      <nodeOperator value="darkMatterProfileScaleInterpolate" iterable="no"/>
      <!-- Halo spins -->
      <nodeOperator value="haloAngularMomentumRandom" iterable="no">
	<factorReset value="2.0"/>
      </nodeOperator>
      <nodeOperator value="haloAngularMomentumInterpolate" iterable="no"/>
      <!-- Satellite evolution -->
      <nodeOperator value="satelliteMergingTime" iterable="no"/>
      <!-- Star formation -->
      <nodeOperator value="starFormationDisks" iterable="no"/>
      <nodeOperator value="stellarFeedbackDisks" iterable="no">
	<stellarFeedbackOutflows value="rateLimit">
          <timescaleOutflowFractionalMinimum value="0.001"/>
          <stellarFeedbackOutflows value="vlctyMxSclng">
	    <fraction value="5.4973312818696149E-002"/>
	    <exponentRedshift value="1.9464430036515628"/>
	    <exponentVelocity value="-5.2559103933618596"/>
	  </stellarFeedbackOutflows>
	</stellarFeedbackOutflows>
      </nodeOperator>
    </nodeOperator>

    <nodePropertyExtractor value="multi">
      <nodePropertyExtractor value="nodeIndices" iterable="no"/>
      <nodePropertyExtractor value="massBertschinger" iterable="no"/>
    </nodePropertyExtractor>

  </parameters>
  
</parameterGrid>
