<?xml version="1.0"?>
<parameters>
  <formatVersion>2</formatVersion>
  <version>0.9.4</version>
  <mergerTreeBuildMassesMethod value="sampledDistributionUniform">
    <treesPerDecade value="25"/>
    <massTreeMaximum value="1e+14"/>
    <massTreeMinimum value="10000000000"/>
  </mergerTreeBuildMassesMethod></parameters>
