<?xml version="1.0" encoding="UTF-8"?>
<!-- Defines a set of Galacticus models which explore available output options. -->
<!-- Andrew Benson                                                              -->
<!-- 26-Jan-2011                                                                -->
<parameterGrid>
  <emailReport>no</emailReport>
  <doAnalysis>no</doAnalysis>
  <modelRootDirectory>testSuite/outputs/test-outputs</modelRootDirectory>
  <baseParameters>testSuite/test-outputs-base.xml</baseParameters>
  <launchMethod>pbs</launchMethod>
  <pbs>
    <ompThreads>16</ompThreads>
    <maxJobsInQueue>40</maxJobsInQueue>
    <postSubmitSleepDuration>1</postSubmitSleepDuration>
    <jobWaitSleepDuration>10</jobWaitSleepDuration>
  </pbs>

  <!-- Density contrasts -->
  <parameters>
    <formatVersion>2</formatVersion>
    <lastModified revision="165490f4968c699f7e5bb73ef60bcb7e626f51e6"/>
    <nodePropertyExtractor value="densityContrasts">
      <densityContrasts value="200"/>
      <densityContrasts value="200 500"/>
      <darkMatterOnly value="false"/>
      <darkMatterOnly value="true"/>
    </nodePropertyExtractor>
  </parameters>

  <!-- Mass accretion histories -->
  <parameters>
    <formatVersion>2</formatVersion>
    <lastModified revision="165490f4968c699f7e5bb73ef60bcb7e626f51e6"/>
    <mergerTreeOperator value="massAccretionHistory"/>
  </parameters>

  <!-- Cooling rates and radii -->
  <parameters>
    <formatVersion>2</formatVersion>
    <lastModified revision="165490f4968c699f7e5bb73ef60bcb7e626f51e6"/>
    <nodePropertyExtractor value="multi">
      <nodePropertyExtractor value="rateCooling"/>
      <nodePropertyExtractor value="radiusCooling"/>
    </nodePropertyExtractor>
  </parameters>

  <!-- Half mass radii -->
  <parameters>
    <formatVersion>2</formatVersion>
    <lastModified revision="165490f4968c699f7e5bb73ef60bcb7e626f51e6"/>
    <nodePropertyExtractor value="radiusHalfMassStellar"/>
    <nodePropertyExtractor value="multi">
      <nodePropertyExtractor value="radiusHalfMassStellar"/>
      <nodePropertyExtractor value="virialProperties"/>
    </nodePropertyExtractor>
  </parameters>

  <!-- Rotation curves -->
  <parameters>
    <formatVersion>2</formatVersion>
    <lastModified revision="165490f4968c699f7e5bb73ef60bcb7e626f51e6"/>
    <nodePropertyExtractor value="multi">
      <nodePropertyExtractor value="virialProperties"/>
      <nodePropertyExtractor value="rotationCurve">
        <radiusSpecifiers value="  diskHalfMassRadius:all:all:0.1  diskHalfMassRadius:all:all:0.173  diskHalfMassRadius:all:all:0.3  diskHalfMassRadius:all:all:0.5477  diskHalfMassRadius:all:all:1.0  diskHalfMassRadius:all:all:1.73  diskHalfMassRadius:all:all:3.0  diskHalfMassRadius:all:all:5.477  diskHalfMassRadius:all:all:10.0  diskHalfMassRadius:all:baryonic:0.1  diskHalfMassRadius:all:baryonic:0.173  diskHalfMassRadius:all:baryonic:0.3  diskHalfMassRadius:all:baryonic:0.5477  diskHalfMassRadius:all:baryonic:1.0  diskHalfMassRadius:all:baryonic:1.73  diskHalfMassRadius:all:baryonic:3.0  diskHalfMassRadius:all:baryonic:5.477  diskHalfMassRadius:all:baryonic:10.0  diskHalfMassRadius:all:dark:0.1  diskHalfMassRadius:all:dark:0.173  diskHalfMassRadius:all:dark:0.3  diskHalfMassRadius:all:dark:0.5477  diskHalfMassRadius:all:dark:1.0  diskHalfMassRadius:all:dark:1.73  diskHalfMassRadius:all:dark:3.0  diskHalfMassRadius:all:dark:5.477  diskHalfMassRadius:all:dark:10.0  diskHalfMassRadius:all:dark:0.1  diskHalfMassRadius:all:dark:0.173  diskHalfMassRadius:all:dark:0.3  diskHalfMassRadius:all:dark:0.5477  diskHalfMassRadius:all:dark:1.0  diskHalfMassRadius:all:dark:1.73  diskHalfMassRadius:all:dark:3.0  diskHalfMassRadius:all:dark:5.477  diskHalfMassRadius:all:dark:10.0  diskHalfMassRadius:disk:baryonic:0.1  diskHalfMassRadius:disk:baryonic:0.173  diskHalfMassRadius:disk:baryonic:0.3  diskHalfMassRadius:disk:baryonic:0.5477  diskHalfMassRadius:disk:baryonic:1.0  diskHalfMassRadius:disk:baryonic:1.73  diskHalfMassRadius:disk:baryonic:3.0  diskHalfMassRadius:disk:baryonic:5.477  diskHalfMassRadius:disk:baryonic:10.0  diskHalfMassRadius:spheroid:baryonic:0.1  diskHalfMassRadius:spheroid:baryonic:0.173  diskHalfMassRadius:spheroid:baryonic:0.3  diskHalfMassRadius:spheroid:baryonic:0.5477  diskHalfMassRadius:spheroid:baryonic:1.0  diskHalfMassRadius:spheroid:baryonic:1.73  diskHalfMassRadius:spheroid:baryonic:3.0  diskHalfMassRadius:spheroid:baryonic:5.477  diskHalfMassRadius:spheroid:baryonic:10.0  spheroidHalfMassRadius:all:all:0.1  spheroidHalfMassRadius:all:all:0.173  spheroidHalfMassRadius:all:all:0.3  spheroidHalfMassRadius:all:all:0.5477  spheroidHalfMassRadius:all:all:1.0  spheroidHalfMassRadius:all:all:1.73  spheroidHalfMassRadius:all:all:3.0  spheroidHalfMassRadius:all:all:5.477  spheroidHalfMassRadius:all:all:10.0  spheroidHalfMassRadius:all:baryonic:0.1  spheroidHalfMassRadius:all:baryonic:0.173  spheroidHalfMassRadius:all:baryonic:0.3  spheroidHalfMassRadius:all:baryonic:0.5477  spheroidHalfMassRadius:all:baryonic:1.0  spheroidHalfMassRadius:all:baryonic:1.73  spheroidHalfMassRadius:all:baryonic:3.0  spheroidHalfMassRadius:all:baryonic:5.477  spheroidHalfMassRadius:all:baryonic:10.0  spheroidHalfMassRadius:all:dark:0.1  spheroidHalfMassRadius:all:dark:0.173  spheroidHalfMassRadius:all:dark:0.3  spheroidHalfMassRadius:all:dark:0.5477  spheroidHalfMassRadius:all:dark:1.0  spheroidHalfMassRadius:all:dark:1.73  spheroidHalfMassRadius:all:dark:3.0  spheroidHalfMassRadius:all:dark:5.477  spheroidHalfMassRadius:all:dark:10.0  spheroidHalfMassRadius:all:dark:0.1  spheroidHalfMassRadius:all:dark:0.173  spheroidHalfMassRadius:all:dark:0.3  spheroidHalfMassRadius:all:dark:0.5477  spheroidHalfMassRadius:all:dark:1.0  spheroidHalfMassRadius:all:dark:1.73  spheroidHalfMassRadius:all:dark:3.0  spheroidHalfMassRadius:all:dark:5.477  spheroidHalfMassRadius:all:dark:10.0  spheroidHalfMassRadius:disk:baryonic:0.1  spheroidHalfMassRadius:disk:baryonic:0.173  spheroidHalfMassRadius:disk:baryonic:0.3  spheroidHalfMassRadius:disk:baryonic:0.5477  spheroidHalfMassRadius:disk:baryonic:1.0  spheroidHalfMassRadius:disk:baryonic:1.73  spheroidHalfMassRadius:disk:baryonic:3.0  spheroidHalfMassRadius:disk:baryonic:5.477  spheroidHalfMassRadius:disk:baryonic:10.0  spheroidHalfMassRadius:spheroid:baryonic:0.1  spheroidHalfMassRadius:spheroid:baryonic:0.173  spheroidHalfMassRadius:spheroid:baryonic:0.3  spheroidHalfMassRadius:spheroid:baryonic:0.5477  spheroidHalfMassRadius:spheroid:baryonic:1.0  spheroidHalfMassRadius:spheroid:baryonic:1.73  spheroidHalfMassRadius:spheroid:baryonic:3.0  spheroidHalfMassRadius:spheroid:baryonic:5.477  spheroidHalfMassRadius:spheroid:baryonic:10.0  virialRadius:all:all:0.1  virialRadius:all:all:0.173  virialRadius:all:all:0.3  virialRadius:all:all:0.5477  virialRadius:all:all:1.0  virialRadius:all:all:1.73  virialRadius:all:all:3.0  virialRadius:all:all:5.477  virialRadius:all:all:10.0  virialRadius:all:baryonic:0.1  virialRadius:all:baryonic:0.173  virialRadius:all:baryonic:0.3  virialRadius:all:baryonic:0.5477  virialRadius:all:baryonic:1.0  virialRadius:all:baryonic:1.73  virialRadius:all:baryonic:3.0  virialRadius:all:baryonic:5.477  virialRadius:all:baryonic:10.0  virialRadius:all:dark:0.1  virialRadius:all:dark:0.173  virialRadius:all:dark:0.3  virialRadius:all:dark:0.5477  virialRadius:all:dark:1.0  virialRadius:all:dark:1.73  virialRadius:all:dark:3.0  virialRadius:all:dark:5.477  virialRadius:all:dark:10.0  virialRadius:all:dark:0.1  virialRadius:all:dark:0.173  virialRadius:all:dark:0.3  virialRadius:all:dark:0.5477  virialRadius:all:dark:1.0  virialRadius:all:dark:1.73  virialRadius:all:dark:3.0  virialRadius:all:dark:5.477  virialRadius:all:dark:10.0  virialRadius:disk:baryonic:0.1  virialRadius:disk:baryonic:0.173  virialRadius:disk:baryonic:0.3  virialRadius:disk:baryonic:0.5477  virialRadius:disk:baryonic:1.0  virialRadius:disk:baryonic:1.73  virialRadius:disk:baryonic:3.0  virialRadius:disk:baryonic:5.477  virialRadius:disk:baryonic:10.0  virialRadius:spheroid:baryonic:0.1  virialRadius:spheroid:baryonic:0.173  virialRadius:spheroid:baryonic:0.3  virialRadius:spheroid:baryonic:0.5477  virialRadius:spheroid:baryonic:1.0  virialRadius:spheroid:baryonic:1.73  virialRadius:spheroid:baryonic:3.0  virialRadius:spheroid:baryonic:5.477  virialRadius:spheroid:baryonic:10.0  darkMatterScaleRadius:all:all:0.1  darkMatterScaleRadius:all:all:0.173  darkMatterScaleRadius:all:all:0.3  darkMatterScaleRadius:all:all:0.5477  darkMatterScaleRadius:all:all:1.0  darkMatterScaleRadius:all:all:1.73  darkMatterScaleRadius:all:all:3.0  darkMatterScaleRadius:all:all:5.477  darkMatterScaleRadius:all:all:10.0  darkMatterScaleRadius:all:baryonic:0.1  darkMatterScaleRadius:all:baryonic:0.173  darkMatterScaleRadius:all:baryonic:0.3  darkMatterScaleRadius:all:baryonic:0.5477  darkMatterScaleRadius:all:baryonic:1.0  darkMatterScaleRadius:all:baryonic:1.73  darkMatterScaleRadius:all:baryonic:3.0  darkMatterScaleRadius:all:baryonic:5.477  darkMatterScaleRadius:all:baryonic:10.0  darkMatterScaleRadius:all:dark:0.1  darkMatterScaleRadius:all:dark:0.173  darkMatterScaleRadius:all:dark:0.3  darkMatterScaleRadius:all:dark:0.5477  darkMatterScaleRadius:all:dark:1.0  darkMatterScaleRadius:all:dark:1.73  darkMatterScaleRadius:all:dark:3.0  darkMatterScaleRadius:all:dark:5.477  darkMatterScaleRadius:all:dark:10.0  darkMatterScaleRadius:all:dark:0.1  darkMatterScaleRadius:all:dark:0.173  darkMatterScaleRadius:all:dark:0.3  darkMatterScaleRadius:all:dark:0.5477  darkMatterScaleRadius:all:dark:1.0  darkMatterScaleRadius:all:dark:1.73  darkMatterScaleRadius:all:dark:3.0  darkMatterScaleRadius:all:dark:5.477  darkMatterScaleRadius:all:dark:10.0  darkMatterScaleRadius:disk:baryonic:0.1  darkMatterScaleRadius:disk:baryonic:0.173  darkMatterScaleRadius:disk:baryonic:0.3  darkMatterScaleRadius:disk:baryonic:0.5477  darkMatterScaleRadius:disk:baryonic:1.0  darkMatterScaleRadius:disk:baryonic:1.73  darkMatterScaleRadius:disk:baryonic:3.0  darkMatterScaleRadius:disk:baryonic:5.477  darkMatterScaleRadius:disk:baryonic:10.0  darkMatterScaleRadius:spheroid:baryonic:0.1  darkMatterScaleRadius:spheroid:baryonic:0.173  darkMatterScaleRadius:spheroid:baryonic:0.3  darkMatterScaleRadius:spheroid:baryonic:0.5477  darkMatterScaleRadius:spheroid:baryonic:1.0  darkMatterScaleRadius:spheroid:baryonic:1.73  darkMatterScaleRadius:spheroid:baryonic:3.0  darkMatterScaleRadius:spheroid:baryonic:5.477  darkMatterScaleRadius:spheroid:baryonic:10.0       "/>
      </nodePropertyExtractor>
    </nodePropertyExtractor>
  </parameters>

  <!-- Velocity dispersions -->
  <parameters>
    <formatVersion>2</formatVersion>
    <lastModified revision="165490f4968c699f7e5bb73ef60bcb7e626f51e6"/>
    <nodePropertyExtractor value="multi">
      <nodePropertyExtractor value="virialProperties"/>
      <nodePropertyExtractor value="velocityDispersion">
        <radiusSpecifiers value="spheroidHalfMassRadius:spheroid:stellar:radial:1.0"/>
      </nodePropertyExtractor>
    </nodePropertyExtractor>
  </parameters>

  <!-- Projected densities -->
  <parameters>
    <formatVersion>2</formatVersion>
    <lastModified revision="165490f4968c699f7e5bb73ef60bcb7e626f51e6"/>
    <nodePropertyExtractor value="projectedDensity">
      <radiusSpecifiers value="virialRadius:all:dark:1.0  darkMatterScaleRadius:all:dark:1.0  "/>
    </nodePropertyExtractor>
  </parameters>

  <!-- Enclosed masses -->
  <parameters>
    <formatVersion>2</formatVersion>
    <lastModified revision="165490f4968c699f7e5bb73ef60bcb7e626f51e6"/>
    <nodePropertyExtractor value="massProfile">
      <radiusSpecifiers value="radius:all:all:10.0e-3  radius:all:all:100.0e-3  "/>
    </nodePropertyExtractor>
  </parameters>

  <!-- Satellite orbits -->
  <parameters>
    <formatVersion>2</formatVersion>
    <lastModified revision="165490f4968c699f7e5bb73ef60bcb7e626f51e6"/>
    <nodePropertyExtractor value="satelliteOrbitalExtrema">
      <extractPericenter value="true"/>
    </nodePropertyExtractor>
  </parameters>

  <!-- Redshifts -->
  <parameters>
    <formatVersion>2</formatVersion>
    <lastModified revision="165490f4968c699f7e5bb73ef60bcb7e626f51e6"/>
    <nodePropertyExtractor value="redshiftLastIsolated"/>
  </parameters>

  <!-- Merger tree structure -->
  <parameters>
    <formatVersion>2</formatVersion>
    <lastModified revision="165490f4968c699f7e5bb73ef60bcb7e626f51e6"/>
    <mergerTreeOperator value="outputStructure">
      <nodePropertyExtractor value="multi">
        <nodePropertyExtractor value="time"/>
        <nodePropertyExtractor value="virialProperties"/>
        <nodePropertyExtractor value="nodeIndices"/>
      </nodePropertyExtractor>
    </mergerTreeOperator>
  </parameters>

</parameterGrid>
