<?xml version="1.0"?>
<parameters>
  <formatVersion>2</formatVersion>
  <lastModified revision="8e1ca452b775faffbba73ded8deb7fb348523429" time="2025-08-29T17:09:39"/>

  <componentHotHalo value="standard"/>

  <mergerTreeBuildMasses value="sampledDistributionUniform">
    <treesPerDecade value="5"/>
    <massTreeMaximum value="1e+12"/>
    <massTreeMinimum value="10000000000"/>
  </mergerTreeBuildMasses>

  <!-- Halo scale radii and concentrations -->
  <darkMatterProfileScaleRadius value="concentrationLimiter">
    <concentrationMinimum value="  4.0"/>
    <concentrationMaximum value="100.0"/>
    <darkMatterProfileScaleRadius value="concentration"/>
  </darkMatterProfileScaleRadius>

  <!-- Node evolution and physics -->
  <nodeOperator value="multi">
    <!-- Cosmological epoch -->
    <nodeOperator value="cosmicTime"/>
    <!-- DMO evolution -->
    <nodeOperator value="DMOInterpolate"/>
    <!-- Halo concentrations -->
    <nodeOperator value="darkMatterProfileScaleSet"        />
    <nodeOperator value="darkMatterProfileScaleInterpolate"/>
    <!-- Halo spins -->
    <nodeOperator value="haloAngularMomentumRandom"/>
    <nodeOperator value="haloAngularMomentumInterpolate"/>
    <!-- Satellite evolution -->
    <nodeOperator value="satelliteMergingTime"/>
    <nodeOperator value="satelliteMassLoss"   />
    <!-- Star formation -->
    <nodeOperator value="starFormationDisks"/>
    <nodeOperator value="starFormationSpheroids"/>
    <!-- Stellar feedback outflows -->
    <nodeOperator value="stellarFeedbackDisks">
      <stellarFeedbackOutflows value="rateLimit">
        <timescaleOutflowFractionalMinimum value="0.001"/>
        <stellarFeedbackOutflows value="powerLaw">
          <velocityCharacteristic value="250.0"/>
          <exponent value="3.5"/>
        </stellarFeedbackOutflows>
      </stellarFeedbackOutflows>
    </nodeOperator>
    <nodeOperator value="stellarFeedbackSpheroids">
      <stellarFeedbackOutflows value="rateLimit">
        <timescaleOutflowFractionalMinimum value="0.001"/>
        <stellarFeedbackOutflows value="powerLaw">
          <velocityCharacteristic value="250.0"/>
          <exponent value="3.5"/>
        </stellarFeedbackOutflows>
      </stellarFeedbackOutflows>
    </nodeOperator>
    <!-- Black hole physics -->
    <nodeOperator value="blackHolesSeed">
      <blackHoleSeeds value="fixed">
        <mass value="100.0"/>
        <spin value="  0.0"/>
      </blackHoleSeeds>
    </nodeOperator>
    <nodeOperator value="blackHolesAccretion" />
    <nodeOperator value="blackHolesWinds"     />
    <nodeOperator value="blackHolesCGMHeating"/>
    <!-- CGM physics -->
    <nodeOperator value="CGMAccretion">
      <allowNegativeCGMMass value="true"/>
      <angularMomentumAlwaysGrows value="false"/>
    </nodeOperator>
    <nodeOperator value="CGMOutflowReincorporation">
      <includeSatellites value="true"/>
    </nodeOperator>
  </nodeOperator>

</parameters>
