<?xml version="1.0" encoding="UTF-8"?>
<!-- Defines a set of Galacticus models which explore all available method options. -->
<!-- Andrew Benson                                                                  -->
<!-- 04-Sep-2010                                                                    -->
<parameterGrid>
  <emailReport>no</emailReport>
  <doAnalysis>no</doAnalysis>
  <modelRootDirectory>testSuite/outputs/test-methods</modelRootDirectory>
  <baseParameters>testSuite/test-methods-base.xml</baseParameters>
  <launchMethod>pbs</launchMethod>
  <pbs>
    <mpiLaunch>no</mpiLaunch>
    <ompThreads>16</ompThreads>
    <maxJobsInQueue>40</maxJobsInQueue>
    <postSubmitSleepDuration>1</postSubmitSleepDuration>
    <jobWaitSleepDuration>10</jobWaitSleepDuration>
  </pbs>
  <slurm>
    <mpiLaunch>no</mpiLaunch>
    <ompThreads>24</ompThreads>
    <maxJobsInQueue>40</maxJobsInQueue>
    <postSubmitSleepDuration>1</postSubmitSleepDuration>
    <jobWaitSleepDuration>10</jobWaitSleepDuration>
  </slurm>
  <parameters>
    <formatVersion>2</formatVersion>
    <lastModified revision="165490f4968c699f7e5bb73ef60bcb7e626f51e6"/>
    <accretionDisks value="switched">
      <accretionDisksADAF value="ADAF"/>
      <accretionDisksShakuraSunyaev value="shakuraSunyaev"/>
    </accretionDisks>
    <accretionDisks value="shakuraSunyaev"/>
    <accretionDisks value="ADAF"/>
    <accretionDisks value="eddingtonLimited"/>
  </parameters>
  <parameters>
    <formatVersion>2</formatVersion>
    <lastModified revision="165490f4968c699f7e5bb73ef60bcb7e626f51e6"/>
    <galacticDynamicsBarInstability value="efstathiou1982"/>
    <galacticDynamicsBarInstability value="stable"/>
    <galacticDynamicsBarInstability value="efstathiou1982Tidal"/>
  </parameters>
  <parameters>
    <formatVersion>2</formatVersion>
    <lastModified revision="165490f4968c699f7e5bb73ef60bcb7e626f51e6"/>
    <task value="multi">
      <task value="evolveForests"/>
      <task value="powerSpectra"/>
    </task>
    <mergerTreeOutputter value="multi">
      <mergerTreeOutputter value="standard"/>
      <mergerTreeOutputter value="haloFourierProfiles"/>
    </mergerTreeOutputter>
    <nodePropertyExtract value="multi">
      <nodePropertyExtract value="haloBias"/>
      <nodePropertyExtract value="indicesHost">
  	<topLevel value="true"/>
      </nodePropertyExtract>
    </nodePropertyExtract>
    <darkMatterHaloBias value="sheth2001"/>
    <darkMatterHaloBias value="pressSchechter"/>
    <darkMatterHaloBias value="tinker2010"/>
  </parameters>
  <parameters>
    <formatVersion>2</formatVersion>
    <lastModified revision="165490f4968c699f7e5bb73ef60bcb7e626f51e6"/>
    <darkMatterProfileDMO value="NFW"/>
    <darkMatterProfileDMO value="isothermal"/>
    <darkMatterProfileDMO value="einasto">
      <componentDarkMatterProfile value="scaleShape" parameterLevel="top"/>
      <virialOrbit value="fixed" parameterLevel="top">
  	<virialDensityContrastDefinition value="sphericalCollapseClsnlssMttrCsmlgclCnstnt"/>
      </virialOrbit>
      <nodeOperator value="multi" parameterLevel="top">
  	<!-- Cosmological epoch -->
  	<nodeOperator value="cosmicTime" iterable="no"/>
  	<!-- DMO evolution -->
  	<nodeOperator value="DMOInterpolate" iterable="no"/>
  	<!-- Halo concentrations -->
  	<nodeOperator value="darkMatterProfileScaleSet" iterable="no"/>
  	<nodeOperator value="darkMatterProfileScaleInterpolate" iterable="no"/>
  	<!-- Halo shapes -->
  	<nodeOperator value="darkMatterProfileShapeSet" iterable="no"/>
  	<nodeOperator value="darkMatterProfileShapeInterpolate" iterable="no"/>
  	<!-- Halo spins -->
  	<nodeOperator value="haloAngularMomentumRandom" iterable="no"/>
  	<nodeOperator value="haloAngularMomentumInterpolate" iterable="no"/>
	<!-- Satellite evolution -->
	<nodeOperator value="satelliteMergingTime" iterable="no"/>
	<nodeOperator value="satelliteMassLoss" iterable="no"/>
  	<!-- Star formation -->
  	<nodeOperator value="starFormationDisks" iterable="no"/>
  	<nodeOperator value="starFormationSpheroids" iterable="no"/>
  	<!--Stellar feedback outflows-->
  	<nodeOperator value="stellarFeedbackDisks" iterable="no">
  	  <stellarFeedbackOutflows value="rateLimit">
            <timescaleOutflowFractionalMinimum value="0.001"/>
            <stellarFeedbackOutflows value="powerLaw">
              <velocityCharacteristic value="250.0"/>
              <exponent value="3.5"/>
            </stellarFeedbackOutflows>
  	  </stellarFeedbackOutflows>
  	</nodeOperator>
  	<nodeOperator value="stellarFeedbackSpheroids" iterable="no">
  	  <stellarFeedbackOutflows value="rateLimit">
            <timescaleOutflowFractionalMinimum value="0.001"/>
            <stellarFeedbackOutflows value="powerLaw">
              <velocityCharacteristic value="250.0"/>
              <exponent value="3.5"/>
            </stellarFeedbackOutflows>
  	  </stellarFeedbackOutflows>
  	</nodeOperator>
  	<nodeOperator value="nodeFormationTimeCole2000" iterable="no"/>
      </nodeOperator>
    </darkMatterProfileDMO>
    <darkMatterProfileDMO value="accretionFlowDiemerKravtsov2014">
      <darkMatterProfileDMO value="NFW"/>
    </darkMatterProfileDMO>
  </parameters>
  <parameters>
    <formatVersion>2</formatVersion>
    <lastModified revision="165490f4968c699f7e5bb73ef60bcb7e626f51e6"/>
    <darkMatterProfile value="darkMatterOnly"/>
    <galacticStructureSolver value="equilibrium">
      <galacticStructureRadiiInitial value="gnedin2004" parameterLevel="top"/>
    </galacticStructureSolver>
    <galacticStructureSolver value="simple"/>
    <galacticStructureSolver value="linear"/>
    <galacticStructureSolver value="fixed"/>
  </parameters>
  <parameters>
    <formatVersion>2</formatVersion>
    <lastModified revision="165490f4968c699f7e5bb73ef60bcb7e626f51e6"/>
    <haloMassFunction value="shethTormen"/>
    <haloMassFunction value="tinker2008"/>
    <haloMassFunction value="tinker2008Generic"/>
    <haloMassFunction value="pressSchechter"/>
    <haloMassFunction value="rodriguezPuebla2016"/>
    <haloMassFunction value="bhattacharya2011"/>
    <haloMassFunction value="despali2015"/>
  </parameters>
  <parameters>
    <formatVersion>2</formatVersion>
    <lastModified revision="165490f4968c699f7e5bb73ef60bcb7e626f51e6"/>
    <haloSpinDistribution value="bett2007"/>
    <haloSpinDistribution value="logNormal"/>
    <haloSpinDistribution value="deltaFunction"/>
  </parameters>
  <parameters>
    <formatVersion>2</formatVersion>
    <lastModified revision="165490f4968c699f7e5bb73ef60bcb7e626f51e6"/>
    <chemicalState value="atomicCIECloudy"/>
    <chemicalState value="CIEFile">
      <fileName value="%DATASTATICPATH%/chemicalState/chemical_state_Atomic_CIE_Cloudy.hdf5"/>
    </chemicalState>
  </parameters>

  <!-- Tree construction methods -->
  <parameters>
    <formatVersion>2</formatVersion>
    <lastModified revision="165490f4968c699f7e5bb73ef60bcb7e626f51e6"/>
    <mergerTreeConstructor value="build">
      <redshiftBase value="0.0"/>
      <mergerTreeBuilder value="excursionSetSimulator">
  	<redshiftMaximum value="12.0"/>
      </mergerTreeBuilder>
      <mergerTreeMassResolution value="fixed">
  	<massResolution value="1.0e9"/>
      </mergerTreeMassResolution>
      <mergerTreeBuildMasses value="fixedMass">
  	<massTree value="1.0e12"/>
  	<treeCount value="1"/>
      </mergerTreeBuildMasses>
    </mergerTreeConstructor>
    <mergerTreeConstructor value="build">
      <redshiftBase value="0.0"/>
      <mergerTreeBuilder value="smoothAccretion">
  	<massHaloDeclineFactor value="0.9"/>
      </mergerTreeBuilder>
      <mergerTreeMassResolution value="fixed">
  	<massResolution value="1.0e9"/>
      </mergerTreeMassResolution>
      <mergerTreeBuildMasses value="fixedMass">
  	<massTree value="1.0e12"/>
  	<treeCount value="1"/>
      </mergerTreeBuildMasses>
      <mergerTreeBuildMasses value="fixedMass">
  	<massTree value="1.0e12"/>
  	<radiusTree value="300.0e-3"/>
  	<treeCount value="1"/>
      </mergerTreeBuildMasses>
      <darkMatterHaloMassAccretionHistory value="wechsler2002" parameterLevel="top"/>
      <darkMatterHaloMassAccretionHistory value="zhao2009" parameterLevel="top"/>
      <darkMatterHaloMassAccretionHistory value="correa2015" parameterLevel="top"/>
    </mergerTreeConstructor>
    <mergerTreeConstructor value="build">
      <mergerTreeBuildMasses value="sampledDistributionUniform" parameterLevel="top">
  	<mergerTreeBuildMassDistribution value="gaussian" parameterLevel="top">
  	  <mean value="1.0e12"/>
  	  <rootVariance value="0.2e12"/>
  	</mergerTreeBuildMassDistribution>
  	<mergerTreeBuildMassDistribution value="powerLaw" parameterLevel="top">
  	  <mergerTreeMassResolution value="fixed" parameterLevel="top">
  	    <massResolution value="5.0e11"/>
  	  </mergerTreeMassResolution>
  	</mergerTreeBuildMassDistribution>
  	<mergerTreeBuildMassDistribution value="haloMassFunction" parameterLevel="top"/>
  	<mergerTreeBuildMassDistribution value="stllrMssFnctn" parameterLevel="top">
  	  <massMaximum value="7.5857758e11"/>
  	  <massMinimum value="1.2589254e8"/>
  	  <constant value="1.0e-8"/>
  	  <alpha value="-0.3"/>
  	  <beta value="0.75"/>
  	  <massCharacteristic value="5.5e10"/>
  	  <normalization value="2.0e-4"/>
  	  <binWidthLogarithmic value="0.097"/>
  	  <metaTreeProcessingTime value="file" parameterLevel="top">
  	    <fileName value="testSuite/data/treeTiming.xml"/>
  	  </metaTreeProcessingTime>
  	  <mergerTreeMassResolution value="fixed" parameterLevel="top">
  	    <massResolution value="5.0e11"/>
  	  </mergerTreeMassResolution>
  	</mergerTreeBuildMassDistribution>
      </mergerTreeBuildMasses>
      <mergerTreeBuildMasses value="sampledDistributionPseudoRandom" parameterLevel="top"/>
      <mergerTreeBuildMasses value="sampledDistributionQuasiRandom" parameterLevel="top"/>
      <mergerTreeBuildMasses value="readXML" parameterLevel="top">
  	<fileName value="testSuite/data/mergerTreeBuilding/treeMasses.xml"/>
      </mergerTreeBuildMasses>
    </mergerTreeConstructor>
    
    <mergerTreeConstructor value="read">
      <fileNames value="testSuite/test-MergerTrees.hdf5"/>
      <nodeOperatorTreeInitializor value="darkMatterProfileScaleSet"/>
      <hotHaloRamPressureStripping value="virialRadius" parameterLevel="top"/>
      <componentHotHalo value="standard" parameterLevel="top">
	<trackStrippedGas value="false"/>
      </componentHotHalo>
      <presetOrbits value="true"/>
      <presetOrbitsBoundOnly value="true"/>
      <componentSatellite value="standard" parameterLevel="top">
    	<presetMergerTimes value="false" parameterLevel="-1"/>
    	<presetMergerNodes value="false" parameterLevel="-1"/>
      </componentSatellite>
      <componentSatellite value="preset" parameterLevel="top">
    	<presetMergerTimes value="true" parameterLevel="-1"/>
    	<presetMergerNodes value="true" parameterLevel="-1"/>
    	<satelliteMergingTimescalesSubresolution value="zero" parameterLevel="-1"/>
    	<satelliteMergingTimescalesSubresolution value="boylanKolchin2008" parameterLevel="-1"/>
      </componentSatellite>
      <componentPosition value="cartesian" parameterLevel="top"/>
      <componentPosition value="cartesian" parameterLevel="top">
	<nodeOperator value="multi" parameterLevel="top">
	  <!-- Cosmological epoch -->
	  <nodeOperator value="cosmicTime" iterable="no"/>
	  <!-- DMO evolution -->
	  <nodeOperator value="DMOInterpolate" iterable="no"/>
	  <!-- Halo concentrations -->
	  <nodeOperator value="darkMatterProfileScaleSet" iterable="no"/>
	  <nodeOperator value="darkMatterProfileScaleInterpolate" iterable="no"/>
	  <!-- Halo spins -->
	  <nodeOperator value="haloAngularMomentumRandom" iterable="no"/>
	  <nodeOperator value="haloAngularMomentumInterpolate" iterable="no"/>
	  <!-- Star formation -->
	  <nodeOperator value="starFormationDisks" iterable="no"/>
	  <nodeOperator value="starFormationSpheroids" iterable="no"/>
	  <!--Stellar feedback outflows-->
	  <nodeOperator value="stellarFeedbackDisks" iterable="no">
	    <stellarFeedbackOutflows value="rateLimit">
              <timescaleOutflowFractionalMinimum value="0.001"/>
              <stellarFeedbackOutflows value="powerLaw">
		<velocityCharacteristic value="250.0"/>
		<exponent value="3.5"/>
              </stellarFeedbackOutflows>
	    </stellarFeedbackOutflows>
	  </nodeOperator>
	  <nodeOperator value="stellarFeedbackSpheroids" iterable="no">
	    <stellarFeedbackOutflows value="rateLimit">
              <timescaleOutflowFractionalMinimum value="0.001"/>
              <stellarFeedbackOutflows value="powerLaw">
		<velocityCharacteristic value="250.0"/>
		<exponent value="3.5"/>
              </stellarFeedbackOutflows>
	    </stellarFeedbackOutflows>
	  </nodeOperator>
	  <nodeOperator value="positionInterpolated" iterable="no"/>
	</nodeOperator>
      </componentPosition>
      <componentPosition value="cartesian" parameterLevel="top">
	<nodeOperator value="multi" parameterLevel="top">
	  <!-- Cosmological epoch -->
	  <nodeOperator value="cosmicTime" iterable="no"/>
	  <!-- DMO evolution -->
	  <nodeOperator value="DMOInterpolate" iterable="no"/>
	  <!-- Halo concentrations -->
	  <nodeOperator value="darkMatterProfileScaleSet" iterable="no"/>
	  <nodeOperator value="darkMatterProfileScaleInterpolate" iterable="no"/>
	  <!-- Halo spins -->
	  <nodeOperator value="haloAngularMomentumRandom" iterable="no"/>
	  <nodeOperator value="haloAngularMomentumInterpolate" iterable="no"/>
	  <!-- Star formation -->
	  <nodeOperator value="starFormationDisks" iterable="no"/>
	  <nodeOperator value="starFormationSpheroids" iterable="no"/>
	  <!--Stellar feedback outflows-->
	  <nodeOperator value="stellarFeedbackDisks" iterable="no">
	    <stellarFeedbackOutflows value="rateLimit">
              <timescaleOutflowFractionalMinimum value="0.001"/>
              <stellarFeedbackOutflows value="powerLaw">
		<velocityCharacteristic value="250.0"/>
		<exponent value="3.5"/>
              </stellarFeedbackOutflows>
	    </stellarFeedbackOutflows>
	  </nodeOperator>
	  <nodeOperator value="stellarFeedbackSpheroids" iterable="no">
	    <stellarFeedbackOutflows value="rateLimit">
              <timescaleOutflowFractionalMinimum value="0.001"/>
              <stellarFeedbackOutflows value="powerLaw">
		<velocityCharacteristic value="250.0"/>
		<exponent value="3.5"/>
              </stellarFeedbackOutflows>
	    </stellarFeedbackOutflows>
	  </nodeOperator>
	  <nodeOperator value="positionOrphans" iterable="no"/>
	</nodeOperator>
      </componentPosition>
      <allowSubhaloPromotions value="true"/>
      <alwaysPromoteMostMassive value="false"/>
      <alwaysPromoteMostMassive value="true"/>
      <presetSubhaloMasses value="false"/>
      <presetSubhaloIndices value="false"/>
      <treeIndexToRootNodeIndex value="true"/>
      <mergerTreeEvolver value="standard" parameterLevel="top">
	<allTreesExistAtFinalTime value="false"/>
      </mergerTreeEvolver>
      <presetMergerTimes value="true"/>
      <presetPositions value="true"/>
      <presetAngularMomenta value="false"/>
      <presetScaleRadii value="false"/>
      <nodeOperator value="multi" parameterLevel="top">
	<!-- Cosmological epoch -->
	<nodeOperator value="cosmicTime" iterable="no"/>
	<!-- DMO evolution -->
	<nodeOperator value="DMOInterpolate" iterable="no"/>
	<!-- Halo concentrations -->
	<nodeOperator value="darkMatterProfileScaleSet" iterable="no"/>
	<nodeOperator value="darkMatterProfileScaleInterpolate" iterable="no"/>
	<!-- Halo spins -->
	<nodeOperator value="haloAngularMomentumRandom" iterable="no"/>
	<nodeOperator value="haloAngularMomentumInterpolate" iterable="no"/>
	<!-- Star formation -->
	<nodeOperator value="starFormationDisks" iterable="no"/>
	<nodeOperator value="starFormationSpheroids" iterable="no"/>
	<!--Stellar feedback outflows-->
	<nodeOperator value="stellarFeedbackDisks" iterable="no">
	  <stellarFeedbackOutflows value="rateLimit">
            <timescaleOutflowFractionalMinimum value="0.001"/>
            <stellarFeedbackOutflows value="powerLaw">
	      <velocityCharacteristic value="250.0"/>
	      <exponent value="3.5"/>
            </stellarFeedbackOutflows>
	  </stellarFeedbackOutflows>
	</nodeOperator>
	<nodeOperator value="stellarFeedbackSpheroids" iterable="no">
	  <stellarFeedbackOutflows value="rateLimit">
            <timescaleOutflowFractionalMinimum value="0.001"/>
            <stellarFeedbackOutflows value="powerLaw">
	      <velocityCharacteristic value="250.0"/>
	      <exponent value="3.5"/>
            </stellarFeedbackOutflows>
	  </stellarFeedbackOutflows>
	</nodeOperator>
      </nodeOperator>
    </mergerTreeConstructor>

    <!-- Tree filtering -->
    <mergerTreeConstructor value="filter">
      <mergerTreeConstructor value="build">
	<redshiftBase value="0.0"/>
      </mergerTreeConstructor>
      <!-- Filter trees - keep only those which pass all of the subsequent filters -->
      <mergerTreeFilter value="all" iterable="no">
	<!-- Build a filter to select trees with LMCs -->
	<mergerTreeFilter value="anyNode" iterable="no">
          <!-- Apply all LMC conditions -->
          <galacticFilter value="all">
            <!-- Consider the main branch (i.e. Milky Way halo) of the tree only -->
            <galacticFilter value="mainBranch" iterable="no"/>
            <!-- Consider only halos existing in the last 2 Gyr -->
            <galacticFilter value="highPass" iterable="no">
              <nodePropertyExtractor value="time"/>
              <threshold value="11.8"/>
            </galacticFilter>
            <!-- Consider only halos with a rank-2 child with a maximum circular velocity above 55 km/s -->
            <galacticFilter value="childNode" iterable="no">
              <childRank value="2"/>
              <galacticFilter value="highPass">
		<nodePropertyExtractor value="velocityMaximum"/>
		<threshold value="55.0"/>
              </galacticFilter>
            </galacticFilter>
          </galacticFilter>
	</mergerTreeFilter>
	<!-- Build a filter to select trees with Gaia-Enceladous mergers -->
	<mergerTreeFilter value="anyNode" iterable="no">
          <!-- Apply all Gaia-Enceladus conditions -->
          <galacticFilter value="all" iterable="no">
            <!-- Consider the main branch (i.e. Milky Way halo) of the tree only -->
            <galacticFilter value="mainBranch" iterable="no"/>
            <!-- Consider only halos existing in the redshift range 1-2 -->
            <galacticFilter value="intervalPass" iterable="no">
              <nodePropertyExtractor value="redshift"/>
              <thresholdLow value="1.0"/>
              <thresholdHigh value="2.0"/>
            </galacticFilter>
            <!--Consider only halos which undergo a merger in the mass ratio range 0.15-0.25  -->
            <galacticFilter value="mergerRatio" iterable="no">
              <ratioLow value="0.15"/>
              <ratioHigh value="0.25"/>
            </galacticFilter>
          </galacticFilter>
	</mergerTreeFilter>
      </mergerTreeFilter>
    </mergerTreeConstructor>
    
    <cosmologyParameters value="simple">
      <HubbleConstant value="73.0"/>
      <OmegaMatter value="0.25"/>
      <OmegaDarkEnergy value="0.75"/>
      <OmegaBaryon value="0.045"/>
      <temperatureCMB value="2.72548"/>
    </cosmologyParameters>
    <powerSpectrumPrimordial value="powerLaw">
      <index value="0.961"/>
      <wavenumberReference value="1.000"/>
      <running value="0.000"/>
    </powerSpectrumPrimordial>
    <cosmologicalMassVariance value="filteredPower">
      <sigma_8 value="0.9"/>
    </cosmologicalMassVariance>
  </parameters>
  
  <parameters>
    <formatVersion>2</formatVersion>
    <lastModified revision="165490f4968c699f7e5bb73ef60bcb7e626f51e6"/>
    <satelliteMergingTimescales value="boylanKolchin2008"/>
    <satelliteMergingTimescales value="laceyCole1993"/>
    <satelliteMergingTimescales value="jiang2008"/>
    <satelliteMergingTimescales value="laceyCole1993Tormen"/>
    <satelliteMergingTimescales value="wetzelWhite2010"/>
    <satelliteMergingTimescales value="villalobos2013">
      <satelliteMergingTimescales value="boylanKolchin2008"/>
    </satelliteMergingTimescales>
  </parameters>
  <parameters>
    <formatVersion>2</formatVersion>
    <lastModified revision="165490f4968c699f7e5bb73ef60bcb7e626f51e6"/>
    <!-- Use fairly strict limits on the outflow timescales to avoid unstable evolution. -->
    <diskOutflowTimescaleMinimum value="0.1"/>
    <spheroidOutflowTimescaleMinimum value="0.1"/>
    <stellarPopulationProperties value="instantaneous"/>
    <stellarPopulationProperties value="noninstantaneous"/>
  </parameters>
  <parameters>
    <formatVersion>2</formatVersion>
    <lastModified revision="165490f4968c699f7e5bb73ef60bcb7e626f51e6"/>
    <stellarPopulationSpectra value="FSPS"/>
  </parameters>
  <parameters>
    <formatVersion>2</formatVersion>
    <lastModified revision="165490f4968c699f7e5bb73ef60bcb7e626f51e6"/>
    <outputTimes value="list">
      <redshifts value="0.0 0.1"/>
    </outputTimes>
    <luminosityFilter value="RGO_I SDSS_g SDSS_r SDSS_i"/>
    <luminosityRedshift value="0.0 0.1 0.1 0.1"/>
    <luminosityType value="rest observed observed observed"/>
    <stellarPopulationSpectraPostprocessorBuilder value="lookup"/>
    <stellarPopulationSpectraPostprocessor value="meiksin2006"/>
    <stellarPopulationSpectraPostprocessor value="madau1995"/>
    <stellarPopulationSpectraPostprocessor value="inoue2014"/>
    <stellarPopulationSpectraPostprocessor value="lycSuppress"/>
    <stellarPopulationSpectraPostprocessor value="recent"/>
    <stellarPopulationSpectraPostprocessor value="identity"/>
  </parameters>
  <parameters>
    <formatVersion>2</formatVersion>
    <lastModified revision="165490f4968c699f7e5bb73ef60bcb7e626f51e6"/>
    <transferFunction value="file">
      <fileName value="%DATASTATICPATH%/largeScaleStructure/transferFunctionMillenniumSimulation.hdf5"/>
      <cosmologyParameters value="simple" parameterLevel="top">
  	<HubbleConstant value="73.0"/>
  	<OmegaMatter vaqlue="0.25"/>
  	<OmegaDarkEnergy value="0.75"/>
  	<OmegaBaryon value="0.0455"/>
      </cosmologyParameters>
      <cosmologicalMassVariance value="filteredPower" parameterLevel="top">
  	<tolerance value="3.0e-4"/>
  	<toleranceTopHat value="3.0e-4"/>
      </cosmologicalMassVariance>
    </transferFunction>
    <transferFunction value="BBKS"/>
    <transferFunction value="CAMB">
      <cosmologicalMassVariance value="filteredPower" parameterLevel="top">
  	<tolerance value="3.0e-4"/>
  	<toleranceTopHat value="3.0e-4"/>
      </cosmologicalMassVariance>
    </transferFunction>
    <transferFunction value="CLASSCDM">
      <cosmologicalMassVariance value="filteredPower" parameterLevel="top">
  	<tolerance value="3.0e-4"/>
  	<toleranceTopHat value="3.0e-4"/>
      </cosmologicalMassVariance>
    </transferFunction>
    <transferFunction value="eisensteinHu1999"/>
  </parameters>
  <parameters>
    <formatVersion>2</formatVersion>
    <lastModified revision="165490f4968c699f7e5bb73ef60bcb7e626f51e6"/>
    <virialDensityContrast value="sphericalCollapseClsnlssMttrCsmlgclCnstnt"/>
    <virialDensityContrast value="bryanNorman1998"/>
    <virialDensityContrast value="fixed"/>
    <virialDensityContrast value="friendsOfFriends"/>
  </parameters>
  <parameters>
    <formatVersion>2</formatVersion>
    <lastModified revision="165490f4968c699f7e5bb73ef60bcb7e626f51e6"/>
    <virialOrbit value="benson2005"/>
    <virialOrbit value="wetzel2010"/>
    <virialOrbit value="jiang2014"/>
    <virialOrbit value="fixed">
      <virialDensityContrastDefinition value="sphericalCollapseClsnlssMttrCsmlgclCnstnt"/>
    </virialOrbit>
    <virialOrbit value="massReduced">
      <virialOrbit value="benson2005"/>
    </virialOrbit>
  </parameters>
  <parameters>
    <formatVersion>2</formatVersion>
    <lastModified revision="165490f4968c699f7e5bb73ef60bcb7e626f51e6"/>
    <starFormationRateDisks value="timescale">
      <starFormationTimescale value="dynamicalTime"/>
      <starFormationTimescale value="baugh2005"/>
    </starFormationRateDisks>
    <starFormationRateDisks value="intgrtdSurfaceDensity">
      <starFormationRateSurfaceDensityDisks value="kennicuttSchmidt" parameterLevel="top">
        <truncate value="true"/>
        <truncate value="false"/>
      </starFormationRateSurfaceDensityDisks>
      <starFormationRateSurfaceDensityDisks value="blitz2006" parameterLevel="top"/>
      <starFormationRateSurfaceDensityDisks value="krumholz2009" parameterLevel="top">
        <molecularFractionFast value="false"/>
        <molecularFractionFast value="true"/>
      </starFormationRateSurfaceDensityDisks>
      <starFormationRateSurfaceDensityDisks value="extendedSchmidt" parameterLevel="top"/>
    </starFormationRateDisks>
  </parameters>
  <parameters>
    <formatVersion>2</formatVersion>
    <lastModified revision="165490f4968c699f7e5bb73ef60bcb7e626f51e6"/>
    <mergerRemnantSize value="cole2000"/>
    <mergerRemnantSize value="covington2008"/>
  </parameters>
  <parameters>
    <formatVersion>2</formatVersion>
    <lastModified revision="165490f4968c699f7e5bb73ef60bcb7e626f51e6"/>
    <darkMatterProfileConcentration value="gao2008"/>
    <darkMatterProfileConcentration value="zhao2009"/>
    <darkMatterProfileConcentration value="munozCuartas2011"/>
    <darkMatterProfileConcentration value="NFW1996"/>
    <darkMatterProfileConcentration value="prada2011"/>
    <darkMatterProfileConcentration value="duttonMaccio2014"/>
    <darkMatterProfileConcentration value="diemerKravtsov2014"/>
    <darkMatterProfileConcentration value="klypin2015"/>
  </parameters>

  <!-- Schneider 2015 concentration method -->
  <parameters>
  <formatVersion>2</formatVersion>
  <lastModified revision="165490f4968c699f7e5bb73ef60bcb7e626f51e6"/>
    <darkMatterProfileConcentration value="schneider2015">
      <reference value="" ignoreWarnings="true">
  	<criticalOverdensity value="fixed">
  	  <criticalOverdensity value="1.686"/>
  	</criticalOverdensity>
  	<cosmologicalMassVariance value="filteredPower">
  	  <sigma_8 value="0.9"/>
  	</cosmologicalMassVariance>
  	<cosmologyParameters value="simple">
  	  <HubbleConstant value="70.0"/>
  	  <OmegaMatter value="0.32"/>
  	  <OmegaDarkEnergy value="0.68"/>
  	  <OmegaBaryon value="0.045"/>
  	  <temperatureCMB value="2.725"/>
  	</cosmologyParameters>
  	<darkMatterProfileConcentration value="gao2008"/>
  	<linearGrowth value="collisionlessMatter"/>
  	<cosmologyFunctions value="matterLambda"/>
  	<powerSpectrumPrimordial value="powerLaw">
  	  <index value="1.0"/>
  	  <wavenumberReference value="1.0"/>
  	  <running value="0.0"/>
  	</powerSpectrumPrimordial>
  	<powerSpectrumPrimordialTransferred value="simple"/>
  	<powerSpectrumWindowFunction value="topHat"/>
  	<transferFunction value="eisensteinHu1999">
  	  <neutrinoNumberEffective value="3.046"/>
  	  <neutrinoMassSummed value="0.000"/>
  	</transferFunction>
      </reference>
    </darkMatterProfileConcentration>
  </parameters>
  
  <!-- Molecular hydrogen network and cooling. -->
  <parameters>
    <formatVersion>2</formatVersion>
    <lastModified revision="165490f4968c699f7e5bb73ef60bcb7e626f51e6"/>
    <chemicalReactionRate value="hydrogenNetwork">
      <fast value="true"/>
    </chemicalReactionRate>
    <chemicalsToTrack value="AtomicHydrogen AtomicHydrogenCation MolecularHydrogen Electron MolecularHydrogenCation AtomicHydrogenAnion"/>
    <coolingFunction value="summation">
      <coolingFunction value="atomicCIECloudy" iterable="no"/>
      <coolingFunction value="CMBCompton" iterable="no"/>
      <coolingFunction value="molecularHydrogenGalliPalla" iterable="no"/>
    </coolingFunction>
    <mergerTreeBuildMasses value="sampledDistributionUniform">
      <massTreeMaximum value="1.0e11"/>
    </mergerTreeBuildMasses>
  </parameters>
  
  <!-- Black hole binary methods. -->
  <parameters>
    <formatVersion>2</formatVersion>
    <lastModified revision="165490f4968c699f7e5bb73ef60bcb7e626f51e6"/>
    <componentBlackHole value="nonCentral"/>
    <blackHoleBinaryInitialSeparation value="spheroidRadiusFraction"/>
    <blackHoleBinaryInitialSeparation value="tidalRadius">
      <blackHoleBinaryRecoil value="zero" parameterLevel="top"/>
      <blackHoleBinaryRecoil value="campanelli2007" parameterLevel="top">
  	<blackHoleBinarySeparationGrowthRate value="zero" parameterLevel="top"/>
  	<blackHoleBinarySeparationGrowthRate value="standard" parameterLevel="top">
	  <componentBlackHole value="nonCentral" parameterLevel="top">
  	    <tripleInteraction value="false"/>
  	    <tripleInteraction value="true">
  	      <outputMergers value="false" parameterLevel="-1"/>
  	      <outputMergers value="true" parameterLevel="-1"/>
  	    </tripleInteraction>
	  </componentBlackHole>
  	</blackHoleBinarySeparationGrowthRate>
      </blackHoleBinaryRecoil>
    </blackHoleBinaryInitialSeparation>
    <blackHoleBinaryInitialSeparation value="volonteri2003"/>
  </parameters>
  <parameters>
    <formatVersion>2</formatVersion>
    <lastModified revision="165490f4968c699f7e5bb73ef60bcb7e626f51e6"/>
    <componentBlackHole value="standard">
    <outputData value="true"/>
    <nodePropertyExtractor value="multi" parameterLevel="top">
      <nodePropertyExtractor value="nodeIndices"                   iterable="no"/>
      <nodePropertyExtractor value="massBlackHoles"                iterable="no"/>
      <nodePropertyExtractor value="spinBlackHoles"                iterable="no"/>
      <nodePropertyExtractor value="radiativeEfficiencyBlackHoles" iterable="no"/>
      <nodePropertyExtractor value="radiusBlackHoles"              iterable="no"/>
      <nodePropertyExtractor value="massAccretionRateBlackHoles"   iterable="no"/>
      <nodePropertyExtractor value="jetPowerBlackHoles"            iterable="no"/>
    </nodePropertyExtractor>
  </componentBlackHole>

  </parameters>

  <!-- Cooling rate methods. -->
  <parameters>
    <formatVersion>2</formatVersion>
    <lastModified revision="165490f4968c699f7e5bb73ef60bcb7e626f51e6"/>
    <coolingRate value="whiteFrenk1991"/>
    <coolingRate value="cole2000">
      <coolingTimeAvailable value="whiteFrenk1991" parameterLevel="top"/>
      <coolingTimeAvailable value="formationTime" parameterLevel="top"/>
      <componentHotHalo value="standard" parameterLevel="top">
	<coolingFromNode value="formationNode"/>
      </componentHotHalo>
      <nodeOperator value="multi" parameterLevel="top">
  	<!-- Cosmological epoch -->
  	<nodeOperator value="cosmicTime" iterable="no"/>
  	<!-- DMO evolution -->
  	<nodeOperator value="DMOInterpolate" iterable="no"/>
  	<!-- Halo concentrations -->
  	<nodeOperator value="darkMatterProfileScaleSet" iterable="no"/>
  	<nodeOperator value="darkMatterProfileScaleInterpolate" iterable="no"/>
  	<!-- Halo spins -->
  	<nodeOperator value="haloAngularMomentumRandom" iterable="no"/>
  	<nodeOperator value="haloAngularMomentumInterpolate" iterable="no"/>
  	<!-- Satellite evolution -->
	<nodeOperator value="satelliteMergingTime" iterable="no"/>
	<nodeOperator value="satelliteMassLoss" iterable="no"/>
	<!-- Star formation -->
  	<nodeOperator value="starFormationDisks" iterable="no"/>
  	<nodeOperator value="starFormationSpheroids" iterable="no"/>
  	<!--Stellar feedback outflows-->
  	<nodeOperator value="stellarFeedbackDisks" iterable="no">
  	  <stellarFeedbackOutflows value="rateLimit">
            <timescaleOutflowFractionalMinimum value="0.001"/>
            <stellarFeedbackOutflows value="powerLaw">
              <velocityCharacteristic value="250.0"/>
              <exponent value="3.5"/>
            </stellarFeedbackOutflows>
  	  </stellarFeedbackOutflows>
  	</nodeOperator>
  	<nodeOperator value="stellarFeedbackSpheroids" iterable="no">
  	  <stellarFeedbackOutflows value="rateLimit">
            <timescaleOutflowFractionalMinimum value="0.001"/>
            <stellarFeedbackOutflows value="powerLaw">
              <velocityCharacteristic value="250.0"/>
              <exponent value="3.5"/>
            </stellarFeedbackOutflows>
  	  </stellarFeedbackOutflows>
  	</nodeOperator>
  	<nodeOperator value="nodeFormationTimeCole2000" iterable="no"/>
      </nodeOperator>
      <nodePropertyExtractor value="rateCooling" parameterLevel="top"/>
    </coolingRate>
  </parameters>
  
  <!-- Spheroid comopnents. -->
  <parameters>
    <formatVersion>2</formatVersion>
    <lastModified revision="165490f4968c699f7e5bb73ef60bcb7e626f51e6"/>
    <componentSpheroid value="standard">
      <massDistributionSpheroid value="hernquist">
	<dimensionless value="true"/>
      </massDistributionSpheroid>
      <massDistributionSpheroid value="sersic">
	<dimensionless value="true"/>
      </massDistributionSpheroid>
    </componentSpheroid>

  </parameters>
  
  <!-- Black hole comopnents. -->
  <parameters>
    <formatVersion>2</formatVersion>
    <lastModified revision="165490f4968c699f7e5bb73ef60bcb7e626f51e6"/>
    <componentBlackHole value="standard"/>
    <componentBlackHole value="simple"/>
  </parameters>
  
  <!-- Infall and freefall radii. -->
  <parameters>
    <formatVersion>2</formatVersion>
    <lastModified revision="165490f4968c699f7e5bb73ef60bcb7e626f51e6"/>
    <coolingInfallRadius value="coolingRadius"/>
    <coolingInfallRadius value="coolingFreefall">
      <freefallRadius value="darkMatterHalo"/>
      <freefallTimeAvailable value="haloFormation" parameterLevel="top"/>
      <nodeOperator value="multi" parameterLevel="top">
  	<!-- Cosmological epoch -->
  	<nodeOperator value="cosmicTime" iterable="no"/>
  	<!-- DMO evolution -->
  	<nodeOperator value="DMOInterpolate" iterable="no"/>
  	<!-- Halo concentrations -->
  	<nodeOperator value="darkMatterProfileScaleSet" iterable="no"/>
  	<nodeOperator value="darkMatterProfileScaleInterpolate" iterable="no"/>
  	<!-- Halo spins -->
  	<nodeOperator value="haloAngularMomentumRandom" iterable="no"/>
  	<nodeOperator value="haloAngularMomentumInterpolate" iterable="no"/>
 	<!-- Satellite evolution -->
	<nodeOperator value="satelliteMergingTime" iterable="no"/>
	<nodeOperator value="satelliteMassLoss" iterable="no"/>
 	<!-- Star formation -->
  	<nodeOperator value="starFormationDisks" iterable="no"/>
  	<nodeOperator value="starFormationSpheroids" iterable="no"/>
  	<!--Stellar feedback outflows-->
  	<nodeOperator value="stellarFeedbackDisks" iterable="no">
  	  <stellarFeedbackOutflows value="rateLimit">
            <timescaleOutflowFractionalMinimum value="0.001"/>
            <stellarFeedbackOutflows value="powerLaw">
              <velocityCharacteristic value="250.0"/>
              <exponent value="3.5"/>
            </stellarFeedbackOutflows>
  	  </stellarFeedbackOutflows>
  	</nodeOperator>
  	<nodeOperator value="stellarFeedbackSpheroids" iterable="no">
  	  <stellarFeedbackOutflows value="rateLimit">
            <timescaleOutflowFractionalMinimum value="0.001"/>
            <stellarFeedbackOutflows value="powerLaw">
              <velocityCharacteristic value="250.0"/>
              <exponent value="3.5"/>
            </stellarFeedbackOutflows>
  	  </stellarFeedbackOutflows>
  	</nodeOperator>
  	<nodeOperator value="nodeFormationTimeCole2000" iterable="no"/>
      </nodeOperator>
    </coolingInfallRadius>
  </parameters>
  
  <!-- Cooling time available. -->
  <parameters>
    <formatVersion>2</formatVersion>
    <lastModified revision="165490f4968c699f7e5bb73ef60bcb7e626f51e6"/>
    <coolingTimeAvailable value="whiteFrenk1991"/>
    <coolingTimeAvailable value="formationTime">
      <nodeOperator value="multi" parameterLevel="top">
  	<!-- Cosmological epoch -->
  	<nodeOperator value="cosmicTime" iterable="no"/>
  	<!-- DMO evolution -->
  	<nodeOperator value="DMOInterpolate" iterable="no"/>
  	<!-- Halo concentrations -->
  	<nodeOperator value="darkMatterProfileScaleSet" iterable="no"/>
  	<nodeOperator value="darkMatterProfileScaleInterpolate" iterable="no"/>
  	<!-- Halo spins -->
  	<nodeOperator value="haloAngularMomentumRandom" iterable="no"/>
  	<nodeOperator value="haloAngularMomentumInterpolate" iterable="no"/>
  	<!-- Satellite evolution -->
	<nodeOperator value="satelliteMergingTime" iterable="no"/>
	<nodeOperator value="satelliteMassLoss" iterable="no"/>
	<!-- Star formation -->
  	<nodeOperator value="starFormationDisks" iterable="no"/>
  	<nodeOperator value="starFormationSpheroids" iterable="no"/>
  	<!--Stellar feedback outflows-->
  	<nodeOperator value="stellarFeedbackDisks" iterable="no">
  	  <stellarFeedbackOutflows value="rateLimit">
            <timescaleOutflowFractionalMinimum value="0.001"/>
            <stellarFeedbackOutflows value="powerLaw">
              <velocityCharacteristic value="250.0"/>
              <exponent value="3.5"/>
            </stellarFeedbackOutflows>
  	  </stellarFeedbackOutflows>
  	</nodeOperator>
  	<nodeOperator value="stellarFeedbackSpheroids" iterable="no">
  	  <stellarFeedbackOutflows value="rateLimit">
            <timescaleOutflowFractionalMinimum value="0.001"/>
            <stellarFeedbackOutflows value="powerLaw">
              <velocityCharacteristic value="250.0"/>
              <exponent value="3.5"/>
            </stellarFeedbackOutflows>
  	  </stellarFeedbackOutflows>
  	</nodeOperator>
  	<nodeOperator value="nodeFormationTimeCole2000" iterable="no"/>
      </nodeOperator>
    </coolingTimeAvailable>
  </parameters>
  
  <!-- Cooling specific angular momentum. -->
  <parameters>
    <formatVersion>2</formatVersion>
    <lastModified revision="165490f4968c699f7e5bb73ef60bcb7e626f51e6"/>
    <coolingSpecificAngularMomentum value="mean"/>
    <coolingSpecificAngularMomentum value="constantRotation">
      <sourceAngularMomentumSpecificMean value="hotGas">
  	<useInteriorMean value="true"/>
  	<useInteriorMean value="false"/>
      </sourceAngularMomentumSpecificMean>
      <sourceAngularMomentumSpecificMean value="darkMatter"/>
    </coolingSpecificAngularMomentum>
  </parameters>
  
  <!-- Subhalo mass loss rates. -->
  <parameters>
    <formatVersion>2</formatVersion>
    <lastModified revision="165490f4968c699f7e5bb73ef60bcb7e626f51e6"/>
    <darkMatterHaloMassLossRate value="zero"/>
    <darkMatterHaloMassLossRate value="vanDenBosch"/>
  </parameters>
  
  <!-- Merger mass movements. -->
  <parameters>
    <formatVersion>2</formatVersion>
    <lastModified revision="165490f4968c699f7e5bb73ef60bcb7e626f51e6"/>
    <mergerMassMovements value="simple"/>
    <mergerMassMovements value="baugh2005"/>
  </parameters>
  
  <!-- Star formation feedback. -->
  <parameters>
    <formatVersion>2</formatVersion>
    <lastModified revision="165490f4968c699f7e5bb73ef60bcb7e626f51e6"/>
    <starFormationFeedbackDisks value="powerLaw"/>
    <starFormationFeedbackDisks value="creasey2012"/>
  </parameters>

  <!-- Expulsive feedback. -->
  <parameters>
    <formatVersion>2</formatVersion>
    <lastModified revision="165490f4968c699f7e5bb73ef60bcb7e626f51e6"/>
    <starFormationExpulsiveFeedbackDisks value="zero"/>
    <starFormationExpulsiveFeedbackDisks value="superWind">
      <starFormationExpulsiveFeedbackSpheroids value="zero" parameterLevel="top"/>
      <starFormationExpulsiveFeedbackSpheroids value="superWind" parameterLevel="top"/>
    </starFormationExpulsiveFeedbackDisks>
  </parameters>

  <!-- Test different IMFs -->
  <parameters>
    <formatVersion>2</formatVersion>
    <lastModified revision="165490f4968c699f7e5bb73ef60bcb7e626f51e6"/>
    <stellarPopulationSelector value="fixed">
      <imfSelectionFixed value="Baugh2005TopHeavy" parameterLevel="top"/>
      <imfSelectionFixed value="Chabrier" parameterLevel="top"/>
      <imfSelectionFixed value="Kennicutt" parameterLevel="top"/>
      <imfSelectionFixed value="Kroupa" parameterLevel="top"/>
      <imfSelectionFixed value="Miller-Scalo" parameterLevel="top"/>
      <imfSelectionFixed value="Salpeter" parameterLevel="top"/>
      <imfSelectionFixed value="Scalo" parameterLevel="top"/>
      <imfSelectionFixed value="PiecewisePowerLaw" parameterLevel="top">
  	<imfPiecewisePowerLawMassPoints value="0.1 1.0 125.0" parameterLevel="top"/>
  	<imfPiecewisePowerLawExponents value="-1.5 -2.3" parameterLevel="top"/>
      </imfSelectionFixed>
    </stellarPopulationSelector>
    <stellarPopulationSelector value="diskSpheroid">
      <stellarPopulationDisk value="standard">
  	<initialMassFunction value="chabrier2001"/>
      </stellarPopulationDisk>
      <stellarPopulationSpheroid value="standard">
  	<initialMassFunction value="kennicutt1983"/>
      </stellarPopulationSpheroid>
    </stellarPopulationSelector>
  </parameters>

  <!-- Hot halo density profile -->
  <parameters>
    <formatVersion>2</formatVersion>
    <lastModified revision="165490f4968c699f7e5bb73ef60bcb7e626f51e6"/>
    <hotHaloMassDistribution value="ricotti2000"/>
    <hotHaloMassDistribution value="betaProfile">
      <hotHaloMassDistributionCoreRadius value="virialFraction"/>
      <hotHaloMassDistributionCoreRadius value="growing"/>
    </hotHaloMassDistribution>
  </parameters>
  
  <!-- Output bar instability properties -->
  <parameters>
    <formatVersion>2</formatVersion>
    <lastModified revision="165490f4968c699f7e5bb73ef60bcb7e626f51e6"/>
    <nodePropertyExtractor value="multi">
      <nodePropertyExtractor value="adiabaticRatioOrbitalDisk" iterable="no"/>
      <nodePropertyExtractor value="timescaleBarInstability" iterable="no"/>
    </nodePropertyExtractor>
  </parameters>

  <!-- Output density contrasts -->
  <parameters>
    <formatVersion>2</formatVersion>
    <lastModified revision="165490f4968c699f7e5bb73ef60bcb7e626f51e6"/>
    <nodePropertyExtractor value="densityContrasts">
      <densityContrasts value="200 500"/>
    </nodePropertyExtractor>
  </parameters>

  <!-- Output half-light radii -->
  <parameters>
    <formatVersion>2</formatVersion>
    <lastModified revision="165490f4968c699f7e5bb73ef60bcb7e626f51e6"/>
    <outputTimes value="list">
      <redshifts value="0.0 0.1"/>
    </outputTimes>
    <nodeProprtyExtractor value="radiiHalfLightProperties"/>
    <luminosityFilter value="RGO_I SDSS_g SDSS_r SDSS_i"/>
    <luminosityType value="rest observed observed observed"/>
    <luminosityRedshift value="0.0 0.1 0.1 0.1"/>
  </parameters>

  <!-- Output main branch -->
  <parameters>
    <formatVersion>2</formatVersion>
    <lastModified revision="165490f4968c699f7e5bb73ef60bcb7e626f51e6"/>
    <nodePropertyExtractor value="mainBranchStatus"/>
  </parameters>

  <!-- Output star formation rates -->
  <parameters>
    <formatVersion>2</formatVersion>
    <lastModified revision="165490f4968c699f7e5bb73ef60bcb7e626f51e6"/>
    <nodePropertyExtractor value="multi">
      <nodePropertyExtractor value="starFormationRate">
  	<component value="disk"/>
      </nodePropertyExtractor>
      <nodePropertyExtractor value="starFormationRate">
  	<component value="spheroid"/>
      </nodePropertyExtractor>
    </nodePropertyExtractor>
  </parameters>

  <!-- Output star formation histories -->
  <parameters>
    <formatVersion>2</formatVersion>
    <lastModified revision="165490f4968c699f7e5bb73ef60bcb7e626f51e6"/>
    <starFormationHistory value="metallicitySplit"/>
  </parameters>

  <!-- Output virial quantities -->
  <parameters>
    <formatVersion>2</formatVersion>
    <lastModified revision="165490f4968c699f7e5bb73ef60bcb7e626f51e6"/>
    <nodePropertyExtractor value="virialProperties"/>
  </parameters>
  
  <!-- Output descendant indices -->
  <parameters>
    <formatVersion>2</formatVersion>
    <lastModified revision="165490f4968c699f7e5bb73ef60bcb7e626f51e6"/>
    <nodePropertyExtractor value="descendants"/>
    <componentSatellite value="standard"/>
  </parameters>
  
  <!-- Output most massive progenitors -->
  <parameters>
    <formatVersion>2</formatVersion>
    <lastModified revision="165490f4968c699f7e5bb73ef60bcb7e626f51e6"/>
    <nodePropertyExtractor value="mostMassiveProgenitor"/>
  </parameters>
  
  <!-- Calculation of luminosities -->
  <parameters>
    <formatVersion>2</formatVersion>
    <lastModified revision="165490f4968c699f7e5bb73ef60bcb7e626f51e6"/>
    <outputTimes value="list">
      <redshifts value="0.0 0.1"/>
    </outputTimes>
    <luminosityFilter value="RGO_I SDSS_g SDSS_r SDSS_i"/>
    <luminosityType value="rest observed observed observed"/>
    <luminosityRedshift value="0.0 0.1 0.1 0.1"/>
    <initialMassFunction value="chabrier2001"/>
    <initialMassFunction value="kroupa2001"/>
    <initialMassFunction value="salpeter1955"/>
  </parameters>

  <!-- Calculation of luminosities at all output redshifts -->
  <parameters>
    <formatVersion>2</formatVersion>
    <lastModified revision="165490f4968c699f7e5bb73ef60bcb7e626f51e6"/>
    <luminosityFilter value="RGO_I SDSS_g SDSS_r SDSS_i"/>
    <luminosityType value="rest observed observed observed"/>
    <luminosityRedshift value="all all all all"/>
    <outputTimes value="list">
      <redshifts value="0.064 0.041 0.020 0.000"/>
    </outputTimes>
  </parameters>

  <!-- Calculation of luminosities with top-hat filters -->
  <parameters>
    <formatVersion>2</formatVersion>
    <lastModified revision="165490f4968c699f7e5bb73ef60bcb7e626f51e6"/>
    <luminosityFilter value="fixedResolutionTopHat_2000_10 fixedResolutionTopHat_4000_5 fixedResolutionTopHat_6000_3 fixedResolutionTopHat_7000_2"/>
    <luminosityType value="rest rest rest rest"/>
    <luminosityRedshift value="0.0 0.0 0.0 0.0"/>
    <outputTimes value="list">
      <redshifts value="0.0"/>
    </outputTimes>
  </parameters>

  <!-- Calculation of luminosities with array of top-hat filters -->
  <parameters>
    <formatVersion>2</formatVersion>
    <lastModified revision="165490f4968c699f7e5bb73ef60bcb7e626f51e6"/>
    <luminosityFilter value="fixedResolutionTopHat_2000_7000_10"/>
    <luminosityType value="rest"/>
    <luminosityRedshift value="0.0"/>
    <outputTimes value="list">
      <redshifts value="0.0"/>
    </outputTimes>
  </parameters>

  <!-- Black hole wind efficiencies -->
  <parameters>
    <formatVersion>2</formatVersion>
    <lastModified revision="165490f4968c699f7e5bb73ef60bcb7e626f51e6"/>
    <componentBlackHole value="standard">
      <efficiencyWindScalesWithEfficiencyRadiative value="false"/>
      <efficiencyWindScalesWithEfficiencyRadiative value="true"/>
    </componentBlackHole>
  </parameters>

  <!-- Hot halo ram pressure forces -->
  <parameters>
    <formatVersion>2</formatVersion>
    <lastModified revision="165490f4968c699f7e5bb73ef60bcb7e626f51e6"/>
    <hotHaloRamPressureForce value="font2008"/>
    <hotHaloRamPressureForce value="zero"/>
  </parameters>

  <!-- Hot halo ram pressure mass loss rates -->
  <parameters>
    <formatVersion>2</formatVersion>
    <lastModified revision="165490f4968c699f7e5bb73ef60bcb7e626f51e6"/>
    <hotHaloRamPressureForce value="font2008"/>
    <hotHaloRamPressureTimescale value="haloDynamicalTime"/>
    <hotHaloRamPressureTimescale value="ramPressureAcceleration"/>
  </parameters>

  <!-- Disk and spheroid ram pressure mass loss rates -->
  <parameters>
    <formatVersion>2</formatVersion>
    <lastModified revision="165490f4968c699f7e5bb73ef60bcb7e626f51e6"/>
    <nodeOperator value="multi">
      <!-- Cosmological epoch -->
      <nodeOperator value="cosmicTime" iterable="no"/>
      <!-- DMO evolution -->
      <nodeOperator value="DMOInterpolate" iterable="no"/>
      <!-- Halo concentrations -->
      <nodeOperator value="darkMatterProfileScaleSet" iterable="no"/>
      <nodeOperator value="darkMatterProfileScaleInterpolate" iterable="no"/>
      <!-- Halo spins -->
      <nodeOperator value="haloAngularMomentumRandom" iterable="no">
  	<factorReset value="2.0"/>
      </nodeOperator>
      <nodeOperator value="haloAngularMomentumInterpolate" iterable="no"/>
      <!-- Satellite evolution -->
      <nodeOperator value="satelliteMergingTime" iterable="no"/>
      <nodeOperator value="satelliteMassLoss" iterable="no"/>
      <!-- Star formation -->
      <nodeOperator value="starFormationDisks" iterable="no"/>
      <nodeOperator value="starFormationSpheroids" iterable="no"/>
      <!--Stellar feedback outflows-->
      <nodeOperator value="stellarFeedbackDisks" iterable="no">
  	<stellarFeedbackOutflows value="rateLimit">
          <timescaleOutflowFractionalMinimum value="0.001"/>
          <stellarFeedbackOutflows value="powerLaw">
            <velocityCharacteristic value="250.0"/>
            <exponent value="3.5"/>
          </stellarFeedbackOutflows>
  	</stellarFeedbackOutflows>
      </nodeOperator>
      <nodeOperator value="stellarFeedbackSpheroids" iterable="no">
  	<stellarFeedbackOutflows value="rateLimit">
          <timescaleOutflowFractionalMinimum value="0.001"/>
          <stellarFeedbackOutflows value="powerLaw">
            <velocityCharacteristic value="250.0"/>
            <exponent value="3.5"/>
          </stellarFeedbackOutflows>
  	</stellarFeedbackOutflows>
      </nodeOperator>
      <nodeOperator value="ramPressureMassLossDisks" iterable="no"/>
    </nodeOperator>
    <ramPressureStripping value="simpleCylindrical"/>
  </parameters>
  <parameters>
    <formatVersion>2</formatVersion>
    <lastModified revision="165490f4968c699f7e5bb73ef60bcb7e626f51e6"/>
    <nodeOperator value="multi">
      <!-- Cosmological epoch -->
      <nodeOperator value="cosmicTime" iterable="no"/>
      <!-- DMO evolution -->
      <nodeOperator value="DMOInterpolate" iterable="no"/>
      <!-- Halo concentrations -->
      <nodeOperator value="darkMatterProfileScaleSet" iterable="no"/>
      <nodeOperator value="darkMatterProfileScaleInterpolate" iterable="no"/>
      <!-- Halo spins -->
      <nodeOperator value="haloAngularMomentumRandom" iterable="no">
  	<factorReset value="2.0"/>
      </nodeOperator>
      <!-- Satellite evolution -->
      <nodeOperator value="satelliteMergingTime" iterable="no"/>
      <nodeOperator value="satelliteMassLoss" iterable="no"/>
      <!-- Star formation -->
      <nodeOperator value="starFormationDisks" iterable="no"/>
      <nodeOperator value="starFormationSpheroids" iterable="no"/>
      <!--Stellar feedback outflows-->
      <nodeOperator value="stellarFeedbackDisks" iterable="no">
  	<stellarFeedbackOutflows value="rateLimit">
          <timescaleOutflowFractionalMinimum value="0.001"/>
          <stellarFeedbackOutflows value="powerLaw">
            <velocityCharacteristic value="250.0"/>
            <exponent value="3.5"/>
          </stellarFeedbackOutflows>
  	</stellarFeedbackOutflows>
      </nodeOperator>
      <nodeOperator value="stellarFeedbackSpheroids" iterable="no">
  	<stellarFeedbackOutflows value="rateLimit">
          <timescaleOutflowFractionalMinimum value="0.001"/>
          <stellarFeedbackOutflows value="powerLaw">
            <velocityCharacteristic value="250.0"/>
            <exponent value="3.5"/>
          </stellarFeedbackOutflows>
  	</stellarFeedbackOutflows>
      </nodeOperator>
      <nodeOperator value="ramPressureMassLossSpheroids" iterable="no"/>
    </nodeOperator>
    <ramPressureStripping value="simpleSpherical"/>
  </parameters>

  <!-- Disk and spheroid tidal mass loss rates -->
  <parameters>
    <formatVersion>2</formatVersion>
    <lastModified revision="165490f4968c699f7e5bb73ef60bcb7e626f51e6"/>
    <nodeOperator value="multi">
      <!-- Cosmological epoch -->
      <nodeOperator value="cosmicTime" iterable="no"/>
      <!-- DMO evolution -->
      <nodeOperator value="DMOInterpolate" iterable="no"/>
      <!-- Halo concentrations -->
      <nodeOperator value="darkMatterProfileScaleSet" iterable="no"/>
      <nodeOperator value="darkMatterProfileScaleInterpolate" iterable="no"/>
      <!-- Halo spins -->
      <nodeOperator value="haloAngularMomentumRandom" iterable="no">
  	<factorReset value="2.0"/>
      </nodeOperator>
      <!-- Satellite evolution -->
      <nodeOperator value="satelliteMergingTime" iterable="no"/>
      <nodeOperator value="satelliteMassLoss" iterable="no"/>
      <!-- Star formation -->
      <nodeOperator value="starFormationDisks" iterable="no"/>
      <nodeOperator value="starFormationSpheroids" iterable="no"/>
      <!--Stellar feedback outflows-->
      <nodeOperator value="stellarFeedbackDisks" iterable="no">
  	<stellarFeedbackOutflows value="rateLimit">
          <timescaleOutflowFractionalMinimum value="0.001"/>
          <stellarFeedbackOutflows value="powerLaw">
            <velocityCharacteristic value="250.0"/>
            <exponent value="3.5"/>
          </stellarFeedbackOutflows>
  	</stellarFeedbackOutflows>
      </nodeOperator>
      <nodeOperator value="stellarFeedbackSpheroids" iterable="no">
  	<stellarFeedbackOutflows value="rateLimit">
          <timescaleOutflowFractionalMinimum value="0.001"/>
          <stellarFeedbackOutflows value="powerLaw">
            <velocityCharacteristic value="250.0"/>
            <exponent value="3.5"/>
          </stellarFeedbackOutflows>
  	</stellarFeedbackOutflows>
      </nodeOperator>
      <nodeOperator value="tidalMassLossDisks" iterable="no"/>
    </nodeOperator>
    <tidalStripping value="simple"/>
    <satelliteTidalField value="sphericalSymmetry"/>
  </parameters>
  <parameters>
    <formatVersion>2</formatVersion>
    <lastModified revision="165490f4968c699f7e5bb73ef60bcb7e626f51e6"/>
    <nodeOperator value="multi">
      <!-- Cosmological epoch -->
      <nodeOperator value="cosmicTime" iterable="no"/>
      <!-- DMO evolution -->
      <nodeOperator value="DMOInterpolate" iterable="no"/>
      <!-- Halo concentrations -->
      <nodeOperator value="darkMatterProfileScaleSet" iterable="no"/>
      <nodeOperator value="darkMatterProfileScaleInterpolate" iterable="no"/>
      <!-- Halo spins -->
      <nodeOperator value="haloAngularMomentumRandom" iterable="no">
  	<factorReset value="2.0"/>
      </nodeOperator>
      <!-- Satellite evolution -->
      <nodeOperator value="satelliteMergingTime" iterable="no"/>
      <nodeOperator value="satelliteMassLoss" iterable="no"/>
      <!-- Star formation -->
      <nodeOperator value="starFormationDisks" iterable="no"/>
      <nodeOperator value="starFormationSpheroids" iterable="no"/>
      <!--Stellar feedback outflows-->
      <nodeOperator value="stellarFeedbackDisks" iterable="no">
  	<stellarFeedbackOutflows value="rateLimit">
          <timescaleOutflowFractionalMinimum value="0.001"/>
          <stellarFeedbackOutflows value="powerLaw">
            <velocityCharacteristic value="250.0"/>
            <exponent value="3.5"/>
          </stellarFeedbackOutflows>
  	</stellarFeedbackOutflows>
      </nodeOperator>
      <nodeOperator value="stellarFeedbackSpheroids" iterable="no">
  	<stellarFeedbackOutflows value="rateLimit">
          <timescaleOutflowFractionalMinimum value="0.001"/>
          <stellarFeedbackOutflows value="powerLaw">
            <velocityCharacteristic value="250.0"/>
            <exponent value="3.5"/>
          </stellarFeedbackOutflows>
  	</stellarFeedbackOutflows>
      </nodeOperator>
      <nodeOperator value="tidalMassLossSpheroids" iterable="no"/>
      <nodeOperator value="tidalHeatingSpheroids" iterable="no"/>
    </nodeOperator>
    <tidalStripping value="simple"/>
    <satelliteTidalField value="sphericalSymmetry"/>
  </parameters>
  
  <!-- Power spectrum window function methods -->
  <parameters>
    <formatVersion>2</formatVersion>
    <lastModified revision="165490f4968c699f7e5bb73ef60bcb7e626f51e6"/>
    <powerSpectrumWindowFunction value="topHat"/>
    <powerSpectrumWindowFunction value="sharpKSpace">
      <normalization value="2.5"/>
    </powerSpectrumWindowFunction>
    <powerSpectrumWindowFunction value="topHatSharpKHybrid">
      <normalization value="2.5"/>
      <radiiRatio value="1.0"/>
    </powerSpectrumWindowFunction>
    <powerSpectrumWindowFunction value="smoothKSpace">
      <normalization value="3.5"/>
      <beta value="3.7"/>
    </powerSpectrumWindowFunction>
    <powerSpectrumWindowFunction value="lagrangianChan2017">
      <f value="1.0"/>
    </powerSpectrumWindowFunction>
  </parameters>

  <!-- Power spectrum normalization methods -->
  <parameters>
    <formatVersion>2</formatVersion>
    <lastModified revision="165490f4968c699f7e5bb73ef60bcb7e626f51e6"/>
    <cosmologicalMassVariance value="filteredPower">
      <sigma_8 value="0.807"/>
    </cosmologicalMassVariance>
    <cosmologicalMassVariance value="filteredPower">
      <amplitudeScalar value="2.092e-9"/>
    </cosmologicalMassVariance>
  </parameters>

  <!-- Dark energy cosmology -->
  <parameters>
    <formatVersion>2</formatVersion>
    <lastModified revision="165490f4968c699f7e5bb73ef60bcb7e626f51e6"/>
    <cosmologyFunctions value="matterDarkEnergy">
      <darkEnergyEquationOfStateW0 value="-0.8"/>
      <darkEnergyEquationOfStateW1 value="0.0"/>
    </cosmologyFunctions>
    <criticalOverdensity value="sphericalCollapseClsnlssMttrDrkEnrgy"/>
    <virialDensityContrast value="sphericalCollapseClsnlssMttrDrkEnrgy">
      <energyFixedAt value="turnaround"/>
    </virialDensityContrast>
  </parameters>

  <!-- Intergalactic medium state and internal background calculation -->
  <parameters>
    <formatVersion>2</formatVersion>
    <lastModified revision="165490f4968c699f7e5bb73ef60bcb7e626f51e6"/>
    <backgroundRadiationCompute value="true"/>
    <intergalacticMediumState value="recFast"/>
    <intergalacticMediumState value="file">
      <fileName value="%DATASTATICPATH%/intergalacticMedium/recFast_OmegaMatter0.308_OmegaDarkEnergy0.692_OmegaBaryon0.0484_HubbleConstant67.8_temperatureCMB2.725_YHe0.22.hdf5"/>
    </intergalacticMediumState>
    <intergalacticMediumState value="simple"/>
  </parameters>

  <!-- Hot halo options -->
  <parameters>
    <formatVersion>2</formatVersion>
    <lastModified revision="165490f4968c699f7e5bb73ef60bcb7e626f51e6"/>
    <componentHotHalo value="standard"/>
    <componentHotHalo value="verySimple">
      <coolingRate value="simple" parameterLevel="top"/>
      <componentBlackHole value="null" parameterLevel="top"/>
    </componentHotHalo>
    <componentHotHalo value="verySimpleDelayed">
      <coolingRate value="simple" parameterLevel="top"/>
      <componentBlackHole value="null" parameterLevel="top"/>
    </componentHotHalo>
  </parameters>
  
  <!-- Internal IGM evolution -->
  <parameters>
    <formatVersion>2</formatVersion>
    <lastModified revision="165490f4968c699f7e5bb73ef60bcb7e626f51e6"/>
    <!-- IGM evolver -->
    <intergalacticMediumState value="internal"/>
    <universeOperator value="intergalacticMediumStateEvolve">
      <timeCountPerDecade value="2"/>
      <redshiftMaximum value="150"/>
    </universeOperator>
    <!-- Background radiation -->
    <radiationFieldIntergalacticBackground value="summation">
      <radiationField value="cosmicMicrowaveBackground"/>
      <radiationField value="intergalacticBackgroundInternal">
	<wavelengthCountPerDecade value="5"/>
	<timeCountPerDecade value="2"/>
      </radiationField>
    </radiationFieldIntergalacticBackground>
    <!-- Halo mass ranges -->
    <mergerTreeBuildMasses value="sampledDistributionUniform">
      <massTreeMaximum value="1.0e15"/>
      <massTreeMinimum value="1.0e10"/>
      <treesPerDecade value="5"/>
    </mergerTreeBuildMasses>
    <mergerTreeMassResolution value="fixed">
      <massResolution value="5.0e9"/>
    </mergerTreeMassResolution>
  </parameters>

  <!-- Merger tree branching algorithms -->
  <parameters>
    <formatVersion>2</formatVersion>
    <lastModified revision="165490f4968c699f7e5bb73ef60bcb7e626f51e6"/>
    <mergerTreeBranchingProbability value="parkinsonColeHelly">
      <G0 value="+0.57"/>
      <gamma1 value="+0.38"/>
      <gamma2 value="-0.01"/>
      <accuracyFirstOrder value="+0.10"/>
    </mergerTreeBranchingProbability>
    <mergerTreeBranchingProbability value="PCHPlus">
      <G0 value="+0.57"/>
      <gamma1 value="+0.38"/>
      <gamma2 value="-0.01"/>
      <gamma3 value="0.10"/>
      <accuracyFirstOrder value="+0.10"/>
    </mergerTreeBranchingProbability>
  </parameters>

  <!-- Detailed satellite orbits -->
  <parameters>
    <formatVersion>2</formatVersion>
    <lastModified revision="165490f4968c699f7e5bb73ef60bcb7e626f51e6"/>
    <mergerTreeBuildMasses value="sampledDistributionUniform">
      <treesPerDecade value="4"/>
      <massTreeMinimum value="1.0e12"/>
      <massTreeMaximum value="3.0e12"/>
    </mergerTreeBuildMasses>
    <componentBasic value="standard"/>
    <componentBlackHole value="null"/>
    <componentDarkMatterProfile value="scale"/>
    <componentDisk value="null"/>
    <componentHotHalo value="null"/>
    <hotHaloMassDistribution value="null"/>
    <componentSatellite value="orbiting"/>
    <componentSpheroid value="null">
      <massDistributionSpheroid value="hernquist">
	<dimensionless value="true"/>
      </massDistributionSpheroid>
    </componentSpheroid>
    <componentSpin value="scalar"/>
    <nodeOperator value="multi">
      <!-- Cosmological epoch -->
      <nodeOperator value="cosmicTime" iterable="no"/>
      <!-- DMO evolution -->
      <nodeOperator value="DMOInterpolate" iterable="no"/>
      <nodeOperator value="darkMatterProfileScaleSet" iterable="no"/>
      <nodeOperator value="darkMatterProfileScaleInterpolate" iterable="no"/>
      <nodeOperator value="haloAngularMomentumRandom" iterable="no">
  	<factorReset value="2.0"/>
      </nodeOperator>
      <nodeOperator value="satelliteOrbit" iterable="no"/>
      <nodeOperator value="satelliteDynamicalFriction" iterable="no"/>
      <nodeOperator value="satelliteTidalMassLoss" iterable="no"/>
      <nodeOperator value="satelliteTidalHeating" iterable="no"/>
      <nodeOperator value="satelliteMergingRadiusTrigger" iterable="no">
  	<radiusVirialFraction value="0.01"/>
      </nodeOperator>
      <nodeOperator value="satelliteDestructionMassThreshold" iterable="no">
  	<massDestructionAbsolute           value="0.00"/>
  	<massDestructionMassInfallFraction value="0.01"/>
  	<massDestructionMassTreeFraction   value="0.00"/>
      </nodeOperator>
    </nodeOperator>
    <satelliteDynamicalFriction value="chandrasekhar1943"/>
    <cosmologyFunctions value="matterLambda"/>
    <cosmologyParameters value="simple">
      <HubbleConstant value="70.2"/>
      <OmegaMatter value="0.2725"/>
      <OmegaDarkEnergy value="0.7275"/>
      <OmegaBaryon value="0.0455"/>
      <temperatureCMB value="2.72548"/>
    </cosmologyParameters>
    <cosmologicalMassVariance value="filteredPower">
      <sigma_8 value="0.807"/>
    </cosmologicalMassVariance>
    <transferFunction value="eisensteinHu1999">
      <neutrinoNumberEffective value="3.04"/>
      <neutrinoMassSummed value="0.0"/>
    </transferFunction>
    <powerSpectrumPrimordial value="powerLaw">
      <index value="0.961"/>
      <wavenumberReference value="1.000"/>
      <running value="0.000"/>
    </powerSpectrumPrimordial>
    <linearGrowth value="collisionlessMatter"/>
    <haloMassFunction value="tinker2008"/>
    <criticalOverdensity value="sphericalCollapseClsnlssMttrCsmlgclCnstnt"/>
    <virialOrbit value="isotropic">
      <virialOrbit value="fixed">
  	<virialDensityContrastDefinition value="sphericalCollapseClsnlssMttrCsmlgclCnstnt"/>
     </virialOrbit>
    </virialOrbit>
    <mergerTreeConstructor value="build"/>
    <mergerTreeBuilder value="cole2000">
      <accretionLimit value="0.1"/>
      <mergeProbability value="0.1"/>
    </mergerTreeBuilder>
    <mergerTreeBranchingProbability value="parkinsonColeHelly">
      <G0 value="+0.57"/>
      <gamma1 value="+0.38"/>
      <gamma2 value="-0.01"/>
      <accuracyFirstOrder value="+0.10"/>
    </mergerTreeBranchingProbability>
    <mergerTreeNodeMerger value="singleLevelHierarchy"/>
    <mergerTreeEvolveTimestep value="multi">
      <mergerTreeEvolveTimestep value="simple" iterable="no">
  	<timeStepAbsolute value="1.000"/>
  	<timeStepRelative value="0.100"/>
      </mergerTreeEvolveTimestep>
      <mergerTreeEvolveTimestep value="satellite" iterable="no">
  	<timeOffsetMaximumAbsolute value="0.010"/>
  	<timeOffsetMaximumRelative value="0.001"/>
      </mergerTreeEvolveTimestep>
      <mergerTreeEvolveTimestep value="satelliteDestruction" iterable="no"/>
    </mergerTreeEvolveTimestep>
    <darkMatterProfileDMO value="heated">
      <darkMatterProfileDMO value="NFW"/>
    </darkMatterProfileDMO>
    <darkMatterProfileConcentration value="gao2008"/>
    <darkMatterProfileScaleRadius value="concentrationLimiter">
      <concentrationMinimum value="  4.0"/>
      <concentrationMaximum value="100.0"/>
      <darkMatterProfileScaleRadius value="concentration"/>
    </darkMatterProfileScaleRadius>
    <haloSpinDistribution value="bett2007">
      <alpha value="2.509"/>
      <lambda0 value="0.04326"/>
    </haloSpinDistribution>
    <accretionHalo value="simple">
      <redshiftReionization value="10.5"/>
      <velocitySuppressionReionization value="35.0"/>
    </accretionHalo>
    <mergerRemnantSize value="null"/>
  </parameters>

  <!-- Merger tree augmenting -->
  <parameters>
  <formatVersion>2</formatVersion>
  <lastModified revision="165490f4968c699f7e5bb73ef60bcb7e626f51e6"/>
    <accretionHalo value="zero"/>
    <darkMatterProfileDMO value="isothermal"/>
    <darkMatterProfileConcentration value="fixed">
      <concentration value="10.0"/>
    </darkMatterProfileConcentration>
    <darkMatterProfileScaleRadius value="zero"/>
    <hotHaloMassDistribution value="null"/>
    <mergerRemnantSize value="null"/>
    <mergerTreeBuildMasses value="sampledDistributionUniform">
      <massTreeMaximum value="6.0e12"/>
      <massTreeMinimum value="2.0e12"/>
      <treesPerDecade value="200"/>
    </mergerTreeBuildMasses>
    <mergerTreeBuilder value="cole2000">
      <accretionLimit value="0.1"/>
      <branchIntervalStep value="false"/>
      <mergeProbability value="0.1"/>
    </mergerTreeBuilder>
    <mergerTreeConstructor value="build"/>
    <mergerTreeMassResolution value="fixed">
      <massResolution value="1.0e10"/>
    </mergerTreeMassResolution>
    <mergerTreeOperator value="sequence">
      <mergerTreeOperator value="selectWithinRange" iterable="no">
  	<baseMassMaximum value="1.0e16"/>
  	<baseMassMinimum value="1.0e7"/>
      </mergerTreeOperator>
      <mergerTreeOperator value="regridTimes" iterable="no">
  	<outputTimes value="simulationSnapshots">
  	  <fileName value="%DATASTATICPATH%/simulations/millennium.xml"/>
  	</outputTimes>
      </mergerTreeOperator>
      <mergerTreeOperator value="pruneByMass" iterable="no">
  	<massThreshold value="7.08e10"/>
  	<preservePrimaryProgenitor value="true"/>
      </mergerTreeOperator>
      <mergerTreeOperator value="augment" iterable="no">
  	<attemptsMaximum value="10000"/>
  	<massCutOff value="7.08e10"/>
  	<massCutOffAttemptsMaximum value="50"/>
  	<massCutOffScaleFactor value="0.0"/>
  	<mergerTreeBuilder value="cole2000">
          <accretionLimit value="0.1"/>
          <branchIntervalStep value="true"/>
          <mergeProbability value="0.1"/>
          <mergerTreeMassResolution value="fixed">
            <massResolution value="2.5e9"/>
          </mergerTreeMassResolution>
  	</mergerTreeBuilder>
  	<rescaleMaximum value="20"/>
  	<retryMaximum value="50"/>
  	<snapshotRedshifts value="19.915688 18.243723 16.724525 15.343073 14.085914 12.940780        11.896569 10.943864 10.073462  9.277915  8.549912  7.883204        7.272188  6.711586  6.196833  5.723864  5.288833  4.888449        4.519556  4.179469  3.865683  3.575905  3.308098  3.060419        2.831182  2.618862  2.422044  2.239486  2.070027  1.912633        1.766336  1.630271  1.503636  1.385718  1.275846  1.173417        1.077875  0.988708  0.905463  0.827699  0.755036  0.687109        0.623590  0.564177  0.508591  0.456577  0.407899  0.362340        0.319703  0.279802  0.242469  0.207549  0.174898  0.144383        0.115883  0.089288  0.064493  0.041403  0.019933  0.000000"/>
  	<toleranceScale value="0.15"/>
      </mergerTreeOperator>
      <mergerTreeOperator value="conditionalMF" iterable="no">
  	<massRatioCount value="25"/>
  	<massRatioMaximum value="2.0"/>
  	<massRatioMinimum value="2.0e-6"/>
  	<nameGroupOutput value="treeStatisticsAfterInsertion"/>
  	<countMassParent value="20"/>
  	<massParentMaximum value="1.0e15"/>
  	<massParentMinimum value="2.36e10"/>
  	<redshiftsParent value="0.0 0.0"/>
  	<depthProgenitorPrimary value="4"/>
  	<redshiftsProgenitor value="0.508591 1.077875"/>
      </mergerTreeOperator>
    </mergerTreeOperator>
    <!-- Node evolution and physics -->
    <nodeOperator value="multi">
      <!-- Cosmological epoch -->
      <nodeOperator value="cosmicTime" iterable="no"/>
      <!-- DMO evolution -->
      <nodeOperator value="DMOInterpolate" iterable="no"/>
      <!-- Dark matter profile -->
      <nodeOperator value="darkMatterProfileInitialize" iterable="no"/>
      <!-- Satellite evolution -->
      <nodeOperator value="satelliteMergingTime" iterable="no"/>
      <nodeOperator value="satelliteMassLoss" iterable="no"/>
    </nodeOperator>
    <componentBasic value="standard"/>
    <componentBlackHole value="null"/>
    <componentDarkMatterProfile value="scaleFree"/>
    <componentDisk value="null"/>
    <componentHotHalo value="null"/>
    <hotHaloMassDistribution value="null"/>
    <componentPosition value="null"/>
    <componentSatellite value="standard"/>
    <componentSpheroid value="null"/>
    <componentSpin value="null"/>
    <verbosityLevel value="standard"/>
  </parameters>

  <!-- Merger tree regridding -->
  <parameters>
    <formatVersion>2</formatVersion>
    <lastModified revision="165490f4968c699f7e5bb73ef60bcb7e626f51e6"/>
    <accretionHalo value="zero"/>
    <darkMatterProfileDMO value="isothermal"/>
    <darkMatterProfileConcentration value="fixed">
      <concentration value="10.0"/>
    </darkMatterProfileConcentration>
    <darkMatterProfileScaleRadius value="zero"/>
    <hotHaloMassDistribution value="null"/>
    <mergerRemnantSize value="null"/>
    <mergerTreeBuildMasses value="sampledDistributionUniform">
      <massTreeMaximum value="6.0e12"/>
      <massTreeMinimum value="2.0e12"/>
      <treesPerDecade value="10"/>
    </mergerTreeBuildMasses>
    <mergerTreeBuilder value="cole2000">
      <accretionLimit value="0.1"/>
      <branchIntervalStep value="false"/>
      <mergeProbability value="0.1"/>
    </mergerTreeBuilder>
    <mergerTreeConstructor value="build"/>
    <mergerTreeMassResolution value="fixed">
      <massResolution value="1.0e10"/>
    </mergerTreeMassResolution>
    <mergerTreeOperator value="regridTimes">
      <outputTimes value="simulationSnapshots">
  	<fileName value="%DATASTATICPATH%/simulations/millennium.xml"/>
      </outputTimes>
    </mergerTreeOperator>
    <!-- Node evolution and physics -->
    <nodeOperator value="multi">
      <!-- Cosmological epoch -->
      <nodeOperator value="cosmicTime" iterable="no"/>
      <!-- DMO evolution -->
      <nodeOperator value="DMOInterpolate" iterable="no"/>
      <!-- Dark matter profile -->
      <nodeOperator value="darkMatterProfileInitialize" iterable="no"/>
      <!-- Satellite evolution -->
      <nodeOperator value="satelliteMergingTime" iterable="no"/>
      <nodeOperator value="satelliteMassLoss" iterable="no"/>
    </nodeOperator>
    <hotHaloMassDistribution value="null"/>
    <componentBasic value="standard"/>
    <componentBlackHole value="null"/>
    <componentDarkMatterProfile value="scaleFree"/>
    <componentDisk value="null"/>
    <componentHotHalo value="null"/>
    <componentPosition value="null"/>
    <componentSatellite value="standard"/>
    <componentSpheroid value="null"/>
    <componentSpin value="null"/>
    <verbosityLevel value="standard"/>
  </parameters>

  <!-- Merger tree conditional mass function -->
  <parameters>
  <formatVersion>2</formatVersion>
  <lastModified revision="165490f4968c699f7e5bb73ef60bcb7e626f51e6"/>
    <accretionHalo value="zero"/>
    <darkMatterProfileDMO value="isothermal"/>
    <hotHaloMassDistribution value="null"/>
    <mergerRemnantSize value="null"/>
    <mergerTreeBuildMasses value="sampledDistributionUniform">
    <massTreeMaximum value="6.0e12"/>
    <massTreeMinimum value="2.0e12"/>
    <treesPerDecade value="10"/>
  </mergerTreeBuildMasses>
    <mergerTreeBuilder value="cole2000">
      <accretionLimit value="0.1"/>
      <branchIntervalStep value="false"/>
      <mergeProbability value="0.1"/>
    </mergerTreeBuilder>
    <mergerTreeConstructor value="build"/>
    <mergerTreeMassResolution value="fixed">
      <massResolution value="1.0e10"/>
    </mergerTreeMassResolution>
    <mergerTreeOperator value="conditionalMF">
      <massRatioCount value="25"/>
      <massRatioMaximum value="2.0"/>
      <massRatioMinimum value="2.0e-6"/>
      <nameGroupOutput value="conditionalMassFunction"/>
      <countMassParent value="20"/>
      <massParentMaximum value="1.0e15"/>
      <massParentMinimum value="2.36e10"/>
      <redshiftsParent value="0.0 0.0"/>
      <depthProgenitorPrimary value="4"/>
      <redshiftsProgenitor value="0.508591 1.077875"/>
    </mergerTreeOperator>
    <!-- Node evolution and physics -->
    <nodeOperator value="multi">
      <!-- Cosmological epoch -->
      <nodeOperator value="cosmicTime" iterable="no"/>
      <!-- DMO evolution -->
      <nodeOperator value="DMOInterpolate" iterable="no"/>
      <!-- Dark matter profile -->
      <nodeOperator value="darkMatterProfileInitialize" iterable="no"/>
      <!-- Satellite evolution -->
      <nodeOperator value="satelliteMergingTime" iterable="no"/>
      <nodeOperator value="satelliteMassLoss" iterable="no"/>
    </nodeOperator>
    <hotHaloMassDistribution value="null"/>
    <componentBasic value="standard"/>
    <componentBlackHole value="null"/>
    <componentDarkMatterProfile value="scaleFree"/>
    <componentDisk value="null"/>
    <componentHotHalo value="null"/>
    <componentPosition value="null"/>
    <componentSatellite value="standard"/>
    <componentSpheroid value="null"/>
    <componentSpin value="null"/>
    <verbosityLevel value="standard"/>
  </parameters>

  <!-- Merger tree information content -->
  <parameters>
  <formatVersion>2</formatVersion>
  <lastModified revision="165490f4968c699f7e5bb73ef60bcb7e626f51e6"/>
    <accretionHalo value="zero"/>
    <darkMatterProfileDMO value="isothermal"/>
    <hotHaloMassDistribution value="null"/>
    <mergerRemnantSize value="null"/>
    <mergerTreeBuildMasses value="sampledDistributionUniform">
    <massTreeMaximum value="6.0e12"/>
    <massTreeMinimum value="2.0e12"/>
    <treesPerDecade value="10"/>
  </mergerTreeBuildMasses>
    <mergerTreeBuilder value="cole2000">
      <accretionLimit value="0.1"/>
      <branchIntervalStep value="false"/>
      <mergeProbability value="0.1"/>
    </mergerTreeBuilder>
    <mergerTreeConstructor value="build"/>
    <mergerTreeMassResolution value="fixed">
      <massResolution value="1.0e10"/>
    </mergerTreeMassResolution>
    <mergerTreeOperator value="informationContent"/>
    <!-- Node evolution and physics -->
    <nodeOperator value="multi">
      <!-- Cosmological epoch -->
      <nodeOperator value="cosmicTime" iterable="no"/>
      <!-- DMO evolution -->
      <nodeOperator value="DMOInterpolate" iterable="no"/>
      <!-- Dark matter profile -->
      <nodeOperator value="darkMatterProfileInitialize" iterable="no"/>
      <!-- Satellite evolution -->
      <nodeOperator value="satelliteMergingTime" iterable="no"/>
      <nodeOperator value="satelliteMassLoss" iterable="no"/>
    </nodeOperator>
    <hotHaloMassDistribution value="null"/>
    <componentBasic value="standard"/>
    <componentBlackHole value="null"/>
    <componentDarkMatterProfile value="scaleFree"/>
    <componentDisk value="null"/>
    <componentHotHalo value="null"/>
    <componentPosition value="null"/>
    <componentSatellite value="standard"/>
    <componentSpheroid value="null"/>
    <componentSpin value="null"/>
    <verbosityLevel value="standard"/>
  </parameters>

  <!-- Merger tree profiler -->
  <parameters>
  <formatVersion>2</formatVersion>
  <lastModified revision="165490f4968c699f7e5bb73ef60bcb7e626f51e6"/>
    <accretionHalo value="zero"/>
    <darkMatterProfileDMO value="isothermal"/>
    <hotHaloMassDistribution value="null"/>
    <mergerRemnantSize value="null"/>
    <mergerTreeBuildMasses value="sampledDistributionUniform">
    <massTreeMaximum value="6.0e12"/>
    <massTreeMinimum value="2.0e12"/>
    <treesPerDecade value="10"/>
  </mergerTreeBuildMasses>
    <mergerTreeBuilder value="cole2000">
      <accretionLimit value="0.1"/>
      <branchIntervalStep value="false"/>
      <mergeProbability value="0.1"/>
    </mergerTreeBuilder>
    <mergerTreeConstructor value="build"/>
    <mergerTreeMassResolution value="fixed">
      <massResolution value="1.0e10"/>
    </mergerTreeMassResolution>
    <mergerTreeOperator value="profiler">
      <massMinimum value="2.0e12"/>
      <massMaximum value="6.0e12"/>
    </mergerTreeOperator>
    <!-- Node evolution and physics -->
    <nodeOperator value="multi">
      <!-- Cosmological epoch -->
      <nodeOperator value="cosmicTime" iterable="no"/>
      <!-- DMO evolution -->
      <nodeOperator value="DMOInterpolate" iterable="no"/>
      <!-- Dark matter profile -->
      <nodeOperator value="darkMatterProfileInitialize" iterable="no"/>
      <!-- Satellite evolution -->
      <nodeOperator value="satelliteMergingTime" iterable="no"/>
      <nodeOperator value="satelliteMassLoss" iterable="no"/>
    </nodeOperator>
    <hotHaloMassDistribution value="null"/>
    <componentBasic value="standard"/>
    <componentBlackHole value="null"/>
    <componentDarkMatterProfile value="scaleFree"/>
    <componentDisk value="null"/>
    <componentHotHalo value="null"/>
    <componentPosition value="null"/>
    <componentSatellite value="standard"/>
    <componentSpheroid value="null"/>
    <componentSpin value="null"/>
    <verbosityLevel value="standard"/>
  </parameters>

  <!-- Merger tree prune by mass -->
  <parameters>
  <formatVersion>2</formatVersion>
  <lastModified revision="165490f4968c699f7e5bb73ef60bcb7e626f51e6"/>
    <accretionHalo value="zero"/>
    <darkMatterProfileDMO value="isothermal"/>
    <hotHaloMassDistribution value="null"/>
    <mergerRemnantSize value="null"/>
    <mergerTreeBuildMasses value="sampledDistributionUniform">
    <massTreeMaximum value="6.0e12"/>
    <massTreeMinimum value="2.0e12"/>
    <treesPerDecade value="10"/>
  </mergerTreeBuildMasses>
    <mergerTreeBuilder value="cole2000">
      <accretionLimit value="0.1"/>
      <branchIntervalStep value="false"/>
      <mergeProbability value="0.1"/>
    </mergerTreeBuilder>
    <mergerTreeConstructor value="build"/>
    <mergerTreeMassResolution value="fixed">
      <massResolution value="1.0e10"/>
    </mergerTreeMassResolution>
    <mergerTreeOperator value="pruneByMass">
      <massThreshold value="1.0e11"/>
    </mergerTreeOperator>
    <!-- Node evolution and physics -->
    <nodeOperator value="multi">
      <!-- Cosmological epoch -->
      <nodeOperator value="cosmicTime" iterable="no"/>
      <!-- DMO evolution -->
      <nodeOperator value="DMOInterpolate" iterable="no"/>
      <!-- Dark matter profile -->
      <nodeOperator value="darkMatterProfileInitialize" iterable="no"/>
      <!-- Satellite evolution -->
      <nodeOperator value="satelliteMergingTime" iterable="no"/>
      <nodeOperator value="satelliteMassLoss" iterable="no"/>
    </nodeOperator>
    <hotHaloMassDistribution value="null"/>
    <componentBasic value="standard"/>
    <componentBlackHole value="null"/>
    <componentDarkMatterProfile value="scaleFree"/>
    <componentDisk value="null"/>
    <componentHotHalo value="null"/>
    <componentPosition value="null"/>
    <componentSatellite value="standard"/>
    <componentSpheroid value="null"/>
    <componentSpin value="null"/>
    <verbosityLevel value="standard"/>
  </parameters>

  <!-- Merger tree prune by hierarchy -->
  <parameters>
  <formatVersion>2</formatVersion>
  <lastModified revision="165490f4968c699f7e5bb73ef60bcb7e626f51e6"/>
    <accretionHalo value="zero"/>
    <darkMatterProfileDMO value="isothermal"/>
    <hotHaloMassDistribution value="null"/>
    <mergerRemnantSize value="null"/>
    <mergerTreeBuildMasses value="sampledDistributionUniform">
    <massTreeMaximum value="6.0e12"/>
    <massTreeMinimum value="2.0e12"/>
    <treesPerDecade value="10"/>
  </mergerTreeBuildMasses>
    <mergerTreeBuilder value="cole2000">
      <accretionLimit value="0.1"/>
      <branchIntervalStep value="false"/>
      <mergeProbability value="0.1"/>
    </mergerTreeBuilder>
    <mergerTreeConstructor value="build"/>
    <mergerTreeMassResolution value="fixed">
      <massResolution value="1.0e10"/>
    </mergerTreeMassResolution>
    <mergerTreeOperator value="pruneHierarchy">
      <hierarchyDepth value="1"/>
    </mergerTreeOperator>
    <!-- Node evolution and physics -->
    <nodeOperator value="multi">
      <!-- Cosmological epoch -->
      <nodeOperator value="cosmicTime" iterable="no"/>
      <!-- DMO evolution -->
      <nodeOperator value="DMOInterpolate" iterable="no"/>
      <!-- Dark matter profile -->
      <nodeOperator value="darkMatterProfileInitialize" iterable="no"/>
      <!-- Satellite evolution -->
      <nodeOperator value="satelliteMergingTime" iterable="no"/>
      <nodeOperator value="satelliteMassLoss" iterable="no"/>
    </nodeOperator>
    <hotHaloMassDistribution value="null"/>
    <componentBasic value="standard"/>
    <componentBlackHole value="null"/>
    <componentDarkMatterProfile value="scaleFree"/>
    <componentDisk value="null"/>
    <componentHotHalo value="null"/>
    <componentPosition value="null"/>
    <componentSatellite value="standard"/>
    <componentSpheroid value="null"/>
    <componentSpin value="null"/>
    <verbosityLevel value="standard"/>
  </parameters>
  
  <!-- Merger tree prune by time -->
  <parameters>
  <formatVersion>2</formatVersion>
  <lastModified revision="165490f4968c699f7e5bb73ef60bcb7e626f51e6"/>
    <accretionHalo value="zero"/>
    <darkMatterProfileDMO value="isothermal"/>
    <hotHaloMassDistribution value="null"/>
    <mergerRemnantSize value="null"/>
    <mergerTreeBuildMasses value="sampledDistributionUniform">
    <massTreeMaximum value="6.0e12"/>
    <massTreeMinimum value="2.0e12"/>
    <treesPerDecade value="10"/>
  </mergerTreeBuildMasses>
    <mergerTreeBuilder value="cole2000">
      <accretionLimit value="0.1"/>
      <branchIntervalStep value="false"/>
      <mergeProbability value="0.1"/>
    </mergerTreeBuilder>
    <mergerTreeConstructor value="build"/>
    <mergerTreeMassResolution value="fixed">
      <massResolution value="1.0e10"/>
    </mergerTreeMassResolution>
    <mergerTreeOperator value="pruneByTime">
      <redshiftEarliest value="1.0"/>
    </mergerTreeOperator>
    <!-- Node evolution and physics -->
    <nodeOperator value="multi">
      <!-- Cosmological epoch -->
      <nodeOperator value="cosmicTime" iterable="no"/>
      <!-- DMO evolution -->
      <nodeOperator value="DMOInterpolate" iterable="no"/>
      <!-- Dark matter profile -->
      <nodeOperator value="darkMatterProfileInitialize" iterable="no"/>
      <!-- Satellite evolution -->
      <nodeOperator value="satelliteMergingTime" iterable="no"/>
      <nodeOperator value="satelliteMassLoss" iterable="no"/>
    </nodeOperator>
    <hotHaloMassDistribution value="null"/>
    <componentBasic value="standard"/>
    <componentBlackHole value="null"/>
    <componentDarkMatterProfile value="scaleFree"/>
    <componentDisk value="null"/>
    <componentHotHalo value="null"/>
    <componentPosition value="null"/>
    <componentSatellite value="standard"/>
    <componentSpheroid value="null"/>
    <componentSpin value="null"/>
    <verbosityLevel value="standard"/>
  </parameters>
  
  <!-- Merger tree particulate -->
  <parameters>
    <formatVersion>2</formatVersion>
    <lastModified revision="165490f4968c699f7e5bb73ef60bcb7e626f51e6"/>
    <accretionHalo value="zero"/>
    <darkMatterProfileDMO value="isothermal"/>
    <hotHaloMassDistribution value="null"/>
    <mergerRemnantSize value="null"/>
    <mergerTreeBuildMasses value="sampledDistributionUniform">
      <massTreeMaximum value="6.0e12"/>
      <massTreeMinimum value="2.0e12"/>
      <treesPerDecade value="10"/>
    </mergerTreeBuildMasses>
    <mergerTreeBuilder value="cole2000">
      <accretionLimit value="0.1"/>
      <branchIntervalStep value="false"/>
      <mergeProbability value="0.1"/>
    </mergerTreeBuilder>
    <mergerTreeConstructor value="build"/>
    <mergerTreeMassResolution value="fixed">
      <massResolution value="1.0e10"/>
    </mergerTreeMassResolution>
    <mergerTreeOperator value="particulate">
      <outputFileName value="testSuite/outputs/particulate.hdf5"/>
      <massParticle value="1.0e10"/>
      <timeSnapshot value="10.0"/>
      <radiusTruncateOverRadiusVirial value="2.0"/>
      <lengthSoftening value="0.0"/>
      <selection value="hosts"/>
      <nonCosmological value="true"/>
    </mergerTreeOperator>
    <!-- Node evolution and physics -->
    <nodeOperator value="multi">
      <!-- Cosmological epoch -->
      <nodeOperator value="cosmicTime" iterable="no"/>
      <!-- DMO evolution -->
      <nodeOperator value="DMOInterpolate" iterable="no"/>
      <!-- Dark matter profile -->
      <nodeOperator value="darkMatterProfileInitialize" iterable="no"/>
      <!-- Satellite evolution -->
      <nodeOperator value="satelliteMergingTime" iterable="no"/>
      <nodeOperator value="satelliteMassLoss" iterable="no"/>
    </nodeOperator>
    <componentBasic value="standard"/>
    <componentBlackHole value="null"/>
    <componentDarkMatterProfile value="scaleFree"/>
    <componentDisk value="null"/>
    <componentHotHalo value="null"/>
    <componentPosition value="null"/>
    <componentSatellite value="standard"/>
    <componentSpheroid value="null"/>
    <componentSpin value="null"/>
    <verbosityLevel value="standard"/>
  </parameters>
  
  <!-- Merger tree dump-to-GraphViz -->
  <parameters>
  <formatVersion>2</formatVersion>
  <lastModified revision="165490f4968c699f7e5bb73ef60bcb7e626f51e6"/>
    <accretionHalo value="zero"/>
    <darkMatterProfileDMO value="isothermal"/>
    <hotHaloMassDistribution value="null"/>
    <mergerRemnantSize value="null"/>
    <mergerTreeBuildMasses value="sampledDistributionUniform">
    <massTreeMaximum value="6.0e12"/>
    <massTreeMinimum value="2.0e12"/>
    <treesPerDecade value="10"/>
  </mergerTreeBuildMasses>
    <mergerTreeBuilder value="cole2000">
      <accretionLimit value="0.1"/>
      <branchIntervalStep value="false"/>
      <mergeProbability value="0.1"/>
    </mergerTreeBuilder>
    <mergerTreeConstructor value="build"/>
    <mergerTreeMassResolution value="fixed">
      <massResolution value="1.0e10"/>
    </mergerTreeMassResolution>
    <mergerTreeOperator value="dumpToGraphViz">
      <path value="testSuite/outputs"/>
    </mergerTreeOperator>
    <!-- Node evolution and physics -->
    <nodeOperator value="multi">
      <!-- Cosmological epoch -->
      <nodeOperator value="cosmicTime" iterable="no"/>
      <!-- DMO evolution -->
      <nodeOperator value="DMOInterpolate" iterable="no"/>
      <!-- Dark matter profile -->
      <nodeOperator value="darkMatterProfileInitialize" iterable="no"/>
      <!-- Satellite evolution -->
      <nodeOperator value="satelliteMergingTime" iterable="no"/>
      <nodeOperator value="satelliteMassLoss" iterable="no"/>
    </nodeOperator>
    <hotHaloMassDistribution value="null"/>
    <componentBasic value="standard"/>
    <componentBlackHole value="null"/>
    <componentDarkMatterProfile value="scaleFree"/>
    <componentDisk value="null"/>
    <componentHotHalo value="null"/>
    <componentPosition value="null"/>
    <componentSatellite value="standard"/>
    <componentSpheroid value="null"/>
    <componentSpin value="null"/>
    <verbosityLevel value="standard"/>
  </parameters>
  
  <!-- Merger tree perturb masses -->
  <parameters>
  <formatVersion>2</formatVersion>
  <lastModified revision="165490f4968c699f7e5bb73ef60bcb7e626f51e6"/>
    <accretionHalo value="zero"/>
    <darkMatterProfileDMO value="isothermal"/>
    <darkMatterProfileScaleRadius value="zero"/>
    <darkMatterProfileConcentration value="fixed">
      <concentration value="10.0"/>
    </darkMatterProfileConcentration>
    <hotHaloMassDistribution value="null"/>
    <mergerRemnantSize value="null"/>
    <mergerTreeConstructor value="read">
      <fileNames value="testSuite/data/mergerTrees/splitForests-milliMillennium-tree1000019000000.hdf5"/>
      <presetMergerTimes value="false"/>
      <presetMergerNodes value="false"/>
      <presetSubhaloMasses value="false"/>
      <presetSubhaloIndices value="false"/>
      <presetPositions value="false"/>
      <presetScaleRadii value="false"/>
      <presetAngularMomenta value="false"/>
      <presetOrbits value="false"/>
    </mergerTreeConstructor>
    <cosmologicalMassVariance value="filteredPower">
      <sigma_8 value="0.9"/>
    </cosmologicalMassVariance>
    <cosmologyParameters value="simple">
      <HubbleConstant value="73.0"/>
      <OmegaMatter value="0.25"/>
      <OmegaDarkEnergy value="0.75"/>
      <OmegaBaryon value="0.045"/>
      <temperatureCMB value="2.72548"/>
    </cosmologyParameters>
    <mergerTreeEvolver value="standard">
      <allTreesExistAtFinalTime value="false"/>
    </mergerTreeEvolver>
    <mergerTreeOperator value="perturbMasses">
      <nbodyHaloMassError value="friendsOfFriends">
  	<massParticle value="1.0e9"/>
      </nbodyHaloMassError>
    </mergerTreeOperator>
    <!-- Node evolution and physics -->
    <nodeOperator value="multi">
      <!-- Cosmological epoch -->
      <nodeOperator value="cosmicTime" iterable="no"/>
      <!-- DMO evolution -->
      <nodeOperator value="DMOInterpolate" iterable="no"/>
      <!-- Dark matter profile -->
      <nodeOperator value="darkMatterProfileInitialize" iterable="no"/>
      <!-- Satellite evolution -->
      <nodeOperator value="satelliteMergingTime" iterable="no"/>
      <nodeOperator value="satelliteMassLoss" iterable="no"/>
    </nodeOperator>
    <hotHaloMassDistribution value="null"/>
    <componentBasic value="standard"/>
    <componentBlackHole value="null"/>
    <componentDarkMatterProfile value="scaleFree"/>
    <componentDisk value="null"/>
    <componentHotHalo value="null"/>
    <componentPosition value="null"/>
    <componentSatellite value="standard"/>
    <componentSpheroid value="null"/>
    <componentSpin value="null"/>
    <verbosityLevel value="standard"/>
  </parameters>
  
  <!-- Merger tree monotonize mass growth -->
  <parameters>
    <formatVersion>2</formatVersion>
    <lastModified revision="165490f4968c699f7e5bb73ef60bcb7e626f51e6"/>
    <accretionHalo value="zero"/>
    <darkMatterProfileDMO value="isothermal"/>
    <darkMatterProfileScaleRadius value="zero"/>
    <darkMatterProfileConcentration value="fixed">
      <concentration value="10.0"/>
    </darkMatterProfileConcentration>
    <hotHaloMassDistribution value="null"/>
    <mergerRemnantSize value="null"/>
    <mergerTreeConstructor value="read">
      <fileNames value="testSuite/data/mergerTrees/splitForests-milliMillennium-tree1000019000000.hdf5"/>
      <presetMergerTimes value="false"/>
      <presetMergerNodes value="false"/>
      <presetSubhaloMasses value="false"/>
      <presetSubhaloIndices value="false"/>
      <presetPositions value="false"/>
      <presetScaleRadii value="false"/>
      <presetAngularMomenta value="false"/>
      <presetOrbits value="false"/>
    </mergerTreeConstructor>
    <cosmologicalMassVariance value="filteredPower">
      <sigma_8 value="0.9"/>
    </cosmologicalMassVariance>
    <cosmologyParameters value="simple">
      <HubbleConstant value="73.0"/>
      <OmegaMatter value="0.25"/>
      <OmegaDarkEnergy value="0.75"/>
      <OmegaBaryon value="0.045"/>
      <temperatureCMB value="2.72548"/>
    </cosmologyParameters>
    <mergerTreeEvolver value="standard">
      <allTreesExistAtFinalTime value="false"/>
    </mergerTreeEvolver>
    <mergerTreeOperator value="monotonizeMassGrowth"/>
    <!-- Node evolution and physics -->
    <nodeOperator value="multi">
      <!-- Cosmological epoch -->
      <nodeOperator value="cosmicTime" iterable="no"/>
      <!-- DMO evolution -->
      <nodeOperator value="DMOInterpolate" iterable="no"/>
      <!-- Dark matter profile -->
      <nodeOperator value="darkMatterProfileInitialize" iterable="no"/>
      <!-- Satellite evolution -->
      <nodeOperator value="satelliteMergingTime" iterable="no"/>
      <nodeOperator value="satelliteMassLoss" iterable="no"/>
    </nodeOperator>
    <hotHaloMassDistribution value="null"/>
    <componentBasic value="standard"/>
    <componentBlackHole value="null"/>
    <componentDarkMatterProfile value="scaleFree"/>
    <componentDisk value="null"/>
    <componentHotHalo value="null"/>
    <componentPosition value="null"/>
    <componentSatellite value="standard"/>
    <componentSpheroid value="null"/>
    <componentSpin value="null"/>
    <verbosityLevel value="standard"/>
  </parameters>
  
  <!-- Merger tree output root masses -->
  <parameters>
  <formatVersion>2</formatVersion>
  <lastModified revision="165490f4968c699f7e5bb73ef60bcb7e626f51e6"/>
    <accretionHalo value="zero"/>
    <darkMatterProfileDMO value="isothermal"/>
    <darkMatterProfileScaleRadius value="zero"/>
    <darkMatterProfileConcentration value="fixed">
      <concentration value="10.0"/>
    </darkMatterProfileConcentration>
    <hotHaloMassDistribution value="null"/>
    <mergerRemnantSize value="null"/>
    <cosmologicalMassVariance value="filteredPower">
      <sigma_8 value="0.9"/>
    </cosmologicalMassVariance>
    <cosmologyParameters value="simple">
      <HubbleConstant value="73.0"/>
      <OmegaMatter value="0.25"/>
      <OmegaDarkEnergy value="0.75"/>
      <OmegaBaryon value="0.045"/>
      <temperatureCMB value="2.72548"/>
    </cosmologyParameters>
    <mergerTreeConstructor value="read">
      <fileNames value="testSuite/data/mergerTrees/splitForests-milliMillennium-tree1000019000000.hdf5"/>
      <presetMergerTimes value="false"/>
      <presetMergerNodes value="false"/>
      <presetSubhaloMasses value="false"/>
      <presetSubhaloIndices value="false"/>
      <presetPositions value="false"/>
      <presetScaleRadii value="false"/>
      <presetAngularMomenta value="false"/>
      <presetOrbits value="false"/>
    </mergerTreeConstructor>
    <mergerTreeEvolver value="standard">
      <allTreesExistAtFinalTime value="false"/>
    </mergerTreeEvolver>
    <mergerTreeOperator value="outputRootMasses">
      <redshift value="0.1"/>
      <fileName value="testSuite/outputs/rootMasses.hdf5"/>
    </mergerTreeOperator>
    <!-- Node evolution and physics -->
    <nodeOperator value="multi">
      <!-- Cosmological epoch -->
      <nodeOperator value="cosmicTime" iterable="no"/>
      <!-- DMO evolution -->
      <nodeOperator value="DMOInterpolate" iterable="no"/>
      <!-- Dark matter profile -->
      <nodeOperator value="darkMatterProfileInitialize" iterable="no"/>
      <!-- Subhalo hierarchy -->
      <nodeOperator value="hierarchy" iterable="no"/>
      <!-- Satellite evolution -->
      <nodeOperator value="satelliteMergingTime" iterable="no"/>
      <nodeOperator value="satelliteMassLoss" iterable="no"/>
    </nodeOperator>
    <hotHaloMassDistribution value="null"/>
    <componentBasic value="standard"/>
    <componentBlackHole value="null"/>
    <componentDarkMatterProfile value="scaleFree"/>
    <componentDisk value="null"/>
    <componentHotHalo value="null"/>
    <componentPosition value="null"/>
    <componentSatellite value="standard"/>
    <componentSpheroid value="null"/>
    <componentSpin value="null"/>
    <verbosityLevel value="standard"/>
  </parameters>
  
  <!-- WDM model -->
  <parameters>
    <formatVersion>2</formatVersion>
    <lastModified revision="165490f4968c699f7e5bb73ef60bcb7e626f51e6"/>
    <nodeOperator value="multi">
      <!-- Cosmological epoch -->
      <nodeOperator value="cosmicTime" iterable="no"/>
      <!-- DMO evolution -->
      <nodeOperator value="DMOInterpolate" iterable="no"/>
      <!-- Halo concentrations -->
      <nodeOperator value="darkMatterProfileScaleSet" iterable="no"/>
      <nodeOperator value="darkMatterProfileScaleInterpolate" iterable="no"/>
      <!-- Satellite evolution -->
      <nodeOperator value="satelliteMergingTime" iterable="no"/>
      <nodeOperator value="satelliteMassLoss" iterable="no"/>
    </nodeOperator>
    <hotHaloMassDistribution value="null"/>
    <componentBasic value="standard"/>
    <componentHotHalo value="null"/>
    <componentBlackHole value="null"/>
    <componentDarkMatterProfile value="scale"/>
    <componentDisk value="null"/>
    <componentSatellite value="standard"/>
    <componentSpheroid value="null"/>
    <componentSpin value="null"/>
    <cosmologyFunctions value="matterLambda"/>
    <cosmologyParameters value="simple">
      <HubbleConstant value="69.7"/>
      <OmegaMatter value="0.2812"/>
      <OmegaDarkEnergy value="0.7188"/>
      <OmegaBaryon value="0.04611"/>
      <temperatureCMB value="2.72548"/>
    </cosmologyParameters>
    <darkMatterParticle value="WDMThermal">
      <mass value="2.0"/>
      <degreesOfFreedomEffective value="1.5"/>
    </darkMatterParticle>
    <powerSpectrumPrimordial value="powerLaw">
      <index value="0.961"/>
      <wavenumberReference value="1.0"/>
      <running value="0.0"/>
    </powerSpectrumPrimordial>
    <cosmologicalMassVariance value="filteredPower">
      <sigma_8 value="0.817"/>
      <monotonicInterpolation value="false"/>
      <nonMonotonicIsFatal value="false"/>
      <powerSpectrumWindowFunction value="sharpKSpace">
  	<normalization value="2.5"/>
      </powerSpectrumWindowFunction>
    </cosmologicalMassVariance>
    <transferFunction value="bode2001">
      <epsilon value="0.359"/>
      <nu value="1.1"/>
      <eta value="3.81"/>
      <transferFunction value="eisensteinHu1999">
  	<neutrinoNumberEffective value="3.04"/>
  	<neutrinoMassSummed value="0.000"/>
  	<darkMatterParticle value="CDM"/>
      </transferFunction>
    </transferFunction>
    <linearGrowth value="collisionlessMatter"/>
    <criticalOverdensity value="barkana2001WDM">
      <criticalOverdensity value="sphericalCollapseClsnlssMttrCsmlgclCnstnt">
  	<darkMatterParticle value="CDM"/>
      </criticalOverdensity>
    </criticalOverdensity>
    <haloMassFunction value="pressSchechter"/>
    <excursionSetBarrier value="remapScale">
      <factor value="1.1965"/>
      <applyTo value="nonRates"/>
      <excursionSetBarrier value="remapShethMoTormen">
  	<a value="0.707"/>
  	<b value="0.500"/>
  	<c value="0.600"/>
  	<applyTo value="nonRates"/>
  	<excursionSetBarrier value="criticalOverdensity"/>
      </excursionSetBarrier>
    </excursionSetBarrier>
    <excursionSetFirstCrossing value="farahi">
      <fractionalTimeStep value="0.01"/>
      <fileName value="auto"/>
      <varianceNumberPerUnitProbability value="100"/>
      <varianceNumberPerUnit value="20"/>
      <varianceNumberPerDecade value="40"/>
    </excursionSetFirstCrossing>
    <darkMatterProfileConcentration value="schneider2015">
      <reference value="" ignoreWarnings="true">
  	<cosmologicalMassVariance value="filteredPower">
  	  <sigma_8 value="0.817"/>
  	  <powerSpectrumWindowFunction value="sharpKSpace">
  	    <normalization value="2.5"/>
  	  </powerSpectrumWindowFunction>
  	  <powerSpectrumPrimordialTransferred value="simple"/>
  	  <transferFunction value="eisensteinHu1999">
  	    <neutrinoNumberEffective value="3.04"/>
  	    <neutrinoMassSummed value="0.000"/>
  	    <darkMatterParticle value="CDM"/>
  	  </transferFunction>
  	  <powerSpectrumPrimordial value="powerLaw">
  	    <index value="0.961"/>
  	    <wavenumberReference value="1.000"/>
  	    <running value="0.000"/>
  	  </powerSpectrumPrimordial>
  	</cosmologicalMassVariance>
  	<criticalOverdensity value="sphericalCollapseClsnlssMttrCsmlgclCnstnt">
  	  <darkMatterParticle value="CDM"/>
  	</criticalOverdensity>
  	<cosmologyFunctions value="matterLambda"/>
  	<cosmologyParameters value="simple">
  	  <OmegaMatter value="0.2812"/>
  	  <OmegaDarkEnergy value="0.7188"/>
  	  <OmegaBaryon value="0.04611"/>
  	  <HubbleConstant value="69.7"/>
  	</cosmologyParameters>
  	<darkMatterProfileConcentration value="diemerKravtsov2014"/>
      </reference>
    </darkMatterProfileConcentration>
    <mergerTreeConstructor value="build"/>
    <mergerTreeBuilder value="cole2000">
      <accretionLimit value="0.1"/>
      <mergeProbability value="0.1"/>
      <redshiftMaximum value="30"/>
      <toleranceResolutionParent value="2.0e-2"/>
    </mergerTreeBuilder>
    <mergerTreeBranchingProbability value="gnrlzdPrssSchchtr">
      <massMinimum value="1.0e5"/>
    </mergerTreeBranchingProbability>
    <mergerTreeBranchingProbabilityModifier value="parkinson2008">
      <G0 value="+0.57"/>
      <gamma1 value="+0.38"/>
      <gamma2 value="-0.01"/>
    </mergerTreeBranchingProbabilityModifier>
    <mergerTreeBuildMasses value="sampledDistributionUniform">
      <massTreeMinimum value="1.0e12"/>
      <massTreeMaximum value="2.0e12"/>
      <treesPerDecade value="20"/>
    </mergerTreeBuildMasses>
    <mergerTreeMassResolution value="fixed">
      <massResolution value="1.0e9"/>
    </mergerTreeMassResolution>
    <virialDensityContrast value="sphericalCollapseClsnlssMttrCsmlgclCnstnt"/>
    <darkMatterProfileDMO value="NFW"/>
    <accretionHalo value="zero"/>
    <hotHaloMassDistribution value="null"/>
    <mergerRemnantSize value="null"/>
    <mergerTreeNodeEvolver value="standard">
      <odeToleranceAbsolute value="0.01"/>
      <odeToleranceRelative value="0.01"/>
    </mergerTreeNodeEvolver>

    <mergerTreeEvolver value="standard">
      <timestepHostAbsolute value="1.00"/>
      <timestepHostRelative value="0.10"/>
    </mergerTreeEvolver>

    <mergerTreeEvolveTimestep value="multi">
      <mergerTreeEvolveTimestep value="simple" iterable="no">
  	<timeStepAbsolute value="10.00"/>
  	<timeStepRelative value="10.00"/>
      </mergerTreeEvolveTimestep>
      <mergerTreeEvolveTimestep value="satellite" iterable="no"/>
    </mergerTreeEvolveTimestep>
    <outputTimestepHistory value="false"/>
    <outputTimes value="list">
      <redshifts value="0.0"/>
    </outputTimes>
    <verbosityLevel value="standard"/>
  </parameters>

  <!-- Power spectrum calculation -->
  <parameters>
    <formatVersion>2</formatVersion>
    <lastModified revision="165490f4968c699f7e5bb73ef60bcb7e626f51e6"/>
    <task value="powerSpectra">
      <wavenumberMinimum value="1.0e-3"/>
      <wavenumberMaximum value="1.0e+3"/>
      <pointsPerDecade value="10"/>
      <includeNonLinear value="false"/>
    </task>
    <cosmologyParameters value="simple">
      <HubbleConstant value="70.7"/>
      <OmegaMatter value="0.2695"/>
      <OmegaDarkEnergy value="0.7305"/>
      <OmegaBaryon value="0.04541"/>
      <temperatureCMB value="2.72548"/>
    </cosmologyParameters>
    <outputTimes value="list">
      <redshifts value="0.0 1.0"/>
    </outputTimes>
  </parameters>

  <!-- Broadband luminosity tabulation -->
  <parameters>
    <formatVersion>2</formatVersion>
    <lastModified revision="165490f4968c699f7e5bb73ef60bcb7e626f51e6"/>
    <task value="buildBroadbandLuminosityTabulations"/>
    <outputTimes value="list">
      <redshifts value="0.0 1.0"/>
    </outputTimes>
    <luminosityFilter value="LSST_g   LSST_i   LSST_r   LSST_u   LSST_y   LSST_z   LSST_g   LSST_i   LSST_r   LSST_u   LSST_y   LSST_z"/>
    <luminosityType value="observed observed observed observed observed observed rest     rest     rest     rest     rest     rest  "/>
    <luminosityRedshift value="all      all      all      all      all      all      all      all      all      all      all      all   "/>
  </parameters>

  <!-- Assign positions to subhalos -->
  <parameters>
    <formatVersion>2</formatVersion>
    <lastModified revision="165490f4968c699f7e5bb73ef60bcb7e626f51e6"/>
    <componentPosition value="cartesian"/>
    <nodeOperator value="multi">
      <!-- Cosmological epoch -->
      <nodeOperator value="cosmicTime" iterable="no"/>
      <!-- DMO evolution -->
      <nodeOperator value="DMOInterpolate" iterable="no"/>
      <!-- Halo concentrations -->
      <nodeOperator value="darkMatterProfileScaleSet" iterable="no"/>
      <nodeOperator value="darkMatterProfileScaleInterpolate" iterable="no"/>
      <!-- Halo spins -->
      <nodeOperator value="haloAngularMomentumRandom" iterable="no"/>
      <nodeOperator value="haloAngularMomentumInterpolate" iterable="no"/>
      <!-- Satellite evolution -->
      <nodeOperator value="satelliteMergingTime" iterable="no"/>
      <nodeOperator value="satelliteMassLoss" iterable="no"/>
      <!-- Star formation -->
      <nodeOperator value="starFormationDisks" iterable="no"/>
      <nodeOperator value="starFormationSpheroids" iterable="no"/>
      <!--Stellar feedback outflows-->
      <nodeOperator value="stellarFeedbackDisks" iterable="no">
	<stellarFeedbackOutflows value="rateLimit">
          <timescaleOutflowFractionalMinimum value="0.001"/>
          <stellarFeedbackOutflows value="powerLaw">
            <velocityCharacteristic value="250.0"/>
            <exponent value="3.5"/>
          </stellarFeedbackOutflows>
	</stellarFeedbackOutflows>
      </nodeOperator>
      <nodeOperator value="stellarFeedbackSpheroids" iterable="no">
	<stellarFeedbackOutflows value="rateLimit">
          <timescaleOutflowFractionalMinimum value="0.001"/>
          <stellarFeedbackOutflows value="powerLaw">
            <velocityCharacteristic value="250.0"/>
            <exponent value="3.5"/>
          </stellarFeedbackOutflows>
	</stellarFeedbackOutflows>
      </nodeOperator>
      <nodeOperator value="positionTraceDarkMatter" iterable="no"/>
    </nodeOperator>
  </parameters>
  
  <!-- Output time options -->
  <parameters>
    <formatVersion>2</formatVersion>
    <lastModified revision="165490f4968c699f7e5bb73ef60bcb7e626f51e6"/>
    <outputTimes value="list">
      <redshifts value="0.0 0.2 0.4"/>
    </outputTimes>
    <outputTimes value="uniformSpacingInTime">
      <timeMinimum value=" 1.0"/>
      <timeMaximum value="13.0"/>
      <countTimes  value=" 4  "/>
    </outputTimes>
    <outputTimes value="uniformSpacingInTime">
      <timeMinimum     value="1.0"/>
      <redshiftMinimum value="0.1"/>
      <countTimes      value="4  "/>
    </outputTimes>
    <outputTimes value="uniformSpacingInTime">
      <redshiftMaximum value=" 4.0"/>
      <timeMaximum     value="13.0"/>
      <countTimes      value=" 4  "/>
    </outputTimes>
    <outputTimes value="uniformSpacingInTime">
      <redshiftMinimum value="0.1"/>
      <redshiftMaximum value="4.0"/>
      <countTimes      value="4  "/>
    </outputTimes>
    <outputTimes value="uniformSpacingInRedshift">
      <redshiftMinimum value="0.1"/>
      <redshiftMaximum value="4.0"/>
      <countRedshifts  value="4  "/>
    </outputTimes>
    <outputTimes value="logarithmicSpacingInRedshift">
      <redshiftMinimum value="0.1"/>
      <redshiftMaximum value="4.0"/>
      <countRedshifts  value="4  "/>
    </outputTimes>
    <outputTimes value="logarithmicSpacingInCriticalOverdensity">
      <redshiftMinimum value="0.1"/>
      <redshiftMaximum value="4.0"/>
      <countTimes      value="4  "/>
    </outputTimes>
  </parameters>

</parameterGrid>
