<?xml version="1.0"?>
<parameters>
  <formatVersion>2</formatVersion>
  <version>0.9.4</version>
  <mergerTreeBuildTreesPerDecade value="5"/>
  <mergerTreeBuildHaloMassMaximum value="1e+12"/>
  <mergerTreeBuildHaloMassMinimum value="10000000000"/>
</parameters>
