<?xml version="1.0"?>
<parameters>
  <formatVersion>2</formatVersion>
  <lastModified revision="975fffd5aadf697707003f16bf9b4caee8ebe97d" time="2025-10-22T21:34:03"/>

  <mergerTreeBuildMasses value="sampledDistributionUniform">
    <treesPerDecade value="5"/>
    <massTreeMaximum value="1e+12"/>
    <massTreeMinimum value="10000000000"/>
  </mergerTreeBuildMasses>

  <!-- Halo scale radii and concentrations -->
  <darkMatterProfileScaleRadius value="concentrationLimiter">
    <concentrationMinimum value="  4.0"/>
    <concentrationMaximum value="100.0"/>
    <darkMatterProfileScaleRadius value="concentration"/>
  </darkMatterProfileScaleRadius>

  <!-- Node evolution and physics -->
  <nodeOperator value="multi">
    <!-- Cosmological epoch -->
    <nodeOperator value="cosmicTime"/>
    <!-- DMO evolution -->
    <nodeOperator value="DMOInterpolate"/>
    <!-- Halo concentrations -->
    <nodeOperator value="darkMatterProfileScaleSet"        />
    <nodeOperator value="darkMatterProfileScaleInterpolate"/>
    <!-- Halo spins -->
    <nodeOperator value="haloAngularMomentumRandom">
      <factorReset value="2.0"/>
    </nodeOperator>
    <nodeOperator value="haloAngularMomentumInterpolate"/>
    <!-- Satellite evolution -->
    <nodeOperator value="satelliteMergingTime"/>
    <nodeOperator value="satelliteMassLoss"   />
    <!-- Star formation -->
    <nodeOperator value="starFormationDisks"/>
    <nodeOperator value="starFormationSpheroids"/>
    <!--Stellar feedback outflows-->
    <nodeOperator value="stellarFeedbackDisks">
      <stellarFeedbackOutflows value="rateLimit">
        <timescaleOutflowFractionalMinimum value="0.001"/>
        <stellarFeedbackOutflows value="powerLaw">
          <velocityCharacteristic value="250.0"/>
          <exponent value="3.5"/>
        </stellarFeedbackOutflows>
      </stellarFeedbackOutflows>
    </nodeOperator>
    <nodeOperator value="stellarFeedbackSpheroids">
      <stellarFeedbackOutflows value="rateLimit">
        <timescaleOutflowFractionalMinimum value="0.001"/>
        <stellarFeedbackOutflows value="powerLaw">
          <velocityCharacteristic value="250.0"/>
          <exponent value="3.5"/>
        </stellarFeedbackOutflows>
      </stellarFeedbackOutflows>
    </nodeOperator>
    <!-- Bar instability in galactic disks -->
    <nodeOperator value="barInstability">
      <galacticDynamicsBarInstability value="efstathiou1982">
	<stabilityThresholdGaseous value="0.7"/>
	<stabilityThresholdStellar value="1.1"/>
      </galacticDynamicsBarInstability>
    </nodeOperator>
    <!-- CGM physics -->
    <nodeOperator value="CGMAccretion">
      <allowNegativeCGMMass value="true"/>
      <angularMomentumAlwaysGrows value="false"/>
    </nodeOperator>
    <nodeOperator value="CGMOutflowReincorporation">
      <includeSatellites value="true"/>
    </nodeOperator>
    <nodeOperator value="CGMCoolingHeating">
      <component value="disk"/>
      <coolingFrom value="currentNode"/>
      <excessHeatDrivesOutflow value="true"/>
      <rateMaximumExpulsion value="1.0"/>
    </nodeOperator>
  </nodeOperator>

</parameters>
