<?xml version="1.0" encoding="UTF-8"?>
<!-- Defines a set of Galacticus models which explore all available method options. -->
<!-- Andrew Benson                                                                  -->
<!-- 04-Sep-2010                                                                    -->
<parameterGrid>
  <emailReport>no</emailReport>
  <doAnalysis>no</doAnalysis>
  <modelRootDirectory>testSuite/outputs/test-methods</modelRootDirectory>
  <baseParameters>testSuite/test-methods-base.xml</baseParameters>
  <launchMethod>pbs</launchMethod>
  <pbs>
    <ompThreads>12</ompThreads>
    <maxJobsInQueue>40</maxJobsInQueue>
    <postSubmitSleepDuration>1</postSubmitSleepDuration>
    <jobWaitSleepDuration>10</jobWaitSleepDuration>
  </pbs>
  <parameters>
    <formatVersion>2</formatVersion>
    <version>0.9.4</version>
    <accretionDisksMethod>
      <value>switched</value>
      <value>shakuraSunyaev</value>
      <value>ADAF</value>
      <value>eddingtonLimited</value>
    </accretionDisksMethod>
  </parameters>
  <parameters>
    <formatVersion>2</formatVersion>
    <version>0.9.4</version>
    <barInstabilityMethod>
      <value>ELN</value>
      <value>null</value>
      <value>ELN+tidal</value>
    </barInstabilityMethod>
  </parameters>
  <parameters>
    <formatVersion>2</formatVersion>
    <version>0.9.4</version>
    <outputHaloModelData value="true"/>
    <darkMatterHaloBiasMethod>
      <value>SMT</value>
      <value>Press-Schechter</value>
      <value>Tinker2010</value>
    </darkMatterHaloBiasMethod>
  </parameters>
  <parameters>
    <formatVersion>2</formatVersion>
    <version>0.9.4</version>
    <darkMatterProfileMethod>
      <value>NFW</value>
      <value>isothermal</value>
      <value>einasto
      <treeNodeMethodDarkMatterProfile value="scaleShape"/>
      </value>
    </darkMatterProfileMethod>
  </parameters>
  <parameters>
    <formatVersion>2</formatVersion>
    <version>0.9.4</version>
    <galacticStructureRadiusSolverMethod>
      <value>adiabatic
      <galacticStructureRadiusSolverInitialRadiusMethod value="adiabatic"/>
      </value>
      <value>simple
      <galacticStructureRadiusSolverInitialRadiusMethod value="static"/>
      </value>
      <value>linear
      <galacticStructureRadiusSolverInitialRadiusMethod value="static"/>
      </value>
      <value>fixed
      <galacticStructureRadiusSolverInitialRadiusMethod value="static"/>
      </value>
    </galacticStructureRadiusSolverMethod>
  </parameters>
  <parameters>
    <formatVersion>2</formatVersion>
    <version>0.9.4</version>
    <haloMassFunctionMethod>
      <value>shethTormen</value>
      <value>tinker2008</value>
      <value>pressSchechter</value>
    </haloMassFunctionMethod>
  </parameters>
  <parameters>
    <formatVersion>2</formatVersion>
    <version>0.9.4</version>
    <haloSpinDistributionMethod>
      <value>bett2007</value>
      <value>logNormal</value>
      <value>deltaFunction</value>
    </haloSpinDistributionMethod>
  </parameters>
  <parameters>
    <formatVersion>2</formatVersion>
    <version>0.9.4</version>
    <chemicalStateMethod>
      <value>atomicCIECloudy</value>
      <value>CIEFile</value>
      <fileName value="data/chemicalState/chemical_state_Atomic_CIE_Cloudy.xml"/>
    </chemicalStateMethod>
  </parameters>
  <parameters>
    <formatVersion>2</formatVersion>
    <version>0.9.4</version>
    <mergerTreeReadFileName value="testSuite/test-MergerTrees.hdf5"/>
    <mergerTreeConstructMethod>
      <value>smoothAccretion
      <darkMatterAccretionHistoryMethod>
	<value>Wechsler2002</value>
	<value>Zhao2009</value>
      </darkMatterAccretionHistoryMethod>
      </value>
      <value>build
      <mergerTreeBuildTreesHaloMassDistribution>
	<value>uniform</value>
	<value>read
	<mergerTreeBuildTreeMassesFile value="testSuite/data/mergerTreeBuilding/treeMasses.xml"/>
	</value>
      </mergerTreeBuildTreesHaloMassDistribution>
      </value>
      <value>read
      <hotHaloRamPressureStrippingMethod value="virialRadius"/>
      <hotHaloTrackStrippedGas value="false"/>
      <satelliteOrbitStoreOrbitalParameters value="false"/>
      <mergerTreeReadPresetOrbits value="true"/>
      <mergerTreeReadPresetOrbitsBoundOnly value="true"/>
      <treeNodeMethodSatellite>
	<value>standard
	<mergerTreeReadPresetMergerTimes value="false"/>
	<mergerTreeReadPresetMergerNodes value="false"/>
	</value>
	<value>preset
	<mergerTreeReadPresetMergerTimes value="true"/>
	<mergerTreeReadPresetMergerNodes value="true"/>
	<mergerTreeReadSubresolutionMergingMethod>
	  <value>null</value>
	  <value>boylanKolchin2008</value>
	</mergerTreeReadSubresolutionMergingMethod>
	</value>
      </treeNodeMethodSatellite>
      <mergerTreeReadPresetSubhaloMasses value="false"/>
      <mergerTreeReadPresetSubhaloIndices value="false"/>
      </value>
    </mergerTreeConstructMethod>
    <mergerTreeReadTreeIndexToRootNodeIndex value="true"/>
    <allTreesExistAtFinalTime value="false"/>
    <mergerTreeReadPresetSubhaloMasses value="true"/>
    <treeNodeMethodPosition value="preset"/>
    <mergerTreeReadPresetMergerTimes value="true"/>
    <mergerTreeReadPresetPositions value="true"/>
    <mergerTreeReadPresetSpins value="false"/>
    <mergerTreeReadPresetScaleRadii value="false"/>
    <cosmologyParametersMethod value="simple">
      <HubbleConstant value="73.0"/>
      <OmegaMatter value="0.25"/>
      <OmegaDarkEnergy value="0.75"/>
      <OmegaBaryon value="0.045"/>
      <temperatureCMB value="2.72548"/>
    </cosmologyParametersMethod>
    <powerSpectrumPrimordialMethod value="powerLaw">
      <index value="0.961"/>
      <wavenumberReference value="1.000"/>
      <running value="0.000"/>
    </powerSpectrumPrimordialMethod>
    <cosmologicalMassVarianceMethod value="filteredPower">
    <sigma_8 value="0.9"/>
  </cosmologicalMassVarianceMethod></parameters>
  <parameters>
    <formatVersion>2</formatVersion>
    <version>0.9.4</version>
    <satelliteMergingTimescalesMethod>
      <value>boylanKolchin2008</value>
      <value>laceyCole1993</value>
      <value>jiang2008</value>
      <value>laceyCole1993Tormen</value>
      <value>wetzelWhite2010</value>
      <value>villalobos2013
      <satelliteMergingTimescaleVillalobos2013BaseMethod value="boylanKolchin2008"/>
      </value>
    </satelliteMergingTimescalesMethod>
  </parameters>
  <parameters>
    <formatVersion>2</formatVersion>
    <version>0.9.4</version>
    <!-- Use fairly strict limits on the outflow timescales to avoid unstable evolution. -->
    <diskOutflowTimescaleMinimum value="0.1"/>
    <spheroidOutflowTimescaleMinimum value="0.1"/>
    <stellarPopulationPropertiesMethod>
      <value>instantaneous</value>
      <value>noninstantaneous</value>
    </stellarPopulationPropertiesMethod>
  </parameters>
  <parameters>
    <formatVersion>2</formatVersion>
    <version>0.9.4</version>
    <stellarPopulationSpectraMethod>
      <value>FSPS</value>
      <value>file<imfSelectionFixed value="Salpeter"/>
      <fileNameForSalpeterIMF value="data/stellarPopulations/SSP_Spectra_Conroy-et-al_v2.1_imfSalpeter.hdf5"/>
      </value>
    </stellarPopulationSpectraMethod>
  </parameters>
  <parameters>
    <formatVersion>2</formatVersion>
    <version>0.9.4</version>
    <luminosityFilter value="RGO_I SDSS_g SDSS_r SDSS_i"/>
    <luminosityRedshift value="0.0 0.1 0.1 0.1"/>
    <luminosityType value="rest observed observed observed"/>
    <stellarPopulationSpectraPostprocessDefaultMethods>
      <value>meiksin2006</value>
      <value>madau1995</value>
      <value>inoue2014</value>
      <value>lycSuppress</value>
      <value>recent</value>
      <value>identity</value>
    </stellarPopulationSpectraPostprocessDefaultMethods>
  </parameters>
  <parameters>
    <formatVersion>2</formatVersion>
    <version>0.9.4</version>
    <transferFunctionMethod>
      <value>file
	<fileName                  value="data/largeScaleStructure/transferFunctionMillenniumSimulation.hdf5"/>
	<cosmologyParametersMethod value="simple">
	  <HubbleConstant  value="73.0"  />
	  <OmegaMatter     value="0.25"  />
	  <OmegaDarkEnergy value="0.75"  />
	  <OmegaBaryon     value="0.0455"/>
	</cosmologyParametersMethod>
	<cosmologicalMassVarianceMethod value="filteredPower">
	  <tolerance       value="3.0e-4"/>
	  <toleranceTopHat value="3.0e-4"/>
	</cosmologicalMassVarianceMethod>
      </value>
      <value>BBKS</value>
      <value>CAMB
      <cosmologicalMassVarianceMethod value="filteredPower">
	<tolerance       value="3.0e-4"/>
	<toleranceTopHat value="3.0e-4"/>
      </cosmologicalMassVarianceMethod>
      </value>
      <value>eisensteinHu1999</value>
    </transferFunctionMethod>
  </parameters>
  <parameters>
    <formatVersion>2</formatVersion>
    <version>0.9.4</version>
    <virialDensityContrastMethod>
      <value>sphericalCollapseMatterLambda</value>
      <value>bryanNorman1998</value>
      <value>fixed</value>
      <value>friendsOfFriends</value>
    </virialDensityContrastMethod>
  </parameters>
  <parameters>
    <formatVersion>2</formatVersion>
    <version>0.9.4</version>
    <virialOrbitMethod>
      <value>benson2005</value>
      <value>wetzel2010</value>
    </virialOrbitMethod>
  </parameters>
  <parameters>
    <formatVersion>2</formatVersion>
    <version>0.9.4</version>
    <starFormationTimescaleDisksMethod>
      <value>dynamicalTime</value>
      <value>integratedSurfaceDensity
      <starFormationRateSurfaceDensityDisksMethod>
	<value>Kennicutt-Schmidt
        <starFormationKennicuttSchmidtTruncate>
	  <value>true</value>
	  <value>false</value>
	</starFormationKennicuttSchmidtTruncate>
	</value>
	<value>Blitz-Rosolowsky2006</value>
	<value>KMT09
        <molecularFractionFastKMT09>
	  <value>false</value>
	  <value>true</value>
	</molecularFractionFastKMT09>
	</value>
	<value>extendedSchmidt</value>
      </starFormationRateSurfaceDensityDisksMethod>
      </value>
      <value>Baugh2005</value>
    </starFormationTimescaleDisksMethod>
  </parameters>
  <parameters>
    <formatVersion>2</formatVersion>
    <version>0.9.4</version>
    <satelliteMergingRemnantSizeMethod>
      <value>Cole2000</value>
      <value>Covington2008</value>
    </satelliteMergingRemnantSizeMethod>
  </parameters>
  <parameters>
    <formatVersion>2</formatVersion>
    <version>0.9.4</version>
    <darkMatterProfileConcentrationMethod>
      <value>gao2008</value>
      <value>zhao2009</value>
      <value>munozCuartas2011</value>
      <value>NFW1996</value>
      <value>prada2011</value>
      <value>duttonMaccio2014</value>
      <value>diemerKravtsov2014</value>
      <value>klypin2015</value>
    </darkMatterProfileConcentrationMethod>
  </parameters>

  <!-- Schneider 2015 concentration method -->
  <parameters>
    <darkMatterProfileConcentrationMethod value="schneider2015">
      <reference>
	<criticalOverdensityMethod                value="fixed"            >
	  <criticalOverdensity value="1.686"/>
	</criticalOverdensityMethod>
	<cosmologicalMassVarianceMethod           value="filteredPower"    >
	  <sigma_8 value="0.9"/>
	</cosmologicalMassVarianceMethod  >
	<cosmologyParametersMethod                value="simple"           >
	  <HubbleConstant   value="70.0" />
	  <OmegaMatter      value="0.32" />
	  <OmegaDarkEnergy  value="0.68" />
	  <OmegaBaryon      value="0.045"/>
	  <temperatureCMB   value="2.725"/>
	</cosmologyParametersMethod>
	<darkMatterProfileConcentrationMethod     value="gao2008"         />
	<linearGrowthMethod                       value="simple"          />
	<cosmologyFunctionsMethod                 value="matterLambda"    />
	<powerSpectrumPrimordialMethod value="powerLaw">
	  <index               value="1.0"/>
	  <wavenumberReference value="1.0"/>
	  <running             value="0.0"/>
	</powerSpectrumPrimordialMethod>
	<powerSpectrumPrimordialTransferredMethod value="simple"          />
	<powerSpectrumWindowFunctionClass         value="topHat"          />
	<transferFunctionMethod                   value="eisensteinHu1999" >
	  <neutrinoNumberEffective value="3.046"/>
	  <neutrinoMassSummed      value="0.000"/>
	</transferFunctionMethod>
      </reference>
    </darkMatterProfileConcentrationMethod>
  </parameters>
  
  <!-- Molecular hydrogen network and cooling. -->
  <parameters>
    <formatVersion>2</formatVersion>
    <version>0.9.4</version>
    <chemicalReactionRateMethods value="hydrogenNetwork"/>
    <hydrogenNetworkFast value="true"/>
    <hydrogenNetworkCMBOnly value="true"/>
    <chemicalsToTrack value="AtomicHydrogen AtomicHydrogenCation MolecularHydrogen Electron"/>
    <coolingFunctionMethod value="summation">
      <coolingFunctionMethod value="atomicCIECloudy"/>
      <coolingFunctionMethod value="CMBCompton"/>
      <coolingFunctionMethod value="molecularHydrogenGalliPalla"/>
    </coolingFunctionMethod>
    <mergerTreeBuildHaloMassMaximum value="1.0e11"/>
  </parameters>
  
  <!-- Black hole binary methods. -->
  <parameters>
    <formatVersion>2</formatVersion>
    <version>0.9.4</version>
    <blackHoleBinaryInitialRadiiMethod>
      <value>spheroidRadiusFraction</value>
      <value>tidalRadius
      <blackHoleBinaryRecoilVelocityMethod>
	<value>null</value>
	<value>Campanelli2007
	<blackHoleBinarySeparationGrowthRateMethod>
	  <value>null</value>
	  <value>standard
	  <tripleBlackHoleInteraction>
	    <value>false</value>
	    <value>true
	    <blackHoleOutputMergers>
	      <value>false</value>
	      <value>true</value>
	    </blackHoleOutputMergers>
	    </value>
	  </tripleBlackHoleInteraction>
	  </value>
	</blackHoleBinarySeparationGrowthRateMethod>
	</value>
      </blackHoleBinaryRecoilVelocityMethod>
      </value>
      <value>Volonteri2003</value>
    </blackHoleBinaryInitialRadiiMethod>
  </parameters>
  <parameters>
    <formatVersion>2</formatVersion>
    <version>0.9.4</version>
    <blackHoleOutputData value="true"/>
  </parameters>

  <!-- Cooling rate methods. -->
  <parameters>
    <formatVersion>2</formatVersion>
    <version>0.9.4</version>
    <coolingRateMethod>
      <value>whiteFrenk1991</value>
      <value>cole2000
        <coolingTimeAvailableMethod>
	  <value>whiteFrenk1991</value>
	  <value>haloFormation</value>
	</coolingTimeAvailableMethod>
	<treeNodeMethodFormationTime value="Cole2000"/>
	<hotHaloCoolingFromNode value="formationNode"/>
	<hotHaloOutputCooling>
	  <value>false</value>
	  <value>true</value>
	</hotHaloOutputCooling>
      </value>
    </coolingRateMethod>
  </parameters>
  
  <!-- Spheroid comopnents. -->
  <parameters>
    <formatVersion>2</formatVersion>
    <version>0.9.4</version>
    <spheroidMassDistribution>
      <value>hernquist</value>
      <value>sersic</value>
    </spheroidMassDistribution>
  </parameters>
  
  <!-- Black hole comopnents. -->
  <parameters>
    <formatVersion>2</formatVersion>
    <version>0.9.4</version>
    <treeNodeMethodBlackHole>
      <value>standard</value>
      <value>simple</value>
    </treeNodeMethodBlackHole> 
  </parameters>
  
  <!-- Infall and freefall radii. -->
  <parameters>
    <formatVersion>2</formatVersion>
    <version>0.9.4</version>
    <coolingInfallRadiusMethod>
      <value>coolingRadius</value>
      <value>coolingAndFreefall
      <freefallRadiusMethod value="darkMatterHalo"/> 
      <freefallTimeAvailableMethod value="haloFormation"/> 
      <treeNodeMethodFormationTime value="Cole2000"/>
      </value>
    </coolingInfallRadiusMethod> 
  </parameters>
  
  <!-- Cooling time available. -->
  <parameters>
    <formatVersion>2</formatVersion>
    <version>0.9.4</version>
    <coolingTimeAvailableMethod>
      <value>whiteFrenk1991</value>
      <value>haloFormation
      <treeNodeMethodFormationTime value="Cole2000"/>
      </value>
    </coolingTimeAvailableMethod>
  </parameters>
  
  <!-- Cooling specific angular momentum. -->
  <parameters>
    <formatVersion>2</formatVersion>
    <version>0.9.4</version>
    <coolingSpecificAngularMomentumMethod>
      <value>mean</value>
      <value>constantRotation
      <coolingMeanAngularMomentumFrom>
	<value>hotGas
	<coolingAngularMomentumUseInteriorMean>
	  <value>true</value>
	  <value>false</value>
	</coolingAngularMomentumUseInteriorMean>
	</value>
	<value>darkMatter</value>
      </coolingMeanAngularMomentumFrom>
      </value>
    </coolingSpecificAngularMomentumMethod>
  </parameters>
  
  <!-- Subhalo mass loss rates. -->
  <parameters>
    <formatVersion>2</formatVersion>
    <version>0.9.4</version>
    <darkMatterHaloMassLossRateMethod>
      <value>null</value>
      <value>vanDenBosch2005</value>
    </darkMatterHaloMassLossRateMethod>
  </parameters>
  
  <!-- Merger mass movements. -->
  <parameters>
    <formatVersion>2</formatVersion>
    <version>0.9.4</version>
    <satelliteMergingMassMovementsMethod>
      <value>simple</value>
      <value>Baugh2005</value>
    </satelliteMergingMassMovementsMethod>
  </parameters>
  
  <!-- Star formation feedback. -->
  <parameters>
    <formatVersion>2</formatVersion>
    <version>0.9.4</version>
    <starFormationFeedbackDisksMethod>
      <value>powerLaw</value>
      <value>creasey2012</value>
    </starFormationFeedbackDisksMethod>
  </parameters>

  <!-- Expulsive feedback. -->
  <parameters>
    <formatVersion>2</formatVersion>
    <version>0.9.4</version>
    <starFormationExpulsiveFeedbackDisksMethod>
      <value>null</value>
      <value>superwind
      <starFormationExpulsiveFeedbackSpheroidMethod>
	<value>null</value>
	<value>superwind</value>
      </starFormationExpulsiveFeedbackSpheroidMethod>
      </value>
    </starFormationExpulsiveFeedbackDisksMethod>
  </parameters>

  <!-- Test different IMFs -->
  <parameters>
    <formatVersion>2</formatVersion>
    <version>0.9.4</version>
    <imfSelectionMethod>
      <value>fixed
      <imfSelectionFixed>
	<value>Baugh2005TopHeavy</value>
	<value>Chabrier</value>
	<value>Kennicutt</value>
	<value>Kroupa</value>
	<value>Miller-Scalo</value>
	<value>Salpeter</value>
	<value>Scalo</value>
	<value>PiecewisePowerLaw
	<imfPiecewisePowerLawMassPoints value="0.1 1.0 125.0"/>
	<imfPiecewisePowerLawExponents value="-1.5 -2.3"/>
	</value>
      </imfSelectionFixed>
      </value>
      <value>diskSpheroid
      <imfSelectionDisk value="Chabrier"/>
      <imfSelectionSpheroid value="Kennicutt"/>
      </value>
    </imfSelectionMethod>
  </parameters>

  <!-- Hot halo density profile -->
  <parameters>
    <formatVersion>2</formatVersion>
    <version>0.9.4</version>
    <hotHaloMassDistributionMethod>
      <value>ricotti2000</value>
      <value>betaProfile
      <hotHaloMassDistributionCoreRadiusMethod>
	<value>virialFraction</value>
	<value>growing</value>
      </hotHaloMassDistributionCoreRadiusMethod>
      </value>
    </hotHaloMassDistributionMethod>
  </parameters>
  
  <!-- Output density contrasts -->
  <parameters>
    <formatVersion>2</formatVersion>
    <version>0.9.4</version>
    <outputDensityContrastData value="true"/>
    <outputDensityContrastValues value="200 500"/>
  </parameters>

  <!-- Output half-light radii -->
  <parameters>
    <formatVersion>2</formatVersion>
    <version>0.9.4</version>
    <outputRedshifts value="0.0 0.1"/>
    <outputHalfLightData value="true"/>
    <luminosityFilter value="RGO_I SDSS_g SDSS_r SDSS_i"/> 
    <luminosityType value="rest observed observed observed"/> 
    <luminosityRedshift value="0.0 0.1 0.1 0.1"/>
  </parameters>

  <!-- Output main branch -->
  <parameters>
    <formatVersion>2</formatVersion>
    <version>0.9.4</version>
    <outputMainBranchStatus value="true"/>
  </parameters>

  <!-- Output mass profile -->
  <parameters>
    <formatVersion>2</formatVersion>
    <version>0.9.4</version>
    <outputMassProfileData value="true"/>
    <outputMassProfileRadii value="10.0e-3 100.0d-3"/>
  </parameters>

  <!-- Output star formation rates -->
  <parameters>
    <formatVersion>2</formatVersion>
    <version>0.9.4</version>
    <diskOutputStarFormationRate value="true"/>
    <spheroidOutputStarFormationRate value="true"/>
  </parameters>

  <!-- Output star formation histories -->
  <parameters>
    <formatVersion>2</formatVersion>
    <version>0.9.4</version>
    <starFormationHistoriesMethod value="metallicitySplit"/>
  </parameters>

  <!-- Output virial quantities -->
  <parameters>
    <formatVersion>2</formatVersion>
    <version>0.9.4</version>
    <outputVirialData value="true"/>
  </parameters>
  
  <!-- Output descendent indices -->
  <parameters>
    <formatVersion>2</formatVersion>
    <version>0.9.4</version>
    <outputDescendentIndices value="true"/>
    <treeNodeMethodSatellite value="standard"/>
  </parameters>
  
  <!-- Calculation of luminosities -->
  <parameters>
    <formatVersion>2</formatVersion>
    <version>0.9.4</version>
    <luminosityFilter value="RGO_I SDSS_g SDSS_r SDSS_i"/> 
    <luminosityType value="rest observed observed observed"/> 
    <luminosityRedshift value="0.0 0.1 0.1 0.1"/>
    <imfSelectionFixed>
      <value>Chabrier</value>
      <value>Kroupa</value>
      <value>Salpeter</value>
    </imfSelectionFixed>
  </parameters>

  <!-- Calculation of luminosities at all output redshifts -->
  <parameters>
    <formatVersion>2</formatVersion>
    <version>0.9.4</version>
    <luminosityFilter value="RGO_I SDSS_g SDSS_r SDSS_i"/> 
    <luminosityType value="rest observed observed observed"/> 
    <luminosityRedshift value="all all all all"/>
    <outputRedshifts value="0.064 0.041 0.020 0.000"/>
  </parameters>

  <!-- Calculation of luminosities with top-hat filters -->
  <parameters>
    <formatVersion>2</formatVersion>
    <version>0.9.4</version>
    <luminosityFilter value="topHat_2000_10 topHat_4000_5 topHat_6000_3 topHat_7000_2"/> 
    <luminosityType value="rest rest rest rest"/> 
    <luminosityRedshift value="0.0 0.0 0.0 0.0"/>
    <outputRedshifts value="0.0"/>
  </parameters>

  <!-- Calculation of luminosities with array of top-hat filters -->
  <parameters>
    <formatVersion>2</formatVersion>
    <version>0.9.4</version>
    <luminosityFilter value="topHat_2000_7000_10"/> 
    <luminosityType value="rest"/> 
    <luminosityRedshift value="0.0"/>
    <outputRedshifts value="0.0"/>
  </parameters>

  <!-- Black hole wind efficiencies -->
  <parameters>
    <formatVersion>2</formatVersion>
    <version>0.9.4</version>
    <blackHoleWindEfficiencyScalesWithRadiativeEfficiency>
      <value>false</value>
      <value>true</value>
    </blackHoleWindEfficiencyScalesWithRadiativeEfficiency> 
  </parameters>

  <!-- Hot halo ram pressure forces -->
  <parameters>
    <formatVersion>2</formatVersion>
    <version>0.9.4</version>
    <hotHaloRamPressureForceMethod>
      <value>Font2008</value>
      <value>null</value>
    </hotHaloRamPressureForceMethod> 
  </parameters>

  <!-- Hot halo ram pressure mass loss rates -->
  <parameters>
    <formatVersion>2</formatVersion>
    <version>0.9.4</version>
    <hotHaloRamPressureForceMethod value="Font2008"/> 
    <hotHaloRamPressureStrippingTimescaleMethod>
      <value>haloDynamicalTime</value>
      <value>ramPressureAcceleration</value>
    </hotHaloRamPressureStrippingTimescaleMethod> 
  </parameters>

  <!-- Disk and spheroid ram pressure mass loss rates -->
  <parameters>
    <formatVersion>2</formatVersion>
    <version>0.9.4</version>
    <ramPressureStrippingMassLossRateDisksMethod>
      <value>simple</value>
      <value>null</value>
    </ramPressureStrippingMassLossRateDisksMethod> 
  </parameters>
  <parameters>
    <formatVersion>2</formatVersion>
    <version>0.9.4</version>
    <ramPressureStrippingMassLossRateSpheroidsMethod>
      <value>simple</value>
      <value>null</value>
    </ramPressureStrippingMassLossRateSpheroidsMethod> 
  </parameters>

  <!-- Disk and spheroid tidal mass loss rates -->
  <parameters>
    <formatVersion>2</formatVersion>
    <version>0.9.4</version>
    <tidalStrippingMassLossRateDisksMethod>
      <value>simple</value>
      <value>null</value>
    </tidalStrippingMassLossRateDisksMethod> 
  </parameters>
  <parameters>
    <formatVersion>2</formatVersion>
    <version>0.9.4</version>
    <tidalStrippingMassLossRateSpheroidsMethod>
      <value>simple</value>
      <value>null</value>
    </tidalStrippingMassLossRateSpheroidsMethod> 
  </parameters>
  
  <!-- Dark energy cosmology -->
  <parameters>
    <formatVersion>2</formatVersion>
    <version>0.9.4</version>
    <cosmologyFunctionsMethod value="matterDarkEnergy">
      <darkEnergyEquationOfStateW0 value="-0.8"/>
      <darkEnergyEquationOfStateW1 value="0.0"/>
    </cosmologyFunctionsMethod>
    <criticalOverdensityMethod value="sphericalCollapseMatterDE"/>
    <virialDensityContrastMethod value="sphericalCollapseMatterDE"/>
    <virialDensityContrastSphericalTopHatDarkEnergyFixEnergyAt value="turnaround"/>
  </parameters>

  <!-- Intergalactic medium state and internal background calculation -->
  <parameters>
    <formatVersion>2</formatVersion>
    <version>0.9.4</version>
    <backgroundRadiationCompute value="true"/>
    <intergalacticMediumStateMethod>
      <value>recFast</value>
      <value>file
      <intergalaticMediumStateFileName value="data/intergalacticMedium/recFast_OmegaMatter0.281_OmegaDarkEnergy0.719_OmegaBaryon0.0461_HubbleConstant69.7_temperatureCMB2.725_YHe0.22.xml"/>
      </value>
      <value>simple</value>
    </intergalacticMediumStateMethod>
  </parameters>

  <!-- Hot halo options -->
  <parameters>
  <formatVersion>2</formatVersion>
  <version>0.9.4</version>
    <parameter>
      <name>treeNodeMethodHotHalo</name>
      <value>standard</value>
      <value>verySimple
      <parameter>
	<name>coolingRateMethod</name>
	<value>simple</value>
      </parameter>
      <parameter>
	<name>treeNodeMethodBlackHole</name>
	<value>null</value>
      </parameter>
      </value>
      <value>verySimpleDelayed
      <parameter>
	<name>coolingRateMethod</name>
	<value>simple</value>
      </parameter>
      <parameter>
	<name>treeNodeMethodBlackHole</name>
	<value>null</value>
      </parameter>
      </value>
    </parameter>
  </parameters>
  
  <!-- Internal IGM evolution -->
  <parameters>
    <formatVersion>2</formatVersion>
    <version>0.9.4</version>
    <!-- IGM evolver -->
    <intergalacticMediumStateMethod value="internal"/>
    <igmPropertiesTimeCountPerDecade value="2"/>
    <igmPropertiesCompute value="true"/>
    <igmPropertiesRedshiftMaximum value="150"/>
    <!-- Background radiation -->
    <backgroundRadiationCompute value="true"/>
    <radiationIntergalacticBackgroundMethod value="internal"/>
    <backgroundRadiationWavelengthCountPerDecade value="5"/>
    <backgroundRadiationTimeCountPerDecade value="2"/>
    <!-- Halo mass ranges -->
    <mergerTreeBuildHaloMassMaximum value="1.0e15"/>
    <mergerTreeBuildHaloMassMinimum value="1.0e10"/>
    <mergerTreeBuildTreesPerDecade value="5"/>
    <mergerTreeMassResolutionMethod value="fixed">
      <massResolution value="5.0e9"/>
    </mergerTreeMassResolutionMethod>
  </parameters>

  <!-- Detailed satellite orbits -->
  <parameters>
    <formatVersion>2</formatVersion>
    <version>0.9.4</version>
    <mergerTreeBuildTreesPerDecade value="4"/>
    <mergerTreeBuildHaloMassMinimum value="1.0e12"/>
    <mergerTreeBuildHaloMassMaximum value="3.0e12"/>
    <treeNodeMethodBasic value="standard"/>
    <treeNodeMethodBlackHole value="null"/>
    <treeNodeMethodDarkMatterProfile value="scale"/>
    <treeNodeMethodDisk value="null"/>
    <treeNodeMethodHotHalo value="null"/>
    <treeNodeMethodSatellite value="orbiting"/>
    <treeNodeMethodSpheroid value="null"/>
    <spheroidMassDistribution value="hernquist"/>
    <treeNodeMethodSpin value="random"/>
    <satelliteDynamicalFrictionMethod value="Chandrasekhar1943"/>    
    <cosmologyFunctionsMethod value="matterLambda"/>
    <cosmologyParametersMethod value="simple">
      <HubbleConstant value="70.2"/>
      <OmegaMatter value="0.2725"/>
      <OmegaDarkEnergy value="0.7275"/>
      <OmegaBaryon value="0.0455"/>
      <temperatureCMB value="2.72548"/>
    </cosmologyParametersMethod>
    <cosmologicalMassVarianceMethod value="filteredPower">
      <sigma_8 value="0.807"/>
    </cosmologicalMassVarianceMethod>
    <transferFunctionMethod value="eisensteinHu1999">
      <neutrinoNumberEffective value="3.04"/>
      <neutrinoMassSummed value="0.0"/>
    </transferFunctionMethod>
    <powerSpectrumPrimordialMethod value="powerLaw">
      <index value="0.961"/>
      <wavenumberReference value="1.000"/>
      <running value="0.000"/>
    </powerSpectrumPrimordialMethod>
    <linearGrowthMethod value="simple"/>
    <haloMassFunctionMethod value="tinker2008"/>
    <criticalOverdensityMethod value="sphericalCollapseMatterLambda"/>
    <virialDensityContrastMethod value="sphericalCollapseMatterLambda"/>
    <mergerTreeConstructMethod value="build"/>
    <mergerTreeBuilderMethod value="cole2000">
      <accretionLimit value="0.1"/>
      <mergeProbability value="0.1"/>
    </mergerTreeBuilderMethod>
    <treeBranchingMethod value="modifiedPress-Schechter"/>
    <modifiedPressSchechterG0 value="0.57"/>
    <modifiedPressSchechterGamma1 value="0.38"/>
    <modifiedPressSchechterGamma2 value="-0.01"/>
    <modifiedPressSchechterFirstOrderAccuracy value="0.1"/>
    <nodeMergersMethod value="singleLevelHierarchy"/>
    <darkMatterProfileMethod value="tidallyHeated">
      <darkMatterProfileMethod value="NFW"/>
    </darkMatterProfileMethod>
    <darkMatterProfileConcentrationMethod value="gao2008"/>
    <darkMatterProfileMinimumConcentration value="4"/>
    <haloSpinDistributionMethod value="bett2007">
      <alpha value="2.509"/>
      <lambda0 value="0.04326"/>     
    </haloSpinDistributionMethod>
    <randomSpinResetMassFactor value="2.0"/>
    <accretionHaloMethod value="simple"/>
    <reionizationSuppressionRedshift value="10.5"/>
    <reionizationSuppressionVelocity value="35.0"/>
    <hotHaloMassDistributionMethod value="null"/>
    <satelliteOrbitStoreOrbitalParameters value="true"/>
    <satelliteMergingRemnantSizeMethod value="null"/>
  </parameters>

  <!-- Statistics and tracking components -->
  <parameters>
    <formatVersion>2</formatVersion>
    <version>0.9.4</version>
    <treeNodeMethodHostHistory value="standard"/>
  </parameters>
  <parameters>
    <formatVersion>2</formatVersion>
    <version>0.9.4</version>
    <treeNodeMethodMassFlowStatistics value="standard"/>
  </parameters>
  <parameters>
    <formatVersion>2</formatVersion>
    <version>0.9.4</version>
    <treeNodeMethodDynamicsStatistics value="bars"/>
  </parameters>

  <!-- Parallel processing of individual trees -->
  <parameters>
    <formatVersion>2</formatVersion>
    <version>0.9.4</version>
    <treeEvolveSingleForest value="true"/>
  </parameters>

  <!-- Merger tree augmenting -->
  <parameters>
    <accretionHaloMethod value="null" />
    <darkMatterProfileMethod value="isothermal"/>
    <hotHaloMassDistributionMethod value="null"/>
    <satelliteMergingRemnantSizeMethod value="null"/>
    <mergerTreeBuildHaloMassMaximum value="6.0e12" />
    <mergerTreeBuildHaloMassMinimum value="2.0e12" />
    <mergerTreeBuildTreesHaloMassDistribution value="uniform" />
    <mergerTreeBuildTreesPerDecade value="200" />
    <mergerTreeBuilderMethod value="cole2000">
      <accretionLimit value="0.1" />
      <branchIntervalStep value="false" />
      <mergeProbability value="0.1" />
    </mergerTreeBuilderMethod>
    <mergerTreeConstructMethod value="build" />
    <mergerTreeMassResolutionMethod value="fixed">
      <massResolution value="1.0e10" />
    </mergerTreeMassResolutionMethod>
    <mergerTreeOperatorMethod value="sequence">
      <mergerTreeOperatorMethod value="selectWithinRange">
	<baseMassMaximum value="1.0e16" />
	<baseMassMinimum value="1.0e7" />
      </mergerTreeOperatorMethod>
      <mergerTreeOperatorMethod value="regridTimes">
	<expansionFactorEnd value="1.0" />
	<expansionFactorStart value="0.047" />
	<regridCount value="60" />
	<snapshotRedshifts value="19.915688 18.243723 16.724525 15.343073 14.085914 12.940780
				  11.896569 10.943864 10.073462  9.277915  8.549912  7.883204
				  7.272188  6.711586  6.196833  5.723864  5.288833  4.888449
				  4.519556  4.179469  3.865683  3.575905  3.308098  3.060419
				  2.831182  2.618862  2.422044  2.239486  2.070027  1.912633
				  1.766336  1.630271  1.503636  1.385718  1.275846  1.173417
				  1.077875  0.988708  0.905463  0.827699  0.755036  0.687109
				  0.623590  0.564177  0.508591  0.456577  0.407899  0.362340
				  0.319703  0.279802  0.242469  0.207549  0.174898  0.144383
				  0.115883  0.089288  0.064493  0.041403  0.019933  0.000000" />
	<snapshotSpacing value="list" />
      </mergerTreeOperatorMethod>
      <mergerTreeOperatorMethod value="pruneByMass">
	<massThreshold value="7.08e10" />
	<preservePrimaryProgenitor value="true" />
      </mergerTreeOperatorMethod>
      <mergerTreeOperatorMethod value="augment">
	<attemptsMaximum value="10000" />
	<massCutOff value="7.08e10" />
	<massCutOffAttemptsMaximum value="50" />
	<massCutOffScaleFactor value="0.0" />
	<mergerTreeBuilderMethod value="cole2000">
          <accretionLimit value="0.1" />
          <branchIntervalStep value="true" />
          <mergeProbability value="0.1" />
          <mergerTreeMassResolutionMethod value="fixed">
            <massResolution value="2.5e9" />
          </mergerTreeMassResolutionMethod>
          <randomSeedsFixed value="false" />
	</mergerTreeBuilderMethod>
	<rescaleMaximum value="20" />
	<retryMaximum value="50" />
	<snapshotRedshifts value="19.915688 18.243723 16.724525 15.343073 14.085914 12.940780
				  11.896569 10.943864 10.073462  9.277915  8.549912  7.883204
				  7.272188  6.711586  6.196833  5.723864  5.288833  4.888449
				  4.519556  4.179469  3.865683  3.575905  3.308098  3.060419
				  2.831182  2.618862  2.422044  2.239486  2.070027  1.912633
				  1.766336  1.630271  1.503636  1.385718  1.275846  1.173417
				  1.077875  0.988708  0.905463  0.827699  0.755036  0.687109
				  0.623590  0.564177  0.508591  0.456577  0.407899  0.362340
				  0.319703  0.279802  0.242469  0.207549  0.174898  0.144383
				  0.115883  0.089288  0.064493  0.041403  0.019933  0.000000" />
	<toleranceScale value="0.15" />
      </mergerTreeOperatorMethod>
      <mergerTreeOperatorMethod value="conditionalMF">
	<massRatioCount value="25" />
	<massRatioMaximum value="2.0" />
	<massRatioMinimum value="2.0e-6" />
	<outputGroupName value="treeStatisticsAfterInsertion" />
	<parentMassCount value="20" />
	<parentMassMaximum value="1.0e15" />
	<parentMassMinimum value="2.36e10" />
	<parentRedshifts value="0.0 0.0" />
	<primaryProgenitorDepth value="4" />
	<progenitorRedshifts value="0.508591 1.077875" />
      </mergerTreeOperatorMethod>
    </mergerTreeOperatorMethod>
    <treeNodeMethodBasic value="standard" />
    <treeNodeMethodBlackHole value="null" />
    <treeNodeMethodDarkMatterProfile value="null" />
    <treeNodeMethodDisk value="null" />
    <treeNodeMethodHotHalo value="null" />
    <treeNodeMethodPosition value="null" />
    <treeNodeMethodSatellite value="standard" />
    <treeNodeMethodSpheroid value="null" />
    <treeNodeMethodSpin value="null" />
    <verbosityLevel value="1" />
  </parameters>

  <!-- WDM model -->
  <parameters>
   <treeNodeMethodBasic value="standard"/>
  <treeNodeMethodHotHalo value="null"/>
  <treeNodeMethodBlackHole value="null"/>
  <treeNodeMethodDarkMatterProfile value="scale"/>
  <treeNodeMethodDisk value="null"/>
  <treeNodeMethodSatellite value="standard"/>
  <treeNodeMethodSpheroid value="null"/>
  <treeNodeMethodSpin value="null"/>
  <cosmologyFunctionsMethod value="matterLambda"/>
  <cosmologyParametersMethod value="simple">
    <HubbleConstant value="69.7"/>
    <OmegaMatter value="0.2812"/>
    <OmegaDarkEnergy value="0.7188"/>
    <OmegaBaryon value="0.04611"/>
    <temperatureCMB value="2.72548"/>
  </cosmologyParametersMethod>
  <darkMatterParticleMethod value="WDMThermal">
    <mass                      value="2.0"/>
    <degreesOfFreedomEffective value="1.5"/>
  </darkMatterParticleMethod>
  <powerSpectrumPrimordialMethod value="powerLaw">
    <index value="0.961"/>
    <wavenumberReference value="1.0"/>
    <running value="0.0"/>
  </powerSpectrumPrimordialMethod>
  <cosmologicalMassVarianceMethod value="filteredPower">
    <sigma_8 value="0.817"/>
    <monotonicInterpolation value="false"/>
    <powerSpectrumWindowFunctionMethod value="sharpKSpace">
      <normalization value="2.5"/>
    </powerSpectrumWindowFunctionMethod>
  </cosmologicalMassVarianceMethod>
  <transferFunctionMethod value="bode2001">
    <scaleCutOff value="0.08725"/> <!-- Do we really need this??? -->
    <epsilon value="0.359"/>
    <nu value="1.1"/>
    <eta value="3.81"/>
    <transferFunctionMethod value="eisensteinHu1999">
      <neutrinoNumberEffective value="3.04"/>
      <neutrinoMassSummed value="0.000"/>
      <darkMatterParticleMethod value="CDM"/>
    </transferFunctionMethod>
  </transferFunctionMethod>
  <linearGrowthMethod value="simple"/>
  <criticalOverdensityMethod value="barkana2001WDM">
    <criticalOverdensityMethod value="sphericalCollapseMatterLambda">
      <darkMatterParticleMethod value="CDM"/>
    </criticalOverdensityMethod>
  </criticalOverdensityMethod>
  <haloMassFunctionMethod value="pressSchechter"/>
  <excursionSetBarrierRemapMethods value="Sheth-Mo-Tormen"/>
  <excursionSetBarrierRemapScalingFactor value="1.1965"/>
  <excursionSetBarrierMethod value="criticalOverdensity"/>
  <excursionSetFirstCrossingMethod value="Farahi"/>
  <excursionSetFirstCrossingFarahiFractionalTimeStep value="0.01"/>
  <excursionSetFirstCrossingFarahiFileName value="excursionSetsWdmMx2.0Gx1.5.hdf5"/>
  <darkMatterProfileConcentrationMethod value="schneider2015">
    <reference>
      <cosmologicalMassVarianceMethod value="filteredPower">
	<sigma_8 value="0.817"/>
	<powerSpectrumWindowFunctionMethod value="sharpKSpace">
	  <normalization value="2.5"/>
	</powerSpectrumWindowFunctionMethod>
	<powerSpectrumPrimordialTransferredMethod value="simple"/>
	<transferFunctionMethod value="eisensteinHu1999">
	  <neutrinoNumberEffective value="3.04"/>
	  <neutrinoMassSummed value="0.000"/>
	  <darkMatterParticleMethod value="CDM"/>
	</transferFunctionMethod>
	<powerSpectrumPrimordialMethod value="powerLaw">
	  <index value="0.961"/>
	  <wavenumberReference value="1.000"/>
	  <running value="0.000"/>
	</powerSpectrumPrimordialMethod>
      </cosmologicalMassVarianceMethod>
      <criticalOverdensityMethod value="sphericalCollapseMatterLambda">
	<darkMatterParticleMethod value="CDM"/>
      </criticalOverdensityMethod>
      <cosmologyFunctionsMethod value="matterLambda"/>
      <cosmologyParametersMethod value="simple">
	<OmegaMatter value="0.2812"/>
	<OmegaDarkEnergy value="0.7188"/>
	<OmegaBaryon value="0.04611"/>
	<HubbleConstant value="69.7"/>
      </cosmologyParametersMethod>
      <darkMatterProfileConcentrationMethod value="diemerKravtsov2014"/>
    </reference>
  </darkMatterProfileConcentrationMethod>
  <mergerTreeConstructMethod value="build"/>
  <mergerTreeBuilderMethod value="cole2000">
    <accretionLimit   value="0.1"/>
    <mergeProbability value="0.1"/>
    <redshiftMaximum value="30"/>
    <toleranceResolutionParent value="2.0e-2"/>
  </mergerTreeBuilderMethod>
  <treeBranchingMethod value="generalizedPress-Schechter"/>
  <generalizedPressSchechterMinimumMass value="1.0e5"/>
  <treeBranchingModifierMethod value="Parkinson-Cole-Helly2008"/>
  <modifiedPressSchechterG0 value="0.57"/>
  <modifiedPressSchechterGamma1 value="0.38"/>
  <modifiedPressSchechterGamma2 value="-0.01"/>
  <modifiedPressSchechterFirstOrderAccuracy value="0.1"/>
  <mergerTreeBuildHaloMassMinimum value="1.0e12"/>
  <mergerTreeBuildHaloMassMaximum value="2.0e12"/>
  <mergerTreeBuildTreesPerDecade value="20"/>
  <mergerTreeMassResolutionMethod value="fixed">
    <massResolution value="1.0e9"/>
  </mergerTreeMassResolutionMethod>
  <virialDensityContrastMethod  value="sphericalCollapseMatterLambda"/>
  <darkMatterProfileMethod value="NFW"/>
  <accretionHaloMethod value="null"/>
  <hotHaloMassDistributionMethod value="null"/>
  <satelliteMergingRemnantSizeMethod value="null"/>
  <odeToleranceAbsolute   value="0.01"/>
  <odeToleranceRelative   value="0.01"/>
  <timestepHostAbsolute   value="1.00"/>
  <timestepHostRelative   value="0.10"/>
  <timestepSimpleAbsolute value="10.00"/>
  <timestepSimpleRelative value="10.00"/>
  <outputTimestepHistory      value="false"/>
  <outputRedshifts            value="0.0"/>
  <verbosityLevel value="1" />
 </parameters>
  
</parameterGrid>
