<?xml version="1.0" encoding="UTF-8"?>
<!-- Defines a set of Galacticus models which explore all available method options. -->
<!-- Andrew Benson                                                                  -->
<!-- 04-Sep-2010                                                                    -->
<parameterGrid>
  <emailReport>no</emailReport>
  <doAnalysis>no</doAnalysis>
  <modelRootDirectory>testSuite/outputs/test-methods_MPI</modelRootDirectory>
  <baseParameters>testSuite/test-methods-base.xml</baseParameters>
  <launchMethod>pbs</launchMethod>
  <pbs>
    <executable>Galacticus.exe</executable>
    <mpiLaunch>yes</mpiLaunch>
    <mpiNodes>4</mpiNodes>
    <mpiProcesses>48</mpiProcesses>
    <ompThreads>1</ompThreads>
    <maxJobsInQueue>40</maxJobsInQueue>
    <postSubmitSleepDuration>1</postSubmitSleepDuration>
    <jobWaitSleepDuration>10</jobWaitSleepDuration>
  </pbs>
  <local>
    <executable>Galacticus.exe</executable>
  </local>
  
  <!-- Tree construction methods -->
  <parameters>
    <formatVersion>2</formatVersion>
    <lastModified revision="165490f4968c699f7e5bb73ef60bcb7e626f51e6"/>
    <errorWaitTime value="0"/>
    <evolveForestsWorkShare value="cyclic"/>
    <mergerTreeConstructor value="build">
      <mergerTreeBuildMasses value="sampledDistributionUniform">
	<massTreeMinimum value="1.0e10"/>
	<massTreeMaximum value="1.0e13"/>
	<treesPerDecade value="20"/>
      </mergerTreeBuildMasses>
    </mergerTreeConstructor>
    <mergerTreeConstructor value="read">
      <fileNames value="testSuite/test-MergerTrees.hdf5"/>
      <presetOrbits value="true"/>
      <presetOrbitsBoundOnly value="true"/>
      <presetMergerTimes value="true"/>
      <presetMergerNodes value="true"/>
      <satelliteMergingTimescalesSubresolution value="boylanKolchin2008"/>
      <presetSubhaloIndices value="false"/>
      <treeIndexToRootNodeIndex value="true"/>
      <presetSubhaloMasses value="true"/>
      <presetPositions value="true"/>
      <presetAngularMomenta value="false"/>
      <presetScaleRadii value="false"/>
      <hotHaloRamPressureStripping value="virialRadius" parameterLevel="top"/>
      <componentHotHalo value="standard" parameterLevel="top">
	<trackStrippedGas value="false"/>
      </componentHotHalo>
      <componentSatellite value="preset" parameterLevel="top"/>
      <componentPosition value="cartesian" parameterLevel="top"/>
      <mergerTreeEvolver value="standard" parameterLevel="top">
	<allTreesExistAtFinalTime value="false"/>
      </mergerTreeEvolver>
      <nodeOperator value="multi" parameterLevel="top">
	<!-- Cosmological epoch -->
	<nodeOperator value="cosmicTime" iterable="no"/>
	<!-- DMO evolution -->
	<nodeOperator value="DMOInterpolate" iterable="no"/>
	<!-- Halo concentrations -->
	<nodeOperator value="darkMatterProfileScaleSet" iterable="no"/>
	<nodeOperator value="darkMatterProfileScaleInterpolate" iterable="no"/>
	<!-- Halo spins -->
	<nodeOperator value="haloAngularMomentumRandom" iterable="no"/>
	<nodeOperator value="haloAngularMomentumInterpolate" iterable="no"/>
	<!-- Star formation -->
	<nodeOperator value="starFormationDisks" iterable="no"/>
	<nodeOperator value="starFormationSpheroids" iterable="no"/>
	<!--Stellar feedback outflows-->
	<nodeOperator value="stellarFeedbackDisks" iterable="no">
	  <stellarFeedbackOutflows value="rateLimit">
            <timescaleOutflowFractionalMinimum value="0.001"/>
            <stellarFeedbackOutflows value="powerLaw">
	      <velocityCharacteristic value="250.0"/>
	      <exponent value="3.5"/>
            </stellarFeedbackOutflows>
	  </stellarFeedbackOutflows>
	</nodeOperator>
	<nodeOperator value="stellarFeedbackSpheroids" iterable="no">
	  <stellarFeedbackOutflows value="rateLimit">
            <timescaleOutflowFractionalMinimum value="0.001"/>
            <stellarFeedbackOutflows value="powerLaw">
	      <velocityCharacteristic value="250.0"/>
	      <exponent value="3.5"/>
            </stellarFeedbackOutflows>
	  </stellarFeedbackOutflows>
	</nodeOperator>
	<!-- Halo positions -->
	<nodeOperator value="positionDiscrete" iterable="no"/>
      </nodeOperator>
    </mergerTreeConstructor>    
    <cosmologyParameters value="simple">
      <HubbleConstant value="73.0"/>
      <OmegaMatter value="0.25"/>
      <OmegaDarkEnergy value="0.75"/>
      <OmegaBaryon value="0.045"/>
      <temperatureCMB value="2.72548"/>
    </cosmologyParameters>
    <powerSpectrumPrimordial value="powerLaw">
      <index value="0.961"/>
      <wavenumberReference value="1.000"/>
      <running value="0.000"/>
    </powerSpectrumPrimordial>
    <cosmologicalMassVariance value="filteredPower">
      <sigma_8 value="0.9"/>
    </cosmologicalMassVariance>
  </parameters>
  
</parameterGrid>
