<?xml version="1.0"?>
<parameters>
  <formatVersion>2</formatVersion>
  <lastModified revision="d4bf2d8db876eb8e44d94e1672bc36a6ea8135cc" time="2025-09-03T18:23:58"/>
  <componentHotHalo value="standard"/>
  <mergerTreeBuildMasses value="sampledDistributionUniform">
    <treesPerDecade value="5"/>
    <massTreeMaximum value="1e+12"/>
    <massTreeMinimum value="10000000000"/>
  </mergerTreeBuildMasses>
  <nodeOperator value="multi">
    <!-- Cosmological epoch -->
    <nodeOperator value="cosmicTime"/>
    <!-- DMO evolution -->
    <nodeOperator value="DMOInterpolate"/>
    <!-- Halo concentrations -->
    <nodeOperator value="darkMatterProfileScaleSet"        />
    <nodeOperator value="darkMatterProfileScaleInterpolate"/>
    <nodeOperator value="haloAngularMomentumRandom">
      <factorReset value="2.0"/>
    </nodeOperator>
    <nodeOperator value="haloAngularMomentumInterpolate"/>
    <!-- Satellite evolution -->
    <nodeOperator value="satelliteMergingTime"/>
    <nodeOperator value="satelliteMassLoss"   />
    <!-- CGM physics -->
    <nodeOperator value="CGMAccretion">
      <allowNegativeCGMMass value="true"/>
      <angularMomentumAlwaysGrows value="false"/>
    </nodeOperator>
    <nodeOperator value="CGMOutflowReincorporation">
      <includeSatellites value="true"/>
    </nodeOperator>
  </nodeOperator>

</parameters>
