<?xml version="1.0"?>
<parameters formatVersion="2" version="0.9.4">
  <formatVersion>2</formatVersion>
  <version>0.9.4</version>
  <!-- Beta model maximum likelihood model -->

  <!-- Logging -->
  <verbosityLevel value="standard"/>

  <!-- Random number generation -->
  <randomNumberGenerator value="GSL">
    <seed value="1"/>
  </randomNumberGenerator>

  <!-- Cosmological model -->
  <cosmologyParameters value="simple">
    <HubbleConstant value="66.5775039090067"/>
    <OmegaBaryon value="0.0504247391487887"/>
    <OmegaDarkEnergy value="0.672069962505004"/>
    <OmegaMatter value="0.327930037494996"/>
    <temperatureCMB value="2.72548"/>
  </cosmologyParameters>
  <cosmologyFunctions value="matterLambda"/>

  <!-- Power spectrum -->
  <powerSpectrum value="standard"/>
  <powerSpectrumPrimordial value="powerLaw">
    <index value="0.960052033479219"/>
    <running value="0.0"/>
    <wavenumberReference value="1.0"/>
  </powerSpectrumPrimordial>
  <transferFunction value="eisensteinHu1999">
    <neutrinoMassSummed value="0.0"/>
    <neutrinoNumberEffective value="3.04"/>
  </transferFunction>
  <powerSpectrumPrimordialTransferred value="simple"/>
  <cosmologicalMassVariance value="filteredPower">
    <sigma_8 value="0.823771931244257"/>
    <tolerance value="1.0e-7"/>
  </cosmologicalMassVariance>
  <powerSpectrumNonlinear value="peacockDodds1996"/>

  <!-- Structure formation -->
  <linearGrowth value="collisionlessMatter"/>
  <criticalOverdensity value="kitayamaSuto1996"/>
  <virialDensityContrast value="percolation">
    <linkingLength value="0.2"/>
  </virialDensityContrast>
  <haloMassFunction value="simpleSystematic">
    <alpha value="-0.0771698265886211"/>
    <beta value="0.0687959490593511"/>
    <haloMassFunction value="tinker2008"/>
  </haloMassFunction>
  <gravitationalLensing value="takahashi2011"/>

  <!-- Intergalactic medium and reionization -->
  <intergalacticMediumState value="instantReionization">
    <electronScatteringOpticalDepth value="0.0586876996811808"/>
    <intergalacticMediumState value="file">
      <fileName value="%DATASTATICPATH%/intergalacticMedium/recFast_OmegaMatter0.308_OmegaDarkEnergy0.692_OmegaBaryon0.0484_HubbleConstant67.8_temperatureCMB2.725_YHe0.22.hdf5"/>
    </intergalacticMediumState>
    <presentDayTemperature value="6740.8086092437970"/>
    <reionizationTemperature value="9641.9553322180927"/>
  </intergalacticMediumState>

  <!-- Tree node component selection -->
  <componentBasic value="standard"/>
  <componentBlackHole value="null"/>
  <componentDarkMatterProfile value="scale"/>
  <componentDisk value="verySimpleSize">
    <toleranceAbsoluteMass value="1.0e-6"/>
    <scaleAbsoluteMass value="1.0e6"/>
    <pruneMassGas value="1.0e6"/>
    <pruneMassStars value="1.0e6"/>
    <useAnalyticSolver value="true"/>
  </componentDisk>
  <componentHotHalo value="verySimpleDelayed">
    <scaleRelativeMass value="1.0"/>
  </componentHotHalo>
  <componentSatellite value="mergeTime"/>
  <componentSpheroid value="null"/>
  <componentSpin value="scalar"/>

  <!-- Merger tree construction -->
  <mergerTreeConstructor value="build"/>
  <mergerTreeBuilder value="cole2000">
    <accretionLimit value="0.1"/>
    <branchIntervalStep value="true"/>
    <mergeProbability value="0.1"/>
    <redshiftMaximum value="10.0"/>
    <toleranceTimeEarliest value="4.00000e-6"/>
  </mergerTreeBuilder>
  <mergerTreeMassResolution value="scaled">
    <massResolutionFractional value="0.00005"/>
    <massResolutionMinimum value="1.0e6"/>
  </mergerTreeMassResolution>
  <mergerTreeBranchingProbability value="parkinsonColeHelly">
    <G0 value="+0.570"/>
    <gamma1 value="+0.380"/>
    <gamma2 value="-0.010"/>
    <accuracyFirstOrder value="+0.025"/>
    <precisionHypergeometric value="1.0e-6"/>
    <hypergeometricTabulate value="true"/>
    <cdmAssumptions value="true"/>
  </mergerTreeBranchingProbability>
  <mergerTreeBuildMasses value="sampledDistributionUniform">
    <massTreeMaximum value="1.0e13"/>
    <massTreeMinimum value="1.0e09"/>
    <treesPerDecade value="100"/>
  </mergerTreeBuildMasses>
  <mergerTreeBuildMassDistribution value="haloMassFunction">
    <abundanceMaximum value="1.0e-1"/>
    <abundanceMinimum value="1.0e-8"/>

  </mergerTreeBuildMassDistribution>

  <!-- Merger tree operators -->
  <mergerTreeOperator value="pruneBaryons"/>

  <!-- Merger tree halo hierarchy -->
  <mergerTreeNodeMerger value="singleLevelHierarchy"/>

  <!-- Dark matter halo structure -->
  <darkMatterProfileDMO value="NFW"/>
  <darkMatterProfileConcentration value="diemerKravtsov2014">
    <alpha value="1.12"/>
    <beta value="1.69"/>
    <eta0 value="6.82"/>
    <eta1 value="1.42"/>
    <kappa value="0.69"/>
    <phi0 value="7.1395684741179295"/>
    <phi1 value="1.37"/>
  </darkMatterProfileConcentration>
  <darkMatterProfileScaleRadius value="concentrationLimiter">
    <concentrationMinimum value="  4.0"/>
    <concentrationMaximum value="100.0"/>
    <darkMatterProfileScaleRadius value="concentration">
      <correctForConcentrationDefinition value="true"/>
    </darkMatterProfileScaleRadius>
  </darkMatterProfileScaleRadius>

  <!-- Dark matter halo spin -->
  <haloSpinDistribution value="bett2007">
    <alpha value="2.5051096022584427"/>
    <lambda0 value="4.3249047072217509E-002"/>
  </haloSpinDistribution>

  <!-- Satellite orbits -->
  <virialOrbit value="fixed">
    <velocityTangential value="+0.842"/>
    <velocityRadial value="-0.856"/>
    <virialDensityContrastDefinition value="fixed">
      <densityContrastValue value="200.0"/>
      <densityType value="critical"/>
    </virialDensityContrastDefinition>
  </virialOrbit>
  <satelliteMergingTimescales value="jiang2008">
    <timescaleMultiplier value="1.2044009774202384"/>
  </satelliteMergingTimescales>
  <!-- Hot atmosphere -->
  <hotHaloOutflowReincorporation value="velocityMaximumScaling">
    <redshiftExponent value="-0.35071002436845261e+0"/>
    <timeScale value="+0.95502143265815487e+0"/>
    <timescaleMinimum value="+1.09920844058817300e-2"/>
    <velocityExponent value="-1.40599595975037690e-2"/>
  </hotHaloOutflowReincorporation>

  <!-- Accretion onto halos -->
  <accretionHaloTotal value="bertschinger"/>

  <!-- Accretion from the IGM -->
  <accretionHalo value="naozBarkana2007">
    <opticalDepthReionization value="0.0586876996811808"/>
    <massMinimum value="1.0e6"/>
    <rateAdjust value="0.5"/>
  </accretionHalo>

  <!-- Cooling and infall -->
  <coolingRate value="velocityMaximumScaling">
    <exponentCutOff value="2.0459112996298177"/>
    <velocityCutOff value="129.26375552237411"/>
    <velocityCutOffExponentRedshift value="0.80165411939166409"/>
    <widthCutOff value="3.9032993845812082E-002"/>
    <timescale value="3.3554689509395819"/>
    <exponentRedshift value="-0.13846847242712321"/>
    <timescaleMinimum value="1.1938773305805278E-002"/>
    <exponentVelocity value="1.5945852735390698"/>
  </coolingRate>

  <!-- Galactic structure -->
  <galacticStructureSolver value="fixed">
    <factor value="0.26657982137919706"/>
    <radiusFixed value="turnaround"/>
    <virialDensityContrast value="bryanNorman1998"/>
  </galacticStructureSolver>

  <!-- Star formation in disks -->
  <starFormationRateDisks value="timescale">
    <starFormationTimescale value="lowerLimited">
      <timescaleMinimum value="2.2925637877309368E-005"/>
      <starFormationTimescale value="velocityMaxScaling">
        <exponentRedshift value="-2.6841093892429728"/>
        <timescale value="8.5952943576927687"/>
        <exponentVelocity value="1.5643560026940344"/>
      </starFormationTimescale>
    </starFormationTimescale>
    <starFormationActiveMass value="surfaceDensityThreshold">
      <surfaceDensityThreshold value="128685124731.37694"/>
      <exponentVelocity value="-0.82656309641695880"/>
    </starFormationActiveMass>
  </starFormationRateDisks>

  <!-- Stellar feedback in disks -->

  <!-- Stellar initial mass function -->
  <stellarPopulationSelector value="fixed"/>

  <initialMassFunction value="chabrier2001"/>
  <stellarPopulation value="standard">
    <recycledFraction value="0.46"/>
    <metalYield value="0.0"/>
  </stellarPopulation>

  <!-- Stellar evolution -->
  <stellarPopulationProperties value="instantaneous"/>

  <!-- Galaxy merging -->
  <mergerMassMovements value="verySimple"/>
  <mergerRemnantSize value="null"/>

  <!-- Solvers and time-stepping -->
  <mergerTreeNodeEvolver value="standard">
    <odeAlgorithm value="rungeKuttaSecondOrder"/>
    <odeToleranceAbsolute value="1.0e-3"/>
    <odeToleranceRelative value="0.1"/>
  </mergerTreeNodeEvolver>

  <mergerTreeEvolver value="standard">
    <timestepHostAbsolute value="1.0"/>
    <timestepHostRelative value="0.01"/>
  </mergerTreeEvolver>

  <mergerTreeEvolveTimestep value="multi">
    <mergerTreeEvolveTimestep value="simple">
      <timeStepAbsolute value="1.00"/>
      <timeStepRelative value="0.01"/>
    </mergerTreeEvolveTimestep>
    <mergerTreeEvolveTimestep value="satellite"/>
  </mergerTreeEvolveTimestep>
  <!-- Node evolution and physics -->
  <nodeOperator value="multi">
    <!-- Cosmological epoch -->
    <nodeOperator value="cosmicTime"/>
    <!-- DMO evolution -->
    <nodeOperator value="DMOInterpolate"/>
    <nodeOperator value="bertschingerMass">
      <virialDensityContrast value="bryanNorman1998"/>
    </nodeOperator>
    <!-- Halo concentrations -->
    <nodeOperator value="darkMatterProfileScaleSet"/>
    <nodeOperator value="darkMatterProfileScaleInterpolate"/>
    <!-- Halo spins -->
    <nodeOperator value="haloAngularMomentumRandom">
      <factorReset value="2.0"/>
    </nodeOperator>
    <nodeOperator value="haloAngularMomentumInterpolate"/>
    <!-- Satellite evolution -->
    <nodeOperator value="satelliteMergingTime"/>
    <!-- Star formation -->
    <nodeOperator value="starFormationDisks"/>
    <nodeOperator value="stellarFeedbackDisks">
      <stellarFeedbackOutflows value="rateLimit">
        <timescaleOutflowFractionalMinimum value="2.8035155505694409E-002"/>
        <stellarFeedbackOutflows value="vlctyMxSclng">
	  <fraction value="6.2513793382530228E-002"/>
	  <exponentRedshift value="2.6150327842305985"/>
	  <exponentVelocity value="-4.6058653822166820"/>
	</stellarFeedbackOutflows>
      </stellarFeedbackOutflows>
    </nodeOperator>
  </nodeOperator>

  <!-- Output -->
  <outputFileName value="testSuite/outputs/test-model-integration/beta/galacticus.hdf5"/>
  <hdf5CompressionLevel value="-1"/>
  <mergerTreeOutputter value="standard">
    <outputReferences value="false"/>
  </mergerTreeOutputter>
  <outputTimes value="list">
    <redshifts value="0.0"/>
  </outputTimes>

</parameters>
