<?xml version="1.0"?>
<parameters>
  <formatVersion>2</formatVersion>
  <lastModified revision="65c7326e2d0e0e85feea12ef933222871f069fb2" time="2025-06-10T15:59:50"/>
  <mergerTreeBuildMasses value="sampledDistributionUniform">
    <treesPerDecade value="5"/>
    <massTreeMaximum value="1e+12"/>
    <massTreeMinimum value="10000000000"/>
  </mergerTreeBuildMasses>
  <nodeOperator value="multi">
    <!-- Cosmological epoch -->
    <nodeOperator value="cosmicTime"/>
    <!-- DMO evolution -->
    <nodeOperator value="DMOInterpolate"/>
    <!-- Halo concentrations -->
    <nodeOperator value="darkMatterProfileScaleSet"        />
    <nodeOperator value="darkMatterProfileScaleInterpolate"/>
    <nodeOperator value="haloAngularMomentumRandom">
      <factorReset value="2.0"/>
    </nodeOperator>
    <nodeOperator value="haloAngularMomentumInterpolate"/>
    <!-- Satellite evolution -->
    <nodeOperator value="satelliteMergingTime"/>
    <nodeOperator value="satelliteMassLoss"   />
  </nodeOperator>
</parameters>
