<?xml version="1.0" encoding="UTF-8"?>
<!-- Defines a set of Galacticus models which explore available output options. -->
<!-- Andrew Benson                                                              -->
<!-- 26-Jan-2011                                                                -->
<parameterGrid>
  <emailReport>no</emailReport>
  <doAnalysis>no</doAnalysis>
  <modelRootDirectory>testSuite/outputs/test-model-integration</modelRootDirectory>
  <baseParameters>parameters.xml</baseParameters>

  <!-- Set halo mass ranges -->
  <parameter>
    <name>mergerTreeBuildHaloMassMaximum</name>
    <value>1.0e14</value>
  </parameter>
  <parameter>
    <name>mergerTreeBuildHaloMassMinimum</name>
    <value>1.0e10</value>
  </parameter>
  <parameter>
    <name>mergerTreeBuildTreesPerDecade</name>
    <value>150</value>
  </parameter>
  
</parameterGrid>
