<?xml version="1.0"?>
<parameters>
  <formatVersion>2</formatVersion>
  <lastModified revision="c8ece7c25a69867343f09ac4c4c325380dbf8f21" time="2025-07-31T21:51:05"/>
  <mergerTreeBuildMasses value="sampledDistributionUniform">
    <treesPerDecade value="5"/>
    <massTreeMaximum value="1e+12"/>
    <massTreeMinimum value="10000000000"/>
  </mergerTreeBuildMasses>
  <nodeOperator value="multi">
    <!-- Cosmological epoch -->
    <nodeOperator value="cosmicTime"/>
    <!-- DMO evolution -->
    <nodeOperator value="DMOInterpolate"/>
    <!-- Halo concentrations -->
    <nodeOperator value="darkMatterProfileScaleSet"        />
    <nodeOperator value="darkMatterProfileScaleInterpolate"/>
    <nodeOperator value="haloAngularMomentumRandom">
      <factorReset value="2.0"/>
    </nodeOperator>
    <nodeOperator value="haloAngularMomentumInterpolate"/>
    <!-- Satellite evolution -->
    <nodeOperator value="satelliteMergingTime"/>
    <nodeOperator value="satelliteMassLoss"   />
  </nodeOperator>
</parameters>
