<?xml version="1.0" encoding="UTF-8"?>
<!-- Defines a set of Galacticus models which explore all available method options. -->
<!-- Andrew Benson                                                                  -->
<!-- 04-Sep-2010                                                                    -->
<parameterGrid>
  <emailReport>no</emailReport>
  <doAnalysis>no</doAnalysis>
  <modelRootDirectory>testSuite/outputs/test-methods</modelRootDirectory>
  <baseParameters>testSuite/test-methods-base.xml</baseParameters>
  <launchMethod>pbs</launchMethod>
  <pbs>
    <ompThreads>16</ompThreads>
    <maxJobsInQueue>40</maxJobsInQueue>
    <postSubmitSleepDuration>1</postSubmitSleepDuration>
    <jobWaitSleepDuration>10</jobWaitSleepDuration>
  </pbs>
  <parameters>
    <formatVersion>2</formatVersion>
    <version>0.9.4</version>
    <accretionDisksMethod value="switched">
      <accretionDisksADAFMethod           value="ADAF"          />
      <accretionDisksShakuraSunyaevMethod value="shakuraSunyaev"/>
    </accretionDisksMethod>
    <accretionDisksMethod value="shakuraSunyaev"/>
    <accretionDisksMethod value="ADAF"/>
    <accretionDisksMethod value="eddingtonLimited"/>
  </parameters>
  <parameters>
    <formatVersion>2</formatVersion>
    <version>0.9.4</version>
    <barInstabilityMethod value="ELN"/>
    <barInstabilityMethod value="null"/>
    <barInstabilityMethod value="ELN+tidal"/>
  </parameters>
  <parameters>
    <formatVersion>2</formatVersion>
    <version>0.9.4</version>
    <outputHaloModelData value="true"/>
    <darkMatterHaloBiasMethod value="sheth2001"/>
    <darkMatterHaloBiasMethod value="pressSchechter"/>
    <darkMatterHaloBiasMethod value="tinker2010"/>
  </parameters>
  <parameters>
    <formatVersion>2</formatVersion>
    <version>0.9.4</version>
    <darkMatterProfileMethod value="NFW"/>
    <darkMatterProfileMethod value="isothermal"/>
    <darkMatterProfileMethod value="einasto">
      <treeNodeMethodDarkMatterProfile value="scaleShape" parameterLevel="top"/>
      <virialOrbitMethod               value="fixed"      parameterLevel="top"/>
    </darkMatterProfileMethod>
  </parameters>
  <parameters>
    <formatVersion>2</formatVersion>
    <version>0.9.4</version>
    <galacticStructureRadiusSolverInitialRadiusMethod value="static"/>
    <galacticStructureRadiusSolverMethod value="adiabatic">
      <galacticStructureRadiusSolverInitialRadiusMethod value="adiabatic" parameterLevel="top"/>
    </galacticStructureRadiusSolverMethod>
    <galacticStructureRadiusSolverMethod value="simple"/>
    <galacticStructureRadiusSolverMethod value="linear"/>
    <galacticStructureRadiusSolverMethod value="fixed"/>
  </parameters>
  <parameters>
    <formatVersion>2</formatVersion>
    <version>0.9.4</version>
    <haloMassFunctionMethod value="shethTormen"/>
    <haloMassFunctionMethod value="tinker2008"/>
    <haloMassFunctionMethod value="pressSchechter"/>
  </parameters>
  <parameters>
    <formatVersion>2</formatVersion>
    <version>0.9.4</version>
    <haloSpinDistributionMethod value="bett2007"/>
    <haloSpinDistributionMethod value="logNormal"/>
    <haloSpinDistributionMethod value="deltaFunction"/>
  </parameters>
  <parameters>
    <formatVersion>2</formatVersion>
    <version>0.9.4</version>
    <chemicalStateMethod value="atomicCIECloudy"/>
    <chemicalStateMethod value="CIEFile">
      <fileName value="data/chemicalState/chemical_state_Atomic_CIE_Cloudy.hdf5"/>
    </chemicalStateMethod>
  </parameters>
  <parameters>
    <formatVersion>2</formatVersion>
    <version>0.9.4</version>
    <mergerTreeReadFileName value="testSuite/test-MergerTrees.hdf5"/>
    <mergerTreeConstructMethod value="smoothAccretion">
      <darkMatterAccretionHistoryMethod value="Wechsler2002" parameterLevel="top"/>
      <darkMatterAccretionHistoryMethod value="Zhao2009"     parameterLevel="top"/>
    </mergerTreeConstructMethod>
    <mergerTreeConstructMethod value="build">
      <mergerTreeBuildTreesHaloMassDistribution value="uniform" parameterLevel="top"/>
      <mergerTreeBuildTreesHaloMassDistribution value="read" parameterLevel="top">
 	<mergerTreeBuildTreeMassesFile value="testSuite/data/mergerTreeBuilding/treeMasses.xml" parameterLevel="top"/>
      </mergerTreeBuildTreesHaloMassDistribution>
    </mergerTreeConstructMethod>
    <mergerTreeConstructMethod value="read">
      <hotHaloRamPressureStrippingMethod value="virialRadius" parameterLevel="top"/>
      <hotHaloTrackStrippedGas value="false" parameterLevel="top"/>
      <satelliteOrbitStoreOrbitalParameters value="false" parameterLevel="top"/>
      <mergerTreeReadPresetOrbits value="true" parameterLevel="top"/>
      <mergerTreeReadPresetOrbitsBoundOnly value="true" parameterLevel="top"/>
      <treeNodeMethodSatellite value="standard" parameterLevel="top">
 	<mergerTreeReadPresetMergerTimes value="false" parameterLevel="top"/>
 	<mergerTreeReadPresetMergerNodes value="false" parameterLevel="top"/>
      </treeNodeMethodSatellite>
      <treeNodeMethodSatellite value="preset" parameterLevel="top">
 	<mergerTreeReadPresetMergerTimes value="true" parameterLevel="top"/>
 	<mergerTreeReadPresetMergerNodes value="true" parameterLevel="top"/>
 	<mergerTreeReadSubresolutionMergingMethod value="zero" parameterLevel="top"/>
 	<mergerTreeReadSubresolutionMergingMethod value="boylanKolchin2008" parameterLevel="top"/>
      </treeNodeMethodSatellite>
      <mergerTreeReadPresetSubhaloMasses value="false" parameterLevel="top"/>
      <mergerTreeReadPresetSubhaloIndices value="false" parameterLevel="top"/>
    </mergerTreeConstructMethod>
    <mergerTreeReadTreeIndexToRootNodeIndex value="true"/>
    <allTreesExistAtFinalTime value="false"/>
    <mergerTreeReadPresetSubhaloMasses value="true"/>
    <treeNodeMethodPosition value="preset"/>
    <mergerTreeReadPresetMergerTimes value="true"/>
    <mergerTreeReadPresetPositions value="true"/>
    <mergerTreeReadPresetSpins value="false"/>
    <mergerTreeReadPresetScaleRadii value="false"/>
    <cosmologyParametersMethod value="simple">
      <HubbleConstant value="73.0"/>
      <OmegaMatter value="0.25"/>
      <OmegaDarkEnergy value="0.75"/>
      <OmegaBaryon value="0.045"/>
      <temperatureCMB value="2.72548"/>
    </cosmologyParametersMethod>
    <powerSpectrumPrimordialMethod value="powerLaw">
      <index value="0.961"/>
      <wavenumberReference value="1.000"/>
      <running value="0.000"/>
    </powerSpectrumPrimordialMethod>
    <cosmologicalMassVarianceMethod value="filteredPower">
      <sigma_8 value="0.9"/>
  </cosmologicalMassVarianceMethod></parameters>
  <parameters>
    <formatVersion>2</formatVersion>
    <version>0.9.4</version>
    <satelliteMergingTimescalesMethod value="boylanKolchin2008"/>
    <satelliteMergingTimescalesMethod value="laceyCole1993"/>
    <satelliteMergingTimescalesMethod value="jiang2008"/>
    <satelliteMergingTimescalesMethod value="laceyCole1993Tormen"/>
    <satelliteMergingTimescalesMethod value="wetzelWhite2010"/>
    <satelliteMergingTimescalesMethod value="villalobos2013">
      <satelliteMergingTimescaleMethod value="boylanKolchin2008"/>
    </satelliteMergingTimescalesMethod>
  </parameters>
  <parameters>
    <formatVersion>2</formatVersion>
    <version>0.9.4</version>
    <!-- Use fairly strict limits on the outflow timescales to avoid unstable evolution. -->
    <diskOutflowTimescaleMinimum value="0.1"/>
    <spheroidOutflowTimescaleMinimum value="0.1"/>
    <stellarPopulationPropertiesMethod value="instantaneous"/>
    <stellarPopulationPropertiesMethod value="noninstantaneous"/>
  </parameters>
  <parameters>
    <formatVersion>2</formatVersion>
    <version>0.9.4</version>
    <stellarPopulationSpectraMethod value="FSPS"/>
    <stellarPopulationSpectraMethod value="file">
      <imfSelectionFixed value="Salpeter" parameterLevel="top"/>
      <fileNameForSalpeterIMF value="data/stellarPopulations/SSP_Spectra_Conroy-et-al_v2.1_imfSalpeter.hdf5"/>
    </stellarPopulationSpectraMethod>
  </parameters>
  <parameters>
    <formatVersion>2</formatVersion>
    <version>0.9.4</version>
    <luminosityFilter value="RGO_I SDSS_g SDSS_r SDSS_i"/>
    <luminosityRedshift value="0.0 0.1 0.1 0.1"/>
    <luminosityType value="rest observed observed observed"/>
    <stellarPopulationSpectraPostprocessDefaultMethods value="meiksin2006"/>
    <stellarPopulationSpectraPostprocessDefaultMethods value="madau1995"/>
    <stellarPopulationSpectraPostprocessDefaultMethods value="inoue2014"/>
    <stellarPopulationSpectraPostprocessDefaultMethods value="lycSuppress"/>
    <stellarPopulationSpectraPostprocessDefaultMethods value="recent"/>
    <stellarPopulationSpectraPostprocessDefaultMethods value="identity"/>
  </parameters>
  <parameters>
    <formatVersion>2</formatVersion>
    <version>0.9.4</version>
    <transferFunctionMethod value="file">
      <fileName                  value="data/largeScaleStructure/transferFunctionMillenniumSimulation.hdf5"/>
      <cosmologyParametersMethod value="simple" parameterLevel="top">
 	<HubbleConstant  value="73.0"  />
 	<OmegaMatter     vaqlue="0.25"  />
 	<OmegaDarkEnergy value="0.75"  />
 	<OmegaBaryon     value="0.0455"/>
      </cosmologyParametersMethod>
      <cosmologicalMassVarianceMethod value="filteredPower" parameterLevel="top">
 	<tolerance       value="3.0e-4"/>
 	<toleranceTopHat value="3.0e-4"/>
      </cosmologicalMassVarianceMethod>
    </transferFunctionMethod>
    <transferFunctionMethod value="BBKS"/>
    <transferFunctionMethod value="CAMB">
      <cosmologicalMassVarianceMethod value="filteredPower" parameterLevel="top">
 	<tolerance       value="3.0e-4"/>
 	<toleranceTopHat value="3.0e-4"/>
      </cosmologicalMassVarianceMethod>
    </transferFunctionMethod>
    <transferFunctionMethod value="eisensteinHu1999"/>
  </parameters>
  <parameters>
    <formatVersion>2</formatVersion>
    <version>0.9.4</version>
    <virialDensityContrastMethod value="sphericalCollapseMatterLambda"/>
    <virialDensityContrastMethod value="bryanNorman1998"/>
    <virialDensityContrastMethod value="fixed"/>
    <virialDensityContrastMethod value="friendsOfFriends"/>
  </parameters>
  <parameters>
    <formatVersion>2</formatVersion>
    <version>0.9.4</version>
    <virialOrbitMethod value="benson2005"/>
    <virialOrbitMethod value="wetzel2010"/>
    <virialOrbitMethod value="jiang2014"/>
    <virialOrbitMethod value="fixed"/>
  </parameters>
  <parameters>
    <formatVersion>2</formatVersion>
    <version>0.9.4</version>
    <starFormationTimescaleDisksMethod value="dynamicalTime"/>
    <starFormationTimescaleDisksMethod value="integratedSurfaceDensity">
      <starFormationRateSurfaceDensityDisksMethod value="Kennicutt-Schmidt" parameterLevel="top">
        <starFormationKennicuttSchmidtTruncate value="true"  parameterLevel="top"/>
        <starFormationKennicuttSchmidtTruncate value="false" parameterLevel="top"/>
      </starFormationRateSurfaceDensityDisksMethod>
      <starFormationRateSurfaceDensityDisksMethod value="Blitz-Rosolowsky2006" parameterLevel="top"/>
      <starFormationRateSurfaceDensityDisksMethod value="KMT09" parameterLevel="top">
        <molecularFractionFastKMT09 value="false" parameterLevel="top"/>
        <molecularFractionFastKMT09 value="true"  parameterLevel="top"/>
      </starFormationRateSurfaceDensityDisksMethod>
      <starFormationRateSurfaceDensityDisksMethod value="extendedSchmidt" parameterLevel="top"/>
    </starFormationTimescaleDisksMethod>
    <starFormationTimescaleDisksMethod value="Baugh2005"/>
  </parameters>
  <parameters>
    <formatVersion>2</formatVersion>
    <version>0.9.4</version>
    <satelliteMergingRemnantSizeMethod value="Cole2000"/>
    <satelliteMergingRemnantSizeMethod value="Covington2008"/>
  </parameters>
  <parameters>
    <formatVersion>2</formatVersion>
    <version>0.9.4</version>
    <darkMatterProfileConcentrationMethod value="gao2008"/>
    <darkMatterProfileConcentrationMethod value="zhao2009"/>
    <darkMatterProfileConcentrationMethod value="munozCuartas2011"/>
    <darkMatterProfileConcentrationMethod value="NFW1996"/>
    <darkMatterProfileConcentrationMethod value="prada2011"/>
    <darkMatterProfileConcentrationMethod value="duttonMaccio2014"/>
    <darkMatterProfileConcentrationMethod value="diemerKravtsov2014"/>
    <darkMatterProfileConcentrationMethod value="klypin2015"/>
  </parameters>

  <!-- Schneider 2015 concentration method -->
  <parameters>
    <darkMatterProfileConcentrationMethod value="schneider2015">
      <reference value="">
 	<criticalOverdensityMethod                value="fixed"            >
 	  <criticalOverdensity value="1.686"/>
 	</criticalOverdensityMethod>
 	<cosmologicalMassVarianceMethod           value="filteredPower"    >
 	  <sigma_8 value="0.9"/>
 	</cosmologicalMassVarianceMethod  >
 	<cosmologyParametersMethod                value="simple"           >
 	  <HubbleConstant   value="70.0" />
 	  <OmegaMatter      value="0.32" />
 	  <OmegaDarkEnergy  value="0.68" />
 	  <OmegaBaryon      value="0.045"/>
 	  <temperatureCMB   value="2.725"/>
 	</cosmologyParametersMethod>
 	<darkMatterProfileConcentrationMethod     value="gao2008"         />
 	<linearGrowthMethod                       value="simple"          />
 	<cosmologyFunctionsMethod                 value="matterLambda"    />
 	<powerSpectrumPrimordialMethod value="powerLaw">
 	  <index               value="1.0"/>
 	  <wavenumberReference value="1.0"/>
 	  <running             value="0.0"/>
 	</powerSpectrumPrimordialMethod>
 	<powerSpectrumPrimordialTransferredMethod value="simple"          />
 	<powerSpectrumWindowFunctionClass         value="topHat"          />
 	<transferFunctionMethod                   value="eisensteinHu1999" >
 	  <neutrinoNumberEffective value="3.046"/>
 	  <neutrinoMassSummed      value="0.000"/>
 	</transferFunctionMethod>
      </reference>
    </darkMatterProfileConcentrationMethod>
  </parameters>
  
  <!-- Molecular hydrogen network and cooling. -->
  <parameters>
    <formatVersion>2</formatVersion>
    <version>0.9.4</version>
    <chemicalReactionRateMethods value="hydrogenNetwork"/>
    <hydrogenNetworkFast value="true"/>
    <hydrogenNetworkCMBOnly value="true"/>
    <chemicalsToTrack value="AtomicHydrogen AtomicHydrogenCation MolecularHydrogen Electron"/>
    <coolingFunctionMethod value="summation">
      <coolingFunctionMethod value="atomicCIECloudy"             iterable="no"/>
      <coolingFunctionMethod value="CMBCompton"                  iterable="no"/>
      <coolingFunctionMethod value="molecularHydrogenGalliPalla" iterable="no"/>
    </coolingFunctionMethod>
    <mergerTreeBuildHaloMassMaximum value="1.0e11"/>
  </parameters>
  
  <!-- Black hole binary methods. -->
  <parameters>
    <formatVersion>2</formatVersion>
    <version>0.9.4</version>
    <blackHoleBinaryInitialRadiiMethod value="spheroidRadiusFraction"/>
    <blackHoleBinaryInitialRadiiMethod value="tidalRadius">
      <blackHoleBinaryRecoilMethod value="null" parameterLevel="top"/>
      <blackHoleBinaryRecoilMethod value="Campanelli2007" parameterLevel="top">
 	<blackHoleBinarySeparationGrowthRateMethod value="null" parameterLevel="top"/>
 	<blackHoleBinarySeparationGrowthRateMethod value="standard" parameterLevel="top">
 	  <tripleBlackHoleInteraction value="false" parameterLevel="top"/>
 	  <tripleBlackHoleInteraction value="true" parameterLevel="top">
 	    <blackHoleOutputMergers value="false" parameterLevel="top"/>
 	    <blackHoleOutputMergers value="true" parameterLevel="top"/>
 	  </tripleBlackHoleInteraction>
 	</blackHoleBinarySeparationGrowthRateMethod>
      </blackHoleBinaryRecoilMethod>
    </blackHoleBinaryInitialRadiiMethod>
    <blackHoleBinaryInitialRadiiMethod value="Volonteri2003"/>
  </parameters>
  <parameters>
    <formatVersion>2</formatVersion>
    <version>0.9.4</version>
    <blackHoleOutputData value="true"/>
  </parameters>

  <!-- Cooling rate methods. -->
  <parameters>
    <formatVersion>2</formatVersion>
    <version>0.9.4</version>
    <coolingRateMethod value="whiteFrenk1991"/>
    <coolingRateMethod value="cole2000">
      <coolingTimeAvailableMethod value="whiteFrenk1991" parameterLevel="top"/>
      <coolingTimeAvailableMethod value="formationTime" parameterLevel="top"/>
      <hotHaloCoolingFromNode value="formationNode" parameterLevel="top"/>
      <treeNodeMethodFormationTime value="Cole2000" parameterLevel="top"/>
      <outputHotHaloCoolingRates value="false" parameterLevel="top"/>
      <outputHotHaloCoolingRates value="true"  parameterLevel="top"/>
    </coolingRateMethod>
  </parameters>
  
  <!-- Spheroid comopnents. -->
  <parameters>
    <formatVersion>2</formatVersion>
    <version>0.9.4</version>
    <spheroidMassDistribution value="hernquist">
      <dimensionless value="true"/>
    </spheroidMassDistribution>
    <spheroidMassDistribution value="sersic"   >
      <dimensionless value="true"/>
    </spheroidMassDistribution>
  </parameters>
  
  <!-- Black hole comopnents. -->
  <parameters>
    <formatVersion>2</formatVersion>
    <version>0.9.4</version>
    <treeNodeMethodBlackHole value="standard"/>
    <treeNodeMethodBlackHole value="simple"  />
  </parameters>
  
  <!-- Infall and freefall radii. -->
  <parameters>
    <formatVersion>2</formatVersion>
    <version>0.9.4</version>
    <coolingInfallRadiusMethod value="coolingRadius"/>
    <coolingInfallRadiusMethod value="coolingFreefall">
      <freefallRadiusMethod        value="darkMatterHalo"/>
      <freefallTimeAvailableMethod value="haloFormation" parameterLevel="top"/>
      <treeNodeMethodFormationTime value="Cole2000" parameterLevel="top"/>
    </coolingInfallRadiusMethod>
  </parameters>
  
  <!-- Cooling time available. -->
  <parameters>
    <formatVersion>2</formatVersion>
    <version>0.9.4</version>
    <coolingTimeAvailableMethod value="whiteFrenk1991"/>
    <coolingTimeAvailableMethod value="formationTime">
      <treeNodeMethodFormationTime value="Cole2000" parameterLevel="top"/>
    </coolingTimeAvailableMethod>
  </parameters>
  
  <!-- Cooling specific angular momentum. -->
  <parameters>
    <formatVersion>2</formatVersion>
    <version>0.9.4</version>
    <coolingSpecificAngularMomentumMethod value="mean"/>
    <coolingSpecificAngularMomentumMethod value="constantRotation">
      <sourceAngularMomentumSpecificMean value="hotGas">
 	<useInteriorMean value="true" />
 	<useInteriorMean value="false"/>
      </sourceAngularMomentumSpecificMean>
      <sourceAngularMomentumSpecificMean value="darkMatter"/>
    </coolingSpecificAngularMomentumMethod>
  </parameters>
  
  <!-- Subhalo mass loss rates. -->
  <parameters>
    <formatVersion>2</formatVersion>
    <version>0.9.4</version>
    <darkMatterHaloMassLossRateMethod value="zero"/>
    <darkMatterHaloMassLossRateMethod value="vanDenBosch"/>
  </parameters>
  
  <!-- Merger mass movements. -->
  <parameters>
    <formatVersion>2</formatVersion>
    <version>0.9.4</version>
    <satelliteMergingMassMovementsMethod value="simple"/>
    <satelliteMergingMassMovementsMethod value="Baugh2005"/>
  </parameters>
  
  <!-- Star formation feedback. -->
  <parameters>
    <formatVersion>2</formatVersion>
    <version>0.9.4</version>
    <starFormationFeedbackDisksMethod value="powerLaw"/>
    <starFormationFeedbackDisksMethod value="creasey2012"/>
  </parameters>

  <!-- Expulsive feedback. -->
  <parameters>
    <formatVersion>2</formatVersion>
    <version>0.9.4</version>
    <starFormationExpulsiveFeedbackDisksMethod value="null"/>
    <starFormationExpulsiveFeedbackDisksMethod value="superwind">
      <starFormationExpulsiveFeedbackSpheroidMethod value="null" parameterLevel="top"/>
      <starFormationExpulsiveFeedbackSpheroidMethod value="superwind" parameterLevel="top"/>
    </starFormationExpulsiveFeedbackDisksMethod>
  </parameters>

  <!-- Test different IMFs -->
  <parameters>
    <formatVersion>2</formatVersion>
    <version>0.9.4</version>
    <imfSelectionMethod value="fixed">
      <imfSelectionFixed value="Baugh2005TopHeavy" parameterLevel="top"/>
      <imfSelectionFixed value="Chabrier" parameterLevel="top"/>
      <imfSelectionFixed value="Kennicutt" parameterLevel="top"/>
      <imfSelectionFixed value="Kroupa" parameterLevel="top"/>
      <imfSelectionFixed value="Miller-Scalo" parameterLevel="top"/>
      <imfSelectionFixed value="Salpeter" parameterLevel="top"/>
      <imfSelectionFixed value="Scalo" parameterLevel="top"/>
      <imfSelectionFixed value="PiecewisePowerLaw" parameterLevel="top">
 	<imfPiecewisePowerLawMassPoints value="0.1 1.0 125.0" parameterLevel="top"/>
 	<imfPiecewisePowerLawExponents  value="-1.5 -2.3" parameterLevel="top"/>
      </imfSelectionFixed>
    </imfSelectionMethod>
    <imfSelectionMethod value="diskSpheroid">
      <imfSelectionDisk     value="Chabrier"  parameterLevel="top"/>
      <imfSelectionSpheroid value="Kennicutt" parameterLevel="top"/>
    </imfSelectionMethod>
  </parameters>

  <!-- Hot halo density profile -->
  <parameters>
    <formatVersion>2</formatVersion>
    <version>0.9.4</version>
    <hotHaloMassDistributionMethod value="ricotti2000"/>
    <hotHaloMassDistributionMethod value="betaProfile">
      <hotHaloMassDistributionCoreRadiusMethod value="virialFraction"/>
      <hotHaloMassDistributionCoreRadiusMethod value="growing"       />
    </hotHaloMassDistributionMethod>
  </parameters>
  
  <!-- Output density contrasts -->
  <parameters>
    <formatVersion>2</formatVersion>
    <version>0.9.4</version>
    <outputDensityContrastData value="true"/>
    <outputDensityContrastValues value="200 500"/>
  </parameters>

  <!-- Output half-light radii -->
  <parameters>
    <formatVersion>2</formatVersion>
    <version>0.9.4</version>
    <outputRedshifts value="0.0 0.1"/>
    <outputHalfLightData value="true"/>
    <luminosityFilter value="RGO_I SDSS_g SDSS_r SDSS_i"/>
    <luminosityType value="rest observed observed observed"/>
    <luminosityRedshift value="0.0 0.1 0.1 0.1"/>
  </parameters>

  <!-- Output main branch -->
  <parameters>
    <formatVersion>2</formatVersion>
    <version>0.9.4</version>
    <outputMainBranchStatus value="true"/>
  </parameters>

  <!-- Output mass profile -->
  <parameters>
    <formatVersion>2</formatVersion>
    <version>0.9.4</version>
    <outputMassProfileData value="true"/>
    <outputMassProfileRadii value="10.0e-3 100.0d-3"/>
  </parameters>

  <!-- Output star formation rates -->
  <parameters>
    <formatVersion>2</formatVersion>
    <version>0.9.4</version>
    <diskOutputStarFormationRate value="true"/>
    <spheroidOutputStarFormationRate value="true"/>
  </parameters>

  <!-- Output star formation histories -->
  <parameters>
    <formatVersion>2</formatVersion>
    <version>0.9.4</version>
    <starFormationHistoriesMethod value="metallicitySplit"/>
  </parameters>

  <!-- Output virial quantities -->
  <parameters>
    <formatVersion>2</formatVersion>
    <version>0.9.4</version>
    <outputVirialData value="true"/>
  </parameters>
  
  <!-- Output descendent indices -->
  <parameters>
    <formatVersion>2</formatVersion>
    <version>0.9.4</version>
    <outputDescendentIndices value="true"/>
    <treeNodeMethodSatellite value="standard"/>
  </parameters>
  
  <!-- Output most massive progenitors -->
  <parameters>
    <formatVersion>2</formatVersion>
    <version>0.9.4</version>
    <outputMostMassiveProgenitor value="true"/>
  </parameters>
  
  <!-- Calculation of luminosities -->
  <parameters>
    <formatVersion>2</formatVersion>
    <version>0.9.4</version>
    <luminosityFilter value="RGO_I SDSS_g SDSS_r SDSS_i"/>
    <luminosityType value="rest observed observed observed"/>
    <luminosityRedshift value="0.0 0.1 0.1 0.1"/>
    <imfSelectionFixed value="Chabrier"/>
    <imfSelectionFixed value="Kroupa"/>
    <imfSelectionFixed value="Salpeter"/>
  </parameters>

  <!-- Calculation of luminosities at all output redshifts -->
  <parameters>
    <formatVersion>2</formatVersion>
    <version>0.9.4</version>
    <luminosityFilter value="RGO_I SDSS_g SDSS_r SDSS_i"/>
    <luminosityType value="rest observed observed observed"/>
    <luminosityRedshift value="all all all all"/>
    <outputRedshifts value="0.064 0.041 0.020 0.000"/>
  </parameters>

  <!-- Calculation of luminosities with top-hat filters -->
  <parameters>
    <formatVersion>2</formatVersion>
    <version>0.9.4</version>
    <luminosityFilter value="topHat_2000_10 topHat_4000_5 topHat_6000_3 topHat_7000_2"/>
    <luminosityType value="rest rest rest rest"/>
    <luminosityRedshift value="0.0 0.0 0.0 0.0"/>
    <outputRedshifts value="0.0"/>
  </parameters>

  <!-- Calculation of luminosities with array of top-hat filters -->
  <parameters>
    <formatVersion>2</formatVersion>
    <version>0.9.4</version>
    <luminosityFilter value="topHat_2000_7000_10"/>
    <luminosityType value="rest"/>
    <luminosityRedshift value="0.0"/>
    <outputRedshifts value="0.0"/>
  </parameters>

  <!-- Black hole wind efficiencies -->
  <parameters>
    <formatVersion>2</formatVersion>
    <version>0.9.4</version>
    <blackHoleWindEfficiencyScalesWithRadiativeEfficiency value="false"/>
    <blackHoleWindEfficiencyScalesWithRadiativeEfficiency value="true" />
  </parameters>

  <!-- Hot halo ram pressure forces -->
  <parameters>
    <formatVersion>2</formatVersion>
    <version>0.9.4</version>
    <hotHaloRamPressureForceMethod value="Font2008"/>
    <hotHaloRamPressureForceMethod value="null"    />
  </parameters>

  <!-- Hot halo ram pressure mass loss rates -->
  <parameters>
    <formatVersion>2</formatVersion>
    <version>0.9.4</version>
    <hotHaloRamPressureForceMethod value="Font2008"/>
    <hotHaloRamPressureStrippingTimescaleMethod value="haloDynamicalTime"/>
    <hotHaloRamPressureStrippingTimescaleMethod value="ramPressureAcceleration"/>
  </parameters>

  <!-- Disk and spheroid ram pressure mass loss rates -->
  <parameters>
    <formatVersion>2</formatVersion>
    <version>0.9.4</version>
    <ramPressureStrippingMassLossRateDisksMethod value="simple"/>
    <ramPressureStrippingMassLossRateDisksMethod value="null"/>
  </parameters>
  <parameters>
    <formatVersion>2</formatVersion>
    <version>0.9.4</version>
    <ramPressureStrippingMassLossRateSpheroidsMethod value="simple"/>
    <ramPressureStrippingMassLossRateSpheroidsMethod value="null"/>
  </parameters>

  <!-- Disk and spheroid tidal mass loss rates -->
  <parameters>
    <formatVersion>2</formatVersion>
    <version>0.9.4</version>
    <tidalStrippingMassLossRateDisksMethod value="simple"/>
    <tidalStrippingMassLossRateDisksMethod value="null"/>
  </parameters>
  <parameters>
    <formatVersion>2</formatVersion>
    <version>0.9.4</version>
    <tidalStrippingMassLossRateSpheroidsMethod value="simple"/>
    <tidalStrippingMassLossRateSpheroidsMethod value="null"/>
  </parameters>
  
  <!-- Dark energy cosmology -->
  <parameters>
    <formatVersion>2</formatVersion>
    <version>0.9.4</version>
    <cosmologyFunctionsMethod value="matterDarkEnergy">
      <darkEnergyEquationOfStateW0 value="-0.8"/>
      <darkEnergyEquationOfStateW1 value="0.0"/>
    </cosmologyFunctionsMethod>
    <criticalOverdensityMethod value="sphericalCollapseMatterDE"/>
    <virialDensityContrastMethod value="sphericalCollapseMatterDE"/>
    <virialDensityContrastSphericalTopHatDarkEnergyFixEnergyAt value="turnaround"/>
  </parameters>

  <!-- Intergalactic medium state and internal background calculation -->
  <parameters>
    <formatVersion>2</formatVersion>
    <version>0.9.4</version>
    <backgroundRadiationCompute value="true"/>
    <intergalacticMediumStateMethod value="recFast"/>
    <intergalacticMediumStateMethod value="file">
      <fileName value="data/intergalacticMedium/recFast_OmegaMatter0.2812_OmegaDarkEnergy0.7188_OmegaBaryon0.0461_HubbleConstant69.7_temperatureCMB2.7255_YHe0.22.hdf5"/>
    </intergalacticMediumStateMethod>
    <intergalacticMediumStateMethod value="simple"/>
  </parameters>

  <!-- Hot halo options -->
  <parameters>
    <formatVersion>2</formatVersion>
    <version>0.9.4</version>
    <treeNodeMethodHotHalo value="standard"/>
    <treeNodeMethodHotHalo value="verySimple">
      <coolingRateMethod value="simple" parameterLevel="top"/>
      <treeNodeMethodBlackHole value="null" parameterLevel="top"/>
    </treeNodeMethodHotHalo>
    <treeNodeMethodHotHalo value="verySimpleDelayed">
      <coolingRateMethod value="simple" parameterLevel="top"/>
      <treeNodeMethodBlackHole value="null" parameterLevel="top"/>
    </treeNodeMethodHotHalo>
  </parameters>
  
  <!-- Internal IGM evolution -->
  <parameters>
    <formatVersion>2</formatVersion>
    <version>0.9.4</version>
    <!-- IGM evolver -->
    <intergalacticMediumStateMethod value="internal"/>
    <igmPropertiesTimeCountPerDecade value="2"/>
    <igmPropertiesCompute value="true"/>
    <igmPropertiesRedshiftMaximum value="150"/>
    <!-- Background radiation -->
    <backgroundRadiationCompute value="true"/>
    <radiationIntergalacticBackgroundMethod value="internal"/>
    <backgroundRadiationWavelengthCountPerDecade value="5"/>
    <backgroundRadiationTimeCountPerDecade value="2"/>
    <!-- Halo mass ranges -->
    <mergerTreeBuildHaloMassMaximum value="1.0e15"/>
    <mergerTreeBuildHaloMassMinimum value="1.0e10"/>
    <mergerTreeBuildTreesPerDecade value="5"/>
    <mergerTreeMassResolutionMethod value="fixed">
      <massResolution value="5.0e9"/>
    </mergerTreeMassResolutionMethod>
  </parameters>

  <!-- Detailed satellite orbits -->
  <parameters>
    <formatVersion>2</formatVersion>
    <version>0.9.4</version>
    <mergerTreeBuildTreesPerDecade value="4"/>
    <mergerTreeBuildHaloMassMinimum value="1.0e12"/>
    <mergerTreeBuildHaloMassMaximum value="3.0e12"/>
    <treeNodeMethodBasic value="standard"/>
    <treeNodeMethodBlackHole value="null"/>
    <treeNodeMethodDarkMatterProfile value="scale"/>
    <treeNodeMethodDisk value="null"/>
    <treeNodeMethodHotHalo value="null"/>
    <treeNodeMethodSatellite value="orbiting"/>
    <treeNodeMethodSpheroid value="null"/>
    <spheroidMassDistribution value="hernquist">
      <dimensionless value="true"/>
    </spheroidMassDistribution>
    <treeNodeMethodSpin value="random"/>
    <satelliteDynamicalFrictionMethod value="chandrasekhar1943"/>
    <cosmologyFunctionsMethod value="matterLambda"/>
    <cosmologyParametersMethod value="simple">
      <HubbleConstant value="70.2"/>
      <OmegaMatter value="0.2725"/>
      <OmegaDarkEnergy value="0.7275"/>
      <OmegaBaryon value="0.0455"/>
      <temperatureCMB value="2.72548"/>
    </cosmologyParametersMethod>
    <cosmologicalMassVarianceMethod value="filteredPower">
      <sigma_8 value="0.807"/>
    </cosmologicalMassVarianceMethod>
    <transferFunctionMethod value="eisensteinHu1999">
      <neutrinoNumberEffective value="3.04"/>
      <neutrinoMassSummed value="0.0"/>
    </transferFunctionMethod>
    <powerSpectrumPrimordialMethod value="powerLaw">
      <index value="0.961"/>
      <wavenumberReference value="1.000"/>
      <running value="0.000"/>
    </powerSpectrumPrimordialMethod>
    <linearGrowthMethod value="simple"/>
    <haloMassFunctionMethod value="tinker2008"/>
    <criticalOverdensityMethod value="sphericalCollapseMatterLambda"/>
    <virialOrbitMethod value="fixed"/>
    <mergerTreeConstructMethod value="build"/>
    <mergerTreeBuilderMethod value="cole2000">
      <accretionLimit value="0.1"/>
      <mergeProbability value="0.1"/>
    </mergerTreeBuilderMethod>
    <mergerTreeBranchingProbabilityMethod value="parkinsonColeHelly">
      <G0                 value="+0.57"/>
      <gamma1             value="+0.38"/>
      <gamma2             value="-0.01"/>
      <accuracyFirstOrder value="+0.10"/>
    </mergerTreeBranchingProbabilityMethod>
    <nodeMergersMethod value="singleLevelHierarchy"/>
    <darkMatterProfileMethod value="heated">
      <darkMatterProfileMethod value="NFW"/>
    </darkMatterProfileMethod>
    <darkMatterProfileConcentrationMethod value="gao2008"/>
    <darkMatterProfileMinimumConcentration value="4"/>
    <haloSpinDistributionMethod value="bett2007">
      <alpha value="2.509"/>
      <lambda0 value="0.04326"/>
    </haloSpinDistributionMethod>
    <randomSpinResetMassFactor value="2.0"/>
    <accretionHaloMethod value="simple"/>
    <reionizationSuppressionRedshift value="10.5"/>
    <reionizationSuppressionVelocity value="35.0"/>
    <hotHaloMassDistributionMethod value="null"/>
    <satelliteOrbitStoreOrbitalParameters value="true"/>
    <satelliteMergingRemnantSizeMethod value="null"/>
  </parameters>

  <!-- Statistics and tracking components -->
  <parameters>
    <formatVersion>2</formatVersion>
    <version>0.9.4</version>
    <treeNodeMethodHostHistory value="standard"/>
  </parameters>
  <parameters>
    <formatVersion>2</formatVersion>
    <version>0.9.4</version>
    <treeNodeMethodMassFlowStatistics value="standard"/>
  </parameters>
  <parameters>
    <formatVersion>2</formatVersion>
    <version>0.9.4</version>
    <treeNodeMethodDynamicsStatistics value="bars"/>
  </parameters>

  <!-- Parallel processing of individual trees -->
  <parameters>
    <formatVersion>2</formatVersion>
    <version>0.9.4</version>
    <taskMethod value="evolveForests">
      <evolveSingleForest value="true"/>
    </taskMethod>
  </parameters>

  <!-- Merger tree augmenting -->
  <parameters>
    <accretionHaloMethod value="null" />
    <darkMatterProfileMethod value="isothermal"/>
    <hotHaloMassDistributionMethod value="null"/>
    <satelliteMergingRemnantSizeMethod value="null"/>
    <mergerTreeBuildHaloMassMaximum value="6.0e12" />
    <mergerTreeBuildHaloMassMinimum value="2.0e12" />
    <mergerTreeBuildTreesHaloMassDistribution value="uniform" />
    <mergerTreeBuildTreesPerDecade value="200" />
    <mergerTreeBuilderMethod value="cole2000">
      <accretionLimit value="0.1" />
      <branchIntervalStep value="false" />
      <mergeProbability value="0.1" />
    </mergerTreeBuilderMethod>
    <mergerTreeConstructMethod value="build" />
    <mergerTreeMassResolutionMethod value="fixed">
      <massResolution value="1.0e10" />
    </mergerTreeMassResolutionMethod>
    <mergerTreeOperatorMethod value="sequence">
      <mergerTreeOperatorMethod value="selectWithinRange" iterable="no">
 	<baseMassMaximum value="1.0e16" />
 	<baseMassMinimum value="1.0e7" />
      </mergerTreeOperatorMethod>
      <mergerTreeOperatorMethod value="regridTimes" iterable="no">
 	<expansionFactorEnd value="1.0" />
 	<expansionFactorStart value="0.047" />
 	<regridCount value="60" />
 	<snapshotRedshifts value="19.915688 18.243723 16.724525 15.343073 14.085914 12.940780
 				  11.896569 10.943864 10.073462  9.277915  8.549912  7.883204
 				  7.272188  6.711586  6.196833  5.723864  5.288833  4.888449
 				  4.519556  4.179469  3.865683  3.575905  3.308098  3.060419
 				  2.831182  2.618862  2.422044  2.239486  2.070027  1.912633
 				  1.766336  1.630271  1.503636  1.385718  1.275846  1.173417
 				  1.077875  0.988708  0.905463  0.827699  0.755036  0.687109
 				  0.623590  0.564177  0.508591  0.456577  0.407899  0.362340
 				  0.319703  0.279802  0.242469  0.207549  0.174898  0.144383
 				  0.115883  0.089288  0.064493  0.041403  0.019933  0.000000" />
 	<snapshotSpacing value="list" />
      </mergerTreeOperatorMethod>
      <mergerTreeOperatorMethod value="pruneByMass" iterable="no">
 	<massThreshold value="7.08e10" />
 	<preservePrimaryProgenitor value="true" />
      </mergerTreeOperatorMethod>
      <mergerTreeOperatorMethod value="augment" iterable="no">
 	<attemptsMaximum value="10000" />
 	<massCutOff value="7.08e10" />
 	<massCutOffAttemptsMaximum value="50" />
 	<massCutOffScaleFactor value="0.0" />
 	<mergerTreeBuilderMethod value="cole2000">
          <accretionLimit value="0.1" />
          <branchIntervalStep value="true" />
          <mergeProbability value="0.1" />
          <mergerTreeMassResolutionMethod value="fixed">
            <massResolution value="2.5e9" />
          </mergerTreeMassResolutionMethod>
 	</mergerTreeBuilderMethod>
 	<rescaleMaximum value="20" />
 	<retryMaximum value="50" />
 	<snapshotRedshifts value="19.915688 18.243723 16.724525 15.343073 14.085914 12.940780
 				  11.896569 10.943864 10.073462  9.277915  8.549912  7.883204
 				  7.272188  6.711586  6.196833  5.723864  5.288833  4.888449
 				  4.519556  4.179469  3.865683  3.575905  3.308098  3.060419
 				  2.831182  2.618862  2.422044  2.239486  2.070027  1.912633
 				  1.766336  1.630271  1.503636  1.385718  1.275846  1.173417
 				  1.077875  0.988708  0.905463  0.827699  0.755036  0.687109
 				  0.623590  0.564177  0.508591  0.456577  0.407899  0.362340
 				  0.319703  0.279802  0.242469  0.207549  0.174898  0.144383
 				  0.115883  0.089288  0.064493  0.041403  0.019933  0.000000" />
 	<toleranceScale value="0.15" />
      </mergerTreeOperatorMethod>
      <mergerTreeOperatorMethod value="conditionalMF" iterable="no">
 	<massRatioCount value="25" />
 	<massRatioMaximum value="2.0" />
 	<massRatioMinimum value="2.0e-6" />
 	<outputGroupName value="treeStatisticsAfterInsertion" />
 	<parentMassCount value="20" />
 	<parentMassMaximum value="1.0e15" />
 	<parentMassMinimum value="2.36e10" />
 	<parentRedshifts value="0.0 0.0" />
 	<primaryProgenitorDepth value="4" />
 	<progenitorRedshifts value="0.508591 1.077875" />
      </mergerTreeOperatorMethod>
    </mergerTreeOperatorMethod>
    <treeNodeMethodBasic value="standard" />
    <treeNodeMethodBlackHole value="null" />
    <treeNodeMethodDarkMatterProfile value="null" />
    <treeNodeMethodDisk value="null" />
    <treeNodeMethodHotHalo value="null" />
    <treeNodeMethodPosition value="null" />
    <treeNodeMethodSatellite value="standard" />
    <treeNodeMethodSpheroid value="null" />
    <treeNodeMethodSpin value="null" />
    <verbosityLevel value="1" />
  </parameters>

  <!-- Merger tree regridding -->
  <parameters>
    <accretionHaloMethod value="null" />
    <darkMatterProfileMethod value="isothermal"/>
    <hotHaloMassDistributionMethod value="null"/>
    <satelliteMergingRemnantSizeMethod value="null"/>
    <mergerTreeBuildHaloMassMaximum value="6.0e12" />
    <mergerTreeBuildHaloMassMinimum value="2.0e12" />
    <mergerTreeBuildTreesHaloMassDistribution value="uniform" />
    <mergerTreeBuildTreesPerDecade value="10" />
    <mergerTreeBuilderMethod value="cole2000">
      <accretionLimit value="0.1" />
      <branchIntervalStep value="false" />
      <mergeProbability value="0.1" />
    </mergerTreeBuilderMethod>
    <mergerTreeConstructMethod value="build" />
    <mergerTreeMassResolutionMethod value="fixed">
      <massResolution value="1.0e10" />
    </mergerTreeMassResolutionMethod>
    <mergerTreeOperatorMethod value="regridTimes">
      <expansionFactorEnd value="1.0" />
      <expansionFactorStart value="0.047" />
      <regridCount value="60" />
      <snapshotRedshifts value="19.915688 18.243723 16.724525 15.343073 14.085914 12.940780
 				11.896569 10.943864 10.073462  9.277915  8.549912  7.883204
 				7.272188  6.711586  6.196833  5.723864  5.288833  4.888449
 				4.519556  4.179469  3.865683  3.575905  3.308098  3.060419
 				2.831182  2.618862  2.422044  2.239486  2.070027  1.912633
 				1.766336  1.630271  1.503636  1.385718  1.275846  1.173417
 				1.077875  0.988708  0.905463  0.827699  0.755036  0.687109
 				0.623590  0.564177  0.508591  0.456577  0.407899  0.362340
 				0.319703  0.279802  0.242469  0.207549  0.174898  0.144383
 				0.115883  0.089288  0.064493  0.041403  0.019933  0.000000" />
      <snapshotSpacing value="list" />
    </mergerTreeOperatorMethod>
    <treeNodeMethodBasic value="standard" />
    <treeNodeMethodBlackHole value="null" />
    <treeNodeMethodDarkMatterProfile value="null" />
    <treeNodeMethodDisk value="null" />
    <treeNodeMethodHotHalo value="null" />
    <treeNodeMethodPosition value="null" />
    <treeNodeMethodSatellite value="standard" />
    <treeNodeMethodSpheroid value="null" />
    <treeNodeMethodSpin value="null" />
    <verbosityLevel value="1" />
  </parameters>

  <!-- Merger tree conditional mass function -->
  <parameters>
    <accretionHaloMethod value="null" />
    <darkMatterProfileMethod value="isothermal"/>
    <hotHaloMassDistributionMethod value="null"/>
    <satelliteMergingRemnantSizeMethod value="null"/>
    <mergerTreeBuildHaloMassMaximum value="6.0e12" />
    <mergerTreeBuildHaloMassMinimum value="2.0e12" />
    <mergerTreeBuildTreesHaloMassDistribution value="uniform" />
    <mergerTreeBuildTreesPerDecade value="10" />
    <mergerTreeBuilderMethod value="cole2000">
      <accretionLimit value="0.1" />
      <branchIntervalStep value="false" />
      <mergeProbability value="0.1" />
    </mergerTreeBuilderMethod>
    <mergerTreeConstructMethod value="build" />
    <mergerTreeMassResolutionMethod value="fixed">
      <massResolution value="1.0e10" />
    </mergerTreeMassResolutionMethod>
    <mergerTreeOperatorMethod value="conditionalMF">
      <massRatioCount value="25" />
      <massRatioMaximum value="2.0" />
      <massRatioMinimum value="2.0e-6" />
      <outputGroupName value="conditionalMassFunction" />
      <parentMassCount value="20" />
      <parentMassMaximum value="1.0e15" />
      <parentMassMinimum value="2.36e10" />
      <parentRedshifts value="0.0 0.0" />
      <primaryProgenitorDepth value="4" />
      <progenitorRedshifts value="0.508591 1.077875" />
    </mergerTreeOperatorMethod>
    <treeNodeMethodBasic value="standard" />
    <treeNodeMethodBlackHole value="null" />
    <treeNodeMethodDarkMatterProfile value="null" />
    <treeNodeMethodDisk value="null" />
    <treeNodeMethodHotHalo value="null" />
    <treeNodeMethodPosition value="null" />
    <treeNodeMethodSatellite value="standard" />
    <treeNodeMethodSpheroid value="null" />
    <treeNodeMethodSpin value="null" />
    <verbosityLevel value="1" />
  </parameters>

  <!-- Merger tree information content -->
  <parameters>
    <accretionHaloMethod value="null" />
    <darkMatterProfileMethod value="isothermal"/>
    <hotHaloMassDistributionMethod value="null"/>
    <satelliteMergingRemnantSizeMethod value="null"/>
    <mergerTreeBuildHaloMassMaximum value="6.0e12" />
    <mergerTreeBuildHaloMassMinimum value="2.0e12" />
    <mergerTreeBuildTreesHaloMassDistribution value="uniform" />
    <mergerTreeBuildTreesPerDecade value="10" />
    <mergerTreeBuilderMethod value="cole2000">
      <accretionLimit value="0.1" />
      <branchIntervalStep value="false" />
      <mergeProbability value="0.1" />
    </mergerTreeBuilderMethod>
    <mergerTreeConstructMethod value="build" />
    <mergerTreeMassResolutionMethod value="fixed">
      <massResolution value="1.0e10" />
    </mergerTreeMassResolutionMethod>
    <mergerTreeOperatorMethod value="informationContent"/>
    <treeNodeMethodBasic value="standard" />
    <treeNodeMethodBlackHole value="null" />
    <treeNodeMethodDarkMatterProfile value="null" />
    <treeNodeMethodDisk value="null" />
    <treeNodeMethodHotHalo value="null" />
    <treeNodeMethodPosition value="null" />
    <treeNodeMethodSatellite value="standard" />
    <treeNodeMethodSpheroid value="null" />
    <treeNodeMethodSpin value="null" />
    <verbosityLevel value="1" />
  </parameters>

  <!-- Merger tree profiler -->
  <parameters>
    <accretionHaloMethod value="null" />
    <darkMatterProfileMethod value="isothermal"/>
    <hotHaloMassDistributionMethod value="null"/>
    <satelliteMergingRemnantSizeMethod value="null"/>
    <mergerTreeBuildHaloMassMaximum value="6.0e12" />
    <mergerTreeBuildHaloMassMinimum value="2.0e12" />
    <mergerTreeBuildTreesHaloMassDistribution value="uniform" />
    <mergerTreeBuildTreesPerDecade value="10" />
    <mergerTreeBuilderMethod value="cole2000">
      <accretionLimit value="0.1" />
      <branchIntervalStep value="false" />
      <mergeProbability value="0.1" />
    </mergerTreeBuilderMethod>
    <mergerTreeConstructMethod value="build" />
    <mergerTreeMassResolutionMethod value="fixed">
      <massResolution value="1.0e10" />
    </mergerTreeMassResolutionMethod>
    <mergerTreeOperatorMethod value="profiler">
      <massMinimum value="2.0e12"/>
      <massMaximum value="6.0e12"/>
    </mergerTreeOperatorMethod>
    <treeNodeMethodBasic value="standard" />
    <treeNodeMethodBlackHole value="null" />
    <treeNodeMethodDarkMatterProfile value="null" />
    <treeNodeMethodDisk value="null" />
    <treeNodeMethodHotHalo value="null" />
    <treeNodeMethodPosition value="null" />
    <treeNodeMethodSatellite value="standard" />
    <treeNodeMethodSpheroid value="null" />
    <treeNodeMethodSpin value="null" />
    <verbosityLevel value="1" />
  </parameters>

  <!-- Merger tree prune by mass -->
  <parameters>
    <accretionHaloMethod value="null" />
    <darkMatterProfileMethod value="isothermal"/>
    <hotHaloMassDistributionMethod value="null"/>
    <satelliteMergingRemnantSizeMethod value="null"/>
    <mergerTreeBuildHaloMassMaximum value="6.0e12" />
    <mergerTreeBuildHaloMassMinimum value="2.0e12" />
    <mergerTreeBuildTreesHaloMassDistribution value="uniform" />
    <mergerTreeBuildTreesPerDecade value="10" />
    <mergerTreeBuilderMethod value="cole2000">
      <accretionLimit value="0.1" />
      <branchIntervalStep value="false" />
      <mergeProbability value="0.1" />
    </mergerTreeBuilderMethod>
    <mergerTreeConstructMethod value="build" />
    <mergerTreeMassResolutionMethod value="fixed">
      <massResolution value="1.0e10" />
    </mergerTreeMassResolutionMethod>
    <mergerTreeOperatorMethod value="pruneByMass">
      <massThreshold value="1.0e11"/>
    </mergerTreeOperatorMethod>
    <treeNodeMethodBasic value="standard" />
    <treeNodeMethodBlackHole value="null" />
    <treeNodeMethodDarkMatterProfile value="null" />
    <treeNodeMethodDisk value="null" />
    <treeNodeMethodHotHalo value="null" />
    <treeNodeMethodPosition value="null" />
    <treeNodeMethodSatellite value="standard" />
    <treeNodeMethodSpheroid value="null" />
    <treeNodeMethodSpin value="null" />
    <verbosityLevel value="1" />
  </parameters>

  <!-- Merger tree prune by hierarchy -->
  <parameters>
    <accretionHaloMethod value="null" />
    <darkMatterProfileMethod value="isothermal"/>
    <hotHaloMassDistributionMethod value="null"/>
    <satelliteMergingRemnantSizeMethod value="null"/>
    <mergerTreeBuildHaloMassMaximum value="6.0e12" />
    <mergerTreeBuildHaloMassMinimum value="2.0e12" />
    <mergerTreeBuildTreesHaloMassDistribution value="uniform" />
    <mergerTreeBuildTreesPerDecade value="10" />
    <mergerTreeBuilderMethod value="cole2000">
      <accretionLimit value="0.1" />
      <branchIntervalStep value="false" />
      <mergeProbability value="0.1" />
    </mergerTreeBuilderMethod>
    <mergerTreeConstructMethod value="build" />
    <mergerTreeMassResolutionMethod value="fixed">
      <massResolution value="1.0e10" />
    </mergerTreeMassResolutionMethod>
    <mergerTreeOperatorMethod value="pruneHierarchy">
      <hierarchyDepth value="1"/>
    </mergerTreeOperatorMethod>
    <treeNodeMethodBasic value="standard" />
    <treeNodeMethodBlackHole value="null" />
    <treeNodeMethodDarkMatterProfile value="null" />
    <treeNodeMethodDisk value="null" />
    <treeNodeMethodHotHalo value="null" />
    <treeNodeMethodPosition value="null" />
    <treeNodeMethodSatellite value="standard" />
    <treeNodeMethodSpheroid value="null" />
    <treeNodeMethodSpin value="null" />
    <verbosityLevel value="1" />
  </parameters>
  
  <!-- Merger tree prune by time -->
  <parameters>
    <accretionHaloMethod value="null" />
    <darkMatterProfileMethod value="isothermal"/>
    <hotHaloMassDistributionMethod value="null"/>
    <satelliteMergingRemnantSizeMethod value="null"/>
    <mergerTreeBuildHaloMassMaximum value="6.0e12" />
    <mergerTreeBuildHaloMassMinimum value="2.0e12" />
    <mergerTreeBuildTreesHaloMassDistribution value="uniform" />
    <mergerTreeBuildTreesPerDecade value="10" />
    <mergerTreeBuilderMethod value="cole2000">
      <accretionLimit value="0.1" />
      <branchIntervalStep value="false" />
      <mergeProbability value="0.1" />
    </mergerTreeBuilderMethod>
    <mergerTreeConstructMethod value="build" />
    <mergerTreeMassResolutionMethod value="fixed">
      <massResolution value="1.0e10" />
    </mergerTreeMassResolutionMethod>
    <mergerTreeOperatorMethod value="pruneByTime">
      <redshiftEarliest value="1.0"/>
    </mergerTreeOperatorMethod>
    <treeNodeMethodBasic value="standard" />
    <treeNodeMethodBlackHole value="null" />
    <treeNodeMethodDarkMatterProfile value="null" />
    <treeNodeMethodDisk value="null" />
    <treeNodeMethodHotHalo value="null" />
    <treeNodeMethodPosition value="null" />
    <treeNodeMethodSatellite value="standard" />
    <treeNodeMethodSpheroid value="null" />
    <treeNodeMethodSpin value="null" />
    <verbosityLevel value="1" />
  </parameters>
  
  <!-- Merger tree particulate -->
  <parameters>
    <accretionHaloMethod value="null" />
    <darkMatterProfileMethod value="isothermal"/>
    <hotHaloMassDistributionMethod value="null"/>
    <satelliteMergingRemnantSizeMethod value="null"/>
    <mergerTreeBuildHaloMassMaximum value="6.0e12" />
    <mergerTreeBuildHaloMassMinimum value="2.0e12" />
    <mergerTreeBuildTreesHaloMassDistribution value="uniform" />
    <mergerTreeBuildTreesPerDecade value="10" />
    <mergerTreeBuilderMethod value="cole2000">
      <accretionLimit value="0.1" />
      <branchIntervalStep value="false" />
      <mergeProbability value="0.1" />
    </mergerTreeBuilderMethod>
    <mergerTreeConstructMethod value="build" />
    <mergerTreeMassResolutionMethod value="fixed">
      <massResolution value="1.0e10" />
    </mergerTreeMassResolutionMethod>
    <mergerTreeOperatorMethod value="particulate">
      <outputFileName                 value="testSuite/outputs/particulate.hdf5"/>
      <massParticle                   value="1.0e10"                            />
      <timeSnapshot                   value="10.0"                              />
      <radiusTruncateOverRadiusVirial value="2.0"                               />
      <selection                      value="hosts"                             />
      <nonCosmological                value="true"                              />
    </mergerTreeOperatorMethod>
    <treeNodeMethodBasic value="standard" />
    <treeNodeMethodBlackHole value="null" />
    <treeNodeMethodDarkMatterProfile value="null" />
    <treeNodeMethodDisk value="null" />
    <treeNodeMethodHotHalo value="null" />
    <treeNodeMethodPosition value="null" />
    <treeNodeMethodSatellite value="standard" />
    <treeNodeMethodSpheroid value="null" />
    <treeNodeMethodSpin value="null" />
    <verbosityLevel value="1" />
  </parameters>
  
  <!-- Merger tree dump-to-GraphViz -->
  <parameters>
    <accretionHaloMethod value="null" />
    <darkMatterProfileMethod value="isothermal"/>
    <hotHaloMassDistributionMethod value="null"/>
    <satelliteMergingRemnantSizeMethod value="null"/>
    <mergerTreeBuildHaloMassMaximum value="6.0e12" />
    <mergerTreeBuildHaloMassMinimum value="2.0e12" />
    <mergerTreeBuildTreesHaloMassDistribution value="uniform" />
    <mergerTreeBuildTreesPerDecade value="10" />
    <mergerTreeBuilderMethod value="cole2000">
      <accretionLimit value="0.1" />
      <branchIntervalStep value="false" />
      <mergeProbability value="0.1" />
    </mergerTreeBuilderMethod>
    <mergerTreeConstructMethod value="build" />
    <mergerTreeMassResolutionMethod value="fixed">
      <massResolution value="1.0e10" />
    </mergerTreeMassResolutionMethod>
    <mergerTreeOperatorMethod value="dumpToGraphViz">
      <path value="testSuite/outputs"/>
    </mergerTreeOperatorMethod>
    <treeNodeMethodBasic value="standard" />
    <treeNodeMethodBlackHole value="null" />
    <treeNodeMethodDarkMatterProfile value="null" />
    <treeNodeMethodDisk value="null" />
    <treeNodeMethodHotHalo value="null" />
    <treeNodeMethodPosition value="null" />
    <treeNodeMethodSatellite value="standard" />
    <treeNodeMethodSpheroid value="null" />
    <treeNodeMethodSpin value="null" />
    <verbosityLevel value="1" />
  </parameters>
  
  <!-- Merger tree perturb masses -->
  <parameters>
    <accretionHaloMethod value="null" />
    <darkMatterProfileMethod value="isothermal"/>
    <hotHaloMassDistributionMethod value="null"/>
    <satelliteMergingRemnantSizeMethod value="null"/>
    <mergerTreeConstructMethod value="read" />
    <cosmologicalMassVarianceMethod value="filteredPower">
      <sigma_8 value="0.9"/>
    </cosmologicalMassVarianceMethod>
    <cosmologyParametersMethod value="simple">
      <HubbleConstant value="73.0"/>
      <OmegaMatter value="0.25"/>
      <OmegaDarkEnergy value="0.75"/>
      <OmegaBaryon value="0.045"/>
      <temperatureCMB value="2.72548"/>
    </cosmologyParametersMethod>
    <mergerTreeReadFileName value="testSuite/data/mergerTrees/splitForests-milliMillennium-tree1000019000000.hdf5"/>
    <mergerTreeReadPresetMergerTimes value="false" />
    <mergerTreeReadPresetMergerNodes value="false" />
    <mergerTreeReadPresetSubhaloMasses value="false" />
    <mergerTreeReadPresetSubhaloIndices value="false" />
    <mergerTreeReadPresetPositions value="false" />
    <mergerTreeReadPresetScaleRadii value="false" />
    <mergerTreeReadPresetSpins value="false" />
    <mergerTreeReadPresetOrbits value="false" />
    <allTreesExistAtFinalTime value="false"/>
    <mergerTreeOperatorMethod value="perturbMasses">
      <nbodyHaloMassErrorMethod value="friendsOfFriends">
 	<massParticle value="1.0e9"/>
      </nbodyHaloMassErrorMethod>
    </mergerTreeOperatorMethod>
    <treeNodeMethodBasic value="standard" />
    <treeNodeMethodBlackHole value="null" />
    <treeNodeMethodDarkMatterProfile value="null" />
    <treeNodeMethodDisk value="null" />
    <treeNodeMethodHotHalo value="null" />
    <treeNodeMethodPosition value="null" />
    <treeNodeMethodSatellite value="standard" />
    <treeNodeMethodSpheroid value="null" />
    <treeNodeMethodSpin value="null" />
    <verbosityLevel value="1" />
  </parameters>
  
  <!-- Merger tree monotonize mass growth -->
  <parameters>
    <accretionHaloMethod value="null" />
    <darkMatterProfileMethod value="isothermal"/>
    <hotHaloMassDistributionMethod value="null"/>
    <satelliteMergingRemnantSizeMethod value="null"/>
    <mergerTreeConstructMethod value="read" />
    <cosmologicalMassVarianceMethod value="filteredPower">
      <sigma_8 value="0.9"/>
    </cosmologicalMassVarianceMethod>
    <cosmologyParametersMethod value="simple">
      <HubbleConstant value="73.0"/>
      <OmegaMatter value="0.25"/>
      <OmegaDarkEnergy value="0.75"/>
      <OmegaBaryon value="0.045"/>
      <temperatureCMB value="2.72548"/>
    </cosmologyParametersMethod>
    <mergerTreeReadFileName value="testSuite/data/mergerTrees/splitForests-milliMillennium-tree1000019000000.hdf5"/>
    <mergerTreeReadPresetMergerTimes value="false" />
    <mergerTreeReadPresetMergerNodes value="false" />
    <mergerTreeReadPresetSubhaloMasses value="false" />
    <mergerTreeReadPresetSubhaloIndices value="false" />
    <mergerTreeReadPresetPositions value="false" />
    <mergerTreeReadPresetScaleRadii value="false" />
    <mergerTreeReadPresetSpins value="false" />
    <mergerTreeReadPresetOrbits value="false" />
    <allTreesExistAtFinalTime value="false"/>
    <mergerTreeOperatorMethod value="monotonizeMassGrowth"/>
    <treeNodeMethodBasic value="standard" />
    <treeNodeMethodBlackHole value="null" />
    <treeNodeMethodDarkMatterProfile value="null" />
    <treeNodeMethodDisk value="null" />
    <treeNodeMethodHotHalo value="null" />
    <treeNodeMethodPosition value="null" />
    <treeNodeMethodSatellite value="standard" />
    <treeNodeMethodSpheroid value="null" />
    <treeNodeMethodSpin value="null" />
    <verbosityLevel value="1" />
  </parameters>
  
  <!-- Merger tree output root masses -->
  <parameters>
    <accretionHaloMethod value="null" />
    <darkMatterProfileMethod value="isothermal"/>
    <hotHaloMassDistributionMethod value="null"/>
    <satelliteMergingRemnantSizeMethod value="null"/>
    <cosmologicalMassVarianceMethod value="filteredPower">
      <sigma_8 value="0.9"/>
    </cosmologicalMassVarianceMethod>
    <cosmologyParametersMethod value="simple">
      <HubbleConstant value="73.0"/>
      <OmegaMatter value="0.25"/>
      <OmegaDarkEnergy value="0.75"/>
      <OmegaBaryon value="0.045"/>
      <temperatureCMB value="2.72548"/>
    </cosmologyParametersMethod>
    <mergerTreeConstructMethod value="read" />
    <mergerTreeReadFileName value="testSuite/data/mergerTrees/splitForests-milliMillennium-tree1000019000000.hdf5"/>
    <mergerTreeReadPresetMergerTimes value="false" />
    <mergerTreeReadPresetMergerNodes value="false" />
    <mergerTreeReadPresetSubhaloMasses value="false" />
    <mergerTreeReadPresetSubhaloIndices value="false" />
    <mergerTreeReadPresetPositions value="false" />
    <mergerTreeReadPresetScaleRadii value="false" />
    <mergerTreeReadPresetSpins value="false" />
    <mergerTreeReadPresetOrbits value="false" />
    <allTreesExistAtFinalTime value="false"/>
    <mergerTreeOperatorMethod value="outputRootMasses">
      <redshift value="0.1"/>
      <fileName value="testSuite/outputs/rootMasses.hdf5"/>
    </mergerTreeOperatorMethod>
    <treeNodeMethodBasic value="standard" />
    <treeNodeMethodBlackHole value="null" />
    <treeNodeMethodDarkMatterProfile value="null" />
    <treeNodeMethodDisk value="null" />
    <treeNodeMethodHotHalo value="null" />
    <treeNodeMethodPosition value="null" />
    <treeNodeMethodSatellite value="standard" />
    <treeNodeMethodSpheroid value="null" />
    <treeNodeMethodSpin value="null" />
    <verbosityLevel value="1" />
  </parameters>
  
  <!-- WDM model -->
  <parameters>
    <treeNodeMethodBasic value="standard"/>
    <treeNodeMethodHotHalo value="null"/>
    <treeNodeMethodBlackHole value="null"/>
    <treeNodeMethodDarkMatterProfile value="scale"/>
    <treeNodeMethodDisk value="null"/>
    <treeNodeMethodSatellite value="standard"/>
    <treeNodeMethodSpheroid value="null"/>
    <treeNodeMethodSpin value="null"/>
    <cosmologyFunctionsMethod value="matterLambda"/>
    <cosmologyParametersMethod value="simple">
      <HubbleConstant value="69.7"/>
      <OmegaMatter value="0.2812"/>
      <OmegaDarkEnergy value="0.7188"/>
      <OmegaBaryon value="0.04611"/>
      <temperatureCMB value="2.72548"/>
    </cosmologyParametersMethod>
    <darkMatterParticleMethod value="WDMThermal">
      <mass                      value="2.0"/>
      <degreesOfFreedomEffective value="1.5"/>
    </darkMatterParticleMethod>
    <powerSpectrumPrimordialMethod value="powerLaw">
      <index value="0.961"/>
      <wavenumberReference value="1.0"/>
      <running value="0.0"/>
    </powerSpectrumPrimordialMethod>
    <cosmologicalMassVarianceMethod value="filteredPower">
      <sigma_8 value="0.817"/>
      <monotonicInterpolation value="false"/>
      <powerSpectrumWindowFunctionMethod value="sharpKSpace">
	<normalization value="2.5"/>
      </powerSpectrumWindowFunctionMethod>
    </cosmologicalMassVarianceMethod>
    <transferFunctionMethod value="bode2001">
      <epsilon value="0.359"/>
      <nu value="1.1"/>
      <eta value="3.81"/>
      <transferFunctionMethod value="eisensteinHu1999">
	<neutrinoNumberEffective value="3.04"/>
	<neutrinoMassSummed value="0.000"/>
	<darkMatterParticleMethod value="CDM"/>
      </transferFunctionMethod>
    </transferFunctionMethod>
    <linearGrowthMethod value="simple"/>
    <criticalOverdensityMethod value="barkana2001WDM">
      <criticalOverdensityMethod value="sphericalCollapseMatterLambda">
	<darkMatterParticleMethod value="CDM"/>
      </criticalOverdensityMethod>
    </criticalOverdensityMethod>
    <haloMassFunctionMethod value="pressSchechter"/>
    <excursionSetBarrierMethod value="remapScale">
      <factor value="1.1965"/>
      <applyTo value="nonRates"/>
      <excursionSetBarrierMethod value="remapShethMoTormen">
	<a value="0.707"/>
	<b value="0.500"/>
	<c value="0.600"/>
	<applyTo value="nonRates"/>
	<excursionSetBarrierMethod value="criticalOverdensity"/>
      </excursionSetBarrierMethod>
    </excursionSetBarrierMethod>
    <excursionSetFirstCrossingMethod value="farahi">
      <timeStepFractional value="0.01"/>
      <fileName value="excursionSetsWdmMx2.0Gx1.5.hdf5"/>
    </excursionSetFirstCrossingMethod>
    <darkMatterProfileConcentrationMethod value="schneider2015">
      <reference>
	<cosmologicalMassVarianceMethod value="filteredPower">
 	  <sigma_8 value="0.817"/>
 	  <powerSpectrumWindowFunctionMethod value="sharpKSpace">
 	    <normalization value="2.5"/>
 	  </powerSpectrumWindowFunctionMethod>
 	  <powerSpectrumPrimordialTransferredMethod value="simple"/>
 	  <transferFunctionMethod value="eisensteinHu1999">
 	    <neutrinoNumberEffective value="3.04"/>
 	    <neutrinoMassSummed value="0.000"/>
 	    <darkMatterParticleMethod value="CDM"/>
 	  </transferFunctionMethod>
 	  <powerSpectrumPrimordialMethod value="powerLaw">
 	    <index value="0.961"/>
 	    <wavenumberReference value="1.000"/>
 	    <running value="0.000"/>
 	  </powerSpectrumPrimordialMethod>
	</cosmologicalMassVarianceMethod>
	<criticalOverdensityMethod value="sphericalCollapseMatterLambda">
 	  <darkMatterParticleMethod value="CDM"/>
	</criticalOverdensityMethod>
	<cosmologyFunctionsMethod value="matterLambda"/>
	<cosmologyParametersMethod value="simple">
 	  <OmegaMatter value="0.2812"/>
 	  <OmegaDarkEnergy value="0.7188"/>
 	  <OmegaBaryon value="0.04611"/>
 	  <HubbleConstant value="69.7"/>
	</cosmologyParametersMethod>
	<darkMatterProfileConcentrationMethod value="diemerKravtsov2014"/>
      </reference>
    </darkMatterProfileConcentrationMethod>
    <mergerTreeConstructMethod value="build"/>
    <mergerTreeBuilderMethod value="cole2000">
      <accretionLimit   value="0.1"/>
      <mergeProbability value="0.1"/>
      <redshiftMaximum value="30"/>
      <toleranceResolutionParent value="2.0e-2"/>
    </mergerTreeBuilderMethod>
    <mergerTreeBranchingProbabilityMethod value="gnrlzdPrssSchchtr">
      <massMinimum value="1.0e5"/>
    </mergerTreeBranchingProbabilityMethod>
    <treeBranchingModifierMethod value="Parkinson-Cole-Helly2008"/>
    <modifiedPressSchechterG0 value="0.57"/>
    <modifiedPressSchechterGamma1 value="0.38"/>
    <modifiedPressSchechterGamma2 value="-0.01"/>
    <modifiedPressSchechterFirstOrderAccuracy value="0.1"/>
    <mergerTreeBuildHaloMassMinimum value="1.0e12"/>
    <mergerTreeBuildHaloMassMaximum value="2.0e12"/>
    <mergerTreeBuildTreesPerDecade value="20"/>
    <mergerTreeMassResolutionMethod value="fixed">
      <massResolution value="1.0e9"/>
    </mergerTreeMassResolutionMethod>
    <virialDensityContrastMethod  value="sphericalCollapseMatterLambda"/>
    <darkMatterProfileMethod value="NFW"/>
    <accretionHaloMethod value="null"/>
    <hotHaloMassDistributionMethod value="null"/>
    <satelliteMergingRemnantSizeMethod value="null"/>
    <odeToleranceAbsolute   value="0.01"/>
    <odeToleranceRelative   value="0.01"/>
    <timestepHostAbsolute   value="1.00"/>
    <timestepHostRelative   value="0.10"/>
    <timestepSimpleAbsolute value="10.00"/>
    <timestepSimpleRelative value="10.00"/>
    <outputTimestepHistory      value="false"/>
    <outputRedshifts            value="0.0"/>
    <verbosityLevel value="1" />
  </parameters>
  
</parameterGrid>
